info: ::1 - - [16/Feb/2022:18:31:30 +0000] "GET /api/v1/wishlist/wishlist HTTP/1.1" 304 - "http://localhost:3000/" "Mozilla/5.0 (Linux; Android 6.0; Nexus 5 Build/MRA58N) AppleWebKit/537.36 (KHTML, like Gecko) Chrome/98.0.4758.82 Mobile Safari/537.36"

info: ::1 - - [16/Feb/2022:18:31:48 +0000] "GET /api/v1/wishlist/wishlist HTTP/1.1" 304 - "http://localhost:3000/" "Mozilla/5.0 (Linux; Android 6.0; Nexus 5 Build/MRA58N) AppleWebKit/537.36 (KHTML, like Gecko) Chrome/98.0.4758.82 Mobile Safari/537.36"

info: ::ffff:127.0.0.1 - - [16/Feb/2022:18:32:25 +0000] "GET /api/v1/wishlist/wishlist HTTP/1.1" 200 400 "-" "Thunder Client (https://www.thunderclient.com)"

info: ::ffff:127.0.0.1 - - [16/Feb/2022:18:33:16 +0000] "POST /api/v1/wishlist/wishlist/620a3f1ddd6ff905b8774a17 HTTP/1.1" 200 473 "-" "Thunder Client (https://www.thunderclient.com)"

info: ::ffff:127.0.0.1 - - [16/Feb/2022:18:33:30 +0000] "GET /api/v1/wishlist/wishlist HTTP/1.1" 200 471 "-" "Thunder Client (https://www.thunderclient.com)"

info: ::1 - - [16/Feb/2022:18:34:49 +0000] "GET /api/v1/book/getbook HTTP/1.1" 304 - "http://localhost:3000/" "Mozilla/5.0 (Linux; Android 6.0; Nexus 5 Build/MRA58N) AppleWebKit/537.36 (KHTML, like Gecko) Chrome/98.0.4758.82 Mobile Safari/537.36"

info: ::1 - - [16/Feb/2022:18:34:54 +0000] "POST /api/v1/user/signin HTTP/1.1" 200 267 "http://localhost:3000/" "Mozilla/5.0 (Linux; Android 6.0; Nexus 5 Build/MRA58N) AppleWebKit/537.36 (KHTML, like Gecko) Chrome/98.0.4758.82 Mobile Safari/537.36"

info: ::1 - - [16/Feb/2022:18:34:54 +0000] "GET /api/v1/book/getbook HTTP/1.1" 304 - "http://localhost:3000/" "Mozilla/5.0 (Linux; Android 6.0; Nexus 5 Build/MRA58N) AppleWebKit/537.36 (KHTML, like Gecko) Chrome/98.0.4758.82 Mobile Safari/537.36"

info: ::1 - - [16/Feb/2022:18:35:06 +0000] "GET /api/v1/cart/getcartbooks HTTP/1.1" 304 - "http://localhost:3000/" "Mozilla/5.0 (Linux; Android 6.0; Nexus 5 Build/MRA58N) AppleWebKit/537.36 (KHTML, like Gecko) Chrome/98.0.4758.82 Mobile Safari/537.36"

info: ::1 - - [16/Feb/2022:18:35:39 +0000] "GET /api/v1/wishlist/wishlist HTTP/1.1" 200 471 "http://localhost:3000/" "Mozilla/5.0 (Linux; Android 6.0; Nexus 5 Build/MRA58N) AppleWebKit/537.36 (KHTML, like Gecko) Chrome/98.0.4758.82 Mobile Safari/537.36"

info: ::1 - - [16/Feb/2022:18:37:47 +0000] "GET /api/v1/wishlist/wishlist HTTP/1.1" 304 - "http://localhost:3000/" "Mozilla/5.0 (Linux; Android 6.0; Nexus 5 Build/MRA58N) AppleWebKit/537.36 (KHTML, like Gecko) Chrome/98.0.4758.82 Mobile Safari/537.36"

info: ::1 - - [16/Feb/2022:18:39:15 +0000] "GET /api/v1/wishlist/wishlist HTTP/1.1" 304 - "http://localhost:3000/" "Mozilla/5.0 (Linux; Android 6.0; Nexus 5 Build/MRA58N) AppleWebKit/537.36 (KHTML, like Gecko) Chrome/98.0.4758.82 Mobile Safari/537.36"

info: ::1 - - [16/Feb/2022:18:39:40 +0000] "GET /api/v1/wishlist/wishlist HTTP/1.1" 304 - "http://localhost:3000/" "Mozilla/5.0 (Linux; Android 6.0; Nexus 5 Build/MRA58N) AppleWebKit/537.36 (KHTML, like Gecko) Chrome/98.0.4758.82 Mobile Safari/537.36"

info: ::1 - - [16/Feb/2022:18:41:50 +0000] "GET /api/v1/wishlist/wishlist HTTP/1.1" 304 - "http://localhost:3000/" "Mozilla/5.0 (Linux; Android 6.0; Nexus 5 Build/MRA58N) AppleWebKit/537.36 (KHTML, like Gecko) Chrome/98.0.4758.82 Mobile Safari/537.36"

info: ::1 - - [16/Feb/2022:18:43:28 +0000] "GET /api/v1/wishlist/wishlist HTTP/1.1" 304 - "http://localhost:3000/" "Mozilla/5.0 (Linux; Android 6.0; Nexus 5 Build/MRA58N) AppleWebKit/537.36 (KHTML, like Gecko) Chrome/98.0.4758.82 Mobile Safari/537.36"

info: ::1 - - [16/Feb/2022:18:43:29 +0000] "GET /api/v1/wishlist/wishlist HTTP/1.1" 304 - "http://localhost:3000/" "Mozilla/5.0 (Linux; Android 6.0; Nexus 5 Build/MRA58N) AppleWebKit/537.36 (KHTML, like Gecko) Chrome/98.0.4758.82 Mobile Safari/537.36"

info: ::1 - - [16/Feb/2022:18:43:29 +0000] "GET /api/v1/wishlist/wishlist HTTP/1.1" 304 - "http://localhost:3000/" "Mozilla/5.0 (Linux; Android 6.0; Nexus 5 Build/MRA58N) AppleWebKit/537.36 (KHTML, like Gecko) Chrome/98.0.4758.82 Mobile Safari/537.36"

info: ::1 - - [16/Feb/2022:18:43:29 +0000] "GET /api/v1/wishlist/wishlist HTTP/1.1" 304 - "http://localhost:3000/" "Mozilla/5.0 (Linux; Android 6.0; Nexus 5 Build/MRA58N) AppleWebKit/537.36 (KHTML, like Gecko) Chrome/98.0.4758.82 Mobile Safari/537.36"

info: ::1 - - [16/Feb/2022:18:44:06 +0000] "GET /api/v1/wishlist/wishlist HTTP/1.1" 304 - "http://localhost:3000/" "Mozilla/5.0 (Linux; Android 6.0; Nexus 5 Build/MRA58N) AppleWebKit/537.36 (KHTML, like Gecko) Chrome/98.0.4758.82 Mobile Safari/537.36"

info: ::1 - - [16/Feb/2022:18:45:11 +0000] "GET /api/v1/book/getbook HTTP/1.1" 304 - "http://localhost:3000/" "Mozilla/5.0 (Linux; Android 6.0; Nexus 5 Build/MRA58N) AppleWebKit/537.36 (KHTML, like Gecko) Chrome/98.0.4758.82 Mobile Safari/537.36"

info: ::1 - - [16/Feb/2022:18:45:30 +0000] "GET /api/v1/cart/getcartbooks HTTP/1.1" 304 - "http://localhost:3000/" "Mozilla/5.0 (Linux; Android 6.0; Nexus 5 Build/MRA58N) AppleWebKit/537.36 (KHTML, like Gecko) Chrome/98.0.4758.82 Mobile Safari/537.36"

info: ::1 - - [16/Feb/2022:18:46:30 +0000] "GET /api/v1/wishlist/wishlist HTTP/1.1" 304 - "http://localhost:3000/" "Mozilla/5.0 (Linux; Android 6.0; Nexus 5 Build/MRA58N) AppleWebKit/537.36 (KHTML, like Gecko) Chrome/98.0.4758.82 Mobile Safari/537.36"

info: ::1 - - [16/Feb/2022:18:46:59 +0000] "GET /api/v1/wishlist/wishlist HTTP/1.1" 304 - "http://localhost:3000/" "Mozilla/5.0 (Linux; Android 6.0; Nexus 5 Build/MRA58N) AppleWebKit/537.36 (KHTML, like Gecko) Chrome/98.0.4758.82 Mobile Safari/537.36"

info: ::1 - - [16/Feb/2022:18:54:49 +0000] "GET /api/v1/wishlist/wishlist HTTP/1.1" 304 - "http://localhost:3000/" "Mozilla/5.0 (Linux; Android 6.0; Nexus 5 Build/MRA58N) AppleWebKit/537.36 (KHTML, like Gecko) Chrome/98.0.4758.82 Mobile Safari/537.36"

info: ::1 - - [16/Feb/2022:18:55:02 +0000] "GET /api/v1/wishlist/wishlist HTTP/1.1" 304 - "http://localhost:3000/" "Mozilla/5.0 (Linux; Android 6.0; Nexus 5 Build/MRA58N) AppleWebKit/537.36 (KHTML, like Gecko) Chrome/98.0.4758.82 Mobile Safari/537.36"

info: ::1 - - [16/Feb/2022:18:55:13 +0000] "GET /api/v1/wishlist/wishlist HTTP/1.1" 304 - "http://localhost:3000/" "Mozilla/5.0 (Linux; Android 6.0; Nexus 5 Build/MRA58N) AppleWebKit/537.36 (KHTML, like Gecko) Chrome/98.0.4758.82 Mobile Safari/537.36"

info: ::ffff:127.0.0.1 - - [16/Feb/2022:19:00:34 +0000] "GET /api/v1/wishlist/wishlist HTTP/1.1" 200 471 "-" "Thunder Client (https://www.thunderclient.com)"

info: ::ffff:127.0.0.1 - - [16/Feb/2022:19:01:23 +0000] "GET /api/v1/cart/getcartbooks HTTP/1.1" 200 383 "-" "Thunder Client (https://www.thunderclient.com)"

info: ::ffff:127.0.0.1 - - [16/Feb/2022:19:01:41 +0000] "GET /api/v1/wishlist/wishlist HTTP/1.1" 200 471 "-" "Thunder Client (https://www.thunderclient.com)"

info: ::ffff:127.0.0.1 - - [16/Feb/2022:19:02:04 +0000] "GET /api/v1/cart/getcartbooks HTTP/1.1" 200 383 "-" "Thunder Client (https://www.thunderclient.com)"

info: ::ffff:127.0.0.1 - - [16/Feb/2022:19:02:06 +0000] "GET /api/v1/cart/getcartbooks HTTP/1.1" 200 383 "-" "Thunder Client (https://www.thunderclient.com)"

info: ::ffff:127.0.0.1 - - [16/Feb/2022:19:02:08 +0000] "GET /api/v1/cart/getcartbooks HTTP/1.1" 200 383 "-" "Thunder Client (https://www.thunderclient.com)"

info: ::ffff:127.0.0.1 - - [16/Feb/2022:19:02:09 +0000] "GET /api/v1/cart/getcartbooks HTTP/1.1" 200 383 "-" "Thunder Client (https://www.thunderclient.com)"

info: ::ffff:127.0.0.1 - - [16/Feb/2022:19:02:32 +0000] "GET /api/v1/wishlist/wishlist HTTP/1.1" 200 471 "-" "Thunder Client (https://www.thunderclient.com)"

info: ::ffff:127.0.0.1 - - [16/Feb/2022:19:03:53 +0000] "GET /api/v1/wishlist/wishlist HTTP/1.1" 200 471 "-" "Thunder Client (https://www.thunderclient.com)"

info: ::1 - - [16/Feb/2022:19:27:39 +0000] "GET /api/v1/cart/getcartbooks HTTP/1.1" 304 - "http://localhost:3000/" "Mozilla/5.0 (Windows NT 10.0; Win64; x64) AppleWebKit/537.36 (KHTML, like Gecko) Chrome/98.0.4758.82 Safari/537.36"

info: ::1 - - [16/Feb/2022:19:27:46 +0000] "GET /api/v1/cart/getcartbooks HTTP/1.1" 304 - "http://localhost:3000/" "Mozilla/5.0 (Windows NT 10.0; Win64; x64) AppleWebKit/537.36 (KHTML, like Gecko) Chrome/98.0.4758.82 Safari/537.36"

info: ::1 - - [16/Feb/2022:19:27:50 +0000] "GET /api/v1/book/getbook HTTP/1.1" 304 - "http://localhost:3000/" "Mozilla/5.0 (Windows NT 10.0; Win64; x64) AppleWebKit/537.36 (KHTML, like Gecko) Chrome/98.0.4758.82 Safari/537.36"

info: ::1 - - [16/Feb/2022:19:27:57 +0000] "GET /api/v1/cart/getcartbooks HTTP/1.1" 304 - "http://localhost:3000/" "Mozilla/5.0 (Windows NT 10.0; Win64; x64) AppleWebKit/537.36 (KHTML, like Gecko) Chrome/98.0.4758.82 Safari/537.36"

info: ::1 - - [16/Feb/2022:19:28:09 +0000] "GET /api/v1/book/getbook HTTP/1.1" 304 - "http://localhost:3000/" "Mozilla/5.0 (Windows NT 10.0; Win64; x64) AppleWebKit/537.36 (KHTML, like Gecko) Chrome/98.0.4758.82 Safari/537.36"

info: ::1 - - [16/Feb/2022:19:28:58 +0000] "POST /api/v1/user/signin HTTP/1.1" 200 267 "http://localhost:3000/" "Mozilla/5.0 (Windows NT 10.0; Win64; x64) AppleWebKit/537.36 (KHTML, like Gecko) Chrome/98.0.4758.82 Safari/537.36"

info: ::1 - - [16/Feb/2022:19:28:58 +0000] "GET /api/v1/book/getbook HTTP/1.1" 304 - "http://localhost:3000/" "Mozilla/5.0 (Windows NT 10.0; Win64; x64) AppleWebKit/537.36 (KHTML, like Gecko) Chrome/98.0.4758.82 Safari/537.36"

info: ::1 - - [16/Feb/2022:19:29:21 +0000] "GET /api/v1/cart/getcartbooks HTTP/1.1" 304 - "http://localhost:3000/" "Mozilla/5.0 (Windows NT 10.0; Win64; x64) AppleWebKit/537.36 (KHTML, like Gecko) Chrome/98.0.4758.82 Safari/537.36"

info: ::ffff:127.0.0.1 - - [17/Feb/2022:02:25:29 +0000] "GET /api/v1/wishlist/wishlist HTTP/1.1" 200 75 "-" "Thunder Client (https://www.thunderclient.com)"

info: ::ffff:127.0.0.1 - - [17/Feb/2022:02:25:47 +0000] "POST /api/v1/wishlist/wishlist/620a3f1ddd6ff905b8774a17 HTTP/1.1" 201 230 "-" "Thunder Client (https://www.thunderclient.com)"

info: ::1 - - [17/Feb/2022:02:46:43 +0000] "POST /api/v1/user/signin HTTP/1.1" 200 267 "http://localhost:3000/" "Mozilla/5.0 (Windows NT 10.0; Win64; x64) AppleWebKit/537.36 (KHTML, like Gecko) Chrome/98.0.4758.82 Safari/537.36"

info: ::1 - - [17/Feb/2022:02:46:43 +0000] "GET /api/v1/book/getbook HTTP/1.1" 304 - "http://localhost:3000/" "Mozilla/5.0 (Windows NT 10.0; Win64; x64) AppleWebKit/537.36 (KHTML, like Gecko) Chrome/98.0.4758.82 Safari/537.36"

info: ::1 - - [17/Feb/2022:02:47:19 +0000] "GET /api/v1/cart/getcartbooks HTTP/1.1" 304 - "http://localhost:3000/" "Mozilla/5.0 (Linux; Android 6.0; Nexus 5 Build/MRA58N) AppleWebKit/537.36 (KHTML, like Gecko) Chrome/98.0.4758.82 Mobile Safari/537.36"

info: ::1 - - [17/Feb/2022:02:48:03 +0000] "GET /api/v1/wishlist/wishlist HTTP/1.1" 200 75 "http://localhost:3000/" "Mozilla/5.0 (Linux; Android 6.0; Nexus 5 Build/MRA58N) AppleWebKit/537.36 (KHTML, like Gecko) Chrome/98.0.4758.82 Mobile Safari/537.36"

info: ::ffff:127.0.0.1 - - [17/Feb/2022:02:51:22 +0000] "POST /api/v1/wishlist/wishlist/620a3f1ddd6ff905b8774a17 HTTP/1.1" 200 296 "-" "Thunder Client (https://www.thunderclient.com)"

info: ::ffff:127.0.0.1 - - [17/Feb/2022:02:51:39 +0000] "POST /api/v1/wishlist/wishlist/620a3f1ddd6ff905b8774a17 HTTP/1.1" 200 367 "-" "Thunder Client (https://www.thunderclient.com)"

info: ::ffff:127.0.0.1 - - [17/Feb/2022:02:51:51 +0000] "GET /api/v1/wishlist/wishlist HTTP/1.1" 200 75 "-" "Thunder Client (https://www.thunderclient.com)"

info: ::1 - - [17/Feb/2022:03:20:57 +0000] "GET /api/v1/wishlist/wishlist HTTP/1.1" 304 - "http://localhost:3000/" "Mozilla/5.0 (Windows NT 10.0; Win64; x64) AppleWebKit/537.36 (KHTML, like Gecko) Chrome/98.0.4758.82 Safari/537.36"

info: ::1 - - [17/Feb/2022:03:34:33 +0000] "GET /api/v1/cart/getcartbooks HTTP/1.1" 304 - "http://localhost:3000/" "Mozilla/5.0 (Windows NT 10.0; Win64; x64) AppleWebKit/537.36 (KHTML, like Gecko) Chrome/98.0.4758.82 Safari/537.36"

info: ::1 - - [17/Feb/2022:03:34:34 +0000] "GET /api/v1/book/getbook HTTP/1.1" 304 - "http://localhost:3000/" "Mozilla/5.0 (Windows NT 10.0; Win64; x64) AppleWebKit/537.36 (KHTML, like Gecko) Chrome/98.0.4758.82 Safari/537.36"

info: ::1 - - [17/Feb/2022:03:34:40 +0000] "GET /api/v1/book/getbook HTTP/1.1" 304 - "http://localhost:3000/" "Mozilla/5.0 (Windows NT 10.0; Win64; x64) AppleWebKit/537.36 (KHTML, like Gecko) Chrome/98.0.4758.82 Safari/537.36"

info: ::1 - - [17/Feb/2022:03:35:25 +0000] "POST /api/v1/user/signin HTTP/1.1" 200 267 "http://localhost:3000/" "Mozilla/5.0 (Windows NT 10.0; Win64; x64) AppleWebKit/537.36 (KHTML, like Gecko) Chrome/98.0.4758.82 Safari/537.36"

info: ::1 - - [17/Feb/2022:03:35:25 +0000] "GET /api/v1/book/getbook HTTP/1.1" 304 - "http://localhost:3000/" "Mozilla/5.0 (Windows NT 10.0; Win64; x64) AppleWebKit/537.36 (KHTML, like Gecko) Chrome/98.0.4758.82 Safari/537.36"

info: ::1 - - [17/Feb/2022:03:58:21 +0000] "GET /api/v1/cart/getcartbooks HTTP/1.1" 304 - "http://localhost:3000/" "Mozilla/5.0 (Windows NT 10.0; Win64; x64) AppleWebKit/537.36 (KHTML, like Gecko) Chrome/98.0.4758.82 Safari/537.36"

info: ::1 - - [17/Feb/2022:03:58:26 +0000] "GET /api/v1/book/getbook HTTP/1.1" 304 - "http://localhost:3000/" "Mozilla/5.0 (Windows NT 10.0; Win64; x64) AppleWebKit/537.36 (KHTML, like Gecko) Chrome/98.0.4758.82 Safari/537.36"

info: ::1 - - [17/Feb/2022:04:14:12 +0000] "GET /api/v1/book/getbook HTTP/1.1" 304 - "http://localhost:3000/" "Mozilla/5.0 (Windows NT 10.0; Win64; x64) AppleWebKit/537.36 (KHTML, like Gecko) Chrome/98.0.4758.82 Safari/537.36"

info: ::1 - - [17/Feb/2022:04:14:15 +0000] "GET /api/v1/book/getbook HTTP/1.1" 304 - "http://localhost:3000/" "Mozilla/5.0 (Windows NT 10.0; Win64; x64) AppleWebKit/537.36 (KHTML, like Gecko) Chrome/98.0.4758.82 Safari/537.36"

info: ::1 - - [17/Feb/2022:04:19:49 +0000] "POST /api/v1/user/signin HTTP/1.1" 200 267 "http://localhost:3000/" "Mozilla/5.0 (Windows NT 10.0; Win64; x64) AppleWebKit/537.36 (KHTML, like Gecko) Chrome/98.0.4758.82 Safari/537.36"

info: ::1 - - [17/Feb/2022:04:22:32 +0000] "POST /api/v1/user/signin HTTP/1.1" 200 267 "http://localhost:3000/" "Mozilla/5.0 (Linux; Android 6.0; Nexus 5 Build/MRA58N) AppleWebKit/537.36 (KHTML, like Gecko) Chrome/98.0.4758.82 Mobile Safari/537.36"

info: ::1 - - [17/Feb/2022:04:23:36 +0000] "GET /api/v1/book/getbook HTTP/1.1" 304 - "http://localhost:3000/" "Mozilla/5.0 (Linux; Android 6.0; Nexus 5 Build/MRA58N) AppleWebKit/537.36 (KHTML, like Gecko) Chrome/98.0.4758.82 Mobile Safari/537.36"

info: ::1 - - [17/Feb/2022:04:23:38 +0000] "GET /api/v1/book/getbook HTTP/1.1" 304 - "http://localhost:3000/" "Mozilla/5.0 (Linux; Android 6.0; Nexus 5 Build/MRA58N) AppleWebKit/537.36 (KHTML, like Gecko) Chrome/98.0.4758.82 Mobile Safari/537.36"

info: ::1 - - [17/Feb/2022:04:23:46 +0000] "GET /api/v1/book/getbook HTTP/1.1" 304 - "http://localhost:3000/" "Mozilla/5.0 (Linux; Android 6.0; Nexus 5 Build/MRA58N) AppleWebKit/537.36 (KHTML, like Gecko) Chrome/98.0.4758.82 Mobile Safari/537.36"

info: ::1 - - [17/Feb/2022:04:23:53 +0000] "GET /api/v1/book/getbook HTTP/1.1" 304 - "http://localhost:3000/" "Mozilla/5.0 (Linux; Android 6.0; Nexus 5 Build/MRA58N) AppleWebKit/537.36 (KHTML, like Gecko) Chrome/98.0.4758.82 Mobile Safari/537.36"

info: ::1 - - [17/Feb/2022:04:26:00 +0000] "POST /api/v1/cart/cart/[object%20Object] HTTP/1.1" 500 138 "http://localhost:3000/" "Mozilla/5.0 (Linux; Android 6.0; Nexus 5 Build/MRA58N) AppleWebKit/537.36 (KHTML, like Gecko) Chrome/98.0.4758.82 Mobile Safari/537.36"

info: ::1 - - [17/Feb/2022:04:26:06 +0000] "POST /api/v1/wishlist/wishlist HTTP/1.1" 404 47 "http://localhost:3000/" "Mozilla/5.0 (Linux; Android 6.0; Nexus 5 Build/MRA58N) AppleWebKit/537.36 (KHTML, like Gecko) Chrome/98.0.4758.82 Mobile Safari/537.36"

info: ::1 - - [17/Feb/2022:04:31:26 +0000] "POST /api/v1/cart/cart/[object%20Object] HTTP/1.1" 500 138 "http://localhost:3000/" "Mozilla/5.0 (Windows NT 10.0; Win64; x64) AppleWebKit/537.36 (KHTML, like Gecko) Chrome/98.0.4758.82 Safari/537.36"

info: ::1 - - [17/Feb/2022:04:31:27 +0000] "POST /api/v1/cart/cart/[object%20Object] HTTP/1.1" 500 138 "http://localhost:3000/" "Mozilla/5.0 (Windows NT 10.0; Win64; x64) AppleWebKit/537.36 (KHTML, like Gecko) Chrome/98.0.4758.82 Safari/537.36"

info: ::1 - - [17/Feb/2022:04:31:28 +0000] "POST /api/v1/cart/cart/[object%20Object] HTTP/1.1" 500 138 "http://localhost:3000/" "Mozilla/5.0 (Windows NT 10.0; Win64; x64) AppleWebKit/537.36 (KHTML, like Gecko) Chrome/98.0.4758.82 Safari/537.36"

info: ::1 - - [17/Feb/2022:04:31:29 +0000] "POST /api/v1/cart/cart/[object%20Object] HTTP/1.1" 500 138 "http://localhost:3000/" "Mozilla/5.0 (Windows NT 10.0; Win64; x64) AppleWebKit/537.36 (KHTML, like Gecko) Chrome/98.0.4758.82 Safari/537.36"

info: ::1 - - [17/Feb/2022:04:31:30 +0000] "POST /api/v1/cart/cart/[object%20Object] HTTP/1.1" 500 138 "http://localhost:3000/" "Mozilla/5.0 (Windows NT 10.0; Win64; x64) AppleWebKit/537.36 (KHTML, like Gecko) Chrome/98.0.4758.82 Safari/537.36"

info: ::1 - - [17/Feb/2022:04:31:37 +0000] "POST /api/v1/cart/cart/[object%20Object] HTTP/1.1" 500 138 "http://localhost:3000/" "Mozilla/5.0 (Linux; Android 6.0; Nexus 5 Build/MRA58N) AppleWebKit/537.36 (KHTML, like Gecko) Chrome/98.0.4758.82 Mobile Safari/537.36"

info: ::1 - - [17/Feb/2022:04:31:38 +0000] "POST /api/v1/cart/cart/[object%20Object] HTTP/1.1" 500 138 "http://localhost:3000/" "Mozilla/5.0 (Linux; Android 6.0; Nexus 5 Build/MRA58N) AppleWebKit/537.36 (KHTML, like Gecko) Chrome/98.0.4758.82 Mobile Safari/537.36"

info: ::1 - - [17/Feb/2022:04:31:45 +0000] "POST /api/v1/wishlist/wishlist HTTP/1.1" 404 47 "http://localhost:3000/" "Mozilla/5.0 (Linux; Android 6.0; Nexus 5 Build/MRA58N) AppleWebKit/537.36 (KHTML, like Gecko) Chrome/98.0.4758.82 Mobile Safari/537.36"

info: ::1 - - [17/Feb/2022:04:49:55 +0000] "POST /api/v1/cart/cart/[object%20Object] HTTP/1.1" 500 138 "http://localhost:3000/" "Mozilla/5.0 (Windows NT 10.0; Win64; x64) AppleWebKit/537.36 (KHTML, like Gecko) Chrome/98.0.4758.82 Safari/537.36"

info: ::1 - - [17/Feb/2022:04:51:32 +0000] "GET /api/v1/book/getbook HTTP/1.1" 304 - "http://localhost:3000/" "Mozilla/5.0 (Windows NT 10.0; Win64; x64) AppleWebKit/537.36 (KHTML, like Gecko) Chrome/98.0.4758.82 Safari/537.36"

info: ::1 - - [17/Feb/2022:04:54:53 +0000] "POST /api/v1/user/signin HTTP/1.1" 200 267 "http://localhost:3000/" "Mozilla/5.0 (Linux; Android 6.0; Nexus 5 Build/MRA58N) AppleWebKit/537.36 (KHTML, like Gecko) Chrome/98.0.4758.82 Mobile Safari/537.36"

info: ::1 - - [17/Feb/2022:04:54:53 +0000] "GET /api/v1/book/getbook HTTP/1.1" 304 - "http://localhost:3000/" "Mozilla/5.0 (Linux; Android 6.0; Nexus 5 Build/MRA58N) AppleWebKit/537.36 (KHTML, like Gecko) Chrome/98.0.4758.82 Mobile Safari/537.36"

info: ::1 - - [17/Feb/2022:04:55:33 +0000] "GET /api/v1/cart/getcartbooks HTTP/1.1" 304 - "http://localhost:3000/" "Mozilla/5.0 (Linux; Android 6.0; Nexus 5 Build/MRA58N) AppleWebKit/537.36 (KHTML, like Gecko) Chrome/98.0.4758.82 Mobile Safari/537.36"

info: ::1 - - [17/Feb/2022:04:56:10 +0000] "GET /api/v1/wishlist/wishlist HTTP/1.1" 304 - "http://localhost:3000/" "Mozilla/5.0 (Linux; Android 6.0; Nexus 5 Build/MRA58N) AppleWebKit/537.36 (KHTML, like Gecko) Chrome/98.0.4758.82 Mobile Safari/537.36"

info: ::ffff:127.0.0.1 - - [17/Feb/2022:04:59:49 +0000] "POST /api/v1/wishlist/wishlist/620a3f1ddd6ff905b8774a17 HTTP/1.1" 200 438 "-" "Thunder Client (https://www.thunderclient.com)"

info: ::1 - - [17/Feb/2022:05:03:27 +0000] "GET /api/v1/book/getbook HTTP/1.1" 304 - "http://localhost:3000/" "Mozilla/5.0 (Windows NT 10.0; Win64; x64) AppleWebKit/537.36 (KHTML, like Gecko) Chrome/98.0.4758.82 Safari/537.36"

info: ::1 - - [17/Feb/2022:05:04:27 +0000] "POST /api/v1/user/signin HTTP/1.1" 200 267 "http://localhost:3000/" "Mozilla/5.0 (Windows NT 10.0; Win64; x64) AppleWebKit/537.36 (KHTML, like Gecko) Chrome/98.0.4758.82 Safari/537.36"

info: ::1 - - [17/Feb/2022:05:04:27 +0000] "GET /api/v1/book/getbook HTTP/1.1" 304 - "http://localhost:3000/" "Mozilla/5.0 (Windows NT 10.0; Win64; x64) AppleWebKit/537.36 (KHTML, like Gecko) Chrome/98.0.4758.82 Safari/537.36"

info: ::1 - - [17/Feb/2022:05:04:47 +0000] "GET /api/v1/cart/getcartbooks HTTP/1.1" 304 - "http://localhost:3000/" "Mozilla/5.0 (Linux; Android 6.0; Nexus 5 Build/MRA58N) AppleWebKit/537.36 (KHTML, like Gecko) Chrome/98.0.4758.82 Mobile Safari/537.36"

info: ::1 - - [17/Feb/2022:05:05:05 +0000] "GET /api/v1/wishlist/wishlist HTTP/1.1" 304 - "http://localhost:3000/" "Mozilla/5.0 (Linux; Android 6.0; Nexus 5 Build/MRA58N) AppleWebKit/537.36 (KHTML, like Gecko) Chrome/98.0.4758.82 Mobile Safari/537.36"

info: ::1 - - [17/Feb/2022:05:05:28 +0000] "GET /api/v1/book/getbook HTTP/1.1" 304 - "http://localhost:3000/" "Mozilla/5.0 (Windows NT 10.0; Win64; x64) AppleWebKit/537.36 (KHTML, like Gecko) Chrome/98.0.4758.82 Safari/537.36"

info: ::1 - - [17/Feb/2022:05:05:31 +0000] "GET /api/v1/book/getbook HTTP/1.1" 304 - "http://localhost:3000/" "Mozilla/5.0 (Windows NT 10.0; Win64; x64) AppleWebKit/537.36 (KHTML, like Gecko) Chrome/98.0.4758.82 Safari/537.36"

info: ::1 - - [17/Feb/2022:05:15:08 +0000] "POST /api/v1/user/signin HTTP/1.1" 200 267 "http://localhost:3000/" "Mozilla/5.0 (Windows NT 10.0; Win64; x64) AppleWebKit/537.36 (KHTML, like Gecko) Chrome/98.0.4758.82 Safari/537.36"

info: ::1 - - [17/Feb/2022:05:15:09 +0000] "GET /api/v1/book/getbook HTTP/1.1" 304 - "http://localhost:3000/" "Mozilla/5.0 (Windows NT 10.0; Win64; x64) AppleWebKit/537.36 (KHTML, like Gecko) Chrome/98.0.4758.82 Safari/537.36"

info: ::1 - - [17/Feb/2022:05:15:37 +0000] "GET /api/v1/cart/getcartbooks HTTP/1.1" 304 - "http://localhost:3000/" "Mozilla/5.0 (Windows NT 10.0; Win64; x64) AppleWebKit/537.36 (KHTML, like Gecko) Chrome/98.0.4758.82 Safari/537.36"

info: ::1 - - [17/Feb/2022:05:16:38 +0000] "GET /api/v1/wishlist/wishlist HTTP/1.1" 304 - "http://localhost:3000/" "Mozilla/5.0 (Linux; Android 6.0; Nexus 5 Build/MRA58N) AppleWebKit/537.36 (KHTML, like Gecko) Chrome/98.0.4758.82 Mobile Safari/537.36"

info: ::ffff:127.0.0.1 - - [17/Feb/2022:05:17:17 +0000] "GET /api/v1/wishlist/wishlist HTTP/1.1" 200 75 "-" "Thunder Client (https://www.thunderclient.com)"

info: ::ffff:127.0.0.1 - - [17/Feb/2022:05:19:10 +0000] "GET /api/v1/wishlist/wishlist HTTP/1.1" 200 75 "-" "Thunder Client (https://www.thunderclient.com)"

info: ::1 - - [17/Feb/2022:11:55:27 +0000] "POST /api/v1/user/signin HTTP/1.1" 200 267 "http://localhost:3000/" "Mozilla/5.0 (Windows NT 10.0; Win64; x64) AppleWebKit/537.36 (KHTML, like Gecko) Chrome/98.0.4758.82 Safari/537.36"

info: ::1 - - [17/Feb/2022:11:55:28 +0000] "GET /api/v1/book/getbook HTTP/1.1" 304 - "http://localhost:3000/" "Mozilla/5.0 (Windows NT 10.0; Win64; x64) AppleWebKit/537.36 (KHTML, like Gecko) Chrome/98.0.4758.82 Safari/537.36"

info: ::1 - - [17/Feb/2022:11:55:45 +0000] "POST /api/v1/cart/cart/[object%20Object] HTTP/1.1" 500 138 "http://localhost:3000/" "Mozilla/5.0 (Windows NT 10.0; Win64; x64) AppleWebKit/537.36 (KHTML, like Gecko) Chrome/98.0.4758.82 Safari/537.36"

info: ::1 - - [17/Feb/2022:11:56:17 +0000] "GET /api/v1/cart/getcartbooks HTTP/1.1" 304 - "http://localhost:3000/" "Mozilla/5.0 (Windows NT 10.0; Win64; x64) AppleWebKit/537.36 (KHTML, like Gecko) Chrome/98.0.4758.82 Safari/537.36"

info: ::1 - - [17/Feb/2022:11:56:19 +0000] "GET /api/v1/book/getbook HTTP/1.1" 304 - "http://localhost:3000/" "Mozilla/5.0 (Windows NT 10.0; Win64; x64) AppleWebKit/537.36 (KHTML, like Gecko) Chrome/98.0.4758.82 Safari/537.36"

info: ::1 - - [17/Feb/2022:12:07:49 +0000] "GET /api/v1/wishlist/wishlist HTTP/1.1" 304 - "http://localhost:3000/" "Mozilla/5.0 (Windows NT 10.0; Win64; x64) AppleWebKit/537.36 (KHTML, like Gecko) Chrome/98.0.4758.82 Safari/537.36"

info: ::1 - - [17/Feb/2022:12:12:27 +0000] "GET /api/v1/wishlist/wishlist HTTP/1.1" 304 - "http://localhost:3000/" "Mozilla/5.0 (Windows NT 10.0; Win64; x64) AppleWebKit/537.36 (KHTML, like Gecko) Chrome/98.0.4758.82 Safari/537.36"

info: ::1 - - [17/Feb/2022:12:12:43 +0000] "GET /api/v1/wishlist/wishlist HTTP/1.1" 304 - "http://localhost:3000/" "Mozilla/5.0 (Windows NT 10.0; Win64; x64) AppleWebKit/537.36 (KHTML, like Gecko) Chrome/98.0.4758.82 Safari/537.36"

info: ::1 - - [17/Feb/2022:12:12:59 +0000] "GET /api/v1/wishlist/wishlist HTTP/1.1" 304 - "http://localhost:3000/" "Mozilla/5.0 (Windows NT 10.0; Win64; x64) AppleWebKit/537.36 (KHTML, like Gecko) Chrome/98.0.4758.82 Safari/537.36"

info: ::ffff:127.0.0.1 - - [17/Feb/2022:12:42:11 +0000] "GET /api/v1/wishlist/wishlist HTTP/1.1" 200 75 "-" "Thunder Client (https://www.thunderclient.com)"

info: ::ffff:127.0.0.1 - - [17/Feb/2022:12:42:44 +0000] "GET /api/v1/wishlist/wishlist HTTP/1.1" 500 56 "-" "Thunder Client (https://www.thunderclient.com)"

info: ::ffff:127.0.0.1 - - [17/Feb/2022:12:44:45 +0000] "GET /api/v1/wishlist/wishlist HTTP/1.1" 500 56 "-" "Thunder Client (https://www.thunderclient.com)"

info: ::ffff:127.0.0.1 - - [17/Feb/2022:12:44:58 +0000] "GET /api/v1/wishlist/wishlist HTTP/1.1" 500 56 "-" "Thunder Client (https://www.thunderclient.com)"

info: ::ffff:127.0.0.1 - - [17/Feb/2022:12:45:18 +0000] "GET /api/v1/wishlist/wishlist HTTP/1.1" 500 56 "-" "Thunder Client (https://www.thunderclient.com)"

info: ::ffff:127.0.0.1 - - [17/Feb/2022:12:58:24 +0000] "GET /api/v1/wishlist/wishlist HTTP/1.1" 500 56 "-" "Thunder Client (https://www.thunderclient.com)"

info: ::ffff:127.0.0.1 - - [17/Feb/2022:12:58:57 +0000] "GET /api/v1/wishlist/wishlist HTTP/1.1" 200 75 "-" "Thunder Client (https://www.thunderclient.com)"

info: ::ffff:127.0.0.1 - - [17/Feb/2022:12:59:43 +0000] "POST /api/v1/wishlist/wishlist/620a3f1ddd6ff905b8774a17 HTTP/1.1" 200 509 "-" "Thunder Client (https://www.thunderclient.com)"

info: ::ffff:127.0.0.1 - - [17/Feb/2022:12:59:58 +0000] "GET /api/v1/wishlist/wishlist HTTP/1.1" 200 75 "-" "Thunder Client (https://www.thunderclient.com)"

info: ::ffff:127.0.0.1 - - [17/Feb/2022:13:00:55 +0000] "GET /api/v1/wishlist/wishlist HTTP/1.1" 200 75 "-" "Thunder Client (https://www.thunderclient.com)"

info: ::ffff:127.0.0.1 - - [17/Feb/2022:13:01:07 +0000] "GET /api/v1/cart/getcartbooks HTTP/1.1" 200 383 "-" "Thunder Client (https://www.thunderclient.com)"

info: ::ffff:127.0.0.1 - - [17/Feb/2022:13:02:07 +0000] "POST /api/v1/cart/cart/62022818dfaccf0cb4ccc3d1 HTTP/1.1" 500 157 "-" "Thunder Client (https://www.thunderclient.com)"

info: ::ffff:127.0.0.1 - - [17/Feb/2022:13:02:22 +0000] "POST /api/v1/cart/cart/62022818dfaccf0cb4ccc3d1 HTTP/1.1" 200 72 "-" "Thunder Client (https://www.thunderclient.com)"

info: ::ffff:127.0.0.1 - - [17/Feb/2022:13:02:39 +0000] "POST /api/v1/cart/cart/620d2bc048a32310a8294ee8 HTTP/1.1" 200 72 "-" "Thunder Client (https://www.thunderclient.com)"

info: ::ffff:127.0.0.1 - - [17/Feb/2022:13:02:59 +0000] "POST /api/v1/wishlist/wishlist/620a3f1ddd6ff905b8774a17 HTTP/1.1" 200 580 "-" "Thunder Client (https://www.thunderclient.com)"

info: ::ffff:127.0.0.1 - - [17/Feb/2022:13:03:21 +0000] "GET /api/v1/wishlist/wishlist HTTP/1.1" 200 75 "-" "Thunder Client (https://www.thunderclient.com)"

info: ::1 - - [17/Feb/2022:13:10:12 +0000] "POST /api/v1/cart/cart/[object%20Object] HTTP/1.1" 500 138 "http://localhost:3000/" "Mozilla/5.0 (Windows NT 10.0; Win64; x64) AppleWebKit/537.36 (KHTML, like Gecko) Chrome/98.0.4758.82 Safari/537.36"

info: ::1 - - [17/Feb/2022:13:31:27 +0000] "POST /api/v1/cart/cart/[object%20Object] HTTP/1.1" 500 138 "http://localhost:3000/" "Mozilla/5.0 (Windows NT 10.0; Win64; x64) AppleWebKit/537.36 (KHTML, like Gecko) Chrome/98.0.4758.82 Safari/537.36"

info: ::1 - - [17/Feb/2022:13:31:28 +0000] "POST /api/v1/cart/cart/[object%20Object] HTTP/1.1" 500 138 "http://localhost:3000/" "Mozilla/5.0 (Windows NT 10.0; Win64; x64) AppleWebKit/537.36 (KHTML, like Gecko) Chrome/98.0.4758.82 Safari/537.36"

info: ::1 - - [17/Feb/2022:13:31:29 +0000] "POST /api/v1/cart/cart/[object%20Object] HTTP/1.1" 500 138 "http://localhost:3000/" "Mozilla/5.0 (Windows NT 10.0; Win64; x64) AppleWebKit/537.36 (KHTML, like Gecko) Chrome/98.0.4758.82 Safari/537.36"

info: ::1 - - [17/Feb/2022:13:31:30 +0000] "POST /api/v1/cart/cart/[object%20Object] HTTP/1.1" 500 138 "http://localhost:3000/" "Mozilla/5.0 (Windows NT 10.0; Win64; x64) AppleWebKit/537.36 (KHTML, like Gecko) Chrome/98.0.4758.82 Safari/537.36"

info: ::1 - - [17/Feb/2022:13:31:33 +0000] "POST /api/v1/wishlist/wishlist/[object%20Object] HTTP/1.1" 500 138 "http://localhost:3000/" "Mozilla/5.0 (Windows NT 10.0; Win64; x64) AppleWebKit/537.36 (KHTML, like Gecko) Chrome/98.0.4758.82 Safari/537.36"

info: ::1 - - [17/Feb/2022:13:32:17 +0000] "POST /api/v1/cart/cart/[object%20Object] HTTP/1.1" 500 138 "http://localhost:3000/" "Mozilla/5.0 (Windows NT 10.0; Win64; x64) AppleWebKit/537.36 (KHTML, like Gecko) Chrome/98.0.4758.82 Safari/537.36"

info: ::1 - - [17/Feb/2022:13:49:38 +0000] "GET /api/v1/book/getbook HTTP/1.1" 304 - "http://localhost:3000/" "Mozilla/5.0 (Windows NT 10.0; Win64; x64) AppleWebKit/537.36 (KHTML, like Gecko) Chrome/98.0.4758.82 Safari/537.36"

info: ::1 - - [17/Feb/2022:13:50:28 +0000] "GET /api/v1/book/getbook HTTP/1.1" 304 - "http://localhost:3000/" "Mozilla/5.0 (Windows NT 10.0; Win64; x64) AppleWebKit/537.36 (KHTML, like Gecko) Chrome/98.0.4758.82 Safari/537.36"

info: ::1 - - [17/Feb/2022:13:50:33 +0000] "POST /api/v1/cart/cart/[object%20Object] HTTP/1.1" 500 138 "http://localhost:3000/" "Mozilla/5.0 (Windows NT 10.0; Win64; x64) AppleWebKit/537.36 (KHTML, like Gecko) Chrome/98.0.4758.82 Safari/537.36"

info: ::1 - - [17/Feb/2022:13:51:37 +0000] "GET /api/v1/cart/getcartbooks HTTP/1.1" 200 383 "http://localhost:3000/" "Mozilla/5.0 (Windows NT 10.0; Win64; x64) AppleWebKit/537.36 (KHTML, like Gecko) Chrome/98.0.4758.82 Safari/537.36"

info: ::ffff:127.0.0.1 - - [17/Feb/2022:13:57:08 +0000] "POST /api/v1/wishlist/wishlist/620a4d201336f745989480d6 HTTP/1.1" 200 651 "-" "Thunder Client (https://www.thunderclient.com)"

info: ::ffff:127.0.0.1 - - [17/Feb/2022:13:57:32 +0000] "GET /api/v1/wishlist/wishlist HTTP/1.1" 200 75 "-" "Thunder Client (https://www.thunderclient.com)"

info: ::ffff:127.0.0.1 - - [17/Feb/2022:14:01:12 +0000] "GET /api/v1/wishlist/wishlist HTTP/1.1" 200 75 "-" "Thunder Client (https://www.thunderclient.com)"

info: ::ffff:127.0.0.1 - - [17/Feb/2022:14:03:23 +0000] "GET /api/v1/wishlist/wishlist HTTP/1.1" 500 48 "-" "Thunder Client (https://www.thunderclient.com)"

info: ::ffff:127.0.0.1 - - [17/Feb/2022:14:04:43 +0000] "GET /api/v1/wishlist/wishlist HTTP/1.1" 200 659 "-" "Thunder Client (https://www.thunderclient.com)"

info: ::ffff:127.0.0.1 - - [17/Feb/2022:14:05:42 +0000] "GET /api/v1/wishlist/wishlist HTTP/1.1" 200 75 "-" "Thunder Client (https://www.thunderclient.com)"

info: ::ffff:127.0.0.1 - - [17/Feb/2022:14:06:56 +0000] "GET /api/v1/wishlist/wishlist HTTP/1.1" 500 48 "-" "Thunder Client (https://www.thunderclient.com)"

info: ::ffff:127.0.0.1 - - [17/Feb/2022:14:08:23 +0000] "GET /api/v1/wishlist/wishlist HTTP/1.1" 500 48 "-" "Thunder Client (https://www.thunderclient.com)"

info: ::1 - - [17/Feb/2022:14:09:07 +0000] "POST /api/v1/user/signin HTTP/1.1" 200 267 "http://localhost:3000/" "Mozilla/5.0 (Windows NT 10.0; Win64; x64) AppleWebKit/537.36 (KHTML, like Gecko) Chrome/98.0.4758.82 Safari/537.36"

info: ::1 - - [17/Feb/2022:14:09:08 +0000] "GET /api/v1/book/getbook HTTP/1.1" 304 - "http://localhost:3000/" "Mozilla/5.0 (Windows NT 10.0; Win64; x64) AppleWebKit/537.36 (KHTML, like Gecko) Chrome/98.0.4758.82 Safari/537.36"

info: ::ffff:127.0.0.1 - - [17/Feb/2022:14:12:02 +0000] "GET /api/v1/wishlist/wishlist HTTP/1.1" 200 75 "-" "Thunder Client (https://www.thunderclient.com)"

info: ::ffff:127.0.0.1 - - [17/Feb/2022:14:12:22 +0000] "POST /api/v1/wishlist/wishlist/620a4d201336f745989480d6 HTTP/1.1" 200 722 "-" "Thunder Client (https://www.thunderclient.com)"

info: ::1 - - [17/Feb/2022:16:04:06 +0000] "GET /api/v1/book/getbook HTTP/1.1" 304 - "http://localhost:3000/" "Mozilla/5.0 (Windows NT 10.0; Win64; x64) AppleWebKit/537.36 (KHTML, like Gecko) Chrome/98.0.4758.82 Safari/537.36"

info: ::1 - - [17/Feb/2022:16:04:41 +0000] "GET /api/v1/book/getbook HTTP/1.1" 304 - "http://localhost:3000/" "Mozilla/5.0 (Windows NT 10.0; Win64; x64) AppleWebKit/537.36 (KHTML, like Gecko) Chrome/98.0.4758.82 Safari/537.36"

info: ::1 - - [17/Feb/2022:16:11:02 +0000] "POST /api/v1/user/signin HTTP/1.1" 200 267 "http://localhost:3000/" "Mozilla/5.0 (Windows NT 10.0; Win64; x64) AppleWebKit/537.36 (KHTML, like Gecko) Chrome/98.0.4758.82 Safari/537.36"

info: ::1 - - [17/Feb/2022:16:11:02 +0000] "GET /api/v1/book/getbook HTTP/1.1" 304 - "http://localhost:3000/" "Mozilla/5.0 (Windows NT 10.0; Win64; x64) AppleWebKit/537.36 (KHTML, like Gecko) Chrome/98.0.4758.82 Safari/537.36"

info: ::ffff:127.0.0.1 - - [17/Feb/2022:16:56:32 +0000] "POST /api/v1/cart/cart/62034da2aa641a552c4e0368 HTTP/1.1" 200 72 "-" "Thunder Client (https://www.thunderclient.com)"

info: ::1 - - [17/Feb/2022:17:07:07 +0000] "GET /api/v1/book/getbook HTTP/1.1" 304 - "http://localhost:3000/" "Mozilla/5.0 (Windows NT 10.0; Win64; x64) AppleWebKit/537.36 (KHTML, like Gecko) Chrome/98.0.4758.82 Safari/537.36"

info: ::1 - - [17/Feb/2022:17:07:07 +0000] "GET /api/v1/book/getbook HTTP/1.1" 304 - "http://localhost:3000/" "Mozilla/5.0 (Windows NT 10.0; Win64; x64) AppleWebKit/537.36 (KHTML, like Gecko) Chrome/98.0.4758.82 Safari/537.36"

info: ::1 - - [17/Feb/2022:17:07:08 +0000] "GET /api/v1/book/getbook HTTP/1.1" 304 - "http://localhost:3000/" "Mozilla/5.0 (Windows NT 10.0; Win64; x64) AppleWebKit/537.36 (KHTML, like Gecko) Chrome/98.0.4758.82 Safari/537.36"

info: ::1 - - [17/Feb/2022:17:07:22 +0000] "POST /api/v1/cart/cart/[object%20Object] HTTP/1.1" 500 138 "http://localhost:3000/" "Mozilla/5.0 (Linux; Android 6.0; Nexus 5 Build/MRA58N) AppleWebKit/537.36 (KHTML, like Gecko) Chrome/98.0.4758.82 Mobile Safari/537.36"

info: ::1 - - [17/Feb/2022:17:09:02 +0000] "POST /api/v1/wishlist/wishlist/[object%20Object] HTTP/1.1" 500 138 "http://localhost:3000/" "Mozilla/5.0 (Linux; Android 6.0; Nexus 5 Build/MRA58N) AppleWebKit/537.36 (KHTML, like Gecko) Chrome/98.0.4758.82 Mobile Safari/537.36"

info: ::1 - - [17/Feb/2022:17:09:03 +0000] "POST /api/v1/wishlist/wishlist/[object%20Object] HTTP/1.1" 500 138 "http://localhost:3000/" "Mozilla/5.0 (Linux; Android 6.0; Nexus 5 Build/MRA58N) AppleWebKit/537.36 (KHTML, like Gecko) Chrome/98.0.4758.82 Mobile Safari/537.36"

info: ::1 - - [17/Feb/2022:17:11:37 +0000] "GET /api/v1/book/getbook HTTP/1.1" 304 - "http://localhost:3000/" "Mozilla/5.0 (Linux; Android 6.0; Nexus 5 Build/MRA58N) AppleWebKit/537.36 (KHTML, like Gecko) Chrome/98.0.4758.82 Mobile Safari/537.36"

info: ::1 - - [17/Feb/2022:17:11:42 +0000] "GET /api/v1/book/getbook HTTP/1.1" 304 - "http://localhost:3000/" "Mozilla/5.0 (Linux; Android 6.0; Nexus 5 Build/MRA58N) AppleWebKit/537.36 (KHTML, like Gecko) Chrome/98.0.4758.82 Mobile Safari/537.36"

info: ::1 - - [17/Feb/2022:17:11:50 +0000] "GET /api/v1/book/getbook HTTP/1.1" 304 - "http://localhost:3000/" "Mozilla/5.0 (Linux; Android 6.0; Nexus 5 Build/MRA58N) AppleWebKit/537.36 (KHTML, like Gecko) Chrome/98.0.4758.82 Mobile Safari/537.36"

info: ::1 - - [17/Feb/2022:17:11:56 +0000] "GET /api/v1/book/getbook HTTP/1.1" 304 - "http://localhost:3000/" "Mozilla/5.0 (Linux; Android 6.0; Nexus 5 Build/MRA58N) AppleWebKit/537.36 (KHTML, like Gecko) Chrome/98.0.4758.82 Mobile Safari/537.36"

info: ::1 - - [17/Feb/2022:17:12:14 +0000] "POST /api/v1/cart/cart/[object%20Object] HTTP/1.1" 500 138 "http://localhost:3000/" "Mozilla/5.0 (Linux; Android 6.0; Nexus 5 Build/MRA58N) AppleWebKit/537.36 (KHTML, like Gecko) Chrome/98.0.4758.82 Mobile Safari/537.36"

info: ::1 - - [17/Feb/2022:17:12:14 +0000] "POST /api/v1/cart/cart/[object%20Object] HTTP/1.1" 500 138 "http://localhost:3000/" "Mozilla/5.0 (Linux; Android 6.0; Nexus 5 Build/MRA58N) AppleWebKit/537.36 (KHTML, like Gecko) Chrome/98.0.4758.82 Mobile Safari/537.36"

info: ::1 - - [17/Feb/2022:17:12:27 +0000] "GET /api/v1/cart/getcartbooks HTTP/1.1" 200 454 "http://localhost:3000/" "Mozilla/5.0 (Windows NT 10.0; Win64; x64) AppleWebKit/537.36 (KHTML, like Gecko) Chrome/98.0.4758.82 Safari/537.36"

info: ::1 - - [17/Feb/2022:17:33:03 +0000] "POST /api/v1/user/signin HTTP/1.1" 200 267 "http://localhost:3000/" "Mozilla/5.0 (Windows NT 10.0; Win64; x64) AppleWebKit/537.36 (KHTML, like Gecko) Chrome/98.0.4758.82 Safari/537.36"

info: ::1 - - [17/Feb/2022:17:37:12 +0000] "POST /api/v1/user/signin HTTP/1.1" 200 267 "http://localhost:3000/" "Mozilla/5.0 (Linux; Android 6.0; Nexus 5 Build/MRA58N) AppleWebKit/537.36 (KHTML, like Gecko) Chrome/98.0.4758.82 Mobile Safari/537.36"

info: ::1 - - [17/Feb/2022:17:44:38 +0000] "POST /api/v1/user/signin HTTP/1.1" 200 267 "http://localhost:3000/" "Mozilla/5.0 (Linux; Android 6.0; Nexus 5 Build/MRA58N) AppleWebKit/537.36 (KHTML, like Gecko) Chrome/98.0.4758.82 Mobile Safari/537.36"

info: ::1 - - [17/Feb/2022:17:44:38 +0000] "GET /api/v1/book/getbook HTTP/1.1" 304 - "http://localhost:3000/" "Mozilla/5.0 (Linux; Android 6.0; Nexus 5 Build/MRA58N) AppleWebKit/537.36 (KHTML, like Gecko) Chrome/98.0.4758.82 Mobile Safari/537.36"

info: ::1 - - [17/Feb/2022:17:44:38 +0000] "GET /api/v1/cart/getcartbooks HTTP/1.1" 304 - "http://localhost:3000/" "Mozilla/5.0 (Linux; Android 6.0; Nexus 5 Build/MRA58N) AppleWebKit/537.36 (KHTML, like Gecko) Chrome/98.0.4758.82 Mobile Safari/537.36"

info: ::1 - - [17/Feb/2022:17:48:04 +0000] "GET /api/v1/book/getbook HTTP/1.1" 304 - "http://localhost:3000/" "Mozilla/5.0 (Linux; Android 6.0; Nexus 5 Build/MRA58N) AppleWebKit/537.36 (KHTML, like Gecko) Chrome/98.0.4758.82 Mobile Safari/537.36"

info: ::1 - - [17/Feb/2022:17:48:04 +0000] "GET /api/v1/cart/getcartbooks HTTP/1.1" 304 - "http://localhost:3000/" "Mozilla/5.0 (Linux; Android 6.0; Nexus 5 Build/MRA58N) AppleWebKit/537.36 (KHTML, like Gecko) Chrome/98.0.4758.82 Mobile Safari/537.36"

info: ::1 - - [17/Feb/2022:17:48:08 +0000] "GET /api/v1/cart/getcartbooks HTTP/1.1" 304 - "http://localhost:3000/" "Mozilla/5.0 (Linux; Android 6.0; Nexus 5 Build/MRA58N) AppleWebKit/537.36 (KHTML, like Gecko) Chrome/98.0.4758.82 Mobile Safari/537.36"

info: ::1 - - [17/Feb/2022:17:48:08 +0000] "GET /api/v1/book/getbook HTTP/1.1" 304 - "http://localhost:3000/" "Mozilla/5.0 (Linux; Android 6.0; Nexus 5 Build/MRA58N) AppleWebKit/537.36 (KHTML, like Gecko) Chrome/98.0.4758.82 Mobile Safari/537.36"

info: ::1 - - [17/Feb/2022:17:48:11 +0000] "GET /api/v1/cart/getcartbooks HTTP/1.1" 304 - "http://localhost:3000/" "Mozilla/5.0 (Linux; Android 6.0; Nexus 5 Build/MRA58N) AppleWebKit/537.36 (KHTML, like Gecko) Chrome/98.0.4758.82 Mobile Safari/537.36"

info: ::1 - - [17/Feb/2022:17:48:11 +0000] "GET /api/v1/book/getbook HTTP/1.1" 304 - "http://localhost:3000/" "Mozilla/5.0 (Linux; Android 6.0; Nexus 5 Build/MRA58N) AppleWebKit/537.36 (KHTML, like Gecko) Chrome/98.0.4758.82 Mobile Safari/537.36"

info: ::1 - - [17/Feb/2022:17:48:43 +0000] "GET /api/v1/cart/getcartbooks HTTP/1.1" 304 - "http://localhost:3000/" "Mozilla/5.0 (Linux; Android 6.0; Nexus 5 Build/MRA58N) AppleWebKit/537.36 (KHTML, like Gecko) Chrome/98.0.4758.82 Mobile Safari/537.36"

info: ::1 - - [17/Feb/2022:17:49:11 +0000] "POST /api/v1/user/signin HTTP/1.1" 200 267 "http://localhost:3000/" "Mozilla/5.0 (Linux; Android 6.0; Nexus 5 Build/MRA58N) AppleWebKit/537.36 (KHTML, like Gecko) Chrome/98.0.4758.82 Mobile Safari/537.36"

info: ::1 - - [17/Feb/2022:17:49:12 +0000] "GET /api/v1/book/getbook HTTP/1.1" 304 - "http://localhost:3000/" "Mozilla/5.0 (Linux; Android 6.0; Nexus 5 Build/MRA58N) AppleWebKit/537.36 (KHTML, like Gecko) Chrome/98.0.4758.82 Mobile Safari/537.36"

info: ::1 - - [17/Feb/2022:17:49:12 +0000] "GET /api/v1/cart/getcartbooks HTTP/1.1" 304 - "http://localhost:3000/" "Mozilla/5.0 (Linux; Android 6.0; Nexus 5 Build/MRA58N) AppleWebKit/537.36 (KHTML, like Gecko) Chrome/98.0.4758.82 Mobile Safari/537.36"

info: ::1 - - [17/Feb/2022:17:50:22 +0000] "GET /api/v1/book/getbook HTTP/1.1" 304 - "http://localhost:3000/" "Mozilla/5.0 (Linux; Android 6.0; Nexus 5 Build/MRA58N) AppleWebKit/537.36 (KHTML, like Gecko) Chrome/98.0.4758.82 Mobile Safari/537.36"

info: ::1 - - [17/Feb/2022:17:50:22 +0000] "GET /api/v1/cart/getcartbooks HTTP/1.1" 304 - "http://localhost:3000/" "Mozilla/5.0 (Linux; Android 6.0; Nexus 5 Build/MRA58N) AppleWebKit/537.36 (KHTML, like Gecko) Chrome/98.0.4758.82 Mobile Safari/537.36"

info: ::1 - - [17/Feb/2022:17:52:15 +0000] "GET /api/v1/book/getbook HTTP/1.1" 304 - "http://localhost:3000/" "Mozilla/5.0 (Linux; Android 6.0; Nexus 5 Build/MRA58N) AppleWebKit/537.36 (KHTML, like Gecko) Chrome/98.0.4758.82 Mobile Safari/537.36"

info: ::1 - - [17/Feb/2022:17:52:15 +0000] "GET /api/v1/cart/getcartbooks HTTP/1.1" 304 - "http://localhost:3000/" "Mozilla/5.0 (Linux; Android 6.0; Nexus 5 Build/MRA58N) AppleWebKit/537.36 (KHTML, like Gecko) Chrome/98.0.4758.82 Mobile Safari/537.36"

info: ::1 - - [17/Feb/2022:17:54:45 +0000] "GET /api/v1/book/getbook HTTP/1.1" 304 - "http://localhost:3000/" "Mozilla/5.0 (Linux; Android 6.0; Nexus 5 Build/MRA58N) AppleWebKit/537.36 (KHTML, like Gecko) Chrome/98.0.4758.82 Mobile Safari/537.36"

info: ::1 - - [17/Feb/2022:17:54:49 +0000] "GET /api/v1/book/getbook HTTP/1.1" 304 - "http://localhost:3000/" "Mozilla/5.0 (Linux; Android 6.0; Nexus 5 Build/MRA58N) AppleWebKit/537.36 (KHTML, like Gecko) Chrome/98.0.4758.82 Mobile Safari/537.36"

info: ::1 - - [17/Feb/2022:17:56:37 +0000] "GET /api/v1/book/getbook HTTP/1.1" 304 - "http://localhost:3000/" "Mozilla/5.0 (Linux; Android 6.0; Nexus 5 Build/MRA58N) AppleWebKit/537.36 (KHTML, like Gecko) Chrome/98.0.4758.82 Mobile Safari/537.36"

info: ::1 - - [17/Feb/2022:17:56:37 +0000] "GET /api/v1/book/getbook HTTP/1.1" 304 - "http://localhost:3000/" "Mozilla/5.0 (Linux; Android 6.0; Nexus 5 Build/MRA58N) AppleWebKit/537.36 (KHTML, like Gecko) Chrome/98.0.4758.82 Mobile Safari/537.36"

info: ::1 - - [17/Feb/2022:17:56:38 +0000] "GET /api/v1/book/getbook HTTP/1.1" 304 - "http://localhost:3000/" "Mozilla/5.0 (Linux; Android 6.0; Nexus 5 Build/MRA58N) AppleWebKit/537.36 (KHTML, like Gecko) Chrome/98.0.4758.82 Mobile Safari/537.36"

info: ::1 - - [17/Feb/2022:17:56:59 +0000] "GET /api/v1/book/getbook HTTP/1.1" 304 - "http://localhost:3000/" "Mozilla/5.0 (Windows NT 10.0; Win64; x64) AppleWebKit/537.36 (KHTML, like Gecko) Chrome/98.0.4758.82 Safari/537.36"

info: ::1 - - [17/Feb/2022:17:56:59 +0000] "GET /api/v1/book/getbook HTTP/1.1" 304 - "http://localhost:3000/" "Mozilla/5.0 (Windows NT 10.0; Win64; x64) AppleWebKit/537.36 (KHTML, like Gecko) Chrome/98.0.4758.82 Safari/537.36"

info: ::1 - - [17/Feb/2022:17:57:00 +0000] "GET /api/v1/book/getbook HTTP/1.1" 304 - "http://localhost:3000/" "Mozilla/5.0 (Windows NT 10.0; Win64; x64) AppleWebKit/537.36 (KHTML, like Gecko) Chrome/98.0.4758.82 Safari/537.36"

info: ::1 - - [17/Feb/2022:17:57:13 +0000] "POST /api/v1/user/signin HTTP/1.1" 200 267 "http://localhost:3000/" "Mozilla/5.0 (Linux; Android 6.0; Nexus 5 Build/MRA58N) AppleWebKit/537.36 (KHTML, like Gecko) Chrome/98.0.4758.82 Mobile Safari/537.36"

info: ::1 - - [17/Feb/2022:17:57:13 +0000] "GET /api/v1/book/getbook HTTP/1.1" 304 - "http://localhost:3000/" "Mozilla/5.0 (Linux; Android 6.0; Nexus 5 Build/MRA58N) AppleWebKit/537.36 (KHTML, like Gecko) Chrome/98.0.4758.82 Mobile Safari/537.36"

info: ::1 - - [17/Feb/2022:17:57:40 +0000] "GET /api/v1/cart/getcartbooks HTTP/1.1" 304 - "http://localhost:3000/" "Mozilla/5.0 (Linux; Android 6.0; Nexus 5 Build/MRA58N) AppleWebKit/537.36 (KHTML, like Gecko) Chrome/98.0.4758.82 Mobile Safari/537.36"

info: ::1 - - [17/Feb/2022:17:58:29 +0000] "GET /api/v1/book/getbook HTTP/1.1" 304 - "http://localhost:3000/" "Mozilla/5.0 (Linux; Android 6.0; Nexus 5 Build/MRA58N) AppleWebKit/537.36 (KHTML, like Gecko) Chrome/98.0.4758.82 Mobile Safari/537.36"

info: ::1 - - [17/Feb/2022:18:15:47 +0000] "GET /api/v1/cart/getcartbooks HTTP/1.1" 304 - "http://localhost:3000/" "Mozilla/5.0 (Linux; Android 6.0; Nexus 5 Build/MRA58N) AppleWebKit/537.36 (KHTML, like Gecko) Chrome/98.0.4758.82 Mobile Safari/537.36"

info: ::1 - - [17/Feb/2022:18:25:06 +0000] "GET /api/v1/cart/getcartbooks HTTP/1.1" 304 - "http://localhost:3000/" "Mozilla/5.0 (Linux; Android 6.0; Nexus 5 Build/MRA58N) AppleWebKit/537.36 (KHTML, like Gecko) Chrome/98.0.4758.82 Mobile Safari/537.36"

