info: ::1 - - [20/Feb/2022:08:41:59 +0000] "POST /api/v1/user/signin HTTP/1.1" 200 267 "http://localhost:3000/" "Mozilla/5.0 (Windows NT 10.0; Win64; x64) AppleWebKit/537.36 (KHTML, like Gecko) Chrome/98.0.4758.102 Safari/537.36"

info: ::1 - - [20/Feb/2022:08:41:59 +0000] "GET /api/v1/book/getbook HTTP/1.1" 200 6574 "http://localhost:3000/" "Mozilla/5.0 (Windows NT 10.0; Win64; x64) AppleWebKit/537.36 (KHTML, like Gecko) Chrome/98.0.4758.102 Safari/537.36"

info: ::1 - - [20/Feb/2022:08:42:00 +0000] "GET /api/v1/cart/getcartbooks HTTP/1.1" 200 241 "http://localhost:3000/" "Mozilla/5.0 (Windows NT 10.0; Win64; x64) AppleWebKit/537.36 (KHTML, like Gecko) Chrome/98.0.4758.102 Safari/537.36"

info: ::1 - - [20/Feb/2022:08:42:53 +0000] "GET /api/v1/book/getbook HTTP/1.1" 304 - "http://localhost:3000/" "Mozilla/5.0 (Windows NT 10.0; Win64; x64) AppleWebKit/537.36 (KHTML, like Gecko) Chrome/98.0.4758.102 Safari/537.36"

info: ::1 - - [20/Feb/2022:08:42:58 +0000] "GET /api/v1/book/getbook HTTP/1.1" 304 - "http://localhost:3000/" "Mozilla/5.0 (Windows NT 10.0; Win64; x64) AppleWebKit/537.36 (KHTML, like Gecko) Chrome/98.0.4758.102 Safari/537.36"

info: ::1 - - [20/Feb/2022:08:43:04 +0000] "GET /api/v1/book/getbook HTTP/1.1" 304 - "http://localhost:3000/" "Mozilla/5.0 (Windows NT 10.0; Win64; x64) AppleWebKit/537.36 (KHTML, like Gecko) Chrome/98.0.4758.102 Safari/537.36"

info: ::1 - - [20/Feb/2022:08:43:10 +0000] "GET /api/v1/book/getbook HTTP/1.1" 304 - "http://localhost:3000/" "Mozilla/5.0 (Windows NT 10.0; Win64; x64) AppleWebKit/537.36 (KHTML, like Gecko) Chrome/98.0.4758.102 Safari/537.36"

info: ::1 - - [20/Feb/2022:08:48:36 +0000] "GET /api/v1/book/getbook HTTP/1.1" 304 - "http://localhost:3000/" "Mozilla/5.0 (Windows NT 10.0; Win64; x64) AppleWebKit/537.36 (KHTML, like Gecko) Chrome/98.0.4758.102 Safari/537.36"

info: ::1 - - [20/Feb/2022:08:48:36 +0000] "GET /api/v1/cart/getcartbooks HTTP/1.1" 304 - "http://localhost:3000/" "Mozilla/5.0 (Windows NT 10.0; Win64; x64) AppleWebKit/537.36 (KHTML, like Gecko) Chrome/98.0.4758.102 Safari/537.36"

info: ::1 - - [20/Feb/2022:08:49:26 +0000] "GET /api/v1/book/getbook HTTP/1.1" 304 - "http://localhost:3000/" "Mozilla/5.0 (Windows NT 10.0; Win64; x64) AppleWebKit/537.36 (KHTML, like Gecko) Chrome/98.0.4758.102 Safari/537.36"

info: ::1 - - [20/Feb/2022:08:50:31 +0000] "GET /api/v1/cart/getcartbooks HTTP/1.1" 304 - "http://localhost:3000/" "Mozilla/5.0 (Windows NT 10.0; Win64; x64) AppleWebKit/537.36 (KHTML, like Gecko) Chrome/98.0.4758.102 Safari/537.36"

info: ::1 - - [20/Feb/2022:08:50:31 +0000] "GET /api/v1/wishlist/wishlist HTTP/1.1" 200 75 "http://localhost:3000/" "Mozilla/5.0 (Windows NT 10.0; Win64; x64) AppleWebKit/537.36 (KHTML, like Gecko) Chrome/98.0.4758.102 Safari/537.36"

info: ::1 - - [20/Feb/2022:08:50:31 +0000] "GET /api/v1/cart/getcartbooks HTTP/1.1" 304 - "http://localhost:3000/" "Mozilla/5.0 (Windows NT 10.0; Win64; x64) AppleWebKit/537.36 (KHTML, like Gecko) Chrome/98.0.4758.102 Safari/537.36"

info: ::1 - - [20/Feb/2022:08:51:16 +0000] "GET /api/v1/wishlist/wishlist HTTP/1.1" 304 - "http://localhost:3000/" "Mozilla/5.0 (Windows NT 10.0; Win64; x64) AppleWebKit/537.36 (KHTML, like Gecko) Chrome/98.0.4758.102 Safari/537.36"

info: ::1 - - [20/Feb/2022:08:51:16 +0000] "GET /api/v1/cart/getcartbooks HTTP/1.1" 304 - "http://localhost:3000/" "Mozilla/5.0 (Windows NT 10.0; Win64; x64) AppleWebKit/537.36 (KHTML, like Gecko) Chrome/98.0.4758.102 Safari/537.36"

info: ::1 - - [20/Feb/2022:08:51:20 +0000] "GET /api/v1/wishlist/wishlist HTTP/1.1" 304 - "http://localhost:3000/" "Mozilla/5.0 (Windows NT 10.0; Win64; x64) AppleWebKit/537.36 (KHTML, like Gecko) Chrome/98.0.4758.102 Safari/537.36"

info: ::1 - - [20/Feb/2022:08:51:20 +0000] "GET /api/v1/cart/getcartbooks HTTP/1.1" 304 - "http://localhost:3000/" "Mozilla/5.0 (Windows NT 10.0; Win64; x64) AppleWebKit/537.36 (KHTML, like Gecko) Chrome/98.0.4758.102 Safari/537.36"

info: ::1 - - [20/Feb/2022:08:51:20 +0000] "GET /api/v1/cart/getcartbooks HTTP/1.1" 304 - "http://localhost:3000/" "Mozilla/5.0 (Windows NT 10.0; Win64; x64) AppleWebKit/537.36 (KHTML, like Gecko) Chrome/98.0.4758.102 Safari/537.36"

info: ::1 - - [20/Feb/2022:08:58:12 +0000] "GET /api/v1/book/getbook HTTP/1.1" 304 - "http://localhost:3000/" "Mozilla/5.0 (Windows NT 10.0; Win64; x64) AppleWebKit/537.36 (KHTML, like Gecko) Chrome/98.0.4758.102 Safari/537.36"

info: ::1 - - [20/Feb/2022:08:58:12 +0000] "GET /api/v1/book/getbook HTTP/1.1" 304 - "http://localhost:3000/" "Mozilla/5.0 (Windows NT 10.0; Win64; x64) AppleWebKit/537.36 (KHTML, like Gecko) Chrome/98.0.4758.102 Safari/537.36"

info: ::1 - - [20/Feb/2022:08:58:13 +0000] "GET /api/v1/book/getbook HTTP/1.1" 304 - "http://localhost:3000/" "Mozilla/5.0 (Windows NT 10.0; Win64; x64) AppleWebKit/537.36 (KHTML, like Gecko) Chrome/98.0.4758.102 Safari/537.36"

info: ::1 - - [20/Feb/2022:08:58:57 +0000] "GET /api/v1/book/getbook HTTP/1.1" 304 - "http://localhost:3000/" "Mozilla/5.0 (Windows NT 10.0; Win64; x64) AppleWebKit/537.36 (KHTML, like Gecko) Chrome/98.0.4758.102 Safari/537.36"

info: ::1 - - [20/Feb/2022:08:59:25 +0000] "GET /api/v1/book/getbook HTTP/1.1" 304 - "http://localhost:3000/" "Mozilla/5.0 (Windows NT 10.0; Win64; x64) AppleWebKit/537.36 (KHTML, like Gecko) Chrome/98.0.4758.102 Safari/537.36"

info: ::1 - - [20/Feb/2022:08:59:29 +0000] "GET /api/v1/book/getbook HTTP/1.1" 304 - "http://localhost:3000/" "Mozilla/5.0 (Windows NT 10.0; Win64; x64) AppleWebKit/537.36 (KHTML, like Gecko) Chrome/98.0.4758.102 Safari/537.36"

info: ::1 - - [20/Feb/2022:08:59:29 +0000] "GET /api/v1/book/getbook HTTP/1.1" 304 - "http://localhost:3000/" "Mozilla/5.0 (Windows NT 10.0; Win64; x64) AppleWebKit/537.36 (KHTML, like Gecko) Chrome/98.0.4758.102 Safari/537.36"

info: ::1 - - [20/Feb/2022:08:59:36 +0000] "GET /api/v1/book/getbook HTTP/1.1" 304 - "http://localhost:3000/" "Mozilla/5.0 (Windows NT 10.0; Win64; x64) AppleWebKit/537.36 (KHTML, like Gecko) Chrome/98.0.4758.102 Safari/537.36"

info: ::1 - - [20/Feb/2022:08:59:40 +0000] "GET /api/v1/book/getbook HTTP/1.1" 304 - "http://localhost:3000/" "Mozilla/5.0 (Windows NT 10.0; Win64; x64) AppleWebKit/537.36 (KHTML, like Gecko) Chrome/98.0.4758.102 Safari/537.36"

info: ::1 - - [20/Feb/2022:08:59:43 +0000] "GET /api/v1/book/getbook HTTP/1.1" 304 - "http://localhost:3000/" "Mozilla/5.0 (Windows NT 10.0; Win64; x64) AppleWebKit/537.36 (KHTML, like Gecko) Chrome/98.0.4758.102 Safari/537.36"

info: ::1 - - [20/Feb/2022:09:02:27 +0000] "GET /api/v1/book/getbook HTTP/1.1" 304 - "http://localhost:3000/" "Mozilla/5.0 (Windows NT 10.0; Win64; x64) AppleWebKit/537.36 (KHTML, like Gecko) Chrome/98.0.4758.102 Safari/537.36"

info: ::1 - - [20/Feb/2022:09:02:27 +0000] "GET /api/v1/cart/getcartbooks HTTP/1.1" 304 - "http://localhost:3000/" "Mozilla/5.0 (Windows NT 10.0; Win64; x64) AppleWebKit/537.36 (KHTML, like Gecko) Chrome/98.0.4758.102 Safari/537.36"

info: ::1 - - [20/Feb/2022:09:02:52 +0000] "GET /api/v1/wishlist/wishlist HTTP/1.1" 304 - "http://localhost:3000/" "Mozilla/5.0 (Windows NT 10.0; Win64; x64) AppleWebKit/537.36 (KHTML, like Gecko) Chrome/98.0.4758.102 Safari/537.36"

info: ::1 - - [20/Feb/2022:09:02:52 +0000] "GET /api/v1/cart/getcartbooks HTTP/1.1" 304 - "http://localhost:3000/" "Mozilla/5.0 (Windows NT 10.0; Win64; x64) AppleWebKit/537.36 (KHTML, like Gecko) Chrome/98.0.4758.102 Safari/537.36"

info: ::1 - - [20/Feb/2022:09:02:52 +0000] "GET /api/v1/cart/getcartbooks HTTP/1.1" 304 - "http://localhost:3000/" "Mozilla/5.0 (Windows NT 10.0; Win64; x64) AppleWebKit/537.36 (KHTML, like Gecko) Chrome/98.0.4758.102 Safari/537.36"

info: ::1 - - [20/Feb/2022:09:04:42 +0000] "GET /api/v1/book/getbook HTTP/1.1" 304 - "http://localhost:3000/" "Mozilla/5.0 (Windows NT 10.0; Win64; x64) AppleWebKit/537.36 (KHTML, like Gecko) Chrome/98.0.4758.102 Safari/537.36"

info: ::1 - - [20/Feb/2022:09:04:42 +0000] "GET /api/v1/cart/getcartbooks HTTP/1.1" 304 - "http://localhost:3000/" "Mozilla/5.0 (Windows NT 10.0; Win64; x64) AppleWebKit/537.36 (KHTML, like Gecko) Chrome/98.0.4758.102 Safari/537.36"

info: ::1 - - [20/Feb/2022:09:05:40 +0000] "GET /api/v1/cart/getcartbooks HTTP/1.1" 304 - "http://localhost:3000/" "Mozilla/5.0 (Windows NT 10.0; Win64; x64) AppleWebKit/537.36 (KHTML, like Gecko) Chrome/98.0.4758.102 Safari/537.36"

info: ::1 - - [20/Feb/2022:09:05:40 +0000] "GET /api/v1/book/getbook HTTP/1.1" 304 - "http://localhost:3000/" "Mozilla/5.0 (Windows NT 10.0; Win64; x64) AppleWebKit/537.36 (KHTML, like Gecko) Chrome/98.0.4758.102 Safari/537.36"

info: ::1 - - [20/Feb/2022:09:05:47 +0000] "GET /api/v1/book/getbook HTTP/1.1" 304 - "http://localhost:3000/" "Mozilla/5.0 (Windows NT 10.0; Win64; x64) AppleWebKit/537.36 (KHTML, like Gecko) Chrome/98.0.4758.102 Safari/537.36"

info: ::1 - - [20/Feb/2022:09:05:47 +0000] "GET /api/v1/cart/getcartbooks HTTP/1.1" 304 - "http://localhost:3000/" "Mozilla/5.0 (Windows NT 10.0; Win64; x64) AppleWebKit/537.36 (KHTML, like Gecko) Chrome/98.0.4758.102 Safari/537.36"

info: ::1 - - [20/Feb/2022:09:05:51 +0000] "GET /api/v1/book/getbook HTTP/1.1" 304 - "http://localhost:3000/" "Mozilla/5.0 (Windows NT 10.0; Win64; x64) AppleWebKit/537.36 (KHTML, like Gecko) Chrome/98.0.4758.102 Safari/537.36"

info: ::1 - - [20/Feb/2022:09:05:51 +0000] "GET /api/v1/cart/getcartbooks HTTP/1.1" 304 - "http://localhost:3000/" "Mozilla/5.0 (Windows NT 10.0; Win64; x64) AppleWebKit/537.36 (KHTML, like Gecko) Chrome/98.0.4758.102 Safari/537.36"

info: ::1 - - [20/Feb/2022:09:05:55 +0000] "GET /api/v1/cart/getcartbooks HTTP/1.1" 304 - "http://localhost:3000/" "Mozilla/5.0 (Windows NT 10.0; Win64; x64) AppleWebKit/537.36 (KHTML, like Gecko) Chrome/98.0.4758.102 Safari/537.36"

info: ::1 - - [20/Feb/2022:09:05:55 +0000] "GET /api/v1/book/getbook HTTP/1.1" 304 - "http://localhost:3000/" "Mozilla/5.0 (Windows NT 10.0; Win64; x64) AppleWebKit/537.36 (KHTML, like Gecko) Chrome/98.0.4758.102 Safari/537.36"

info: ::1 - - [20/Feb/2022:09:06:00 +0000] "GET /api/v1/cart/getcartbooks HTTP/1.1" 304 - "http://localhost:3000/" "Mozilla/5.0 (Windows NT 10.0; Win64; x64) AppleWebKit/537.36 (KHTML, like Gecko) Chrome/98.0.4758.102 Safari/537.36"

info: ::1 - - [20/Feb/2022:09:06:00 +0000] "GET /api/v1/book/getbook HTTP/1.1" 304 - "http://localhost:3000/" "Mozilla/5.0 (Windows NT 10.0; Win64; x64) AppleWebKit/537.36 (KHTML, like Gecko) Chrome/98.0.4758.102 Safari/537.36"

info: ::1 - - [20/Feb/2022:09:06:03 +0000] "GET /api/v1/cart/getcartbooks HTTP/1.1" 304 - "http://localhost:3000/" "Mozilla/5.0 (Windows NT 10.0; Win64; x64) AppleWebKit/537.36 (KHTML, like Gecko) Chrome/98.0.4758.102 Safari/537.36"

info: ::1 - - [20/Feb/2022:09:06:03 +0000] "GET /api/v1/book/getbook HTTP/1.1" 304 - "http://localhost:3000/" "Mozilla/5.0 (Windows NT 10.0; Win64; x64) AppleWebKit/537.36 (KHTML, like Gecko) Chrome/98.0.4758.102 Safari/537.36"

info: ::1 - - [20/Feb/2022:09:06:09 +0000] "GET /api/v1/book/getbook HTTP/1.1" 304 - "http://localhost:3000/" "Mozilla/5.0 (Windows NT 10.0; Win64; x64) AppleWebKit/537.36 (KHTML, like Gecko) Chrome/98.0.4758.102 Safari/537.36"

info: ::1 - - [20/Feb/2022:09:06:09 +0000] "GET /api/v1/cart/getcartbooks HTTP/1.1" 304 - "http://localhost:3000/" "Mozilla/5.0 (Windows NT 10.0; Win64; x64) AppleWebKit/537.36 (KHTML, like Gecko) Chrome/98.0.4758.102 Safari/537.36"

info: ::1 - - [20/Feb/2022:09:07:02 +0000] "GET /api/v1/book/getbook HTTP/1.1" 304 - "http://localhost:3000/" "Mozilla/5.0 (Windows NT 10.0; Win64; x64) AppleWebKit/537.36 (KHTML, like Gecko) Chrome/98.0.4758.102 Safari/537.36"

info: ::1 - - [20/Feb/2022:09:07:02 +0000] "GET /api/v1/cart/getcartbooks HTTP/1.1" 304 - "http://localhost:3000/" "Mozilla/5.0 (Windows NT 10.0; Win64; x64) AppleWebKit/537.36 (KHTML, like Gecko) Chrome/98.0.4758.102 Safari/537.36"

info: ::1 - - [20/Feb/2022:09:07:06 +0000] "GET /api/v1/cart/getcartbooks HTTP/1.1" 304 - "http://localhost:3000/" "Mozilla/5.0 (Windows NT 10.0; Win64; x64) AppleWebKit/537.36 (KHTML, like Gecko) Chrome/98.0.4758.102 Safari/537.36"

info: ::1 - - [20/Feb/2022:09:07:06 +0000] "GET /api/v1/book/getbook HTTP/1.1" 304 - "http://localhost:3000/" "Mozilla/5.0 (Windows NT 10.0; Win64; x64) AppleWebKit/537.36 (KHTML, like Gecko) Chrome/98.0.4758.102 Safari/537.36"

info: ::1 - - [20/Feb/2022:09:07:07 +0000] "GET /api/v1/cart/getcartbooks HTTP/1.1" 304 - "http://localhost:3000/" "Mozilla/5.0 (Windows NT 10.0; Win64; x64) AppleWebKit/537.36 (KHTML, like Gecko) Chrome/98.0.4758.102 Safari/537.36"

info: ::1 - - [20/Feb/2022:09:07:07 +0000] "GET /api/v1/book/getbook HTTP/1.1" 304 - "http://localhost:3000/" "Mozilla/5.0 (Windows NT 10.0; Win64; x64) AppleWebKit/537.36 (KHTML, like Gecko) Chrome/98.0.4758.102 Safari/537.36"

info: ::1 - - [20/Feb/2022:09:08:10 +0000] "GET /api/v1/book/getbook HTTP/1.1" 304 - "http://localhost:3000/" "Mozilla/5.0 (Windows NT 10.0; Win64; x64) AppleWebKit/537.36 (KHTML, like Gecko) Chrome/98.0.4758.102 Safari/537.36"

info: ::1 - - [20/Feb/2022:09:08:23 +0000] "GET /api/v1/cart/getcartbooks HTTP/1.1" 304 - "http://localhost:3000/" "Mozilla/5.0 (Windows NT 10.0; Win64; x64) AppleWebKit/537.36 (KHTML, like Gecko) Chrome/98.0.4758.102 Safari/537.36"

info: ::1 - - [20/Feb/2022:09:08:23 +0000] "GET /api/v1/book/getbook HTTP/1.1" 304 - "http://localhost:3000/" "Mozilla/5.0 (Windows NT 10.0; Win64; x64) AppleWebKit/537.36 (KHTML, like Gecko) Chrome/98.0.4758.102 Safari/537.36"

info: ::1 - - [20/Feb/2022:09:08:23 +0000] "GET /api/v1/cart/getcartbooks HTTP/1.1" 304 - "http://localhost:3000/" "Mozilla/5.0 (Windows NT 10.0; Win64; x64) AppleWebKit/537.36 (KHTML, like Gecko) Chrome/98.0.4758.102 Safari/537.36"

info: ::1 - - [20/Feb/2022:09:08:23 +0000] "GET /api/v1/book/getbook HTTP/1.1" 304 - "http://localhost:3000/" "Mozilla/5.0 (Windows NT 10.0; Win64; x64) AppleWebKit/537.36 (KHTML, like Gecko) Chrome/98.0.4758.102 Safari/537.36"

info: ::1 - - [20/Feb/2022:09:13:13 +0000] "GET /api/v1/book/getbook HTTP/1.1" 304 - "http://localhost:3000/" "Mozilla/5.0 (Windows NT 10.0; Win64; x64) AppleWebKit/537.36 (KHTML, like Gecko) Chrome/98.0.4758.102 Safari/537.36"

info: ::1 - - [20/Feb/2022:09:13:25 +0000] "GET /api/v1/book/getbook HTTP/1.1" 304 - "http://localhost:3000/" "Mozilla/5.0 (Windows NT 10.0; Win64; x64) AppleWebKit/537.36 (KHTML, like Gecko) Chrome/98.0.4758.102 Safari/537.36"

info: ::1 - - [20/Feb/2022:09:13:25 +0000] "GET /api/v1/cart/getcartbooks HTTP/1.1" 304 - "http://localhost:3000/" "Mozilla/5.0 (Windows NT 10.0; Win64; x64) AppleWebKit/537.36 (KHTML, like Gecko) Chrome/98.0.4758.102 Safari/537.36"

info: ::1 - - [20/Feb/2022:09:13:41 +0000] "GET /api/v1/book/getbook HTTP/1.1" 304 - "http://localhost:3000/" "Mozilla/5.0 (Windows NT 10.0; Win64; x64) AppleWebKit/537.36 (KHTML, like Gecko) Chrome/98.0.4758.102 Safari/537.36"

info: ::1 - - [20/Feb/2022:09:13:41 +0000] "GET /api/v1/cart/getcartbooks HTTP/1.1" 304 - "http://localhost:3000/" "Mozilla/5.0 (Windows NT 10.0; Win64; x64) AppleWebKit/537.36 (KHTML, like Gecko) Chrome/98.0.4758.102 Safari/537.36"

info: ::1 - - [20/Feb/2022:09:14:31 +0000] "GET /api/v1/book/getbook HTTP/1.1" 304 - "http://localhost:3000/" "Mozilla/5.0 (Windows NT 10.0; Win64; x64) AppleWebKit/537.36 (KHTML, like Gecko) Chrome/98.0.4758.102 Safari/537.36"

info: ::1 - - [20/Feb/2022:09:14:31 +0000] "GET /api/v1/cart/getcartbooks HTTP/1.1" 304 - "http://localhost:3000/" "Mozilla/5.0 (Windows NT 10.0; Win64; x64) AppleWebKit/537.36 (KHTML, like Gecko) Chrome/98.0.4758.102 Safari/537.36"

info: ::1 - - [20/Feb/2022:09:14:53 +0000] "GET /api/v1/book/getbook HTTP/1.1" 304 - "http://localhost:3000/" "Mozilla/5.0 (Windows NT 10.0; Win64; x64) AppleWebKit/537.36 (KHTML, like Gecko) Chrome/98.0.4758.102 Safari/537.36"

info: ::1 - - [20/Feb/2022:09:14:53 +0000] "GET /api/v1/cart/getcartbooks HTTP/1.1" 304 - "http://localhost:3000/" "Mozilla/5.0 (Windows NT 10.0; Win64; x64) AppleWebKit/537.36 (KHTML, like Gecko) Chrome/98.0.4758.102 Safari/537.36"

info: ::1 - - [20/Feb/2022:09:15:28 +0000] "GET /api/v1/book/getbook HTTP/1.1" 304 - "http://localhost:3000/" "Mozilla/5.0 (Windows NT 10.0; Win64; x64) AppleWebKit/537.36 (KHTML, like Gecko) Chrome/98.0.4758.102 Safari/537.36"

info: ::1 - - [20/Feb/2022:09:15:28 +0000] "GET /api/v1/cart/getcartbooks HTTP/1.1" 304 - "http://localhost:3000/" "Mozilla/5.0 (Windows NT 10.0; Win64; x64) AppleWebKit/537.36 (KHTML, like Gecko) Chrome/98.0.4758.102 Safari/537.36"

info: ::1 - - [20/Feb/2022:09:16:15 +0000] "GET /api/v1/book/getbook HTTP/1.1" 304 - "http://localhost:3000/" "Mozilla/5.0 (Windows NT 10.0; Win64; x64) AppleWebKit/537.36 (KHTML, like Gecko) Chrome/98.0.4758.102 Safari/537.36"

info: ::1 - - [20/Feb/2022:09:16:15 +0000] "GET /api/v1/cart/getcartbooks HTTP/1.1" 304 - "http://localhost:3000/" "Mozilla/5.0 (Windows NT 10.0; Win64; x64) AppleWebKit/537.36 (KHTML, like Gecko) Chrome/98.0.4758.102 Safari/537.36"

info: ::1 - - [20/Feb/2022:09:16:21 +0000] "GET /api/v1/book/getbook HTTP/1.1" 304 - "http://localhost:3000/" "Mozilla/5.0 (Windows NT 10.0; Win64; x64) AppleWebKit/537.36 (KHTML, like Gecko) Chrome/98.0.4758.102 Safari/537.36"

info: ::1 - - [20/Feb/2022:09:16:21 +0000] "GET /api/v1/cart/getcartbooks HTTP/1.1" 304 - "http://localhost:3000/" "Mozilla/5.0 (Windows NT 10.0; Win64; x64) AppleWebKit/537.36 (KHTML, like Gecko) Chrome/98.0.4758.102 Safari/537.36"

info: ::1 - - [20/Feb/2022:09:17:27 +0000] "GET /api/v1/book/getbook HTTP/1.1" 304 - "http://localhost:3000/" "Mozilla/5.0 (Windows NT 10.0; Win64; x64) AppleWebKit/537.36 (KHTML, like Gecko) Chrome/98.0.4758.102 Safari/537.36"

info: ::1 - - [20/Feb/2022:09:17:27 +0000] "GET /api/v1/cart/getcartbooks HTTP/1.1" 304 - "http://localhost:3000/" "Mozilla/5.0 (Windows NT 10.0; Win64; x64) AppleWebKit/537.36 (KHTML, like Gecko) Chrome/98.0.4758.102 Safari/537.36"

info: ::1 - - [20/Feb/2022:09:17:30 +0000] "GET /api/v1/book/getbook HTTP/1.1" 304 - "http://localhost:3000/" "Mozilla/5.0 (Windows NT 10.0; Win64; x64) AppleWebKit/537.36 (KHTML, like Gecko) Chrome/98.0.4758.102 Safari/537.36"

info: ::1 - - [20/Feb/2022:09:17:30 +0000] "GET /api/v1/cart/getcartbooks HTTP/1.1" 304 - "http://localhost:3000/" "Mozilla/5.0 (Windows NT 10.0; Win64; x64) AppleWebKit/537.36 (KHTML, like Gecko) Chrome/98.0.4758.102 Safari/537.36"

info: ::1 - - [20/Feb/2022:09:17:32 +0000] "GET /api/v1/book/getbook HTTP/1.1" 304 - "http://localhost:3000/" "Mozilla/5.0 (Windows NT 10.0; Win64; x64) AppleWebKit/537.36 (KHTML, like Gecko) Chrome/98.0.4758.102 Safari/537.36"

info: ::1 - - [20/Feb/2022:09:17:32 +0000] "GET /api/v1/cart/getcartbooks HTTP/1.1" 304 - "http://localhost:3000/" "Mozilla/5.0 (Windows NT 10.0; Win64; x64) AppleWebKit/537.36 (KHTML, like Gecko) Chrome/98.0.4758.102 Safari/537.36"

info: ::1 - - [20/Feb/2022:09:17:40 +0000] "GET /api/v1/book/getbook HTTP/1.1" 304 - "http://localhost:3000/" "Mozilla/5.0 (Windows NT 10.0; Win64; x64) AppleWebKit/537.36 (KHTML, like Gecko) Chrome/98.0.4758.102 Safari/537.36"

info: ::1 - - [20/Feb/2022:09:17:40 +0000] "GET /api/v1/cart/getcartbooks HTTP/1.1" 304 - "http://localhost:3000/" "Mozilla/5.0 (Windows NT 10.0; Win64; x64) AppleWebKit/537.36 (KHTML, like Gecko) Chrome/98.0.4758.102 Safari/537.36"

info: ::1 - - [20/Feb/2022:10:25:56 +0000] "GET /api/v1/book/getbook HTTP/1.1" 304 - "http://localhost:3000/" "Mozilla/5.0 (Windows NT 10.0; Win64; x64) AppleWebKit/537.36 (KHTML, like Gecko) Chrome/98.0.4758.102 Safari/537.36"

info: ::1 - - [20/Feb/2022:10:25:56 +0000] "GET /api/v1/cart/getcartbooks HTTP/1.1" 304 - "http://localhost:3000/" "Mozilla/5.0 (Windows NT 10.0; Win64; x64) AppleWebKit/537.36 (KHTML, like Gecko) Chrome/98.0.4758.102 Safari/537.36"

info: ::ffff:127.0.0.1 - - [20/Feb/2022:15:39:07 +0000] "POST /api/v1/wishlist/wishlist/61fb5932ff3240435ceb506c HTTP/1.1" 500 46 "-" "Thunder Client (https://www.thunderclient.com)"

info: ::ffff:127.0.0.1 - - [20/Feb/2022:15:39:20 +0000] "POST /api/v1/user/signup HTTP/1.1" 201 322 "-" "Thunder Client (https://www.thunderclient.com)"

info: ::ffff:127.0.0.1 - - [20/Feb/2022:15:39:53 +0000] "POST /api/v1/user/signin HTTP/1.1" 200 267 "-" "Thunder Client (https://www.thunderclient.com)"

info: ::ffff:127.0.0.1 - - [20/Feb/2022:15:40:01 +0000] "POST /api/v1/wishlist/wishlist/61fb5932ff3240435ceb506c HTTP/1.1" 500 46 "-" "Thunder Client (https://www.thunderclient.com)"

info: ::ffff:127.0.0.1 - - [20/Feb/2022:15:40:39 +0000] "POST /api/v1/wishlist/wishlist/61fb5932ff3240435ceb506c HTTP/1.1" 201 230 "-" "Thunder Client (https://www.thunderclient.com)"

info: ::ffff:127.0.0.1 - - [20/Feb/2022:15:41:04 +0000] "GET /api/v1/wishlist/wishlist HTTP/1.1" 200 233 "-" "Thunder Client (https://www.thunderclient.com)"

info: ::ffff:127.0.0.1 - - [20/Feb/2022:15:44:45 +0000] "PUT /api/v1/wishlist/wishlist/621260f7077fd92a84380feb HTTP/1.1" 404 47 "-" "Thunder Client (https://www.thunderclient.com)"

info: ::ffff:127.0.0.1 - - [20/Feb/2022:15:45:01 +0000] "PUT /api/v1/wishlist/remove/621260f7077fd92a84380feb HTTP/1.1" 200 80 "-" "Thunder Client (https://www.thunderclient.com)"

info: ::ffff:127.0.0.1 - - [20/Feb/2022:15:45:39 +0000] "POST /api/v1/wishlist/wishlist/61fb5932ff3240435ceb506c HTTP/1.1" 200 296 "-" "Thunder Client (https://www.thunderclient.com)"

info: ::ffff:127.0.0.1 - - [20/Feb/2022:15:45:59 +0000] "GET /api/v1/wishlist/wishlist HTTP/1.1" 200 304 "-" "Thunder Client (https://www.thunderclient.com)"

info: ::ffff:127.0.0.1 - - [20/Feb/2022:15:49:07 +0000] "POST /api/v1/wishlist/wishlist/620cc6737e32d73fcc96f48d HTTP/1.1" 200 367 "-" "Thunder Client (https://www.thunderclient.com)"

info: ::ffff:127.0.0.1 - - [20/Feb/2022:15:49:40 +0000] "GET /api/v1/wishlist/wishlist HTTP/1.1" 200 375 "-" "Thunder Client (https://www.thunderclient.com)"

info: ::ffff:127.0.0.1 - - [20/Feb/2022:15:50:01 +0000] "PUT /api/v1/wishlist/remove/620cc6737e32d73fcc96f48d HTTP/1.1" 200 80 "-" "Thunder Client (https://www.thunderclient.com)"

info: ::ffff:127.0.0.1 - - [20/Feb/2022:15:50:30 +0000] "PUT /api/v1/wishlist/remove/620cc6737e32d73fcc96f48d HTTP/1.1" 200 80 "-" "Thunder Client (https://www.thunderclient.com)"

info: ::ffff:127.0.0.1 - - [20/Feb/2022:15:50:49 +0000] "PUT /api/v1/wishlist/remove/621262f3077fd92a84380ff6 HTTP/1.1" 200 80 "-" "Thunder Client (https://www.thunderclient.com)"

info: ::ffff:127.0.0.1 - - [20/Feb/2022:15:52:39 +0000] "PUT /api/v1/wishlist/remove/621262f3077fd92a84380ff6 HTTP/1.1" 200 80 "-" "Thunder Client (https://www.thunderclient.com)"

info: ::ffff:127.0.0.1 - - [20/Feb/2022:15:55:17 +0000] "PUT /api/v1/wishlist/remove/621262f3077fd92a84380ff6 HTTP/1.1" 200 80 "-" "Thunder Client (https://www.thunderclient.com)"

info: ::ffff:127.0.0.1 - - [20/Feb/2022:15:56:08 +0000] "PUT /api/v1/wishlist/remove/621262f3077fd92a84380ff6 HTTP/1.1" 200 80 "-" "Thunder Client (https://www.thunderclient.com)"

info: ::ffff:127.0.0.1 - - [20/Feb/2022:15:57:41 +0000] "PUT /api/v1/wishlist/remove/621262f3077fd92a84380ff6 HTTP/1.1" 200 80 "-" "Thunder Client (https://www.thunderclient.com)"

info: ::ffff:127.0.0.1 - - [20/Feb/2022:16:02:51 +0000] "PUT /api/v1/wishlist/remove/621262f3077fd92a84380ff6 HTTP/1.1" 200 80 "-" "Thunder Client (https://www.thunderclient.com)"

info: ::ffff:127.0.0.1 - - [20/Feb/2022:16:03:44 +0000] "PUT /api/v1/wishlist/remove/621262f3077fd92a84380ff6 HTTP/1.1" 200 80 "-" "Thunder Client (https://www.thunderclient.com)"

info: ::ffff:127.0.0.1 - - [20/Feb/2022:16:04:24 +0000] "DELETE /api/v1/wishlist/remove/621262f3077fd92a84380ff6 HTTP/1.1" 404 47 "-" "Thunder Client (https://www.thunderclient.com)"

info: ::ffff:127.0.0.1 - - [20/Feb/2022:16:04:58 +0000] "DELETE /api/v1/wishlist/remove/621262f3077fd92a84380ff6 HTTP/1.1" 404 47 "-" "Thunder Client (https://www.thunderclient.com)"

info: ::ffff:127.0.0.1 - - [20/Feb/2022:16:05:38 +0000] "DELETE /api/v1/wishlist/remove/621262f3077fd92a84380ff6 HTTP/1.1" 404 47 "-" "Thunder Client (https://www.thunderclient.com)"

info: ::ffff:127.0.0.1 - - [20/Feb/2022:16:05:57 +0000] "PUT /api/v1/wishlist/remove/621262f3077fd92a84380ff6 HTTP/1.1" 500 85 "-" "Thunder Client (https://www.thunderclient.com)"

info: ::ffff:127.0.0.1 - - [20/Feb/2022:16:06:56 +0000] "PUT /api/v1/wishlist/remove/621262f3077fd92a84380ff6 HTTP/1.1" 500 85 "-" "Thunder Client (https://www.thunderclient.com)"

info: ::ffff:127.0.0.1 - - [20/Feb/2022:16:36:19 +0000] "DELETE /api/v1/wishlist/remove/621262f3077fd92a84380ff6 HTTP/1.1" 404 47 "-" "Thunder Client (https://www.thunderclient.com)"

info: ::ffff:127.0.0.1 - - [20/Feb/2022:16:37:16 +0000] "PUT /api/v1/wishlist/remove/621262f3077fd92a84380ff6 HTTP/1.1" 500 85 "-" "Thunder Client (https://www.thunderclient.com)"

info: ::ffff:127.0.0.1 - - [20/Feb/2022:16:38:14 +0000] "PUT /api/v1/wishlist/remove/621262f3077fd92a84380ff6 HTTP/1.1" 500 85 "-" "Thunder Client (https://www.thunderclient.com)"

info: ::ffff:127.0.0.1 - - [20/Feb/2022:16:45:06 +0000] "POST /api/v1/order/order HTTP/1.1" 201 267 "-" "Thunder Client (https://www.thunderclient.com)"

info: ::ffff:127.0.0.1 - - [20/Feb/2022:16:45:32 +0000] "POST /api/v1/address/address HTTP/1.1" 404 47 "-" "Thunder Client (https://www.thunderclient.com)"

info: ::ffff:127.0.0.1 - - [20/Feb/2022:16:46:03 +0000] "POST /api/v1/address/address HTTP/1.1" 404 47 "-" "Thunder Client (https://www.thunderclient.com)"

info: ::ffff:127.0.0.1 - - [20/Feb/2022:16:46:06 +0000] "POST /api/v1/address/address HTTP/1.1" 404 47 "-" "Thunder Client (https://www.thunderclient.com)"

info: ::ffff:127.0.0.1 - - [20/Feb/2022:16:46:19 +0000] "POST /api/v1/address/address HTTP/1.1" 404 47 "-" "Thunder Client (https://www.thunderclient.com)"

info: ::ffff:127.0.0.1 - - [20/Feb/2022:16:47:17 +0000] "POST /api/v1/address/address HTTP/1.1" 404 47 "-" "Thunder Client (https://www.thunderclient.com)"

info: ::ffff:127.0.0.1 - - [20/Feb/2022:16:48:02 +0000] "POST /api/v1/address/address HTTP/1.1" 404 47 "-" "Thunder Client (https://www.thunderclient.com)"

info: ::ffff:127.0.0.1 - - [20/Feb/2022:16:48:34 +0000] "POST /api/v1/address/address HTTP/1.1" 404 47 "-" "Thunder Client (https://www.thunderclient.com)"

info: ::ffff:127.0.0.1 - - [20/Feb/2022:16:49:21 +0000] "POST /api/v1/user/signin HTTP/1.1" 200 267 "-" "Thunder Client (https://www.thunderclient.com)"

info: ::ffff:127.0.0.1 - - [20/Feb/2022:16:49:51 +0000] "POST /api/v1/address/address HTTP/1.1" 404 47 "-" "Thunder Client (https://www.thunderclient.com)"

info: ::ffff:127.0.0.1 - - [20/Feb/2022:16:50:53 +0000] "POST /api/v1/customer/address HTTP/1.1" 201 275 "-" "Thunder Client (https://www.thunderclient.com)"

info: ::1 - - [20/Feb/2022:17:02:00 +0000] "POST /api/v1/user/signin HTTP/1.1" 200 267 "http://localhost:3000/" "Mozilla/5.0 (Windows NT 10.0; Win64; x64) AppleWebKit/537.36 (KHTML, like Gecko) Chrome/98.0.4758.102 Safari/537.36"

info: ::1 - - [20/Feb/2022:17:02:00 +0000] "GET /api/v1/book/getbook HTTP/1.1" 304 - "http://localhost:3000/" "Mozilla/5.0 (Windows NT 10.0; Win64; x64) AppleWebKit/537.36 (KHTML, like Gecko) Chrome/98.0.4758.102 Safari/537.36"

info: ::1 - - [20/Feb/2022:17:02:01 +0000] "GET /api/v1/cart/getcartbooks HTTP/1.1" 304 - "http://localhost:3000/" "Mozilla/5.0 (Windows NT 10.0; Win64; x64) AppleWebKit/537.36 (KHTML, like Gecko) Chrome/98.0.4758.102 Safari/537.36"

info: ::1 - - [20/Feb/2022:17:04:07 +0000] "GET /api/v1/cart/getcartbooks HTTP/1.1" 304 - "http://localhost:3000/" "Mozilla/5.0 (Windows NT 10.0; Win64; x64) AppleWebKit/537.36 (KHTML, like Gecko) Chrome/98.0.4758.102 Safari/537.36"

info: ::1 - - [20/Feb/2022:17:04:07 +0000] "GET /api/v1/book/getbook HTTP/1.1" 304 - "http://localhost:3000/" "Mozilla/5.0 (Windows NT 10.0; Win64; x64) AppleWebKit/537.36 (KHTML, like Gecko) Chrome/98.0.4758.102 Safari/537.36"

info: ::1 - - [20/Feb/2022:17:04:15 +0000] "GET /api/v1/book/getbook HTTP/1.1" 304 - "http://localhost:3000/" "Mozilla/5.0 (Windows NT 10.0; Win64; x64) AppleWebKit/537.36 (KHTML, like Gecko) Chrome/98.0.4758.102 Safari/537.36"

info: ::1 - - [20/Feb/2022:17:04:15 +0000] "GET /api/v1/cart/getcartbooks HTTP/1.1" 304 - "http://localhost:3000/" "Mozilla/5.0 (Windows NT 10.0; Win64; x64) AppleWebKit/537.36 (KHTML, like Gecko) Chrome/98.0.4758.102 Safari/537.36"

info: ::1 - - [20/Feb/2022:17:04:36 +0000] "GET /api/v1/book/getbook HTTP/1.1" 304 - "http://localhost:3000/" "Mozilla/5.0 (Windows NT 10.0; Win64; x64) AppleWebKit/537.36 (KHTML, like Gecko) Chrome/98.0.4758.102 Safari/537.36"

info: ::1 - - [20/Feb/2022:17:04:36 +0000] "GET /api/v1/cart/getcartbooks HTTP/1.1" 304 - "http://localhost:3000/" "Mozilla/5.0 (Windows NT 10.0; Win64; x64) AppleWebKit/537.36 (KHTML, like Gecko) Chrome/98.0.4758.102 Safari/537.36"

info: ::1 - - [20/Feb/2022:17:04:42 +0000] "GET /api/v1/book/getbook HTTP/1.1" 304 - "http://localhost:3000/" "Mozilla/5.0 (Windows NT 10.0; Win64; x64) AppleWebKit/537.36 (KHTML, like Gecko) Chrome/98.0.4758.102 Safari/537.36"

info: ::1 - - [20/Feb/2022:17:04:42 +0000] "GET /api/v1/cart/getcartbooks HTTP/1.1" 304 - "http://localhost:3000/" "Mozilla/5.0 (Windows NT 10.0; Win64; x64) AppleWebKit/537.36 (KHTML, like Gecko) Chrome/98.0.4758.102 Safari/537.36"

info: ::1 - - [20/Feb/2022:17:04:51 +0000] "GET /api/v1/book/getbook HTTP/1.1" 304 - "http://localhost:3000/" "Mozilla/5.0 (Windows NT 10.0; Win64; x64) AppleWebKit/537.36 (KHTML, like Gecko) Chrome/98.0.4758.102 Safari/537.36"

info: ::1 - - [20/Feb/2022:17:04:51 +0000] "GET /api/v1/cart/getcartbooks HTTP/1.1" 304 - "http://localhost:3000/" "Mozilla/5.0 (Windows NT 10.0; Win64; x64) AppleWebKit/537.36 (KHTML, like Gecko) Chrome/98.0.4758.102 Safari/537.36"

info: ::1 - - [20/Feb/2022:17:05:08 +0000] "GET /api/v1/cart/getcartbooks HTTP/1.1" 304 - "http://localhost:3000/" "Mozilla/5.0 (Windows NT 10.0; Win64; x64) AppleWebKit/537.36 (KHTML, like Gecko) Chrome/98.0.4758.102 Safari/537.36"

info: ::1 - - [20/Feb/2022:17:05:08 +0000] "GET /api/v1/book/getbook HTTP/1.1" 304 - "http://localhost:3000/" "Mozilla/5.0 (Windows NT 10.0; Win64; x64) AppleWebKit/537.36 (KHTML, like Gecko) Chrome/98.0.4758.102 Safari/537.36"

info: ::1 - - [20/Feb/2022:17:05:26 +0000] "GET /api/v1/book/getbook HTTP/1.1" 304 - "http://localhost:3000/" "Mozilla/5.0 (Windows NT 10.0; Win64; x64) AppleWebKit/537.36 (KHTML, like Gecko) Chrome/98.0.4758.102 Safari/537.36"

info: ::1 - - [20/Feb/2022:17:05:26 +0000] "GET /api/v1/cart/getcartbooks HTTP/1.1" 304 - "http://localhost:3000/" "Mozilla/5.0 (Windows NT 10.0; Win64; x64) AppleWebKit/537.36 (KHTML, like Gecko) Chrome/98.0.4758.102 Safari/537.36"

info: ::1 - - [20/Feb/2022:17:05:59 +0000] "GET /api/v1/book/getbook HTTP/1.1" 304 - "http://localhost:3000/" "Mozilla/5.0 (Windows NT 10.0; Win64; x64) AppleWebKit/537.36 (KHTML, like Gecko) Chrome/98.0.4758.102 Safari/537.36"

info: ::1 - - [20/Feb/2022:17:05:59 +0000] "GET /api/v1/cart/getcartbooks HTTP/1.1" 304 - "http://localhost:3000/" "Mozilla/5.0 (Windows NT 10.0; Win64; x64) AppleWebKit/537.36 (KHTML, like Gecko) Chrome/98.0.4758.102 Safari/537.36"

info: ::1 - - [20/Feb/2022:17:06:15 +0000] "GET /api/v1/book/getbook HTTP/1.1" 304 - "http://localhost:3000/" "Mozilla/5.0 (Windows NT 10.0; Win64; x64) AppleWebKit/537.36 (KHTML, like Gecko) Chrome/98.0.4758.102 Safari/537.36"

info: ::1 - - [20/Feb/2022:17:06:15 +0000] "GET /api/v1/cart/getcartbooks HTTP/1.1" 304 - "http://localhost:3000/" "Mozilla/5.0 (Windows NT 10.0; Win64; x64) AppleWebKit/537.36 (KHTML, like Gecko) Chrome/98.0.4758.102 Safari/537.36"

info: ::1 - - [20/Feb/2022:17:06:33 +0000] "GET /api/v1/cart/getcartbooks HTTP/1.1" 304 - "http://localhost:3000/" "Mozilla/5.0 (Windows NT 10.0; Win64; x64) AppleWebKit/537.36 (KHTML, like Gecko) Chrome/98.0.4758.102 Safari/537.36"

info: ::1 - - [20/Feb/2022:17:06:33 +0000] "GET /api/v1/book/getbook HTTP/1.1" 304 - "http://localhost:3000/" "Mozilla/5.0 (Windows NT 10.0; Win64; x64) AppleWebKit/537.36 (KHTML, like Gecko) Chrome/98.0.4758.102 Safari/537.36"

info: ::1 - - [20/Feb/2022:17:14:24 +0000] "GET /api/v1/book/getbook HTTP/1.1" 304 - "http://localhost:3000/" "Mozilla/5.0 (Windows NT 10.0; Win64; x64) AppleWebKit/537.36 (KHTML, like Gecko) Chrome/98.0.4758.102 Safari/537.36"

info: ::1 - - [20/Feb/2022:17:14:24 +0000] "GET /api/v1/cart/getcartbooks HTTP/1.1" 304 - "http://localhost:3000/" "Mozilla/5.0 (Windows NT 10.0; Win64; x64) AppleWebKit/537.36 (KHTML, like Gecko) Chrome/98.0.4758.102 Safari/537.36"

