info: ::1 - - [24/Feb/2022:01:49:24 +0000] "POST /api/v1/user/signin HTTP/1.1" 200 267 "http://localhost:3000/" "Mozilla/5.0 (Windows NT 10.0; Win64; x64) AppleWebKit/537.36 (KHTML, like Gecko) Chrome/98.0.4758.102 Safari/537.36"

info: ::1 - - [24/Feb/2022:01:49:24 +0000] "GET /api/v1/book/getbook HTTP/1.1" 304 - "http://localhost:3000/" "Mozilla/5.0 (Windows NT 10.0; Win64; x64) AppleWebKit/537.36 (KHTML, like Gecko) Chrome/98.0.4758.102 Safari/537.36"

info: ::1 - - [24/Feb/2022:01:49:25 +0000] "GET /api/v1/cart/getcartbooks HTTP/1.1" 304 - "http://localhost:3000/" "Mozilla/5.0 (Windows NT 10.0; Win64; x64) AppleWebKit/537.36 (KHTML, like Gecko) Chrome/98.0.4758.102 Safari/537.36"

info: ::1 - - [24/Feb/2022:01:49:25 +0000] "GET /api/v1/wishlist/wishlist HTTP/1.1" 304 - "http://localhost:3000/" "Mozilla/5.0 (Windows NT 10.0; Win64; x64) AppleWebKit/537.36 (KHTML, like Gecko) Chrome/98.0.4758.102 Safari/537.36"

info: ::1 - - [24/Feb/2022:01:49:36 +0000] "GET /api/v1/cart/getcartbooks HTTP/1.1" 304 - "http://localhost:3000/" "Mozilla/5.0 (Windows NT 10.0; Win64; x64) AppleWebKit/537.36 (KHTML, like Gecko) Chrome/98.0.4758.102 Safari/537.36"

info: ::1 - - [24/Feb/2022:01:49:36 +0000] "GET /api/v1/cart/getcartbooks HTTP/1.1" 304 - "http://localhost:3000/" "Mozilla/5.0 (Windows NT 10.0; Win64; x64) AppleWebKit/537.36 (KHTML, like Gecko) Chrome/98.0.4758.102 Safari/537.36"

info: ::1 - - [24/Feb/2022:01:49:36 +0000] "GET /api/v1/wishlist/wishlist HTTP/1.1" 304 - "http://localhost:3000/" "Mozilla/5.0 (Windows NT 10.0; Win64; x64) AppleWebKit/537.36 (KHTML, like Gecko) Chrome/98.0.4758.102 Safari/537.36"

info: ::1 - - [24/Feb/2022:01:49:50 +0000] "POST /api/v1/customer/address HTTP/1.1" 500 62 "http://localhost:3000/" "Mozilla/5.0 (Windows NT 10.0; Win64; x64) AppleWebKit/537.36 (KHTML, like Gecko) Chrome/98.0.4758.102 Safari/537.36"

info: ::1 - - [24/Feb/2022:01:50:02 +0000] "GET /api/v1/cart/getcartbooks HTTP/1.1" 304 - "http://localhost:3000/" "Mozilla/5.0 (Windows NT 10.0; Win64; x64) AppleWebKit/537.36 (KHTML, like Gecko) Chrome/98.0.4758.102 Safari/537.36"

info: ::1 - - [24/Feb/2022:01:50:03 +0000] "GET /api/v1/wishlist/wishlist HTTP/1.1" 304 - "http://localhost:3000/" "Mozilla/5.0 (Windows NT 10.0; Win64; x64) AppleWebKit/537.36 (KHTML, like Gecko) Chrome/98.0.4758.102 Safari/537.36"

info: ::1 - - [24/Feb/2022:01:50:03 +0000] "GET /api/v1/wishlist/wishlist HTTP/1.1" 304 - "http://localhost:3000/" "Mozilla/5.0 (Windows NT 10.0; Win64; x64) AppleWebKit/537.36 (KHTML, like Gecko) Chrome/98.0.4758.102 Safari/537.36"

info: ::1 - - [24/Feb/2022:01:50:07 +0000] "GET /api/v1/book/getbook HTTP/1.1" 304 - "http://localhost:3000/" "Mozilla/5.0 (Windows NT 10.0; Win64; x64) AppleWebKit/537.36 (KHTML, like Gecko) Chrome/98.0.4758.102 Safari/537.36"

info: ::1 - - [24/Feb/2022:01:50:07 +0000] "GET /api/v1/cart/getcartbooks HTTP/1.1" 304 - "http://localhost:3000/" "Mozilla/5.0 (Windows NT 10.0; Win64; x64) AppleWebKit/537.36 (KHTML, like Gecko) Chrome/98.0.4758.102 Safari/537.36"

info: ::1 - - [24/Feb/2022:01:50:07 +0000] "GET /api/v1/wishlist/wishlist HTTP/1.1" 304 - "http://localhost:3000/" "Mozilla/5.0 (Windows NT 10.0; Win64; x64) AppleWebKit/537.36 (KHTML, like Gecko) Chrome/98.0.4758.102 Safari/537.36"

info: ::1 - - [24/Feb/2022:01:50:14 +0000] "POST /api/v1/cart/cart/62022818dfaccf0cb4ccc3d1 HTTP/1.1" 200 72 "http://localhost:3000/" "Mozilla/5.0 (Windows NT 10.0; Win64; x64) AppleWebKit/537.36 (KHTML, like Gecko) Chrome/98.0.4758.102 Safari/537.36"

info: ::1 - - [24/Feb/2022:01:50:14 +0000] "GET /api/v1/book/getbook HTTP/1.1" 304 - "http://localhost:3000/" "Mozilla/5.0 (Windows NT 10.0; Win64; x64) AppleWebKit/537.36 (KHTML, like Gecko) Chrome/98.0.4758.102 Safari/537.36"

info: ::1 - - [24/Feb/2022:01:50:14 +0000] "GET /api/v1/cart/getcartbooks HTTP/1.1" 200 624 "http://localhost:3000/" "Mozilla/5.0 (Windows NT 10.0; Win64; x64) AppleWebKit/537.36 (KHTML, like Gecko) Chrome/98.0.4758.102 Safari/537.36"

info: ::1 - - [24/Feb/2022:02:20:55 +0000] "GET /api/v1/cart/getcartbooks HTTP/1.1" 304 - "http://localhost:3000/" "Mozilla/5.0 (Windows NT 10.0; Win64; x64) AppleWebKit/537.36 (KHTML, like Gecko) Chrome/98.0.4758.102 Safari/537.36"

info: ::1 - - [24/Feb/2022:02:20:55 +0000] "GET /api/v1/wishlist/wishlist HTTP/1.1" 304 - "http://localhost:3000/" "Mozilla/5.0 (Windows NT 10.0; Win64; x64) AppleWebKit/537.36 (KHTML, like Gecko) Chrome/98.0.4758.102 Safari/537.36"

info: ::1 - - [24/Feb/2022:02:20:55 +0000] "GET /api/v1/cart/getcartbooks HTTP/1.1" 304 - "http://localhost:3000/" "Mozilla/5.0 (Windows NT 10.0; Win64; x64) AppleWebKit/537.36 (KHTML, like Gecko) Chrome/98.0.4758.102 Safari/537.36"

info: ::1 - - [24/Feb/2022:02:21:09 +0000] "POST /api/v1/customer/address HTTP/1.1" 500 62 "http://localhost:3000/" "Mozilla/5.0 (Windows NT 10.0; Win64; x64) AppleWebKit/537.36 (KHTML, like Gecko) Chrome/98.0.4758.102 Safari/537.36"

info: ::1 - - [24/Feb/2022:02:21:46 +0000] "GET /api/v1/book/getbook HTTP/1.1" 304 - "http://localhost:3000/" "Mozilla/5.0 (Windows NT 10.0; Win64; x64) AppleWebKit/537.36 (KHTML, like Gecko) Chrome/98.0.4758.102 Safari/537.36"

info: ::1 - - [24/Feb/2022:02:21:46 +0000] "GET /api/v1/cart/getcartbooks HTTP/1.1" 304 - "http://localhost:3000/" "Mozilla/5.0 (Windows NT 10.0; Win64; x64) AppleWebKit/537.36 (KHTML, like Gecko) Chrome/98.0.4758.102 Safari/537.36"

info: ::1 - - [24/Feb/2022:02:21:46 +0000] "GET /api/v1/wishlist/wishlist HTTP/1.1" 304 - "http://localhost:3000/" "Mozilla/5.0 (Windows NT 10.0; Win64; x64) AppleWebKit/537.36 (KHTML, like Gecko) Chrome/98.0.4758.102 Safari/537.36"

info: ::1 - - [24/Feb/2022:02:22:24 +0000] "GET /api/v1/cart/getcartbooks HTTP/1.1" 304 - "http://localhost:3000/" "Mozilla/5.0 (Windows NT 10.0; Win64; x64) AppleWebKit/537.36 (KHTML, like Gecko) Chrome/98.0.4758.102 Safari/537.36"

info: ::1 - - [24/Feb/2022:02:22:24 +0000] "GET /api/v1/wishlist/wishlist HTTP/1.1" 304 - "http://localhost:3000/" "Mozilla/5.0 (Windows NT 10.0; Win64; x64) AppleWebKit/537.36 (KHTML, like Gecko) Chrome/98.0.4758.102 Safari/537.36"

info: ::1 - - [24/Feb/2022:02:22:25 +0000] "GET /api/v1/wishlist/wishlist HTTP/1.1" 304 - "http://localhost:3000/" "Mozilla/5.0 (Windows NT 10.0; Win64; x64) AppleWebKit/537.36 (KHTML, like Gecko) Chrome/98.0.4758.102 Safari/537.36"

info: ::ffff:127.0.0.1 - - [24/Feb/2022:02:29:00 +0000] "POST /api/v1/wishlist/wishlist/6213c40059a7de43a88fb88a HTTP/1.1" 500 65 "-" "Thunder Client (https://www.thunderclient.com)"

info: ::ffff:127.0.0.1 - - [24/Feb/2022:02:31:26 +0000] "POST /api/v1/wishlist/wishlist/6213c40059a7de43a88fb88a HTTP/1.1" 201 279 "-" "Thunder Client (https://www.thunderclient.com)"

info: ::ffff:127.0.0.1 - - [24/Feb/2022:02:31:39 +0000] "GET /api/v1/wishlist/wishlist HTTP/1.1" 200 282 "-" "Thunder Client (https://www.thunderclient.com)"

info: ::1 - - [24/Feb/2022:02:31:49 +0000] "GET /api/v1/cart/getcartbooks HTTP/1.1" 304 - "http://localhost:3000/" "Mozilla/5.0 (Windows NT 10.0; Win64; x64) AppleWebKit/537.36 (KHTML, like Gecko) Chrome/98.0.4758.102 Safari/537.36"

info: ::1 - - [24/Feb/2022:02:31:50 +0000] "GET /api/v1/wishlist/wishlist HTTP/1.1" 200 282 "http://localhost:3000/" "Mozilla/5.0 (Windows NT 10.0; Win64; x64) AppleWebKit/537.36 (KHTML, like Gecko) Chrome/98.0.4758.102 Safari/537.36"

info: ::1 - - [24/Feb/2022:02:31:51 +0000] "GET /api/v1/wishlist/wishlist HTTP/1.1" 304 - "http://localhost:3000/" "Mozilla/5.0 (Windows NT 10.0; Win64; x64) AppleWebKit/537.36 (KHTML, like Gecko) Chrome/98.0.4758.102 Safari/537.36"

info: ::1 - - [24/Feb/2022:02:37:24 +0000] "GET /api/v1/wishlist/wishlist HTTP/1.1" 304 - "http://localhost:3000/" "Mozilla/5.0 (Windows NT 10.0; Win64; x64) AppleWebKit/537.36 (KHTML, like Gecko) Chrome/98.0.4758.102 Safari/537.36"

info: ::1 - - [24/Feb/2022:02:39:07 +0000] "GET /api/v1/wishlist/wishlist HTTP/1.1" 304 - "http://localhost:3000/" "Mozilla/5.0 (Windows NT 10.0; Win64; x64) AppleWebKit/537.36 (KHTML, like Gecko) Chrome/98.0.4758.102 Safari/537.36"

info: ::1 - - [24/Feb/2022:02:44:03 +0000] "GET /api/v1/wishlist/wishlist HTTP/1.1" 304 - "http://localhost:3000/" "Mozilla/5.0 (Windows NT 10.0; Win64; x64) AppleWebKit/537.36 (KHTML, like Gecko) Chrome/98.0.4758.102 Safari/537.36"

info: ::1 - - [24/Feb/2022:02:44:04 +0000] "GET /api/v1/wishlist/wishlist HTTP/1.1" 304 - "http://localhost:3000/" "Mozilla/5.0 (Windows NT 10.0; Win64; x64) AppleWebKit/537.36 (KHTML, like Gecko) Chrome/98.0.4758.102 Safari/537.36"

info: ::1 - - [24/Feb/2022:02:44:19 +0000] "GET /api/v1/wishlist/wishlist HTTP/1.1" 304 - "http://localhost:3000/" "Mozilla/5.0 (Windows NT 10.0; Win64; x64) AppleWebKit/537.36 (KHTML, like Gecko) Chrome/98.0.4758.102 Safari/537.36"

info: ::1 - - [24/Feb/2022:02:44:24 +0000] "POST /api/v1/cart/cart/[object%20Object] HTTP/1.1" 500 138 "http://localhost:3000/" "Mozilla/5.0 (Windows NT 10.0; Win64; x64) AppleWebKit/537.36 (KHTML, like Gecko) Chrome/98.0.4758.102 Safari/537.36"

info: ::1 - - [24/Feb/2022:02:44:27 +0000] "POST /api/v1/cart/cart/[object%20Object] HTTP/1.1" 500 138 "http://localhost:3000/" "Mozilla/5.0 (Windows NT 10.0; Win64; x64) AppleWebKit/537.36 (KHTML, like Gecko) Chrome/98.0.4758.102 Safari/537.36"

info: ::1 - - [24/Feb/2022:02:44:31 +0000] "GET /api/v1/cart/getcartbooks HTTP/1.1" 304 - "http://localhost:3000/" "Mozilla/5.0 (Windows NT 10.0; Win64; x64) AppleWebKit/537.36 (KHTML, like Gecko) Chrome/98.0.4758.102 Safari/537.36"

info: ::1 - - [24/Feb/2022:02:44:32 +0000] "GET /api/v1/wishlist/wishlist HTTP/1.1" 304 - "http://localhost:3000/" "Mozilla/5.0 (Windows NT 10.0; Win64; x64) AppleWebKit/537.36 (KHTML, like Gecko) Chrome/98.0.4758.102 Safari/537.36"

info: ::1 - - [24/Feb/2022:02:44:33 +0000] "GET /api/v1/wishlist/wishlist HTTP/1.1" 304 - "http://localhost:3000/" "Mozilla/5.0 (Windows NT 10.0; Win64; x64) AppleWebKit/537.36 (KHTML, like Gecko) Chrome/98.0.4758.102 Safari/537.36"

info: ::1 - - [24/Feb/2022:02:44:34 +0000] "POST /api/v1/cart/cart/[object%20Object] HTTP/1.1" 500 138 "http://localhost:3000/" "Mozilla/5.0 (Windows NT 10.0; Win64; x64) AppleWebKit/537.36 (KHTML, like Gecko) Chrome/98.0.4758.102 Safari/537.36"

info: ::1 - - [24/Feb/2022:02:44:35 +0000] "POST /api/v1/cart/cart/[object%20Object] HTTP/1.1" 500 138 "http://localhost:3000/" "Mozilla/5.0 (Windows NT 10.0; Win64; x64) AppleWebKit/537.36 (KHTML, like Gecko) Chrome/98.0.4758.102 Safari/537.36"

info: ::ffff:127.0.0.1 - - [24/Feb/2022:02:45:01 +0000] "POST /api/v1/cart/cart/621664e349acc20568268fe6 HTTP/1.1" 200 629 "-" "Thunder Client (https://www.thunderclient.com)"

info: ::1 - - [24/Feb/2022:02:45:06 +0000] "POST /api/v1/cart/cart/[object%20Object] HTTP/1.1" 500 138 "http://localhost:3000/" "Mozilla/5.0 (Windows NT 10.0; Win64; x64) AppleWebKit/537.36 (KHTML, like Gecko) Chrome/98.0.4758.102 Safari/537.36"

info: ::1 - - [24/Feb/2022:02:46:22 +0000] "GET /api/v1/wishlist/wishlist HTTP/1.1" 304 - "http://localhost:3000/" "Mozilla/5.0 (Windows NT 10.0; Win64; x64) AppleWebKit/537.36 (KHTML, like Gecko) Chrome/98.0.4758.102 Safari/537.36"

info: ::1 - - [24/Feb/2022:02:46:26 +0000] "GET /api/v1/wishlist/wishlist HTTP/1.1" 304 - "http://localhost:3000/" "Mozilla/5.0 (Windows NT 10.0; Win64; x64) AppleWebKit/537.36 (KHTML, like Gecko) Chrome/98.0.4758.102 Safari/537.36"

info: ::1 - - [24/Feb/2022:02:47:12 +0000] "GET /api/v1/wishlist/wishlist HTTP/1.1" 304 - "http://localhost:3000/" "Mozilla/5.0 (Windows NT 10.0; Win64; x64) AppleWebKit/537.36 (KHTML, like Gecko) Chrome/98.0.4758.102 Safari/537.36"

info: ::1 - - [24/Feb/2022:02:47:14 +0000] "POST /api/v1/cart/cart/[object%20Object] HTTP/1.1" 500 138 "http://localhost:3000/" "Mozilla/5.0 (Windows NT 10.0; Win64; x64) AppleWebKit/537.36 (KHTML, like Gecko) Chrome/98.0.4758.102 Safari/537.36"

info: ::1 - - [24/Feb/2022:02:47:29 +0000] "GET /api/v1/wishlist/wishlist HTTP/1.1" 304 - "http://localhost:3000/" "Mozilla/5.0 (Windows NT 10.0; Win64; x64) AppleWebKit/537.36 (KHTML, like Gecko) Chrome/98.0.4758.102 Safari/537.36"

info: ::1 - - [24/Feb/2022:02:47:54 +0000] "GET /api/v1/wishlist/wishlist HTTP/1.1" 304 - "http://localhost:3000/" "Mozilla/5.0 (Windows NT 10.0; Win64; x64) AppleWebKit/537.36 (KHTML, like Gecko) Chrome/98.0.4758.102 Safari/537.36"

info: ::1 - - [24/Feb/2022:02:48:06 +0000] "GET /api/v1/wishlist/wishlist HTTP/1.1" 304 - "http://localhost:3000/" "Mozilla/5.0 (Windows NT 10.0; Win64; x64) AppleWebKit/537.36 (KHTML, like Gecko) Chrome/98.0.4758.102 Safari/537.36"

info: ::1 - - [24/Feb/2022:02:56:04 +0000] "GET /api/v1/cart/getcartbooks HTTP/1.1" 200 785 "http://localhost:3000/" "Mozilla/5.0 (Windows NT 10.0; Win64; x64) AppleWebKit/537.36 (KHTML, like Gecko) Chrome/98.0.4758.102 Safari/537.36"

info: ::1 - - [24/Feb/2022:02:56:05 +0000] "GET /api/v1/cart/getcartbooks HTTP/1.1" 304 - "http://localhost:3000/" "Mozilla/5.0 (Windows NT 10.0; Win64; x64) AppleWebKit/537.36 (KHTML, like Gecko) Chrome/98.0.4758.102 Safari/537.36"

info: ::1 - - [24/Feb/2022:02:56:05 +0000] "GET /api/v1/wishlist/wishlist HTTP/1.1" 304 - "http://localhost:3000/" "Mozilla/5.0 (Windows NT 10.0; Win64; x64) AppleWebKit/537.36 (KHTML, like Gecko) Chrome/98.0.4758.102 Safari/537.36"

info: ::1 - - [24/Feb/2022:02:56:34 +0000] "GET /api/v1/cart/getcartbooks HTTP/1.1" 304 - "http://localhost:3000/" "Mozilla/5.0 (Windows NT 10.0; Win64; x64) AppleWebKit/537.36 (KHTML, like Gecko) Chrome/98.0.4758.102 Safari/537.36"

info: ::1 - - [24/Feb/2022:02:56:34 +0000] "GET /api/v1/wishlist/wishlist HTTP/1.1" 304 - "http://localhost:3000/" "Mozilla/5.0 (Windows NT 10.0; Win64; x64) AppleWebKit/537.36 (KHTML, like Gecko) Chrome/98.0.4758.102 Safari/537.36"

info: ::1 - - [24/Feb/2022:02:56:35 +0000] "GET /api/v1/wishlist/wishlist HTTP/1.1" 304 - "http://localhost:3000/" "Mozilla/5.0 (Windows NT 10.0; Win64; x64) AppleWebKit/537.36 (KHTML, like Gecko) Chrome/98.0.4758.102 Safari/537.36"

info: ::1 - - [24/Feb/2022:02:57:56 +0000] "GET /api/v1/wishlist/wishlist HTTP/1.1" 304 - "http://localhost:3000/" "Mozilla/5.0 (Windows NT 10.0; Win64; x64) AppleWebKit/537.36 (KHTML, like Gecko) Chrome/98.0.4758.102 Safari/537.36"

info: ::1 - - [24/Feb/2022:02:58:04 +0000] "GET /api/v1/wishlist/wishlist HTTP/1.1" 304 - "http://localhost:3000/" "Mozilla/5.0 (Windows NT 10.0; Win64; x64) AppleWebKit/537.36 (KHTML, like Gecko) Chrome/98.0.4758.102 Safari/537.36"

info: ::1 - - [24/Feb/2022:02:59:26 +0000] "GET /api/v1/cart/getcartbooks HTTP/1.1" 304 - "http://localhost:3000/" "Mozilla/5.0 (Windows NT 10.0; Win64; x64) AppleWebKit/537.36 (KHTML, like Gecko) Chrome/98.0.4758.102 Safari/537.36"

info: ::1 - - [24/Feb/2022:02:59:26 +0000] "GET /api/v1/wishlist/wishlist HTTP/1.1" 304 - "http://localhost:3000/" "Mozilla/5.0 (Windows NT 10.0; Win64; x64) AppleWebKit/537.36 (KHTML, like Gecko) Chrome/98.0.4758.102 Safari/537.36"

info: ::1 - - [24/Feb/2022:02:59:38 +0000] "GET /api/v1/cart/getcartbooks HTTP/1.1" 304 - "http://localhost:3000/" "Mozilla/5.0 (Windows NT 10.0; Win64; x64) AppleWebKit/537.36 (KHTML, like Gecko) Chrome/98.0.4758.102 Safari/537.36"

info: ::1 - - [24/Feb/2022:02:59:38 +0000] "GET /api/v1/wishlist/wishlist HTTP/1.1" 304 - "http://localhost:3000/" "Mozilla/5.0 (Windows NT 10.0; Win64; x64) AppleWebKit/537.36 (KHTML, like Gecko) Chrome/98.0.4758.102 Safari/537.36"

info: ::1 - - [24/Feb/2022:02:59:41 +0000] "GET /api/v1/cart/getcartbooks HTTP/1.1" 304 - "http://localhost:3000/" "Mozilla/5.0 (Windows NT 10.0; Win64; x64) AppleWebKit/537.36 (KHTML, like Gecko) Chrome/98.0.4758.102 Safari/537.36"

info: ::1 - - [24/Feb/2022:02:59:41 +0000] "GET /api/v1/wishlist/wishlist HTTP/1.1" 304 - "http://localhost:3000/" "Mozilla/5.0 (Windows NT 10.0; Win64; x64) AppleWebKit/537.36 (KHTML, like Gecko) Chrome/98.0.4758.102 Safari/537.36"

info: ::1 - - [24/Feb/2022:02:59:45 +0000] "GET /api/v1/cart/getcartbooks HTTP/1.1" 304 - "http://localhost:3000/" "Mozilla/5.0 (Windows NT 10.0; Win64; x64) AppleWebKit/537.36 (KHTML, like Gecko) Chrome/98.0.4758.102 Safari/537.36"

info: ::1 - - [24/Feb/2022:02:59:45 +0000] "GET /api/v1/wishlist/wishlist HTTP/1.1" 304 - "http://localhost:3000/" "Mozilla/5.0 (Windows NT 10.0; Win64; x64) AppleWebKit/537.36 (KHTML, like Gecko) Chrome/98.0.4758.102 Safari/537.36"

info: ::1 - - [24/Feb/2022:03:00:11 +0000] "GET /api/v1/cart/getcartbooks HTTP/1.1" 304 - "http://localhost:3000/" "Mozilla/5.0 (Windows NT 10.0; Win64; x64) AppleWebKit/537.36 (KHTML, like Gecko) Chrome/98.0.4758.102 Safari/537.36"

info: ::1 - - [24/Feb/2022:03:00:11 +0000] "GET /api/v1/wishlist/wishlist HTTP/1.1" 304 - "http://localhost:3000/" "Mozilla/5.0 (Windows NT 10.0; Win64; x64) AppleWebKit/537.36 (KHTML, like Gecko) Chrome/98.0.4758.102 Safari/537.36"

info: ::1 - - [24/Feb/2022:03:00:24 +0000] "POST /api/v1/cart/cart/[object%20Object] HTTP/1.1" 500 138 "http://localhost:3000/" "Mozilla/5.0 (Windows NT 10.0; Win64; x64) AppleWebKit/537.36 (KHTML, like Gecko) Chrome/98.0.4758.102 Safari/537.36"

info: ::1 - - [24/Feb/2022:03:06:43 +0000] "GET /api/v1/cart/getcartbooks HTTP/1.1" 304 - "http://localhost:3000/" "Mozilla/5.0 (Windows NT 10.0; Win64; x64) AppleWebKit/537.36 (KHTML, like Gecko) Chrome/98.0.4758.102 Safari/537.36"

info: ::1 - - [24/Feb/2022:03:06:43 +0000] "GET /api/v1/cart/getcartbooks HTTP/1.1" 304 - "http://localhost:3000/" "Mozilla/5.0 (Windows NT 10.0; Win64; x64) AppleWebKit/537.36 (KHTML, like Gecko) Chrome/98.0.4758.102 Safari/537.36"

info: ::1 - - [24/Feb/2022:03:06:43 +0000] "GET /api/v1/wishlist/wishlist HTTP/1.1" 304 - "http://localhost:3000/" "Mozilla/5.0 (Windows NT 10.0; Win64; x64) AppleWebKit/537.36 (KHTML, like Gecko) Chrome/98.0.4758.102 Safari/537.36"

info: ::ffff:127.0.0.1 - - [24/Feb/2022:03:07:26 +0000] "PUT /api/v1/cart/updatecart/6216650f49acc20568268fec HTTP/1.1" 500 89 "-" "Thunder Client (https://www.thunderclient.com)"

info: ::ffff:127.0.0.1 - - [24/Feb/2022:03:12:30 +0000] "PUT /api/v1/cart/updatecart/6216650f49acc20568268fec HTTP/1.1" 500 89 "-" "Thunder Client (https://www.thunderclient.com)"

info: ::1 - - [24/Feb/2022:03:12:38 +0000] "GET /api/v1/cart/getcartbooks HTTP/1.1" 304 - "http://localhost:3000/" "Mozilla/5.0 (Windows NT 10.0; Win64; x64) AppleWebKit/537.36 (KHTML, like Gecko) Chrome/98.0.4758.102 Safari/537.36"

info: ::1 - - [24/Feb/2022:03:12:39 +0000] "GET /api/v1/wishlist/wishlist HTTP/1.1" 304 - "http://localhost:3000/" "Mozilla/5.0 (Windows NT 10.0; Win64; x64) AppleWebKit/537.36 (KHTML, like Gecko) Chrome/98.0.4758.102 Safari/537.36"

info: ::1 - - [24/Feb/2022:03:12:39 +0000] "GET /api/v1/cart/getcartbooks HTTP/1.1" 304 - "http://localhost:3000/" "Mozilla/5.0 (Windows NT 10.0; Win64; x64) AppleWebKit/537.36 (KHTML, like Gecko) Chrome/98.0.4758.102 Safari/537.36"

info: ::1 - - [24/Feb/2022:03:32:48 +0000] "POST /api/v1/customer/address HTTP/1.1" 500 62 "http://localhost:3000/" "Mozilla/5.0 (Windows NT 10.0; Win64; x64) AppleWebKit/537.36 (KHTML, like Gecko) Chrome/98.0.4758.102 Safari/537.36"

info: ::1 - - [24/Feb/2022:03:33:42 +0000] "GET /api/v1/cart/getcartbooks HTTP/1.1" 200 677 "http://localhost:3000/" "Mozilla/5.0 (Windows NT 10.0; Win64; x64) AppleWebKit/537.36 (KHTML, like Gecko) Chrome/98.0.4758.102 Safari/537.36"

info: ::1 - - [24/Feb/2022:03:33:42 +0000] "GET /api/v1/wishlist/wishlist HTTP/1.1" 304 - "http://localhost:3000/" "Mozilla/5.0 (Windows NT 10.0; Win64; x64) AppleWebKit/537.36 (KHTML, like Gecko) Chrome/98.0.4758.102 Safari/537.36"

info: ::1 - - [24/Feb/2022:03:33:42 +0000] "GET /api/v1/cart/getcartbooks HTTP/1.1" 304 - "http://localhost:3000/" "Mozilla/5.0 (Windows NT 10.0; Win64; x64) AppleWebKit/537.36 (KHTML, like Gecko) Chrome/98.0.4758.102 Safari/537.36"

info: ::1 - - [24/Feb/2022:03:33:48 +0000] "GET /api/v1/cart/getcartbooks HTTP/1.1" 304 - "http://localhost:3000/" "Mozilla/5.0 (Windows NT 10.0; Win64; x64) AppleWebKit/537.36 (KHTML, like Gecko) Chrome/98.0.4758.102 Safari/537.36"

info: ::1 - - [24/Feb/2022:03:33:48 +0000] "GET /api/v1/wishlist/wishlist HTTP/1.1" 304 - "http://localhost:3000/" "Mozilla/5.0 (Windows NT 10.0; Win64; x64) AppleWebKit/537.36 (KHTML, like Gecko) Chrome/98.0.4758.102 Safari/537.36"

info: ::1 - - [24/Feb/2022:03:33:48 +0000] "GET /api/v1/cart/getcartbooks HTTP/1.1" 304 - "http://localhost:3000/" "Mozilla/5.0 (Windows NT 10.0; Win64; x64) AppleWebKit/537.36 (KHTML, like Gecko) Chrome/98.0.4758.102 Safari/537.36"

info: ::ffff:127.0.0.1 - - [24/Feb/2022:03:34:03 +0000] "GET /api/v1/cart/getcartbooks HTTP/1.1" 200 677 "-" "Thunder Client (https://www.thunderclient.com)"

info: ::1 - - [24/Feb/2022:03:34:38 +0000] "GET /api/v1/cart/getcartbooks HTTP/1.1" 304 - "http://localhost:3000/" "Mozilla/5.0 (Windows NT 10.0; Win64; x64) AppleWebKit/537.36 (KHTML, like Gecko) Chrome/98.0.4758.102 Safari/537.36"

info: ::1 - - [24/Feb/2022:03:34:38 +0000] "GET /api/v1/cart/getcartbooks HTTP/1.1" 304 - "http://localhost:3000/" "Mozilla/5.0 (Windows NT 10.0; Win64; x64) AppleWebKit/537.36 (KHTML, like Gecko) Chrome/98.0.4758.102 Safari/537.36"

info: ::1 - - [24/Feb/2022:03:34:38 +0000] "GET /api/v1/wishlist/wishlist HTTP/1.1" 304 - "http://localhost:3000/" "Mozilla/5.0 (Windows NT 10.0; Win64; x64) AppleWebKit/537.36 (KHTML, like Gecko) Chrome/98.0.4758.102 Safari/537.36"

info: ::ffff:127.0.0.1 - - [24/Feb/2022:03:34:54 +0000] "GET /api/v1/cart/getcartbooks HTTP/1.1" 200 677 "-" "Thunder Client (https://www.thunderclient.com)"

info: ::1 - - [24/Feb/2022:03:35:22 +0000] "GET /api/v1/cart/getcartbooks HTTP/1.1" 200 295 "http://localhost:3000/" "Mozilla/5.0 (Windows NT 10.0; Win64; x64) AppleWebKit/537.36 (KHTML, like Gecko) Chrome/98.0.4758.102 Safari/537.36"

info: ::1 - - [24/Feb/2022:03:35:23 +0000] "GET /api/v1/wishlist/wishlist HTTP/1.1" 304 - "http://localhost:3000/" "Mozilla/5.0 (Windows NT 10.0; Win64; x64) AppleWebKit/537.36 (KHTML, like Gecko) Chrome/98.0.4758.102 Safari/537.36"

info: ::1 - - [24/Feb/2022:03:35:23 +0000] "GET /api/v1/cart/getcartbooks HTTP/1.1" 304 - "http://localhost:3000/" "Mozilla/5.0 (Windows NT 10.0; Win64; x64) AppleWebKit/537.36 (KHTML, like Gecko) Chrome/98.0.4758.102 Safari/537.36"

info: ::ffff:127.0.0.1 - - [24/Feb/2022:03:36:04 +0000] "POST /api/v1/cart/cart/620a4d201336f745989480d6 HTTP/1.1" 200 72 "-" "Thunder Client (https://www.thunderclient.com)"

info: ::1 - - [24/Feb/2022:03:36:28 +0000] "GET /api/v1/cart/getcartbooks HTTP/1.1" 200 463 "http://localhost:3000/" "Mozilla/5.0 (Windows NT 10.0; Win64; x64) AppleWebKit/537.36 (KHTML, like Gecko) Chrome/98.0.4758.102 Safari/537.36"

info: ::1 - - [24/Feb/2022:03:36:28 +0000] "GET /api/v1/cart/getcartbooks HTTP/1.1" 304 - "http://localhost:3000/" "Mozilla/5.0 (Windows NT 10.0; Win64; x64) AppleWebKit/537.36 (KHTML, like Gecko) Chrome/98.0.4758.102 Safari/537.36"

info: ::1 - - [24/Feb/2022:03:36:28 +0000] "GET /api/v1/wishlist/wishlist HTTP/1.1" 304 - "http://localhost:3000/" "Mozilla/5.0 (Windows NT 10.0; Win64; x64) AppleWebKit/537.36 (KHTML, like Gecko) Chrome/98.0.4758.102 Safari/537.36"

info: ::1 - - [24/Feb/2022:03:42:17 +0000] "GET /api/v1/cart/getcartbooks HTTP/1.1" 304 - "http://localhost:3000/" "Mozilla/5.0 (Windows NT 10.0; Win64; x64) AppleWebKit/537.36 (KHTML, like Gecko) Chrome/98.0.4758.102 Safari/537.36"

info: ::1 - - [24/Feb/2022:03:42:18 +0000] "GET /api/v1/wishlist/wishlist HTTP/1.1" 304 - "http://localhost:3000/" "Mozilla/5.0 (Windows NT 10.0; Win64; x64) AppleWebKit/537.36 (KHTML, like Gecko) Chrome/98.0.4758.102 Safari/537.36"

info: ::1 - - [24/Feb/2022:03:42:18 +0000] "GET /api/v1/wishlist/wishlist HTTP/1.1" 304 - "http://localhost:3000/" "Mozilla/5.0 (Windows NT 10.0; Win64; x64) AppleWebKit/537.36 (KHTML, like Gecko) Chrome/98.0.4758.102 Safari/537.36"

info: ::1 - - [24/Feb/2022:03:42:23 +0000] "POST /api/v1/cart/cart/[object%20Object] HTTP/1.1" 500 138 "http://localhost:3000/" "Mozilla/5.0 (Windows NT 10.0; Win64; x64) AppleWebKit/537.36 (KHTML, like Gecko) Chrome/98.0.4758.102 Safari/537.36"

info: ::1 - - [24/Feb/2022:03:43:07 +0000] "GET /api/v1/wishlist/wishlist HTTP/1.1" 304 - "http://localhost:3000/" "Mozilla/5.0 (Windows NT 10.0; Win64; x64) AppleWebKit/537.36 (KHTML, like Gecko) Chrome/98.0.4758.102 Safari/537.36"

info: ::1 - - [24/Feb/2022:03:43:10 +0000] "GET /api/v1/wishlist/wishlist HTTP/1.1" 304 - "http://localhost:3000/" "Mozilla/5.0 (Windows NT 10.0; Win64; x64) AppleWebKit/537.36 (KHTML, like Gecko) Chrome/98.0.4758.102 Safari/537.36"

info: ::1 - - [24/Feb/2022:03:43:15 +0000] "POST /api/v1/cart/cart/[object%20Object] HTTP/1.1" 500 138 "http://localhost:3000/" "Mozilla/5.0 (Windows NT 10.0; Win64; x64) AppleWebKit/537.36 (KHTML, like Gecko) Chrome/98.0.4758.102 Safari/537.36"

info: ::1 - - [24/Feb/2022:03:43:21 +0000] "POST /api/v1/cart/cart/[object%20Object] HTTP/1.1" 500 138 "http://localhost:3000/" "Mozilla/5.0 (Windows NT 10.0; Win64; x64) AppleWebKit/537.36 (KHTML, like Gecko) Chrome/98.0.4758.102 Safari/537.36"

info: ::1 - - [24/Feb/2022:03:43:34 +0000] "GET /api/v1/wishlist/wishlist HTTP/1.1" 304 - "http://localhost:3000/" "Mozilla/5.0 (Windows NT 10.0; Win64; x64) AppleWebKit/537.36 (KHTML, like Gecko) Chrome/98.0.4758.102 Safari/537.36"

info: ::1 - - [24/Feb/2022:03:43:43 +0000] "GET /api/v1/wishlist/wishlist HTTP/1.1" 304 - "http://localhost:3000/" "Mozilla/5.0 (Windows NT 10.0; Win64; x64) AppleWebKit/537.36 (KHTML, like Gecko) Chrome/98.0.4758.102 Safari/537.36"

info: ::1 - - [24/Feb/2022:03:44:09 +0000] "GET /api/v1/wishlist/wishlist HTTP/1.1" 304 - "http://localhost:3000/" "Mozilla/5.0 (Windows NT 10.0; Win64; x64) AppleWebKit/537.36 (KHTML, like Gecko) Chrome/98.0.4758.102 Safari/537.36"

info: ::1 - - [24/Feb/2022:03:44:12 +0000] "GET /api/v1/wishlist/wishlist HTTP/1.1" 304 - "http://localhost:3000/" "Mozilla/5.0 (Windows NT 10.0; Win64; x64) AppleWebKit/537.36 (KHTML, like Gecko) Chrome/98.0.4758.102 Safari/537.36"

info: ::1 - - [24/Feb/2022:03:44:17 +0000] "POST /api/v1/cart/cart/[object%20Object] HTTP/1.1" 500 138 "http://localhost:3000/" "Mozilla/5.0 (Windows NT 10.0; Win64; x64) AppleWebKit/537.36 (KHTML, like Gecko) Chrome/98.0.4758.102 Safari/537.36"

info: ::1 - - [24/Feb/2022:03:44:53 +0000] "GET /api/v1/cart/getcartbooks HTTP/1.1" 304 - "http://localhost:3000/" "Mozilla/5.0 (Windows NT 10.0; Win64; x64) AppleWebKit/537.36 (KHTML, like Gecko) Chrome/98.0.4758.102 Safari/537.36"

info: ::1 - - [24/Feb/2022:03:44:54 +0000] "GET /api/v1/wishlist/wishlist HTTP/1.1" 304 - "http://localhost:3000/" "Mozilla/5.0 (Windows NT 10.0; Win64; x64) AppleWebKit/537.36 (KHTML, like Gecko) Chrome/98.0.4758.102 Safari/537.36"

info: ::1 - - [24/Feb/2022:03:44:54 +0000] "GET /api/v1/wishlist/wishlist HTTP/1.1" 304 - "http://localhost:3000/" "Mozilla/5.0 (Windows NT 10.0; Win64; x64) AppleWebKit/537.36 (KHTML, like Gecko) Chrome/98.0.4758.102 Safari/537.36"

info: ::1 - - [24/Feb/2022:03:47:34 +0000] "GET /api/v1/wishlist/wishlist HTTP/1.1" 304 - "http://localhost:3000/" "Mozilla/5.0 (Windows NT 10.0; Win64; x64) AppleWebKit/537.36 (KHTML, like Gecko) Chrome/98.0.4758.102 Safari/537.36"

info: ::1 - - [24/Feb/2022:03:47:36 +0000] "GET /api/v1/wishlist/wishlist HTTP/1.1" 304 - "http://localhost:3000/" "Mozilla/5.0 (Windows NT 10.0; Win64; x64) AppleWebKit/537.36 (KHTML, like Gecko) Chrome/98.0.4758.102 Safari/537.36"

info: ::1 - - [24/Feb/2022:03:47:37 +0000] "GET /api/v1/wishlist/wishlist HTTP/1.1" 304 - "http://localhost:3000/" "Mozilla/5.0 (Windows NT 10.0; Win64; x64) AppleWebKit/537.36 (KHTML, like Gecko) Chrome/98.0.4758.102 Safari/537.36"

info: ::1 - - [24/Feb/2022:03:47:38 +0000] "GET /api/v1/wishlist/wishlist HTTP/1.1" 304 - "http://localhost:3000/" "Mozilla/5.0 (Windows NT 10.0; Win64; x64) AppleWebKit/537.36 (KHTML, like Gecko) Chrome/98.0.4758.102 Safari/537.36"

info: ::1 - - [24/Feb/2022:03:47:50 +0000] "GET /api/v1/cart/getcartbooks HTTP/1.1" 304 - "http://localhost:3000/" "Mozilla/5.0 (Windows NT 10.0; Win64; x64) AppleWebKit/537.36 (KHTML, like Gecko) Chrome/98.0.4758.102 Safari/537.36"

info: ::1 - - [24/Feb/2022:03:47:50 +0000] "GET /api/v1/wishlist/wishlist HTTP/1.1" 304 - "http://localhost:3000/" "Mozilla/5.0 (Windows NT 10.0; Win64; x64) AppleWebKit/537.36 (KHTML, like Gecko) Chrome/98.0.4758.102 Safari/537.36"

info: ::1 - - [24/Feb/2022:03:47:51 +0000] "GET /api/v1/wishlist/wishlist HTTP/1.1" 304 - "http://localhost:3000/" "Mozilla/5.0 (Windows NT 10.0; Win64; x64) AppleWebKit/537.36 (KHTML, like Gecko) Chrome/98.0.4758.102 Safari/537.36"

info: ::1 - - [24/Feb/2022:03:49:25 +0000] "POST /api/v1/cart/cart/[object%20Object] HTTP/1.1" 500 138 "http://localhost:3000/" "Mozilla/5.0 (Windows NT 10.0; Win64; x64) AppleWebKit/537.36 (KHTML, like Gecko) Chrome/98.0.4758.102 Safari/537.36"

info: ::1 - - [24/Feb/2022:03:52:06 +0000] "GET /api/v1/wishlist/wishlist HTTP/1.1" 304 - "http://localhost:3000/" "Mozilla/5.0 (Windows NT 10.0; Win64; x64) AppleWebKit/537.36 (KHTML, like Gecko) Chrome/98.0.4758.102 Safari/537.36"

info: ::1 - - [24/Feb/2022:03:52:11 +0000] "GET /api/v1/wishlist/wishlist HTTP/1.1" 304 - "http://localhost:3000/" "Mozilla/5.0 (Windows NT 10.0; Win64; x64) AppleWebKit/537.36 (KHTML, like Gecko) Chrome/98.0.4758.102 Safari/537.36"

info: ::1 - - [24/Feb/2022:03:53:07 +0000] "GET /api/v1/cart/getcartbooks HTTP/1.1" 304 - "http://localhost:3000/" "Mozilla/5.0 (Windows NT 10.0; Win64; x64) AppleWebKit/537.36 (KHTML, like Gecko) Chrome/98.0.4758.102 Safari/537.36"

info: ::1 - - [24/Feb/2022:03:53:07 +0000] "GET /api/v1/wishlist/wishlist HTTP/1.1" 304 - "http://localhost:3000/" "Mozilla/5.0 (Windows NT 10.0; Win64; x64) AppleWebKit/537.36 (KHTML, like Gecko) Chrome/98.0.4758.102 Safari/537.36"

info: ::1 - - [24/Feb/2022:03:53:08 +0000] "GET /api/v1/wishlist/wishlist HTTP/1.1" 304 - "http://localhost:3000/" "Mozilla/5.0 (Windows NT 10.0; Win64; x64) AppleWebKit/537.36 (KHTML, like Gecko) Chrome/98.0.4758.102 Safari/537.36"

info: ::1 - - [24/Feb/2022:03:56:02 +0000] "GET /api/v1/wishlist/wishlist HTTP/1.1" 304 - "http://localhost:3000/" "Mozilla/5.0 (Windows NT 10.0; Win64; x64) AppleWebKit/537.36 (KHTML, like Gecko) Chrome/98.0.4758.102 Safari/537.36"

info: ::1 - - [24/Feb/2022:03:56:03 +0000] "GET /api/v1/wishlist/wishlist HTTP/1.1" 304 - "http://localhost:3000/" "Mozilla/5.0 (Windows NT 10.0; Win64; x64) AppleWebKit/537.36 (KHTML, like Gecko) Chrome/98.0.4758.102 Safari/537.36"

info: ::1 - - [24/Feb/2022:03:56:05 +0000] "GET /api/v1/wishlist/wishlist HTTP/1.1" 304 - "http://localhost:3000/" "Mozilla/5.0 (Windows NT 10.0; Win64; x64) AppleWebKit/537.36 (KHTML, like Gecko) Chrome/98.0.4758.102 Safari/537.36"

info: ::1 - - [24/Feb/2022:03:56:11 +0000] "GET /api/v1/cart/getcartbooks HTTP/1.1" 304 - "http://localhost:3000/" "Mozilla/5.0 (Windows NT 10.0; Win64; x64) AppleWebKit/537.36 (KHTML, like Gecko) Chrome/98.0.4758.102 Safari/537.36"

info: ::1 - - [24/Feb/2022:03:56:11 +0000] "GET /api/v1/wishlist/wishlist HTTP/1.1" 304 - "http://localhost:3000/" "Mozilla/5.0 (Windows NT 10.0; Win64; x64) AppleWebKit/537.36 (KHTML, like Gecko) Chrome/98.0.4758.102 Safari/537.36"

info: ::1 - - [24/Feb/2022:03:56:12 +0000] "GET /api/v1/wishlist/wishlist HTTP/1.1" 304 - "http://localhost:3000/" "Mozilla/5.0 (Windows NT 10.0; Win64; x64) AppleWebKit/537.36 (KHTML, like Gecko) Chrome/98.0.4758.102 Safari/537.36"

info: ::ffff:127.0.0.1 - - [24/Feb/2022:04:09:26 +0000] "PUT /api/v1/wishlist/remove/6216edfd2d1fea067094c89b HTTP/1.1" 500 89 "-" "Thunder Client (https://www.thunderclient.com)"

info: ::ffff:127.0.0.1 - - [24/Feb/2022:04:10:29 +0000] "PUT /api/v1/wishlist/remove/6216edfd2d1fea067094c89b HTTP/1.1" 500 89 "-" "Thunder Client (https://www.thunderclient.com)"

info: ::1 - - [24/Feb/2022:04:11:04 +0000] "GET /api/v1/book/getbook HTTP/1.1" 304 - "http://localhost:3000/" "Mozilla/5.0 (Windows NT 10.0; Win64; x64) AppleWebKit/537.36 (KHTML, like Gecko) Chrome/98.0.4758.102 Safari/537.36"

info: ::1 - - [24/Feb/2022:04:11:05 +0000] "GET /api/v1/cart/getcartbooks HTTP/1.1" 304 - "http://localhost:3000/" "Mozilla/5.0 (Windows NT 10.0; Win64; x64) AppleWebKit/537.36 (KHTML, like Gecko) Chrome/98.0.4758.102 Safari/537.36"

info: ::1 - - [24/Feb/2022:04:11:05 +0000] "GET /api/v1/wishlist/wishlist HTTP/1.1" 304 - "http://localhost:3000/" "Mozilla/5.0 (Windows NT 10.0; Win64; x64) AppleWebKit/537.36 (KHTML, like Gecko) Chrome/98.0.4758.102 Safari/537.36"

info: ::1 - - [24/Feb/2022:04:11:37 +0000] "GET /api/v1/cart/getcartbooks HTTP/1.1" 304 - "http://localhost:3000/" "Mozilla/5.0 (Windows NT 10.0; Win64; x64) AppleWebKit/537.36 (KHTML, like Gecko) Chrome/98.0.4758.102 Safari/537.36"

info: ::1 - - [24/Feb/2022:04:11:37 +0000] "GET /api/v1/cart/getcartbooks HTTP/1.1" 304 - "http://localhost:3000/" "Mozilla/5.0 (Windows NT 10.0; Win64; x64) AppleWebKit/537.36 (KHTML, like Gecko) Chrome/98.0.4758.102 Safari/537.36"

info: ::1 - - [24/Feb/2022:04:11:37 +0000] "GET /api/v1/wishlist/wishlist HTTP/1.1" 304 - "http://localhost:3000/" "Mozilla/5.0 (Windows NT 10.0; Win64; x64) AppleWebKit/537.36 (KHTML, like Gecko) Chrome/98.0.4758.102 Safari/537.36"

info: ::1 - - [24/Feb/2022:04:12:30 +0000] "GET /api/v1/cart/getcartbooks HTTP/1.1" 304 - "http://localhost:3000/" "Mozilla/5.0 (Windows NT 10.0; Win64; x64) AppleWebKit/537.36 (KHTML, like Gecko) Chrome/98.0.4758.102 Safari/537.36"

info: ::1 - - [24/Feb/2022:04:12:31 +0000] "GET /api/v1/wishlist/wishlist HTTP/1.1" 304 - "http://localhost:3000/" "Mozilla/5.0 (Windows NT 10.0; Win64; x64) AppleWebKit/537.36 (KHTML, like Gecko) Chrome/98.0.4758.102 Safari/537.36"

info: ::1 - - [24/Feb/2022:04:12:31 +0000] "GET /api/v1/wishlist/wishlist HTTP/1.1" 304 - "http://localhost:3000/" "Mozilla/5.0 (Windows NT 10.0; Win64; x64) AppleWebKit/537.36 (KHTML, like Gecko) Chrome/98.0.4758.102 Safari/537.36"

info: ::1 - - [24/Feb/2022:04:13:39 +0000] "GET /api/v1/cart/getcartbooks HTTP/1.1" 304 - "http://localhost:3000/" "Mozilla/5.0 (Windows NT 10.0; Win64; x64) AppleWebKit/537.36 (KHTML, like Gecko) Chrome/98.0.4758.102 Safari/537.36"

info: ::1 - - [24/Feb/2022:04:13:39 +0000] "GET /api/v1/wishlist/wishlist HTTP/1.1" 304 - "http://localhost:3000/" "Mozilla/5.0 (Windows NT 10.0; Win64; x64) AppleWebKit/537.36 (KHTML, like Gecko) Chrome/98.0.4758.102 Safari/537.36"

info: ::1 - - [24/Feb/2022:04:13:40 +0000] "GET /api/v1/wishlist/wishlist HTTP/1.1" 304 - "http://localhost:3000/" "Mozilla/5.0 (Windows NT 10.0; Win64; x64) AppleWebKit/537.36 (KHTML, like Gecko) Chrome/98.0.4758.102 Safari/537.36"

info: ::ffff:127.0.0.1 - - [24/Feb/2022:04:19:47 +0000] "POST /api/v1/wishlist/wishlist/620ceeb33650e5241cc6f650 HTTP/1.1" 200 413 "-" "Thunder Client (https://www.thunderclient.com)"

info: ::ffff:127.0.0.1 - - [24/Feb/2022:04:20:03 +0000] "POST /api/v1/wishlist/wishlist/6213c3d859a7de43a88fb887 HTTP/1.1" 200 539 "-" "Thunder Client (https://www.thunderclient.com)"

info: ::ffff:127.0.0.1 - - [24/Feb/2022:04:20:17 +0000] "POST /api/v1/wishlist/wishlist/6213c40059a7de43a88fb88a HTTP/1.1" 200 72 "-" "Thunder Client (https://www.thunderclient.com)"

info: ::ffff:127.0.0.1 - - [24/Feb/2022:04:20:46 +0000] "PUT /api/v1/wishlist/wishlist HTTP/1.1" 404 47 "-" "Thunder Client (https://www.thunderclient.com)"

info: ::ffff:127.0.0.1 - - [24/Feb/2022:04:20:55 +0000] "GET /api/v1/wishlist/wishlist HTTP/1.1" 200 547 "-" "Thunder Client (https://www.thunderclient.com)"

info: ::1 - - [24/Feb/2022:04:21:57 +0000] "POST /api/v1/user/signin HTTP/1.1" 200 267 "http://localhost:3000/" "Mozilla/5.0 (Windows NT 10.0; Win64; x64) AppleWebKit/537.36 (KHTML, like Gecko) Chrome/98.0.4758.102 Safari/537.36"

info: ::1 - - [24/Feb/2022:04:21:57 +0000] "GET /api/v1/cart/getcartbooks HTTP/1.1" 304 - "http://localhost:3000/" "Mozilla/5.0 (Windows NT 10.0; Win64; x64) AppleWebKit/537.36 (KHTML, like Gecko) Chrome/98.0.4758.102 Safari/537.36"

info: ::1 - - [24/Feb/2022:04:21:57 +0000] "GET /api/v1/book/getbook HTTP/1.1" 304 - "http://localhost:3000/" "Mozilla/5.0 (Windows NT 10.0; Win64; x64) AppleWebKit/537.36 (KHTML, like Gecko) Chrome/98.0.4758.102 Safari/537.36"

info: ::1 - - [24/Feb/2022:04:21:57 +0000] "GET /api/v1/wishlist/wishlist HTTP/1.1" 200 547 "http://localhost:3000/" "Mozilla/5.0 (Windows NT 10.0; Win64; x64) AppleWebKit/537.36 (KHTML, like Gecko) Chrome/98.0.4758.102 Safari/537.36"

info: ::1 - - [24/Feb/2022:04:23:01 +0000] "GET /api/v1/cart/getcartbooks HTTP/1.1" 304 - "http://localhost:3000/" "Mozilla/5.0 (Windows NT 10.0; Win64; x64) AppleWebKit/537.36 (KHTML, like Gecko) Chrome/98.0.4758.102 Safari/537.36"

info: ::1 - - [24/Feb/2022:04:23:01 +0000] "GET /api/v1/wishlist/wishlist HTTP/1.1" 304 - "http://localhost:3000/" "Mozilla/5.0 (Windows NT 10.0; Win64; x64) AppleWebKit/537.36 (KHTML, like Gecko) Chrome/98.0.4758.102 Safari/537.36"

info: ::1 - - [24/Feb/2022:04:23:02 +0000] "GET /api/v1/wishlist/wishlist HTTP/1.1" 304 - "http://localhost:3000/" "Mozilla/5.0 (Windows NT 10.0; Win64; x64) AppleWebKit/537.36 (KHTML, like Gecko) Chrome/98.0.4758.102 Safari/537.36"

info: ::1 - - [24/Feb/2022:04:24:41 +0000] "GET /api/v1/wishlist/wishlist HTTP/1.1" 304 - "http://localhost:3000/" "Mozilla/5.0 (Windows NT 10.0; Win64; x64) AppleWebKit/537.36 (KHTML, like Gecko) Chrome/98.0.4758.102 Safari/537.36"

info: ::1 - - [24/Feb/2022:04:24:53 +0000] "GET /api/v1/wishlist/wishlist HTTP/1.1" 304 - "http://localhost:3000/" "Mozilla/5.0 (Windows NT 10.0; Win64; x64) AppleWebKit/537.36 (KHTML, like Gecko) Chrome/98.0.4758.102 Safari/537.36"

info: ::1 - - [24/Feb/2022:04:25:06 +0000] "GET /api/v1/cart/getcartbooks HTTP/1.1" 304 - "http://localhost:3000/" "Mozilla/5.0 (Windows NT 10.0; Win64; x64) AppleWebKit/537.36 (KHTML, like Gecko) Chrome/98.0.4758.102 Safari/537.36"

info: ::1 - - [24/Feb/2022:04:25:07 +0000] "GET /api/v1/wishlist/wishlist HTTP/1.1" 304 - "http://localhost:3000/" "Mozilla/5.0 (Windows NT 10.0; Win64; x64) AppleWebKit/537.36 (KHTML, like Gecko) Chrome/98.0.4758.102 Safari/537.36"

info: ::1 - - [24/Feb/2022:04:25:07 +0000] "GET /api/v1/wishlist/wishlist HTTP/1.1" 304 - "http://localhost:3000/" "Mozilla/5.0 (Windows NT 10.0; Win64; x64) AppleWebKit/537.36 (KHTML, like Gecko) Chrome/98.0.4758.102 Safari/537.36"

info: ::1 - - [24/Feb/2022:04:26:33 +0000] "GET /api/v1/wishlist/wishlist HTTP/1.1" 304 - "http://localhost:3000/" "Mozilla/5.0 (Windows NT 10.0; Win64; x64) AppleWebKit/537.36 (KHTML, like Gecko) Chrome/98.0.4758.102 Safari/537.36"

info: ::1 - - [24/Feb/2022:04:34:00 +0000] "GET /api/v1/cart/getcartbooks HTTP/1.1" 304 - "http://localhost:3000/" "Mozilla/5.0 (Windows NT 10.0; Win64; x64) AppleWebKit/537.36 (KHTML, like Gecko) Chrome/98.0.4758.102 Safari/537.36"

info: ::1 - - [24/Feb/2022:04:34:00 +0000] "GET /api/v1/book/getbook HTTP/1.1" 304 - "http://localhost:3000/" "Mozilla/5.0 (Windows NT 10.0; Win64; x64) AppleWebKit/537.36 (KHTML, like Gecko) Chrome/98.0.4758.102 Safari/537.36"

info: ::1 - - [24/Feb/2022:04:34:00 +0000] "GET /api/v1/wishlist/wishlist HTTP/1.1" 304 - "http://localhost:3000/" "Mozilla/5.0 (Windows NT 10.0; Win64; x64) AppleWebKit/537.36 (KHTML, like Gecko) Chrome/98.0.4758.102 Safari/537.36"

info: ::1 - - [24/Feb/2022:04:43:48 +0000] "GET /api/v1/book/getbook HTTP/1.1" 304 - "http://localhost:3000/" "Mozilla/5.0 (Windows NT 10.0; Win64; x64) AppleWebKit/537.36 (KHTML, like Gecko) Chrome/98.0.4758.102 Safari/537.36"

info: ::1 - - [24/Feb/2022:04:43:48 +0000] "GET /api/v1/cart/getcartbooks HTTP/1.1" 304 - "http://localhost:3000/" "Mozilla/5.0 (Windows NT 10.0; Win64; x64) AppleWebKit/537.36 (KHTML, like Gecko) Chrome/98.0.4758.102 Safari/537.36"

info: ::1 - - [24/Feb/2022:04:43:48 +0000] "GET /api/v1/wishlist/wishlist HTTP/1.1" 304 - "http://localhost:3000/" "Mozilla/5.0 (Windows NT 10.0; Win64; x64) AppleWebKit/537.36 (KHTML, like Gecko) Chrome/98.0.4758.102 Safari/537.36"

info: ::1 - - [24/Feb/2022:04:54:21 +0000] "GET /api/v1/cart/getcartbooks HTTP/1.1" 304 - "http://localhost:3000/" "Mozilla/5.0 (Windows NT 10.0; Win64; x64) AppleWebKit/537.36 (KHTML, like Gecko) Chrome/98.0.4758.102 Safari/537.36"

info: ::1 - - [24/Feb/2022:04:54:21 +0000] "GET /api/v1/wishlist/wishlist HTTP/1.1" 304 - "http://localhost:3000/" "Mozilla/5.0 (Windows NT 10.0; Win64; x64) AppleWebKit/537.36 (KHTML, like Gecko) Chrome/98.0.4758.102 Safari/537.36"

info: ::1 - - [24/Feb/2022:04:54:33 +0000] "GET /api/v1/cart/getcartbooks HTTP/1.1" 304 - "http://localhost:3000/" "Mozilla/5.0 (Windows NT 10.0; Win64; x64) AppleWebKit/537.36 (KHTML, like Gecko) Chrome/98.0.4758.102 Safari/537.36"

info: ::1 - - [24/Feb/2022:04:54:34 +0000] "GET /api/v1/wishlist/wishlist HTTP/1.1" 304 - "http://localhost:3000/" "Mozilla/5.0 (Windows NT 10.0; Win64; x64) AppleWebKit/537.36 (KHTML, like Gecko) Chrome/98.0.4758.102 Safari/537.36"

info: ::1 - - [24/Feb/2022:04:55:39 +0000] "GET /api/v1/cart/getcartbooks HTTP/1.1" 304 - "http://localhost:3000/" "Mozilla/5.0 (Windows NT 10.0; Win64; x64) AppleWebKit/537.36 (KHTML, like Gecko) Chrome/98.0.4758.102 Safari/537.36"

info: ::1 - - [24/Feb/2022:04:55:39 +0000] "GET /api/v1/wishlist/wishlist HTTP/1.1" 304 - "http://localhost:3000/" "Mozilla/5.0 (Windows NT 10.0; Win64; x64) AppleWebKit/537.36 (KHTML, like Gecko) Chrome/98.0.4758.102 Safari/537.36"

info: ::1 - - [24/Feb/2022:04:55:57 +0000] "GET /api/v1/cart/getcartbooks HTTP/1.1" 304 - "http://localhost:3000/" "Mozilla/5.0 (Windows NT 10.0; Win64; x64) AppleWebKit/537.36 (KHTML, like Gecko) Chrome/98.0.4758.102 Safari/537.36"

info: ::1 - - [24/Feb/2022:04:55:58 +0000] "GET /api/v1/wishlist/wishlist HTTP/1.1" 304 - "http://localhost:3000/" "Mozilla/5.0 (Windows NT 10.0; Win64; x64) AppleWebKit/537.36 (KHTML, like Gecko) Chrome/98.0.4758.102 Safari/537.36"

info: ::1 - - [24/Feb/2022:04:56:03 +0000] "GET /api/v1/cart/getcartbooks HTTP/1.1" 304 - "http://localhost:3000/" "Mozilla/5.0 (Windows NT 10.0; Win64; x64) AppleWebKit/537.36 (KHTML, like Gecko) Chrome/98.0.4758.102 Safari/537.36"

info: ::1 - - [24/Feb/2022:04:56:03 +0000] "GET /api/v1/wishlist/wishlist HTTP/1.1" 304 - "http://localhost:3000/" "Mozilla/5.0 (Windows NT 10.0; Win64; x64) AppleWebKit/537.36 (KHTML, like Gecko) Chrome/98.0.4758.102 Safari/537.36"

info: ::1 - - [24/Feb/2022:04:57:26 +0000] "GET /api/v1/book/getbook HTTP/1.1" 304 - "http://localhost:3000/" "Mozilla/5.0 (Windows NT 10.0; Win64; x64) AppleWebKit/537.36 (KHTML, like Gecko) Chrome/98.0.4758.102 Safari/537.36"

info: ::1 - - [24/Feb/2022:04:57:26 +0000] "GET /api/v1/cart/getcartbooks HTTP/1.1" 304 - "http://localhost:3000/" "Mozilla/5.0 (Windows NT 10.0; Win64; x64) AppleWebKit/537.36 (KHTML, like Gecko) Chrome/98.0.4758.102 Safari/537.36"

info: ::1 - - [24/Feb/2022:04:57:26 +0000] "GET /api/v1/wishlist/wishlist HTTP/1.1" 304 - "http://localhost:3000/" "Mozilla/5.0 (Windows NT 10.0; Win64; x64) AppleWebKit/537.36 (KHTML, like Gecko) Chrome/98.0.4758.102 Safari/537.36"

info: ::1 - - [24/Feb/2022:04:57:32 +0000] "POST /api/v1/wishlist/wishlist/6201fafae393522cac4ee2bc HTTP/1.1" 200 665 "http://localhost:3000/" "Mozilla/5.0 (Windows NT 10.0; Win64; x64) AppleWebKit/537.36 (KHTML, like Gecko) Chrome/98.0.4758.102 Safari/537.36"

info: ::1 - - [24/Feb/2022:04:57:32 +0000] "GET /api/v1/book/getbook HTTP/1.1" 304 - "http://localhost:3000/" "Mozilla/5.0 (Windows NT 10.0; Win64; x64) AppleWebKit/537.36 (KHTML, like Gecko) Chrome/98.0.4758.102 Safari/537.36"

info: ::1 - - [24/Feb/2022:04:57:32 +0000] "GET /api/v1/wishlist/wishlist HTTP/1.1" 200 673 "http://localhost:3000/" "Mozilla/5.0 (Windows NT 10.0; Win64; x64) AppleWebKit/537.36 (KHTML, like Gecko) Chrome/98.0.4758.102 Safari/537.36"

info: ::1 - - [24/Feb/2022:04:57:52 +0000] "GET /api/v1/cart/getcartbooks HTTP/1.1" 304 - "http://localhost:3000/" "Mozilla/5.0 (Windows NT 10.0; Win64; x64) AppleWebKit/537.36 (KHTML, like Gecko) Chrome/98.0.4758.102 Safari/537.36"

info: ::1 - - [24/Feb/2022:04:57:52 +0000] "GET /api/v1/book/getbook HTTP/1.1" 304 - "http://localhost:3000/" "Mozilla/5.0 (Windows NT 10.0; Win64; x64) AppleWebKit/537.36 (KHTML, like Gecko) Chrome/98.0.4758.102 Safari/537.36"

info: ::1 - - [24/Feb/2022:04:57:52 +0000] "GET /api/v1/wishlist/wishlist HTTP/1.1" 304 - "http://localhost:3000/" "Mozilla/5.0 (Windows NT 10.0; Win64; x64) AppleWebKit/537.36 (KHTML, like Gecko) Chrome/98.0.4758.102 Safari/537.36"

info: ::1 - - [24/Feb/2022:05:01:52 +0000] "GET /api/v1/cart/getcartbooks HTTP/1.1" 304 - "http://localhost:3000/" "Mozilla/5.0 (Windows NT 10.0; Win64; x64) AppleWebKit/537.36 (KHTML, like Gecko) Chrome/98.0.4758.102 Safari/537.36"

info: ::1 - - [24/Feb/2022:05:01:52 +0000] "GET /api/v1/wishlist/wishlist HTTP/1.1" 304 - "http://localhost:3000/" "Mozilla/5.0 (Windows NT 10.0; Win64; x64) AppleWebKit/537.36 (KHTML, like Gecko) Chrome/98.0.4758.102 Safari/537.36"

info: ::1 - - [24/Feb/2022:05:02:34 +0000] "GET /api/v1/cart/getcartbooks HTTP/1.1" 304 - "http://localhost:3000/" "Mozilla/5.0 (Windows NT 10.0; Win64; x64) AppleWebKit/537.36 (KHTML, like Gecko) Chrome/98.0.4758.102 Safari/537.36"

info: ::1 - - [24/Feb/2022:05:02:34 +0000] "GET /api/v1/wishlist/wishlist HTTP/1.1" 304 - "http://localhost:3000/" "Mozilla/5.0 (Windows NT 10.0; Win64; x64) AppleWebKit/537.36 (KHTML, like Gecko) Chrome/98.0.4758.102 Safari/537.36"

info: ::1 - - [24/Feb/2022:05:02:38 +0000] "GET /api/v1/cart/getcartbooks HTTP/1.1" 304 - "http://localhost:3000/" "Mozilla/5.0 (Windows NT 10.0; Win64; x64) AppleWebKit/537.36 (KHTML, like Gecko) Chrome/98.0.4758.102 Safari/537.36"

info: ::1 - - [24/Feb/2022:05:02:38 +0000] "GET /api/v1/book/getbook HTTP/1.1" 304 - "http://localhost:3000/" "Mozilla/5.0 (Windows NT 10.0; Win64; x64) AppleWebKit/537.36 (KHTML, like Gecko) Chrome/98.0.4758.102 Safari/537.36"

info: ::1 - - [24/Feb/2022:05:02:39 +0000] "GET /api/v1/wishlist/wishlist HTTP/1.1" 304 - "http://localhost:3000/" "Mozilla/5.0 (Windows NT 10.0; Win64; x64) AppleWebKit/537.36 (KHTML, like Gecko) Chrome/98.0.4758.102 Safari/537.36"

info: ::1 - - [24/Feb/2022:05:02:46 +0000] "GET /api/v1/cart/getcartbooks HTTP/1.1" 304 - "http://localhost:3000/" "Mozilla/5.0 (Windows NT 10.0; Win64; x64) AppleWebKit/537.36 (KHTML, like Gecko) Chrome/98.0.4758.102 Safari/537.36"

info: ::1 - - [24/Feb/2022:05:02:46 +0000] "GET /api/v1/wishlist/wishlist HTTP/1.1" 304 - "http://localhost:3000/" "Mozilla/5.0 (Windows NT 10.0; Win64; x64) AppleWebKit/537.36 (KHTML, like Gecko) Chrome/98.0.4758.102 Safari/537.36"

info: ::1 - - [24/Feb/2022:05:02:52 +0000] "GET /api/v1/cart/getcartbooks HTTP/1.1" 304 - "http://localhost:3000/" "Mozilla/5.0 (Windows NT 10.0; Win64; x64) AppleWebKit/537.36 (KHTML, like Gecko) Chrome/98.0.4758.102 Safari/537.36"

info: ::1 - - [24/Feb/2022:05:02:52 +0000] "GET /api/v1/book/getbook HTTP/1.1" 304 - "http://localhost:3000/" "Mozilla/5.0 (Windows NT 10.0; Win64; x64) AppleWebKit/537.36 (KHTML, like Gecko) Chrome/98.0.4758.102 Safari/537.36"

info: ::1 - - [24/Feb/2022:05:02:53 +0000] "GET /api/v1/wishlist/wishlist HTTP/1.1" 304 - "http://localhost:3000/" "Mozilla/5.0 (Windows NT 10.0; Win64; x64) AppleWebKit/537.36 (KHTML, like Gecko) Chrome/98.0.4758.102 Safari/537.36"

info: ::1 - - [24/Feb/2022:05:02:57 +0000] "POST /api/v1/wishlist/wishlist/6201fbb5e393522cac4ee2bf HTTP/1.1" 200 788 "http://localhost:3000/" "Mozilla/5.0 (Windows NT 10.0; Win64; x64) AppleWebKit/537.36 (KHTML, like Gecko) Chrome/98.0.4758.102 Safari/537.36"

info: ::1 - - [24/Feb/2022:05:02:58 +0000] "GET /api/v1/book/getbook HTTP/1.1" 304 - "http://localhost:3000/" "Mozilla/5.0 (Windows NT 10.0; Win64; x64) AppleWebKit/537.36 (KHTML, like Gecko) Chrome/98.0.4758.102 Safari/537.36"

info: ::1 - - [24/Feb/2022:05:02:58 +0000] "GET /api/v1/wishlist/wishlist HTTP/1.1" 200 796 "http://localhost:3000/" "Mozilla/5.0 (Windows NT 10.0; Win64; x64) AppleWebKit/537.36 (KHTML, like Gecko) Chrome/98.0.4758.102 Safari/537.36"

info: ::1 - - [24/Feb/2022:05:03:13 +0000] "POST /api/v1/wishlist/wishlist/6201fafae393522cac4ee2bc HTTP/1.1" 200 72 "http://localhost:3000/" "Mozilla/5.0 (Windows NT 10.0; Win64; x64) AppleWebKit/537.36 (KHTML, like Gecko) Chrome/98.0.4758.102 Safari/537.36"

info: ::1 - - [24/Feb/2022:05:03:14 +0000] "GET /api/v1/book/getbook HTTP/1.1" 304 - "http://localhost:3000/" "Mozilla/5.0 (Windows NT 10.0; Win64; x64) AppleWebKit/537.36 (KHTML, like Gecko) Chrome/98.0.4758.102 Safari/537.36"

info: ::1 - - [24/Feb/2022:05:03:15 +0000] "GET /api/v1/wishlist/wishlist HTTP/1.1" 304 - "http://localhost:3000/" "Mozilla/5.0 (Windows NT 10.0; Win64; x64) AppleWebKit/537.36 (KHTML, like Gecko) Chrome/98.0.4758.102 Safari/537.36"

info: ::1 - - [24/Feb/2022:05:03:31 +0000] "GET /api/v1/cart/getcartbooks HTTP/1.1" 304 - "http://localhost:3000/" "Mozilla/5.0 (Windows NT 10.0; Win64; x64) AppleWebKit/537.36 (KHTML, like Gecko) Chrome/98.0.4758.102 Safari/537.36"

info: ::1 - - [24/Feb/2022:05:03:31 +0000] "GET /api/v1/wishlist/wishlist HTTP/1.1" 304 - "http://localhost:3000/" "Mozilla/5.0 (Windows NT 10.0; Win64; x64) AppleWebKit/537.36 (KHTML, like Gecko) Chrome/98.0.4758.102 Safari/537.36"

info: ::ffff:127.0.0.1 - - [24/Feb/2022:05:04:17 +0000] "POST /api/v1/wishlist/wishlist/620ceeb33650e5241cc6f650 HTTP/1.1" 200 72 "-" "Thunder Client (https://www.thunderclient.com)"

info: ::ffff:127.0.0.1 - - [24/Feb/2022:05:04:38 +0000] "POST /api/v1/wishlist/wishlist/620a6bcfb073f94200af413f HTTP/1.1" 200 923 "-" "Thunder Client (https://www.thunderclient.com)"

info: ::1 - - [24/Feb/2022:05:04:53 +0000] "GET /api/v1/cart/getcartbooks HTTP/1.1" 304 - "http://localhost:3000/" "Mozilla/5.0 (Windows NT 10.0; Win64; x64) AppleWebKit/537.36 (KHTML, like Gecko) Chrome/98.0.4758.102 Safari/537.36"

info: ::1 - - [24/Feb/2022:05:04:53 +0000] "GET /api/v1/wishlist/wishlist HTTP/1.1" 200 931 "http://localhost:3000/" "Mozilla/5.0 (Windows NT 10.0; Win64; x64) AppleWebKit/537.36 (KHTML, like Gecko) Chrome/98.0.4758.102 Safari/537.36"

info: ::1 - - [24/Feb/2022:06:29:50 +0000] "GET /api/v1/cart/getcartbooks HTTP/1.1" 304 - "http://localhost:3000/" "Mozilla/5.0 (Windows NT 10.0; Win64; x64) AppleWebKit/537.36 (KHTML, like Gecko) Chrome/98.0.4758.102 Safari/537.36"

info: ::1 - - [24/Feb/2022:06:29:50 +0000] "GET /api/v1/wishlist/wishlist HTTP/1.1" 304 - "http://localhost:3000/" "Mozilla/5.0 (Windows NT 10.0; Win64; x64) AppleWebKit/537.36 (KHTML, like Gecko) Chrome/98.0.4758.102 Safari/537.36"

info: ::1 - - [24/Feb/2022:06:29:51 +0000] "GET /api/v1/cart/getcartbooks HTTP/1.1" 304 - "http://localhost:3000/" "Mozilla/5.0 (Windows NT 10.0; Win64; x64) AppleWebKit/537.36 (KHTML, like Gecko) Chrome/98.0.4758.102 Safari/537.36"

info: ::1 - - [24/Feb/2022:06:29:58 +0000] "GET /api/v1/book/getbook HTTP/1.1" 304 - "http://localhost:3000/" "Mozilla/5.0 (Windows NT 10.0; Win64; x64) AppleWebKit/537.36 (KHTML, like Gecko) Chrome/98.0.4758.102 Safari/537.36"

info: ::1 - - [24/Feb/2022:06:29:58 +0000] "GET /api/v1/cart/getcartbooks HTTP/1.1" 304 - "http://localhost:3000/" "Mozilla/5.0 (Windows NT 10.0; Win64; x64) AppleWebKit/537.36 (KHTML, like Gecko) Chrome/98.0.4758.102 Safari/537.36"

info: ::1 - - [24/Feb/2022:06:29:59 +0000] "GET /api/v1/wishlist/wishlist HTTP/1.1" 304 - "http://localhost:3000/" "Mozilla/5.0 (Windows NT 10.0; Win64; x64) AppleWebKit/537.36 (KHTML, like Gecko) Chrome/98.0.4758.102 Safari/537.36"

info: ::1 - - [24/Feb/2022:06:30:06 +0000] "GET /api/v1/cart/getcartbooks HTTP/1.1" 304 - "http://localhost:3000/" "Mozilla/5.0 (Windows NT 10.0; Win64; x64) AppleWebKit/537.36 (KHTML, like Gecko) Chrome/98.0.4758.102 Safari/537.36"

info: ::1 - - [24/Feb/2022:06:30:07 +0000] "GET /api/v1/wishlist/wishlist HTTP/1.1" 304 - "http://localhost:3000/" "Mozilla/5.0 (Windows NT 10.0; Win64; x64) AppleWebKit/537.36 (KHTML, like Gecko) Chrome/98.0.4758.102 Safari/537.36"

info: ::1 - - [24/Feb/2022:06:35:16 +0000] "GET /api/v1/book/getbook HTTP/1.1" 304 - "http://localhost:3000/" "Mozilla/5.0 (Windows NT 10.0; Win64; x64) AppleWebKit/537.36 (KHTML, like Gecko) Chrome/98.0.4758.102 Safari/537.36"

info: ::1 - - [24/Feb/2022:06:35:16 +0000] "GET /api/v1/cart/getcartbooks HTTP/1.1" 304 - "http://localhost:3000/" "Mozilla/5.0 (Windows NT 10.0; Win64; x64) AppleWebKit/537.36 (KHTML, like Gecko) Chrome/98.0.4758.102 Safari/537.36"

info: ::1 - - [24/Feb/2022:06:35:17 +0000] "GET /api/v1/wishlist/wishlist HTTP/1.1" 304 - "http://localhost:3000/" "Mozilla/5.0 (Windows NT 10.0; Win64; x64) AppleWebKit/537.36 (KHTML, like Gecko) Chrome/98.0.4758.102 Safari/537.36"

info: ::1 - - [24/Feb/2022:06:35:22 +0000] "POST /api/v1/cart/cart/6201fafae393522cac4ee2bc HTTP/1.1" 200 72 "http://localhost:3000/" "Mozilla/5.0 (Windows NT 10.0; Win64; x64) AppleWebKit/537.36 (KHTML, like Gecko) Chrome/98.0.4758.102 Safari/537.36"

info: ::1 - - [24/Feb/2022:06:35:22 +0000] "GET /api/v1/book/getbook HTTP/1.1" 304 - "http://localhost:3000/" "Mozilla/5.0 (Windows NT 10.0; Win64; x64) AppleWebKit/537.36 (KHTML, like Gecko) Chrome/98.0.4758.102 Safari/537.36"

info: ::1 - - [24/Feb/2022:06:35:22 +0000] "GET /api/v1/cart/getcartbooks HTTP/1.1" 200 626 "http://localhost:3000/" "Mozilla/5.0 (Windows NT 10.0; Win64; x64) AppleWebKit/537.36 (KHTML, like Gecko) Chrome/98.0.4758.102 Safari/537.36"

info: ::1 - - [24/Feb/2022:06:37:09 +0000] "GET /api/v1/book/getbook HTTP/1.1" 304 - "http://localhost:3000/" "Mozilla/5.0 (Windows NT 10.0; Win64; x64) AppleWebKit/537.36 (KHTML, like Gecko) Chrome/98.0.4758.102 Safari/537.36"

info: ::1 - - [24/Feb/2022:06:37:09 +0000] "GET /api/v1/cart/getcartbooks HTTP/1.1" 304 - "http://localhost:3000/" "Mozilla/5.0 (Windows NT 10.0; Win64; x64) AppleWebKit/537.36 (KHTML, like Gecko) Chrome/98.0.4758.102 Safari/537.36"

info: ::1 - - [24/Feb/2022:06:37:09 +0000] "GET /api/v1/wishlist/wishlist HTTP/1.1" 304 - "http://localhost:3000/" "Mozilla/5.0 (Windows NT 10.0; Win64; x64) AppleWebKit/537.36 (KHTML, like Gecko) Chrome/98.0.4758.102 Safari/537.36"

info: ::1 - - [24/Feb/2022:06:41:19 +0000] "POST /api/v1/wishlist/wishlist/6201fbb5e393522cac4ee2bf HTTP/1.1" 400 56 "http://localhost:3000/" "Mozilla/5.0 (Windows NT 10.0; Win64; x64) AppleWebKit/537.36 (KHTML, like Gecko) Chrome/98.0.4758.102 Safari/537.36"

info: ::1 - - [24/Feb/2022:06:42:41 +0000] "GET /api/v1/book/getbook HTTP/1.1" 304 - "http://localhost:3000/" "Mozilla/5.0 (Windows NT 10.0; Win64; x64) AppleWebKit/537.36 (KHTML, like Gecko) Chrome/98.0.4758.102 Safari/537.36"

info: ::1 - - [24/Feb/2022:06:42:41 +0000] "GET /api/v1/cart/getcartbooks HTTP/1.1" 304 - "http://localhost:3000/" "Mozilla/5.0 (Windows NT 10.0; Win64; x64) AppleWebKit/537.36 (KHTML, like Gecko) Chrome/98.0.4758.102 Safari/537.36"

info: ::1 - - [24/Feb/2022:06:42:42 +0000] "GET /api/v1/wishlist/wishlist HTTP/1.1" 304 - "http://localhost:3000/" "Mozilla/5.0 (Windows NT 10.0; Win64; x64) AppleWebKit/537.36 (KHTML, like Gecko) Chrome/98.0.4758.102 Safari/537.36"

info: ::1 - - [24/Feb/2022:06:42:51 +0000] "GET /api/v1/book/getbook HTTP/1.1" 304 - "http://localhost:3000/" "Mozilla/5.0 (Windows NT 10.0; Win64; x64) AppleWebKit/537.36 (KHTML, like Gecko) Chrome/98.0.4758.102 Safari/537.36"

info: ::1 - - [24/Feb/2022:06:42:51 +0000] "GET /api/v1/cart/getcartbooks HTTP/1.1" 304 - "http://localhost:3000/" "Mozilla/5.0 (Windows NT 10.0; Win64; x64) AppleWebKit/537.36 (KHTML, like Gecko) Chrome/98.0.4758.102 Safari/537.36"

info: ::1 - - [24/Feb/2022:06:42:51 +0000] "GET /api/v1/wishlist/wishlist HTTP/1.1" 304 - "http://localhost:3000/" "Mozilla/5.0 (Windows NT 10.0; Win64; x64) AppleWebKit/537.36 (KHTML, like Gecko) Chrome/98.0.4758.102 Safari/537.36"

info: ::1 - - [24/Feb/2022:06:42:54 +0000] "POST /api/v1/wishlist/wishlist/6201fbb5e393522cac4ee2bf HTTP/1.1" 400 56 "http://localhost:3000/" "Mozilla/5.0 (Windows NT 10.0; Win64; x64) AppleWebKit/537.36 (KHTML, like Gecko) Chrome/98.0.4758.102 Safari/537.36"

info: ::1 - - [24/Feb/2022:06:44:01 +0000] "GET /api/v1/book/getbook HTTP/1.1" 304 - "http://localhost:3000/" "Mozilla/5.0 (Windows NT 10.0; Win64; x64) AppleWebKit/537.36 (KHTML, like Gecko) Chrome/98.0.4758.102 Safari/537.36"

info: ::1 - - [24/Feb/2022:06:44:01 +0000] "GET /api/v1/cart/getcartbooks HTTP/1.1" 304 - "http://localhost:3000/" "Mozilla/5.0 (Windows NT 10.0; Win64; x64) AppleWebKit/537.36 (KHTML, like Gecko) Chrome/98.0.4758.102 Safari/537.36"

info: ::1 - - [24/Feb/2022:06:44:02 +0000] "GET /api/v1/wishlist/wishlist HTTP/1.1" 304 - "http://localhost:3000/" "Mozilla/5.0 (Windows NT 10.0; Win64; x64) AppleWebKit/537.36 (KHTML, like Gecko) Chrome/98.0.4758.102 Safari/537.36"

info: ::1 - - [24/Feb/2022:06:44:08 +0000] "GET /api/v1/cart/getcartbooks HTTP/1.1" 304 - "http://localhost:3000/" "Mozilla/5.0 (Windows NT 10.0; Win64; x64) AppleWebKit/537.36 (KHTML, like Gecko) Chrome/98.0.4758.102 Safari/537.36"

info: ::1 - - [24/Feb/2022:06:44:08 +0000] "GET /api/v1/book/getbook HTTP/1.1" 304 - "http://localhost:3000/" "Mozilla/5.0 (Windows NT 10.0; Win64; x64) AppleWebKit/537.36 (KHTML, like Gecko) Chrome/98.0.4758.102 Safari/537.36"

info: ::1 - - [24/Feb/2022:06:44:08 +0000] "GET /api/v1/wishlist/wishlist HTTP/1.1" 304 - "http://localhost:3000/" "Mozilla/5.0 (Windows NT 10.0; Win64; x64) AppleWebKit/537.36 (KHTML, like Gecko) Chrome/98.0.4758.102 Safari/537.36"

info: ::1 - - [24/Feb/2022:06:44:52 +0000] "GET /api/v1/cart/getcartbooks HTTP/1.1" 304 - "http://localhost:3000/" "Mozilla/5.0 (Windows NT 10.0; Win64; x64) AppleWebKit/537.36 (KHTML, like Gecko) Chrome/98.0.4758.102 Safari/537.36"

info: ::1 - - [24/Feb/2022:06:44:52 +0000] "GET /api/v1/book/getbook HTTP/1.1" 304 - "http://localhost:3000/" "Mozilla/5.0 (Windows NT 10.0; Win64; x64) AppleWebKit/537.36 (KHTML, like Gecko) Chrome/98.0.4758.102 Safari/537.36"

info: ::1 - - [24/Feb/2022:06:44:52 +0000] "GET /api/v1/wishlist/wishlist HTTP/1.1" 200 75 "http://localhost:3000/" "Mozilla/5.0 (Windows NT 10.0; Win64; x64) AppleWebKit/537.36 (KHTML, like Gecko) Chrome/98.0.4758.102 Safari/537.36"

info: ::1 - - [24/Feb/2022:06:45:07 +0000] "POST /api/v1/wishlist/wishlist/6201fbb5e393522cac4ee2bf HTTP/1.1" 400 56 "http://localhost:3000/" "Mozilla/5.0 (Windows NT 10.0; Win64; x64) AppleWebKit/537.36 (KHTML, like Gecko) Chrome/98.0.4758.102 Safari/537.36"

info: ::1 - - [24/Feb/2022:06:45:14 +0000] "GET /api/v1/cart/getcartbooks HTTP/1.1" 304 - "http://localhost:3000/" "Mozilla/5.0 (Windows NT 10.0; Win64; x64) AppleWebKit/537.36 (KHTML, like Gecko) Chrome/98.0.4758.102 Safari/537.36"

info: ::1 - - [24/Feb/2022:06:45:14 +0000] "GET /api/v1/wishlist/wishlist HTTP/1.1" 304 - "http://localhost:3000/" "Mozilla/5.0 (Windows NT 10.0; Win64; x64) AppleWebKit/537.36 (KHTML, like Gecko) Chrome/98.0.4758.102 Safari/537.36"

info: ::1 - - [24/Feb/2022:06:45:19 +0000] "GET /api/v1/cart/getcartbooks HTTP/1.1" 304 - "http://localhost:3000/" "Mozilla/5.0 (Windows NT 10.0; Win64; x64) AppleWebKit/537.36 (KHTML, like Gecko) Chrome/98.0.4758.102 Safari/537.36"

info: ::1 - - [24/Feb/2022:06:45:19 +0000] "GET /api/v1/wishlist/wishlist HTTP/1.1" 304 - "http://localhost:3000/" "Mozilla/5.0 (Windows NT 10.0; Win64; x64) AppleWebKit/537.36 (KHTML, like Gecko) Chrome/98.0.4758.102 Safari/537.36"

info: ::1 - - [24/Feb/2022:06:45:33 +0000] "GET /api/v1/cart/getcartbooks HTTP/1.1" 304 - "http://localhost:3000/" "Mozilla/5.0 (Windows NT 10.0; Win64; x64) AppleWebKit/537.36 (KHTML, like Gecko) Chrome/98.0.4758.102 Safari/537.36"

info: ::1 - - [24/Feb/2022:06:45:33 +0000] "GET /api/v1/book/getbook HTTP/1.1" 304 - "http://localhost:3000/" "Mozilla/5.0 (Windows NT 10.0; Win64; x64) AppleWebKit/537.36 (KHTML, like Gecko) Chrome/98.0.4758.102 Safari/537.36"

info: ::1 - - [24/Feb/2022:06:45:33 +0000] "GET /api/v1/wishlist/wishlist HTTP/1.1" 304 - "http://localhost:3000/" "Mozilla/5.0 (Windows NT 10.0; Win64; x64) AppleWebKit/537.36 (KHTML, like Gecko) Chrome/98.0.4758.102 Safari/537.36"

info: ::ffff:127.0.0.1 - - [24/Feb/2022:06:46:25 +0000] "POST /api/v1/wishlist/wishlist/620a6bcfb073f94200af413f HTTP/1.1" 201 293 "-" "Thunder Client (https://www.thunderclient.com)"

info: ::1 - - [24/Feb/2022:06:46:30 +0000] "GET /api/v1/book/getbook HTTP/1.1" 304 - "http://localhost:3000/" "Mozilla/5.0 (Windows NT 10.0; Win64; x64) AppleWebKit/537.36 (KHTML, like Gecko) Chrome/98.0.4758.102 Safari/537.36"

info: ::1 - - [24/Feb/2022:06:46:30 +0000] "GET /api/v1/cart/getcartbooks HTTP/1.1" 304 - "http://localhost:3000/" "Mozilla/5.0 (Windows NT 10.0; Win64; x64) AppleWebKit/537.36 (KHTML, like Gecko) Chrome/98.0.4758.102 Safari/537.36"

info: ::1 - - [24/Feb/2022:06:46:31 +0000] "GET /api/v1/wishlist/wishlist HTTP/1.1" 200 296 "http://localhost:3000/" "Mozilla/5.0 (Windows NT 10.0; Win64; x64) AppleWebKit/537.36 (KHTML, like Gecko) Chrome/98.0.4758.102 Safari/537.36"

info: ::1 - - [24/Feb/2022:06:47:25 +0000] "GET /api/v1/cart/getcartbooks HTTP/1.1" 304 - "http://localhost:3000/" "Mozilla/5.0 (Windows NT 10.0; Win64; x64) AppleWebKit/537.36 (KHTML, like Gecko) Chrome/98.0.4758.102 Safari/537.36"

info: ::1 - - [24/Feb/2022:06:47:26 +0000] "GET /api/v1/wishlist/wishlist HTTP/1.1" 304 - "http://localhost:3000/" "Mozilla/5.0 (Windows NT 10.0; Win64; x64) AppleWebKit/537.36 (KHTML, like Gecko) Chrome/98.0.4758.102 Safari/537.36"

info: ::1 - - [24/Feb/2022:06:47:31 +0000] "GET /api/v1/cart/getcartbooks HTTP/1.1" 304 - "http://localhost:3000/" "Mozilla/5.0 (Windows NT 10.0; Win64; x64) AppleWebKit/537.36 (KHTML, like Gecko) Chrome/98.0.4758.102 Safari/537.36"

info: ::1 - - [24/Feb/2022:06:47:32 +0000] "GET /api/v1/wishlist/wishlist HTTP/1.1" 304 - "http://localhost:3000/" "Mozilla/5.0 (Windows NT 10.0; Win64; x64) AppleWebKit/537.36 (KHTML, like Gecko) Chrome/98.0.4758.102 Safari/537.36"

info: ::1 - - [24/Feb/2022:06:47:32 +0000] "GET /api/v1/cart/getcartbooks HTTP/1.1" 304 - "http://localhost:3000/" "Mozilla/5.0 (Windows NT 10.0; Win64; x64) AppleWebKit/537.36 (KHTML, like Gecko) Chrome/98.0.4758.102 Safari/537.36"

info: ::1 - - [24/Feb/2022:06:47:36 +0000] "GET /api/v1/book/getbook HTTP/1.1" 304 - "http://localhost:3000/" "Mozilla/5.0 (Windows NT 10.0; Win64; x64) AppleWebKit/537.36 (KHTML, like Gecko) Chrome/98.0.4758.102 Safari/537.36"

info: ::1 - - [24/Feb/2022:06:47:36 +0000] "GET /api/v1/cart/getcartbooks HTTP/1.1" 304 - "http://localhost:3000/" "Mozilla/5.0 (Windows NT 10.0; Win64; x64) AppleWebKit/537.36 (KHTML, like Gecko) Chrome/98.0.4758.102 Safari/537.36"

info: ::1 - - [24/Feb/2022:06:47:36 +0000] "GET /api/v1/wishlist/wishlist HTTP/1.1" 304 - "http://localhost:3000/" "Mozilla/5.0 (Windows NT 10.0; Win64; x64) AppleWebKit/537.36 (KHTML, like Gecko) Chrome/98.0.4758.102 Safari/537.36"

info: ::1 - - [24/Feb/2022:06:49:09 +0000] "GET /api/v1/book/getbook HTTP/1.1" 304 - "http://localhost:3000/" "Mozilla/5.0 (Windows NT 10.0; Win64; x64) AppleWebKit/537.36 (KHTML, like Gecko) Chrome/98.0.4758.102 Safari/537.36"

info: ::1 - - [24/Feb/2022:06:49:09 +0000] "GET /api/v1/cart/getcartbooks HTTP/1.1" 304 - "http://localhost:3000/" "Mozilla/5.0 (Windows NT 10.0; Win64; x64) AppleWebKit/537.36 (KHTML, like Gecko) Chrome/98.0.4758.102 Safari/537.36"

info: ::1 - - [24/Feb/2022:06:49:09 +0000] "GET /api/v1/wishlist/wishlist HTTP/1.1" 304 - "http://localhost:3000/" "Mozilla/5.0 (Windows NT 10.0; Win64; x64) AppleWebKit/537.36 (KHTML, like Gecko) Chrome/98.0.4758.102 Safari/537.36"

info: ::1 - - [24/Feb/2022:06:50:02 +0000] "GET /api/v1/book/getbook HTTP/1.1" 304 - "http://localhost:3000/" "Mozilla/5.0 (Windows NT 10.0; Win64; x64) AppleWebKit/537.36 (KHTML, like Gecko) Chrome/98.0.4758.102 Safari/537.36"

info: ::1 - - [24/Feb/2022:06:50:02 +0000] "GET /api/v1/cart/getcartbooks HTTP/1.1" 304 - "http://localhost:3000/" "Mozilla/5.0 (Windows NT 10.0; Win64; x64) AppleWebKit/537.36 (KHTML, like Gecko) Chrome/98.0.4758.102 Safari/537.36"

info: ::1 - - [24/Feb/2022:06:50:02 +0000] "GET /api/v1/wishlist/wishlist HTTP/1.1" 304 - "http://localhost:3000/" "Mozilla/5.0 (Windows NT 10.0; Win64; x64) AppleWebKit/537.36 (KHTML, like Gecko) Chrome/98.0.4758.102 Safari/537.36"

info: ::1 - - [24/Feb/2022:06:50:32 +0000] "GET /api/v1/book/getbook HTTP/1.1" 304 - "http://localhost:3000/" "Mozilla/5.0 (Windows NT 10.0; Win64; x64) AppleWebKit/537.36 (KHTML, like Gecko) Chrome/98.0.4758.102 Safari/537.36"

info: ::1 - - [24/Feb/2022:06:50:32 +0000] "GET /api/v1/cart/getcartbooks HTTP/1.1" 304 - "http://localhost:3000/" "Mozilla/5.0 (Windows NT 10.0; Win64; x64) AppleWebKit/537.36 (KHTML, like Gecko) Chrome/98.0.4758.102 Safari/537.36"

info: ::1 - - [24/Feb/2022:06:50:33 +0000] "GET /api/v1/wishlist/wishlist HTTP/1.1" 304 - "http://localhost:3000/" "Mozilla/5.0 (Windows NT 10.0; Win64; x64) AppleWebKit/537.36 (KHTML, like Gecko) Chrome/98.0.4758.102 Safari/537.36"

info: ::1 - - [24/Feb/2022:10:08:50 +0000] "POST /api/v1/user/signin HTTP/1.1" 200 267 "http://localhost:3000/" "Mozilla/5.0 (Windows NT 10.0; Win64; x64) AppleWebKit/537.36 (KHTML, like Gecko) Chrome/98.0.4758.102 Safari/537.36"

info: ::1 - - [24/Feb/2022:10:08:51 +0000] "GET /api/v1/book/getbook HTTP/1.1" 304 - "http://localhost:3000/" "Mozilla/5.0 (Windows NT 10.0; Win64; x64) AppleWebKit/537.36 (KHTML, like Gecko) Chrome/98.0.4758.102 Safari/537.36"

info: ::1 - - [24/Feb/2022:10:08:51 +0000] "GET /api/v1/cart/getcartbooks HTTP/1.1" 304 - "http://localhost:3000/" "Mozilla/5.0 (Windows NT 10.0; Win64; x64) AppleWebKit/537.36 (KHTML, like Gecko) Chrome/98.0.4758.102 Safari/537.36"

info: ::1 - - [24/Feb/2022:10:08:52 +0000] "GET /api/v1/wishlist/wishlist HTTP/1.1" 304 - "http://localhost:3000/" "Mozilla/5.0 (Windows NT 10.0; Win64; x64) AppleWebKit/537.36 (KHTML, like Gecko) Chrome/98.0.4758.102 Safari/537.36"

info: ::1 - - [24/Feb/2022:10:08:57 +0000] "GET /api/v1/cart/getcartbooks HTTP/1.1" 304 - "http://localhost:3000/" "Mozilla/5.0 (Windows NT 10.0; Win64; x64) AppleWebKit/537.36 (KHTML, like Gecko) Chrome/98.0.4758.102 Safari/537.36"

info: ::1 - - [24/Feb/2022:10:08:57 +0000] "GET /api/v1/cart/getcartbooks HTTP/1.1" 304 - "http://localhost:3000/" "Mozilla/5.0 (Windows NT 10.0; Win64; x64) AppleWebKit/537.36 (KHTML, like Gecko) Chrome/98.0.4758.102 Safari/537.36"

info: ::1 - - [24/Feb/2022:10:08:57 +0000] "GET /api/v1/wishlist/wishlist HTTP/1.1" 304 - "http://localhost:3000/" "Mozilla/5.0 (Windows NT 10.0; Win64; x64) AppleWebKit/537.36 (KHTML, like Gecko) Chrome/98.0.4758.102 Safari/537.36"

info: ::1 - - [24/Feb/2022:10:09:04 +0000] "POST /api/v1/customer/address HTTP/1.1" 500 62 "http://localhost:3000/" "Mozilla/5.0 (Windows NT 10.0; Win64; x64) AppleWebKit/537.36 (KHTML, like Gecko) Chrome/98.0.4758.102 Safari/537.36"

info: ::1 - - [24/Feb/2022:10:13:06 +0000] "GET /api/v1/cart/getcartbooks HTTP/1.1" 304 - "http://localhost:3000/" "Mozilla/5.0 (Windows NT 10.0; Win64; x64) AppleWebKit/537.36 (KHTML, like Gecko) Chrome/98.0.4758.102 Safari/537.36"

info: ::1 - - [24/Feb/2022:10:13:07 +0000] "GET /api/v1/cart/getcartbooks HTTP/1.1" 304 - "http://localhost:3000/" "Mozilla/5.0 (Windows NT 10.0; Win64; x64) AppleWebKit/537.36 (KHTML, like Gecko) Chrome/98.0.4758.102 Safari/537.36"

info: ::1 - - [24/Feb/2022:10:13:07 +0000] "GET /api/v1/wishlist/wishlist HTTP/1.1" 304 - "http://localhost:3000/" "Mozilla/5.0 (Windows NT 10.0; Win64; x64) AppleWebKit/537.36 (KHTML, like Gecko) Chrome/98.0.4758.102 Safari/537.36"

info: ::1 - - [24/Feb/2022:10:13:46 +0000] "POST /api/v1/customer/address HTTP/1.1" 500 62 "http://localhost:3000/" "Mozilla/5.0 (Windows NT 10.0; Win64; x64) AppleWebKit/537.36 (KHTML, like Gecko) Chrome/98.0.4758.102 Safari/537.36"

info: ::1 - - [24/Feb/2022:12:16:47 +0000] "GET /api/v1/book/getbook HTTP/1.1" 304 - "http://localhost:3000/" "Mozilla/5.0 (Windows NT 10.0; Win64; x64) AppleWebKit/537.36 (KHTML, like Gecko) Chrome/98.0.4758.102 Safari/537.36"

info: ::1 - - [24/Feb/2022:12:16:47 +0000] "GET /api/v1/cart/getcartbooks HTTP/1.1" 304 - "http://localhost:3000/" "Mozilla/5.0 (Windows NT 10.0; Win64; x64) AppleWebKit/537.36 (KHTML, like Gecko) Chrome/98.0.4758.102 Safari/537.36"

info: ::1 - - [24/Feb/2022:12:16:47 +0000] "GET /api/v1/wishlist/wishlist HTTP/1.1" 304 - "http://localhost:3000/" "Mozilla/5.0 (Windows NT 10.0; Win64; x64) AppleWebKit/537.36 (KHTML, like Gecko) Chrome/98.0.4758.102 Safari/537.36"

info: ::1 - - [24/Feb/2022:13:25:15 +0000] "GET /api/v1/cart/getcartbooks HTTP/1.1" 304 - "http://localhost:3000/" "Mozilla/5.0 (Windows NT 10.0; Win64; x64) AppleWebKit/537.36 (KHTML, like Gecko) Chrome/98.0.4758.102 Safari/537.36"

info: ::1 - - [24/Feb/2022:13:25:15 +0000] "GET /api/v1/wishlist/wishlist HTTP/1.1" 304 - "http://localhost:3000/" "Mozilla/5.0 (Windows NT 10.0; Win64; x64) AppleWebKit/537.36 (KHTML, like Gecko) Chrome/98.0.4758.102 Safari/537.36"

info: ::1 - - [24/Feb/2022:13:25:16 +0000] "GET /api/v1/wishlist/wishlist HTTP/1.1" 304 - "http://localhost:3000/" "Mozilla/5.0 (Windows NT 10.0; Win64; x64) AppleWebKit/537.36 (KHTML, like Gecko) Chrome/98.0.4758.102 Safari/537.36"

info: ::1 - - [24/Feb/2022:13:25:17 +0000] "GET /api/v1/cart/getcartbooks HTTP/1.1" 304 - "http://localhost:3000/" "Mozilla/5.0 (Windows NT 10.0; Win64; x64) AppleWebKit/537.36 (KHTML, like Gecko) Chrome/98.0.4758.102 Safari/537.36"

info: ::1 - - [24/Feb/2022:13:25:17 +0000] "GET /api/v1/wishlist/wishlist HTTP/1.1" 304 - "http://localhost:3000/" "Mozilla/5.0 (Windows NT 10.0; Win64; x64) AppleWebKit/537.36 (KHTML, like Gecko) Chrome/98.0.4758.102 Safari/537.36"

info: ::1 - - [24/Feb/2022:13:25:18 +0000] "GET /api/v1/wishlist/wishlist HTTP/1.1" 304 - "http://localhost:3000/" "Mozilla/5.0 (Windows NT 10.0; Win64; x64) AppleWebKit/537.36 (KHTML, like Gecko) Chrome/98.0.4758.102 Safari/537.36"

info: ::1 - - [24/Feb/2022:13:25:21 +0000] "GET /api/v1/cart/getcartbooks HTTP/1.1" 304 - "http://localhost:3000/" "Mozilla/5.0 (Windows NT 10.0; Win64; x64) AppleWebKit/537.36 (KHTML, like Gecko) Chrome/98.0.4758.102 Safari/537.36"

info: ::1 - - [24/Feb/2022:13:25:22 +0000] "GET /api/v1/book/getbook HTTP/1.1" 304 - "http://localhost:3000/" "Mozilla/5.0 (Windows NT 10.0; Win64; x64) AppleWebKit/537.36 (KHTML, like Gecko) Chrome/98.0.4758.102 Safari/537.36"

info: ::1 - - [24/Feb/2022:13:25:22 +0000] "GET /api/v1/wishlist/wishlist HTTP/1.1" 304 - "http://localhost:3000/" "Mozilla/5.0 (Windows NT 10.0; Win64; x64) AppleWebKit/537.36 (KHTML, like Gecko) Chrome/98.0.4758.102 Safari/537.36"

info: ::1 - - [24/Feb/2022:13:25:24 +0000] "GET /api/v1/cart/getcartbooks HTTP/1.1" 304 - "http://localhost:3000/" "Mozilla/5.0 (Windows NT 10.0; Win64; x64) AppleWebKit/537.36 (KHTML, like Gecko) Chrome/98.0.4758.102 Safari/537.36"

info: ::1 - - [24/Feb/2022:13:25:24 +0000] "GET /api/v1/wishlist/wishlist HTTP/1.1" 304 - "http://localhost:3000/" "Mozilla/5.0 (Windows NT 10.0; Win64; x64) AppleWebKit/537.36 (KHTML, like Gecko) Chrome/98.0.4758.102 Safari/537.36"

info: ::1 - - [24/Feb/2022:13:25:24 +0000] "GET /api/v1/cart/getcartbooks HTTP/1.1" 304 - "http://localhost:3000/" "Mozilla/5.0 (Windows NT 10.0; Win64; x64) AppleWebKit/537.36 (KHTML, like Gecko) Chrome/98.0.4758.102 Safari/537.36"

info: ::1 - - [24/Feb/2022:13:25:28 +0000] "POST /api/v1/customer/address HTTP/1.1" 500 62 "http://localhost:3000/" "Mozilla/5.0 (Windows NT 10.0; Win64; x64) AppleWebKit/537.36 (KHTML, like Gecko) Chrome/98.0.4758.102 Safari/537.36"

info: ::1 - - [24/Feb/2022:13:35:25 +0000] "GET /api/v1/book/getbook HTTP/1.1" 304 - "http://localhost:3000/" "Mozilla/5.0 (Windows NT 10.0; Win64; x64) AppleWebKit/537.36 (KHTML, like Gecko) Chrome/98.0.4758.102 Safari/537.36"

info: ::1 - - [24/Feb/2022:13:35:25 +0000] "GET /api/v1/cart/getcartbooks HTTP/1.1" 304 - "http://localhost:3000/" "Mozilla/5.0 (Windows NT 10.0; Win64; x64) AppleWebKit/537.36 (KHTML, like Gecko) Chrome/98.0.4758.102 Safari/537.36"

info: ::1 - - [24/Feb/2022:13:35:26 +0000] "GET /api/v1/wishlist/wishlist HTTP/1.1" 304 - "http://localhost:3000/" "Mozilla/5.0 (Windows NT 10.0; Win64; x64) AppleWebKit/537.36 (KHTML, like Gecko) Chrome/98.0.4758.102 Safari/537.36"

info: ::1 - - [24/Feb/2022:13:36:13 +0000] "GET /api/v1/cart/getcartbooks HTTP/1.1" 304 - "http://localhost:3000/" "Mozilla/5.0 (Windows NT 10.0; Win64; x64) AppleWebKit/537.36 (KHTML, like Gecko) Chrome/98.0.4758.102 Safari/537.36"

info: ::1 - - [24/Feb/2022:13:36:14 +0000] "GET /api/v1/cart/getcartbooks HTTP/1.1" 304 - "http://localhost:3000/" "Mozilla/5.0 (Windows NT 10.0; Win64; x64) AppleWebKit/537.36 (KHTML, like Gecko) Chrome/98.0.4758.102 Safari/537.36"

info: ::1 - - [24/Feb/2022:13:36:14 +0000] "GET /api/v1/wishlist/wishlist HTTP/1.1" 304 - "http://localhost:3000/" "Mozilla/5.0 (Windows NT 10.0; Win64; x64) AppleWebKit/537.36 (KHTML, like Gecko) Chrome/98.0.4758.102 Safari/537.36"

info: ::1 - - [24/Feb/2022:13:36:17 +0000] "POST /api/v1/customer/address HTTP/1.1" 500 62 "http://localhost:3000/" "Mozilla/5.0 (Windows NT 10.0; Win64; x64) AppleWebKit/537.36 (KHTML, like Gecko) Chrome/98.0.4758.102 Safari/537.36"

info: ::1 - - [24/Feb/2022:13:36:23 +0000] "GET /api/v1/cart/getcartbooks HTTP/1.1" 304 - "http://localhost:3000/" "Mozilla/5.0 (Windows NT 10.0; Win64; x64) AppleWebKit/537.36 (KHTML, like Gecko) Chrome/98.0.4758.102 Safari/537.36"

info: ::1 - - [24/Feb/2022:13:36:23 +0000] "GET /api/v1/wishlist/wishlist HTTP/1.1" 304 - "http://localhost:3000/" "Mozilla/5.0 (Windows NT 10.0; Win64; x64) AppleWebKit/537.36 (KHTML, like Gecko) Chrome/98.0.4758.102 Safari/537.36"

info: ::1 - - [24/Feb/2022:13:36:23 +0000] "GET /api/v1/cart/getcartbooks HTTP/1.1" 304 - "http://localhost:3000/" "Mozilla/5.0 (Windows NT 10.0; Win64; x64) AppleWebKit/537.36 (KHTML, like Gecko) Chrome/98.0.4758.102 Safari/537.36"

info: ::1 - - [24/Feb/2022:13:36:23 +0000] "GET /api/v1/book/getbook HTTP/1.1" 304 - "http://localhost:3000/" "Mozilla/5.0 (Windows NT 10.0; Win64; x64) AppleWebKit/537.36 (KHTML, like Gecko) Chrome/98.0.4758.102 Safari/537.36"

info: ::1 - - [24/Feb/2022:13:36:24 +0000] "GET /api/v1/cart/getcartbooks HTTP/1.1" 304 - "http://localhost:3000/" "Mozilla/5.0 (Windows NT 10.0; Win64; x64) AppleWebKit/537.36 (KHTML, like Gecko) Chrome/98.0.4758.102 Safari/537.36"

info: ::1 - - [24/Feb/2022:13:36:24 +0000] "GET /api/v1/wishlist/wishlist HTTP/1.1" 304 - "http://localhost:3000/" "Mozilla/5.0 (Windows NT 10.0; Win64; x64) AppleWebKit/537.36 (KHTML, like Gecko) Chrome/98.0.4758.102 Safari/537.36"

info: ::1 - - [24/Feb/2022:13:36:24 +0000] "GET /api/v1/cart/getcartbooks HTTP/1.1" 304 - "http://localhost:3000/" "Mozilla/5.0 (Windows NT 10.0; Win64; x64) AppleWebKit/537.36 (KHTML, like Gecko) Chrome/98.0.4758.102 Safari/537.36"

info: ::1 - - [24/Feb/2022:13:36:25 +0000] "GET /api/v1/cart/getcartbooks HTTP/1.1" 304 - "http://localhost:3000/" "Mozilla/5.0 (Windows NT 10.0; Win64; x64) AppleWebKit/537.36 (KHTML, like Gecko) Chrome/98.0.4758.102 Safari/537.36"

info: ::1 - - [24/Feb/2022:13:36:25 +0000] "GET /api/v1/wishlist/wishlist HTTP/1.1" 304 - "http://localhost:3000/" "Mozilla/5.0 (Windows NT 10.0; Win64; x64) AppleWebKit/537.36 (KHTML, like Gecko) Chrome/98.0.4758.102 Safari/537.36"

info: ::1 - - [24/Feb/2022:13:36:27 +0000] "GET /api/v1/cart/getcartbooks HTTP/1.1" 304 - "http://localhost:3000/" "Mozilla/5.0 (Windows NT 10.0; Win64; x64) AppleWebKit/537.36 (KHTML, like Gecko) Chrome/98.0.4758.102 Safari/537.36"

info: ::1 - - [24/Feb/2022:13:36:27 +0000] "GET /api/v1/wishlist/wishlist HTTP/1.1" 304 - "http://localhost:3000/" "Mozilla/5.0 (Windows NT 10.0; Win64; x64) AppleWebKit/537.36 (KHTML, like Gecko) Chrome/98.0.4758.102 Safari/537.36"

info: ::1 - - [24/Feb/2022:13:36:28 +0000] "GET /api/v1/wishlist/wishlist HTTP/1.1" 304 - "http://localhost:3000/" "Mozilla/5.0 (Windows NT 10.0; Win64; x64) AppleWebKit/537.36 (KHTML, like Gecko) Chrome/98.0.4758.102 Safari/537.36"

info: ::1 - - [24/Feb/2022:13:38:00 +0000] "GET /api/v1/cart/getcartbooks HTTP/1.1" 304 - "http://localhost:3000/" "Mozilla/5.0 (Windows NT 10.0; Win64; x64) AppleWebKit/537.36 (KHTML, like Gecko) Chrome/98.0.4758.102 Safari/537.36"

info: ::1 - - [24/Feb/2022:13:38:00 +0000] "GET /api/v1/wishlist/wishlist HTTP/1.1" 304 - "http://localhost:3000/" "Mozilla/5.0 (Windows NT 10.0; Win64; x64) AppleWebKit/537.36 (KHTML, like Gecko) Chrome/98.0.4758.102 Safari/537.36"

info: ::1 - - [24/Feb/2022:13:38:02 +0000] "GET /api/v1/wishlist/wishlist HTTP/1.1" 304 - "http://localhost:3000/" "Mozilla/5.0 (Windows NT 10.0; Win64; x64) AppleWebKit/537.36 (KHTML, like Gecko) Chrome/98.0.4758.102 Safari/537.36"

info: ::1 - - [24/Feb/2022:13:38:28 +0000] "GET /api/v1/book/getbook HTTP/1.1" 304 - "http://localhost:3000/" "Mozilla/5.0 (Windows NT 10.0; Win64; x64) AppleWebKit/537.36 (KHTML, like Gecko) Chrome/98.0.4758.102 Safari/537.36"

info: ::1 - - [24/Feb/2022:13:38:28 +0000] "GET /api/v1/cart/getcartbooks HTTP/1.1" 304 - "http://localhost:3000/" "Mozilla/5.0 (Windows NT 10.0; Win64; x64) AppleWebKit/537.36 (KHTML, like Gecko) Chrome/98.0.4758.102 Safari/537.36"

info: ::1 - - [24/Feb/2022:13:38:29 +0000] "GET /api/v1/wishlist/wishlist HTTP/1.1" 304 - "http://localhost:3000/" "Mozilla/5.0 (Windows NT 10.0; Win64; x64) AppleWebKit/537.36 (KHTML, like Gecko) Chrome/98.0.4758.102 Safari/537.36"

info: ::1 - - [24/Feb/2022:13:38:33 +0000] "GET /api/v1/cart/getcartbooks HTTP/1.1" 304 - "http://localhost:3000/" "Mozilla/5.0 (Windows NT 10.0; Win64; x64) AppleWebKit/537.36 (KHTML, like Gecko) Chrome/98.0.4758.102 Safari/537.36"

info: ::1 - - [24/Feb/2022:13:38:33 +0000] "GET /api/v1/book/getbook HTTP/1.1" 304 - "http://localhost:3000/" "Mozilla/5.0 (Windows NT 10.0; Win64; x64) AppleWebKit/537.36 (KHTML, like Gecko) Chrome/98.0.4758.102 Safari/537.36"

info: ::1 - - [24/Feb/2022:13:38:33 +0000] "GET /api/v1/wishlist/wishlist HTTP/1.1" 304 - "http://localhost:3000/" "Mozilla/5.0 (Windows NT 10.0; Win64; x64) AppleWebKit/537.36 (KHTML, like Gecko) Chrome/98.0.4758.102 Safari/537.36"

info: ::1 - - [24/Feb/2022:13:38:41 +0000] "GET /api/v1/cart/getcartbooks HTTP/1.1" 304 - "http://localhost:3000/" "Mozilla/5.0 (Windows NT 10.0; Win64; x64) AppleWebKit/537.36 (KHTML, like Gecko) Chrome/98.0.4758.102 Safari/537.36"

info: ::1 - - [24/Feb/2022:13:38:41 +0000] "GET /api/v1/wishlist/wishlist HTTP/1.1" 304 - "http://localhost:3000/" "Mozilla/5.0 (Windows NT 10.0; Win64; x64) AppleWebKit/537.36 (KHTML, like Gecko) Chrome/98.0.4758.102 Safari/537.36"

info: ::1 - - [24/Feb/2022:13:38:43 +0000] "GET /api/v1/wishlist/wishlist HTTP/1.1" 304 - "http://localhost:3000/" "Mozilla/5.0 (Windows NT 10.0; Win64; x64) AppleWebKit/537.36 (KHTML, like Gecko) Chrome/98.0.4758.102 Safari/537.36"

info: ::1 - - [24/Feb/2022:13:38:44 +0000] "POST /api/v1/cart/cart/[object%20Object] HTTP/1.1" 500 138 "http://localhost:3000/" "Mozilla/5.0 (Windows NT 10.0; Win64; x64) AppleWebKit/537.36 (KHTML, like Gecko) Chrome/98.0.4758.102 Safari/537.36"

info: ::1 - - [24/Feb/2022:13:50:55 +0000] "GET /api/v1/book/getbook HTTP/1.1" 304 - "http://localhost:3000/" "Mozilla/5.0 (Windows NT 10.0; Win64; x64) AppleWebKit/537.36 (KHTML, like Gecko) Chrome/98.0.4758.102 Safari/537.36"

info: ::1 - - [24/Feb/2022:13:50:55 +0000] "GET /api/v1/cart/getcartbooks HTTP/1.1" 304 - "http://localhost:3000/" "Mozilla/5.0 (Windows NT 10.0; Win64; x64) AppleWebKit/537.36 (KHTML, like Gecko) Chrome/98.0.4758.102 Safari/537.36"

info: ::1 - - [24/Feb/2022:13:50:55 +0000] "GET /api/v1/wishlist/wishlist HTTP/1.1" 304 - "http://localhost:3000/" "Mozilla/5.0 (Windows NT 10.0; Win64; x64) AppleWebKit/537.36 (KHTML, like Gecko) Chrome/98.0.4758.102 Safari/537.36"

info: ::1 - - [24/Feb/2022:14:21:41 +0000] "GET /api/v1/cart/getcartbooks HTTP/1.1" 304 - "http://localhost:3000/" "Mozilla/5.0 (Windows NT 10.0; Win64; x64) AppleWebKit/537.36 (KHTML, like Gecko) Chrome/98.0.4758.102 Safari/537.36"

info: ::1 - - [24/Feb/2022:14:21:41 +0000] "GET /api/v1/wishlist/wishlist HTTP/1.1" 304 - "http://localhost:3000/" "Mozilla/5.0 (Windows NT 10.0; Win64; x64) AppleWebKit/537.36 (KHTML, like Gecko) Chrome/98.0.4758.102 Safari/537.36"

info: ::1 - - [24/Feb/2022:14:21:42 +0000] "GET /api/v1/cart/getcartbooks HTTP/1.1" 304 - "http://localhost:3000/" "Mozilla/5.0 (Windows NT 10.0; Win64; x64) AppleWebKit/537.36 (KHTML, like Gecko) Chrome/98.0.4758.102 Safari/537.36"

info: ::1 - - [24/Feb/2022:15:03:48 +0000] "GET /api/v1/book/getbook HTTP/1.1" 304 - "http://localhost:3000/" "Mozilla/5.0 (Windows NT 10.0; Win64; x64) AppleWebKit/537.36 (KHTML, like Gecko) Chrome/98.0.4758.102 Safari/537.36"

info: ::1 - - [24/Feb/2022:15:03:48 +0000] "GET /api/v1/cart/getcartbooks HTTP/1.1" 304 - "http://localhost:3000/" "Mozilla/5.0 (Windows NT 10.0; Win64; x64) AppleWebKit/537.36 (KHTML, like Gecko) Chrome/98.0.4758.102 Safari/537.36"

info: ::1 - - [24/Feb/2022:15:03:48 +0000] "GET /api/v1/wishlist/wishlist HTTP/1.1" 304 - "http://localhost:3000/" "Mozilla/5.0 (Windows NT 10.0; Win64; x64) AppleWebKit/537.36 (KHTML, like Gecko) Chrome/98.0.4758.102 Safari/537.36"

