info: ::1 - - [16/Feb/2022:01:46:57 +0000] "POST /api/v1/user/signin HTTP/1.1" 200 70 "http://localhost:3000/" "Mozilla/5.0 (Windows NT 10.0; Win64; x64) AppleWebKit/537.36 (KHTML, like Gecko) Chrome/98.0.4758.82 Safari/537.36"

info: ::1 - - [16/Feb/2022:01:46:58 +0000] "GET /api/v1/book/getbook HTTP/1.1" 304 - "http://localhost:3000/" "Mozilla/5.0 (Windows NT 10.0; Win64; x64) AppleWebKit/537.36 (KHTML, like Gecko) Chrome/98.0.4758.82 Safari/537.36"

info: ::1 - - [16/Feb/2022:02:30:59 +0000] "POST /api/v1/user/signin HTTP/1.1" 200 70 "http://localhost:3000/" "Mozilla/5.0 (Windows NT 10.0; Win64; x64) AppleWebKit/537.36 (KHTML, like Gecko) Chrome/98.0.4758.82 Safari/537.36"

info: ::1 - - [16/Feb/2022:02:30:59 +0000] "POST /api/v1/user/signin HTTP/1.1" 200 70 "http://localhost:3000/" "Mozilla/5.0 (Windows NT 10.0; Win64; x64) AppleWebKit/537.36 (KHTML, like Gecko) Chrome/98.0.4758.82 Safari/537.36"

info: ::1 - - [16/Feb/2022:02:30:59 +0000] "GET /api/v1/book/getbook HTTP/1.1" 304 - "http://localhost:3000/" "Mozilla/5.0 (Windows NT 10.0; Win64; x64) AppleWebKit/537.36 (KHTML, like Gecko) Chrome/98.0.4758.82 Safari/537.36"

info: ::1 - - [16/Feb/2022:02:50:27 +0000] "POST /api/v1/user/signin HTTP/1.1" 200 70 "http://localhost:3000/" "Mozilla/5.0 (Windows NT 10.0; Win64; x64) AppleWebKit/537.36 (KHTML, like Gecko) Chrome/98.0.4758.82 Safari/537.36"

info: ::1 - - [16/Feb/2022:02:50:27 +0000] "GET /api/v1/book/getbook HTTP/1.1" 304 - "http://localhost:3000/" "Mozilla/5.0 (Windows NT 10.0; Win64; x64) AppleWebKit/537.36 (KHTML, like Gecko) Chrome/98.0.4758.82 Safari/537.36"

info: ::1 - - [16/Feb/2022:02:54:34 +0000] "POST /api/v1/user/signup HTTP/1.1" 201 313 "http://localhost:3000/" "Mozilla/5.0 (Windows NT 10.0; Win64; x64) AppleWebKit/537.36 (KHTML, like Gecko) Chrome/98.0.4758.82 Safari/537.36"

info: ::1 - - [16/Feb/2022:02:56:06 +0000] "POST /api/v1/user/signin HTTP/1.1" 200 70 "http://localhost:3000/" "Mozilla/5.0 (Windows NT 10.0; Win64; x64) AppleWebKit/537.36 (KHTML, like Gecko) Chrome/98.0.4758.82 Safari/537.36"

info: ::1 - - [16/Feb/2022:02:56:06 +0000] "GET /api/v1/book/getbook HTTP/1.1" 304 - "http://localhost:3000/" "Mozilla/5.0 (Windows NT 10.0; Win64; x64) AppleWebKit/537.36 (KHTML, like Gecko) Chrome/98.0.4758.82 Safari/537.36"

info: ::1 - - [16/Feb/2022:04:58:29 +0000] "GET /api/v1/book/getbook HTTP/1.1" 304 - "http://localhost:3000/" "Mozilla/5.0 (Windows NT 10.0; Win64; x64) AppleWebKit/537.36 (KHTML, like Gecko) Chrome/98.0.4758.82 Safari/537.36"

info: ::1 - - [16/Feb/2022:05:23:27 +0000] "GET /api/v1/book/getbook HTTP/1.1" 304 - "http://localhost:3000/" "Mozilla/5.0 (Windows NT 10.0; Win64; x64) AppleWebKit/537.36 (KHTML, like Gecko) Chrome/98.0.4758.82 Safari/537.36"

info: ::1 - - [16/Feb/2022:05:23:31 +0000] "GET /api/v1/book/getbook HTTP/1.1" 304 - "http://localhost:3000/" "Mozilla/5.0 (Windows NT 10.0; Win64; x64) AppleWebKit/537.36 (KHTML, like Gecko) Chrome/98.0.4758.82 Safari/537.36"

info: ::1 - - [16/Feb/2022:05:23:35 +0000] "GET /api/v1/book/getbook HTTP/1.1" 304 - "http://localhost:3000/" "Mozilla/5.0 (Windows NT 10.0; Win64; x64) AppleWebKit/537.36 (KHTML, like Gecko) Chrome/98.0.4758.82 Safari/537.36"

info: ::1 - - [16/Feb/2022:05:24:03 +0000] "GET /api/v1/book/getbook HTTP/1.1" 304 - "http://localhost:3000/" "Mozilla/5.0 (Windows NT 10.0; Win64; x64) AppleWebKit/537.36 (KHTML, like Gecko) Chrome/98.0.4758.82 Safari/537.36"

info: ::1 - - [16/Feb/2022:05:33:04 +0000] "GET /api/v1/book/getbook HTTP/1.1" 304 - "http://localhost:3000/" "Mozilla/5.0 (Windows NT 10.0; Win64; x64) AppleWebKit/537.36 (KHTML, like Gecko) Chrome/98.0.4758.82 Safari/537.36"

info: ::1 - - [16/Feb/2022:05:34:11 +0000] "GET /api/v1/book/getbook HTTP/1.1" 304 - "http://localhost:3000/" "Mozilla/5.0 (Windows NT 10.0; Win64; x64) AppleWebKit/537.36 (KHTML, like Gecko) Chrome/98.0.4758.82 Safari/537.36"

info: ::1 - - [16/Feb/2022:05:34:22 +0000] "GET /api/v1/book/getbook HTTP/1.1" 304 - "http://localhost:3000/" "Mozilla/5.0 (Windows NT 10.0; Win64; x64) AppleWebKit/537.36 (KHTML, like Gecko) Chrome/98.0.4758.82 Safari/537.36"

info: ::1 - - [16/Feb/2022:05:34:27 +0000] "GET /api/v1/book/getbook HTTP/1.1" 304 - "http://localhost:3000/" "Mozilla/5.0 (Windows NT 10.0; Win64; x64) AppleWebKit/537.36 (KHTML, like Gecko) Chrome/98.0.4758.82 Safari/537.36"

info: ::1 - - [16/Feb/2022:05:34:35 +0000] "GET /api/v1/book/getbook HTTP/1.1" 304 - "http://localhost:3000/" "Mozilla/5.0 (Windows NT 10.0; Win64; x64) AppleWebKit/537.36 (KHTML, like Gecko) Chrome/98.0.4758.82 Safari/537.36"

info: ::1 - - [16/Feb/2022:05:34:46 +0000] "GET /api/v1/book/getbook HTTP/1.1" 304 - "http://localhost:3000/" "Mozilla/5.0 (Windows NT 10.0; Win64; x64) AppleWebKit/537.36 (KHTML, like Gecko) Chrome/98.0.4758.82 Safari/537.36"

info: ::1 - - [16/Feb/2022:05:34:49 +0000] "GET /api/v1/book/getbook HTTP/1.1" 304 - "http://localhost:3000/" "Mozilla/5.0 (Windows NT 10.0; Win64; x64) AppleWebKit/537.36 (KHTML, like Gecko) Chrome/98.0.4758.82 Safari/537.36"

info: ::1 - - [16/Feb/2022:05:34:57 +0000] "GET /api/v1/book/getbook HTTP/1.1" 304 - "http://localhost:3000/" "Mozilla/5.0 (Windows NT 10.0; Win64; x64) AppleWebKit/537.36 (KHTML, like Gecko) Chrome/98.0.4758.82 Safari/537.36"

info: ::1 - - [16/Feb/2022:06:17:00 +0000] "GET /api/v1/book/getbook HTTP/1.1" 304 - "http://localhost:3000/" "Mozilla/5.0 (Windows NT 10.0; Win64; x64) AppleWebKit/537.36 (KHTML, like Gecko) Chrome/98.0.4758.82 Safari/537.36"

info: ::ffff:127.0.0.1 - - [16/Feb/2022:06:26:35 +0000] "POST /api/v1/cart/cart/6201fbb5e393522cac4ee2bf HTTP/1.1" 200 468 "-" "Thunder Client (https://www.thunderclient.com)"

info: ::1 - - [16/Feb/2022:06:45:39 +0000] "GET /api/v1/cart/cart/ HTTP/1.1" 404 47 "http://localhost:3000/" "Mozilla/5.0 (Windows NT 10.0; Win64; x64) AppleWebKit/537.36 (KHTML, like Gecko) Chrome/98.0.4758.82 Safari/537.36"

info: ::1 - - [16/Feb/2022:06:45:43 +0000] "GET /api/v1/cart/cart/ HTTP/1.1" 404 47 "http://localhost:3000/" "Mozilla/5.0 (Windows NT 10.0; Win64; x64) AppleWebKit/537.36 (KHTML, like Gecko) Chrome/98.0.4758.82 Safari/537.36"

info: ::1 - - [16/Feb/2022:06:48:06 +0000] "GET /api/v1/cart/cart/ HTTP/1.1" 404 47 "http://localhost:3000/" "Mozilla/5.0 (Windows NT 10.0; Win64; x64) AppleWebKit/537.36 (KHTML, like Gecko) Chrome/98.0.4758.82 Safari/537.36"

info: ::1 - - [16/Feb/2022:06:48:11 +0000] "GET /api/v1/cart/cart/ HTTP/1.1" 404 47 "http://localhost:3000/" "Mozilla/5.0 (Windows NT 10.0; Win64; x64) AppleWebKit/537.36 (KHTML, like Gecko) Chrome/98.0.4758.82 Safari/537.36"

info: ::1 - - [16/Feb/2022:06:48:38 +0000] "GET /api/v1/cart/cart/ HTTP/1.1" 404 47 "http://localhost:3000/" "Mozilla/5.0 (Windows NT 10.0; Win64; x64) AppleWebKit/537.36 (KHTML, like Gecko) Chrome/98.0.4758.82 Safari/537.36"

info: ::1 - - [16/Feb/2022:06:48:41 +0000] "GET /api/v1/cart/cart/ HTTP/1.1" 404 47 "http://localhost:3000/" "Mozilla/5.0 (Windows NT 10.0; Win64; x64) AppleWebKit/537.36 (KHTML, like Gecko) Chrome/98.0.4758.82 Safari/537.36"

info: ::1 - - [16/Feb/2022:06:48:57 +0000] "GET /api/v1/cart/cart/ HTTP/1.1" 404 47 "http://localhost:3000/" "Mozilla/5.0 (Windows NT 10.0; Win64; x64) AppleWebKit/537.36 (KHTML, like Gecko) Chrome/98.0.4758.82 Safari/537.36"

info: ::1 - - [16/Feb/2022:06:49:00 +0000] "GET /api/v1/cart/cart/ HTTP/1.1" 404 47 "http://localhost:3000/" "Mozilla/5.0 (Windows NT 10.0; Win64; x64) AppleWebKit/537.36 (KHTML, like Gecko) Chrome/98.0.4758.82 Safari/537.36"

info: ::1 - - [16/Feb/2022:06:49:06 +0000] "GET /api/v1/cart/cart/ HTTP/1.1" 404 47 "http://localhost:3000/" "Mozilla/5.0 (Windows NT 10.0; Win64; x64) AppleWebKit/537.36 (KHTML, like Gecko) Chrome/98.0.4758.82 Safari/537.36"

info: ::1 - - [16/Feb/2022:06:49:19 +0000] "GET /api/v1/cart/cart/ HTTP/1.1" 404 47 "http://localhost:3000/" "Mozilla/5.0 (Windows NT 10.0; Win64; x64) AppleWebKit/537.36 (KHTML, like Gecko) Chrome/98.0.4758.82 Safari/537.36"

info: ::1 - - [16/Feb/2022:06:49:29 +0000] "GET /api/v1/cart/cart/ HTTP/1.1" 404 47 "http://localhost:3000/" "Mozilla/5.0 (Windows NT 10.0; Win64; x64) AppleWebKit/537.36 (KHTML, like Gecko) Chrome/98.0.4758.82 Safari/537.36"

info: ::1 - - [16/Feb/2022:06:49:38 +0000] "GET /api/v1/cart/cart/ HTTP/1.1" 404 47 "http://localhost:3000/" "Mozilla/5.0 (Windows NT 10.0; Win64; x64) AppleWebKit/537.36 (KHTML, like Gecko) Chrome/98.0.4758.82 Safari/537.36"

info: ::1 - - [16/Feb/2022:06:49:39 +0000] "GET /api/v1/cart/cart/ HTTP/1.1" 404 47 "http://localhost:3000/" "Mozilla/5.0 (Windows NT 10.0; Win64; x64) AppleWebKit/537.36 (KHTML, like Gecko) Chrome/98.0.4758.82 Safari/537.36"

info: ::1 - - [16/Feb/2022:06:49:55 +0000] "GET /api/v1/cart/cart/ HTTP/1.1" 404 47 "http://localhost:3000/" "Mozilla/5.0 (Windows NT 10.0; Win64; x64) AppleWebKit/537.36 (KHTML, like Gecko) Chrome/98.0.4758.82 Safari/537.36"

info: ::1 - - [16/Feb/2022:06:50:08 +0000] "GET /api/v1/cart/cart/ HTTP/1.1" 404 47 "http://localhost:3000/" "Mozilla/5.0 (Windows NT 10.0; Win64; x64) AppleWebKit/537.36 (KHTML, like Gecko) Chrome/98.0.4758.82 Safari/537.36"

info: ::1 - - [16/Feb/2022:06:50:10 +0000] "GET /api/v1/cart/cart/ HTTP/1.1" 404 47 "http://localhost:3000/" "Mozilla/5.0 (Windows NT 10.0; Win64; x64) AppleWebKit/537.36 (KHTML, like Gecko) Chrome/98.0.4758.82 Safari/537.36"

info: ::1 - - [16/Feb/2022:06:50:23 +0000] "GET /api/v1/cart/cart/ HTTP/1.1" 404 47 "http://localhost:3000/" "Mozilla/5.0 (Windows NT 10.0; Win64; x64) AppleWebKit/537.36 (KHTML, like Gecko) Chrome/98.0.4758.82 Safari/537.36"

info: ::1 - - [16/Feb/2022:06:50:26 +0000] "GET /api/v1/cart/cart/ HTTP/1.1" 404 47 "http://localhost:3000/" "Mozilla/5.0 (Windows NT 10.0; Win64; x64) AppleWebKit/537.36 (KHTML, like Gecko) Chrome/98.0.4758.82 Safari/537.36"

info: ::1 - - [16/Feb/2022:06:50:29 +0000] "GET /api/v1/cart/cart/ HTTP/1.1" 404 47 "http://localhost:3000/" "Mozilla/5.0 (Windows NT 10.0; Win64; x64) AppleWebKit/537.36 (KHTML, like Gecko) Chrome/98.0.4758.82 Safari/537.36"

info: ::1 - - [16/Feb/2022:06:50:40 +0000] "GET /api/v1/cart/cart/ HTTP/1.1" 404 47 "http://localhost:3000/" "Mozilla/5.0 (Windows NT 10.0; Win64; x64) AppleWebKit/537.36 (KHTML, like Gecko) Chrome/98.0.4758.82 Safari/537.36"

info: ::1 - - [16/Feb/2022:06:50:45 +0000] "GET /api/v1/cart/cart/ HTTP/1.1" 404 47 "http://localhost:3000/" "Mozilla/5.0 (Windows NT 10.0; Win64; x64) AppleWebKit/537.36 (KHTML, like Gecko) Chrome/98.0.4758.82 Safari/537.36"

info: ::1 - - [16/Feb/2022:06:51:11 +0000] "GET /api/v1/cart/cart/ HTTP/1.1" 404 47 "http://localhost:3000/" "Mozilla/5.0 (Windows NT 10.0; Win64; x64) AppleWebKit/537.36 (KHTML, like Gecko) Chrome/98.0.4758.82 Safari/537.36"

info: ::1 - - [16/Feb/2022:06:51:19 +0000] "GET /api/v1/cart/cart/ HTTP/1.1" 404 47 "http://localhost:3000/" "Mozilla/5.0 (Windows NT 10.0; Win64; x64) AppleWebKit/537.36 (KHTML, like Gecko) Chrome/98.0.4758.82 Safari/537.36"

info: ::1 - - [16/Feb/2022:06:51:46 +0000] "GET /api/v1/cart/cart/ HTTP/1.1" 404 47 "http://localhost:3000/" "Mozilla/5.0 (Linux; Android 6.0; Nexus 5 Build/MRA58N) AppleWebKit/537.36 (KHTML, like Gecko) Chrome/98.0.4758.82 Mobile Safari/537.36"

info: ::1 - - [16/Feb/2022:06:52:01 +0000] "GET /api/v1/cart/cart/ HTTP/1.1" 404 47 "http://localhost:3000/" "Mozilla/5.0 (Linux; Android 6.0; Nexus 5 Build/MRA58N) AppleWebKit/537.36 (KHTML, like Gecko) Chrome/98.0.4758.82 Mobile Safari/537.36"

info: ::1 - - [16/Feb/2022:06:52:07 +0000] "GET /api/v1/cart/cart/ HTTP/1.1" 404 47 "http://localhost:3000/" "Mozilla/5.0 (Linux; Android 6.0; Nexus 5 Build/MRA58N) AppleWebKit/537.36 (KHTML, like Gecko) Chrome/98.0.4758.82 Mobile Safari/537.36"

info: ::1 - - [16/Feb/2022:06:52:10 +0000] "GET /api/v1/cart/cart/ HTTP/1.1" 404 47 "http://localhost:3000/" "Mozilla/5.0 (Linux; Android 6.0; Nexus 5 Build/MRA58N) AppleWebKit/537.36 (KHTML, like Gecko) Chrome/98.0.4758.82 Mobile Safari/537.36"

info: ::1 - - [16/Feb/2022:06:57:47 +0000] "GET /api/v1/book/getbook HTTP/1.1" 304 - "http://localhost:3000/" "Mozilla/5.0 (Linux; Android 6.0; Nexus 5 Build/MRA58N) AppleWebKit/537.36 (KHTML, like Gecko) Chrome/98.0.4758.82 Mobile Safari/537.36"

info: ::1 - - [16/Feb/2022:06:57:50 +0000] "GET /api/v1/cart/cart/ HTTP/1.1" 404 47 "http://localhost:3000/" "Mozilla/5.0 (Linux; Android 6.0; Nexus 5 Build/MRA58N) AppleWebKit/537.36 (KHTML, like Gecko) Chrome/98.0.4758.82 Mobile Safari/537.36"

info: ::ffff:127.0.0.1 - - [16/Feb/2022:07:52:02 +0000] "POST /api/v1/user/signup HTTP/1.1" 201 321 "-" "Thunder Client (https://www.thunderclient.com)"

info: ::ffff:127.0.0.1 - - [16/Feb/2022:07:52:26 +0000] "POST /api/v1/user/signin HTTP/1.1" 200 265 "-" "Thunder Client (https://www.thunderclient.com)"

info: ::ffff:127.0.0.1 - - [16/Feb/2022:07:53:21 +0000] "POST /api/v1/book/addbook HTTP/1.1" 500 125 "-" "Thunder Client (https://www.thunderclient.com)"

info: ::ffff:127.0.0.1 - - [16/Feb/2022:07:53:33 +0000] "POST /api/v1/book/addbook HTTP/1.1" 201 319 "-" "Thunder Client (https://www.thunderclient.com)"

info: ::ffff:127.0.0.1 - - [16/Feb/2022:07:53:55 +0000] "GET /api/v1/book/getbook HTTP/1.1" 200 5774 "-" "Thunder Client (https://www.thunderclient.com)"

info: ::ffff:127.0.0.1 - - [16/Feb/2022:07:55:12 +0000] "POST /api/v1/cart/cart/620cad7d6d5e49276cc66b40 HTTP/1.1" 201 269 "-" "Thunder Client (https://www.thunderclient.com)"

info: ::ffff:127.0.0.1 - - [16/Feb/2022:07:55:31 +0000] "GET /api/v1/book/getbook HTTP/1.1" 200 5774 "-" "Thunder Client (https://www.thunderclient.com)"

info: ::ffff:127.0.0.1 - - [16/Feb/2022:07:56:19 +0000] "GET /api/v1/book/getbook HTTP/1.1" 200 5774 "-" "Thunder Client (https://www.thunderclient.com)"

info: ::ffff:127.0.0.1 - - [16/Feb/2022:07:56:48 +0000] "GET /api/v1/cart/getbook HTTP/1.1" 404 47 "-" "Thunder Client (https://www.thunderclient.com)"

info: ::1 - - [16/Feb/2022:08:09:39 +0000] "GET /api/v1/cart/cart/ HTTP/1.1" 404 47 "http://localhost:3000/" "Mozilla/5.0 (Linux; Android 6.0; Nexus 5 Build/MRA58N) AppleWebKit/537.36 (KHTML, like Gecko) Chrome/98.0.4758.82 Mobile Safari/537.36"

info: ::ffff:127.0.0.1 - - [16/Feb/2022:08:10:25 +0000] "GET /api/v1/cart/getcartbooks HTTP/1.1" 404 47 "-" "Thunder Client (https://www.thunderclient.com)"

info: ::ffff:127.0.0.1 - - [16/Feb/2022:08:11:43 +0000] "GET /api/v1/cart/getcartbooks HTTP/1.1" 404 47 "-" "Thunder Client (https://www.thunderclient.com)"

info: ::ffff:127.0.0.1 - - [16/Feb/2022:08:13:09 +0000] "GET /api/v1/cart/getcartbooks HTTP/1.1" 404 47 "-" "Thunder Client (https://www.thunderclient.com)"

info: ::ffff:127.0.0.1 - - [16/Feb/2022:08:13:37 +0000] "GET /api/v1/cart/getcartbooks HTTP/1.1" 200 255 "-" "Thunder Client (https://www.thunderclient.com)"

info: ::1 - - [16/Feb/2022:08:19:11 +0000] "GET /api/v1/cart/cart/ HTTP/1.1" 404 47 "http://localhost:3000/" "Mozilla/5.0 (Windows NT 10.0; Win64; x64) AppleWebKit/537.36 (KHTML, like Gecko) Chrome/98.0.4758.82 Safari/537.36"

info: ::1 - - [16/Feb/2022:08:19:15 +0000] "GET /api/v1/book/getbook HTTP/1.1" 200 5774 "http://localhost:3000/" "Mozilla/5.0 (Windows NT 10.0; Win64; x64) AppleWebKit/537.36 (KHTML, like Gecko) Chrome/98.0.4758.82 Safari/537.36"

info: ::1 - - [16/Feb/2022:08:34:05 +0000] "GET /api/v1/book/getbook HTTP/1.1" 304 - "http://localhost:3000/" "Mozilla/5.0 (Windows NT 10.0; Win64; x64) AppleWebKit/537.36 (KHTML, like Gecko) Chrome/98.0.4758.82 Safari/537.36"

info: ::1 - - [16/Feb/2022:08:34:09 +0000] "GET /api/v1/cart/cart/ HTTP/1.1" 404 47 "http://localhost:3000/" "Mozilla/5.0 (Windows NT 10.0; Win64; x64) AppleWebKit/537.36 (KHTML, like Gecko) Chrome/98.0.4758.82 Safari/537.36"

info: ::ffff:127.0.0.1 - - [16/Feb/2022:08:36:03 +0000] "GET /api/v1/cart/getcartbooks HTTP/1.1" 200 255 "-" "Thunder Client (https://www.thunderclient.com)"

info: ::1 - - [16/Feb/2022:08:37:45 +0000] "GET /api/v1/cart/cart HTTP/1.1" 404 47 "http://localhost:3000/" "Mozilla/5.0 (Linux; Android 6.0; Nexus 5 Build/MRA58N) AppleWebKit/537.36 (KHTML, like Gecko) Chrome/98.0.4758.82 Mobile Safari/537.36"

info: ::1 - - [16/Feb/2022:08:37:55 +0000] "GET /api/v1/cart/cart HTTP/1.1" 404 47 "http://localhost:3000/" "Mozilla/5.0 (Linux; Android 6.0; Nexus 5 Build/MRA58N) AppleWebKit/537.36 (KHTML, like Gecko) Chrome/98.0.4758.82 Mobile Safari/537.36"

info: ::1 - - [16/Feb/2022:08:38:13 +0000] "GET /api/v1/cart/ HTTP/1.1" 404 47 "http://localhost:3000/" "Mozilla/5.0 (Linux; Android 6.0; Nexus 5 Build/MRA58N) AppleWebKit/537.36 (KHTML, like Gecko) Chrome/98.0.4758.82 Mobile Safari/537.36"

info: ::1 - - [16/Feb/2022:08:38:33 +0000] "GET /api/v1/cart/getcartbooks HTTP/1.1" 500 48 "http://localhost:3000/" "Mozilla/5.0 (Linux; Android 6.0; Nexus 5 Build/MRA58N) AppleWebKit/537.36 (KHTML, like Gecko) Chrome/98.0.4758.82 Mobile Safari/537.36"

info: ::1 - - [16/Feb/2022:08:40:09 +0000] "GET /api/v1/cart/getcartbooks HTTP/1.1" 500 48 "http://localhost:3000/" "Mozilla/5.0 (Linux; Android 6.0; Nexus 5 Build/MRA58N) AppleWebKit/537.36 (KHTML, like Gecko) Chrome/98.0.4758.82 Mobile Safari/537.36"

info: ::1 - - [16/Feb/2022:08:41:49 +0000] "GET /api/v1/cart/getcartbooks HTTP/1.1" 500 48 "http://localhost:3000/" "Mozilla/5.0 (Windows NT 10.0; Win64; x64) AppleWebKit/537.36 (KHTML, like Gecko) Chrome/98.0.4758.82 Safari/537.36"

info: ::1 - - [16/Feb/2022:08:53:28 +0000] "GET /api/v1/cart/getcartbooks HTTP/1.1" 500 48 "http://localhost:3000/" "Mozilla/5.0 (Linux; Android 6.0; Nexus 5 Build/MRA58N) AppleWebKit/537.36 (KHTML, like Gecko) Chrome/98.0.4758.82 Mobile Safari/537.36"

info: ::1 - - [16/Feb/2022:08:53:48 +0000] "GET /api/v1/cart/getcartbooks HTTP/1.1" 500 48 "http://localhost:3000/" "Mozilla/5.0 (Linux; Android 6.0; Nexus 5 Build/MRA58N) AppleWebKit/537.36 (KHTML, like Gecko) Chrome/98.0.4758.82 Mobile Safari/537.36"

info: ::1 - - [16/Feb/2022:09:00:31 +0000] "GET /api/v1/cart/getcartbooks HTTP/1.1" 500 48 "http://localhost:3000/" "Mozilla/5.0 (Linux; Android 6.0; Nexus 5 Build/MRA58N) AppleWebKit/537.36 (KHTML, like Gecko) Chrome/98.0.4758.82 Mobile Safari/537.36"

info: ::1 - - [16/Feb/2022:09:00:41 +0000] "GET /api/v1/cart/getcartbooks HTTP/1.1" 500 48 "http://localhost:3000/" "Mozilla/5.0 (Linux; Android 6.0; Nexus 5 Build/MRA58N) AppleWebKit/537.36 (KHTML, like Gecko) Chrome/98.0.4758.82 Mobile Safari/537.36"

info: ::1 - - [16/Feb/2022:09:00:43 +0000] "GET /api/v1/cart/getcartbooks HTTP/1.1" 500 48 "http://localhost:3000/" "Mozilla/5.0 (Linux; Android 6.0; Nexus 5 Build/MRA58N) AppleWebKit/537.36 (KHTML, like Gecko) Chrome/98.0.4758.82 Mobile Safari/537.36"

info: ::1 - - [16/Feb/2022:09:00:47 +0000] "GET /api/v1/cart/getcartbooks HTTP/1.1" 500 48 "http://localhost:3000/" "Mozilla/5.0 (Linux; Android 6.0; Nexus 5 Build/MRA58N) AppleWebKit/537.36 (KHTML, like Gecko) Chrome/98.0.4758.82 Mobile Safari/537.36"

info: ::1 - - [16/Feb/2022:09:01:46 +0000] "GET /api/v1/cart/getcartbooks HTTP/1.1" 500 48 "http://localhost:3000/" "Mozilla/5.0 (Linux; Android 6.0; Nexus 5 Build/MRA58N) AppleWebKit/537.36 (KHTML, like Gecko) Chrome/98.0.4758.82 Mobile Safari/537.36"

info: ::1 - - [16/Feb/2022:09:01:46 +0000] "GET /api/v1/cart/getcartbooks HTTP/1.1" 500 48 "http://localhost:3000/" "Mozilla/5.0 (Linux; Android 6.0; Nexus 5 Build/MRA58N) AppleWebKit/537.36 (KHTML, like Gecko) Chrome/98.0.4758.82 Mobile Safari/537.36"

info: ::1 - - [16/Feb/2022:09:01:49 +0000] "GET /api/v1/cart/getcartbooks HTTP/1.1" 500 48 "http://localhost:3000/" "Mozilla/5.0 (Linux; Android 6.0; Nexus 5 Build/MRA58N) AppleWebKit/537.36 (KHTML, like Gecko) Chrome/98.0.4758.82 Mobile Safari/537.36"

info: ::1 - - [16/Feb/2022:09:02:04 +0000] "GET /api/v1/cart/getcartbooks HTTP/1.1" 500 48 "http://localhost:3000/" "Mozilla/5.0 (Linux; Android 6.0; Nexus 5 Build/MRA58N) AppleWebKit/537.36 (KHTML, like Gecko) Chrome/98.0.4758.82 Mobile Safari/537.36"

info: ::1 - - [16/Feb/2022:09:03:53 +0000] "GET /api/v1/cart/getcartbooks HTTP/1.1" 500 48 "http://localhost:3000/" "Mozilla/5.0 (Linux; Android 6.0; Nexus 5 Build/MRA58N) AppleWebKit/537.36 (KHTML, like Gecko) Chrome/98.0.4758.82 Mobile Safari/537.36"

info: ::1 - - [16/Feb/2022:09:04:40 +0000] "GET /api/v1/cart/getcartbooks HTTP/1.1" 500 48 "http://localhost:3000/" "Mozilla/5.0 (Linux; Android 6.0; Nexus 5 Build/MRA58N) AppleWebKit/537.36 (KHTML, like Gecko) Chrome/98.0.4758.82 Mobile Safari/537.36"

info: ::1 - - [16/Feb/2022:09:04:51 +0000] "GET /api/v1/cart/getcartbooks HTTP/1.1" 500 48 "http://localhost:3000/" "Mozilla/5.0 (Linux; Android 6.0; Nexus 5 Build/MRA58N) AppleWebKit/537.36 (KHTML, like Gecko) Chrome/98.0.4758.82 Mobile Safari/537.36"

info: ::1 - - [16/Feb/2022:09:04:54 +0000] "GET /api/v1/cart/getcartbooks HTTP/1.1" 500 48 "http://localhost:3000/" "Mozilla/5.0 (Linux; Android 6.0; Nexus 5 Build/MRA58N) AppleWebKit/537.36 (KHTML, like Gecko) Chrome/98.0.4758.82 Mobile Safari/537.36"

info: ::1 - - [16/Feb/2022:09:04:57 +0000] "GET /api/v1/cart/getcartbooks HTTP/1.1" 500 48 "http://localhost:3000/" "Mozilla/5.0 (Linux; Android 6.0; Nexus 5 Build/MRA58N) AppleWebKit/537.36 (KHTML, like Gecko) Chrome/98.0.4758.82 Mobile Safari/537.36"

info: ::1 - - [16/Feb/2022:09:06:33 +0000] "GET /api/v1/cart/getcartbooks HTTP/1.1" 500 48 "http://localhost:3000/" "Mozilla/5.0 (Linux; Android 6.0; Nexus 5 Build/MRA58N) AppleWebKit/537.36 (KHTML, like Gecko) Chrome/98.0.4758.82 Mobile Safari/537.36"

info: ::1 - - [16/Feb/2022:09:06:40 +0000] "GET /api/v1/cart/getcartbooks HTTP/1.1" 500 48 "http://localhost:3000/" "Mozilla/5.0 (Linux; Android 6.0; Nexus 5 Build/MRA58N) AppleWebKit/537.36 (KHTML, like Gecko) Chrome/98.0.4758.82 Mobile Safari/537.36"

info: ::1 - - [16/Feb/2022:09:08:00 +0000] "GET /api/v1/cart/getcartbooks HTTP/1.1" 500 48 "http://localhost:3000/" "Mozilla/5.0 (Linux; Android 6.0; Nexus 5 Build/MRA58N) AppleWebKit/537.36 (KHTML, like Gecko) Chrome/98.0.4758.82 Mobile Safari/537.36"

info: ::1 - - [16/Feb/2022:09:10:30 +0000] "GET /api/v1/cart/getcartbooks HTTP/1.1" 500 48 "http://localhost:3000/" "Mozilla/5.0 (Linux; Android 6.0; Nexus 5 Build/MRA58N) AppleWebKit/537.36 (KHTML, like Gecko) Chrome/98.0.4758.82 Mobile Safari/537.36"

info: ::1 - - [16/Feb/2022:09:10:35 +0000] "GET /api/v1/cart/getcartbooks HTTP/1.1" 400 56 "http://localhost:3000/" "Mozilla/5.0 (Linux; Android 6.0; Nexus 5 Build/MRA58N) AppleWebKit/537.36 (KHTML, like Gecko) Chrome/98.0.4758.82 Mobile Safari/537.36"

info: ::1 - - [16/Feb/2022:09:10:52 +0000] "GET /api/v1/cart/getcartbooks HTTP/1.1" 400 56 "http://localhost:3000/" "Mozilla/5.0 (Linux; Android 6.0; Nexus 5 Build/MRA58N) AppleWebKit/537.36 (KHTML, like Gecko) Chrome/98.0.4758.82 Mobile Safari/537.36"

info: ::1 - - [16/Feb/2022:09:11:19 +0000] "GET /api/v1/cart/getcartbooks HTTP/1.1" 500 48 "http://localhost:3000/" "Mozilla/5.0 (Linux; Android 6.0; Nexus 5 Build/MRA58N) AppleWebKit/537.36 (KHTML, like Gecko) Chrome/98.0.4758.82 Mobile Safari/537.36"

info: ::1 - - [16/Feb/2022:09:11:50 +0000] "GET /api/v1/cart/getcartbooks HTTP/1.1" 500 48 "http://localhost:3000/" "Mozilla/5.0 (Linux; Android 6.0; Nexus 5 Build/MRA58N) AppleWebKit/537.36 (KHTML, like Gecko) Chrome/98.0.4758.82 Mobile Safari/537.36"

info: ::1 - - [16/Feb/2022:09:18:53 +0000] "POST /api/v1/user/signup HTTP/1.1" 201 323 "http://localhost:3000/" "Mozilla/5.0 (Linux; Android 6.0; Nexus 5 Build/MRA58N) AppleWebKit/537.36 (KHTML, like Gecko) Chrome/98.0.4758.82 Mobile Safari/537.36"

info: ::1 - - [16/Feb/2022:09:19:31 +0000] "POST /api/v1/user/signin HTTP/1.1" 200 70 "http://localhost:3000/" "Mozilla/5.0 (Linux; Android 6.0; Nexus 5 Build/MRA58N) AppleWebKit/537.36 (KHTML, like Gecko) Chrome/98.0.4758.82 Mobile Safari/537.36"

info: ::1 - - [16/Feb/2022:09:19:32 +0000] "GET /api/v1/book/getbook HTTP/1.1" 304 - "http://localhost:3000/" "Mozilla/5.0 (Linux; Android 6.0; Nexus 5 Build/MRA58N) AppleWebKit/537.36 (KHTML, like Gecko) Chrome/98.0.4758.82 Mobile Safari/537.36"

info: ::1 - - [16/Feb/2022:09:20:11 +0000] "POST /api/v1/user/signin HTTP/1.1" 200 268 "http://localhost:3000/" "Mozilla/5.0 (Linux; Android 6.0; Nexus 5 Build/MRA58N) AppleWebKit/537.36 (KHTML, like Gecko) Chrome/98.0.4758.82 Mobile Safari/537.36"

info: ::1 - - [16/Feb/2022:09:20:12 +0000] "GET /api/v1/book/getbook HTTP/1.1" 304 - "http://localhost:3000/" "Mozilla/5.0 (Linux; Android 6.0; Nexus 5 Build/MRA58N) AppleWebKit/537.36 (KHTML, like Gecko) Chrome/98.0.4758.82 Mobile Safari/537.36"

info: ::1 - - [16/Feb/2022:09:20:31 +0000] "GET /api/v1/cart/getcartbooks HTTP/1.1" 500 48 "http://localhost:3000/" "Mozilla/5.0 (Linux; Android 6.0; Nexus 5 Build/MRA58N) AppleWebKit/537.36 (KHTML, like Gecko) Chrome/98.0.4758.82 Mobile Safari/537.36"

info: ::1 - - [16/Feb/2022:09:26:43 +0000] "GET /api/v1/book/getbook HTTP/1.1" 304 - "http://localhost:3000/" "Mozilla/5.0 (Windows NT 10.0; Win64; x64) AppleWebKit/537.36 (KHTML, like Gecko) Chrome/98.0.4758.82 Safari/537.36"

info: ::ffff:127.0.0.1 - - [16/Feb/2022:09:31:21 +0000] "POST /api/v1/user/signup HTTP/1.1" 201 321 "-" "Thunder Client (https://www.thunderclient.com)"

info: ::ffff:127.0.0.1 - - [16/Feb/2022:09:33:38 +0000] "POST /api/v1/user/signup HTTP/1.1" 201 322 "-" "Thunder Client (https://www.thunderclient.com)"

info: ::ffff:127.0.0.1 - - [16/Feb/2022:09:34:37 +0000] "POST /api/v1/user/signin HTTP/1.1" 200 267 "-" "Thunder Client (https://www.thunderclient.com)"

info: ::ffff:127.0.0.1 - - [16/Feb/2022:09:35:31 +0000] "POST /api/v1/book/addbook HTTP/1.1" 201 327 "-" "Thunder Client (https://www.thunderclient.com)"

info: ::ffff:127.0.0.1 - - [16/Feb/2022:09:35:55 +0000] "GET /api/v1/book/getbook HTTP/1.1" 200 6042 "-" "Thunder Client (https://www.thunderclient.com)"

info: ::ffff:127.0.0.1 - - [16/Feb/2022:09:36:36 +0000] "POST /api/v1/cart/cart/620cade06d5e49276cc66b45 HTTP/1.1" 200 72 "-" "Thunder Client (https://www.thunderclient.com)"

info: ::ffff:127.0.0.1 - - [16/Feb/2022:09:37:27 +0000] "POST /api/v1/cart/cart/620cc5627e32d73fcc96f482 HTTP/1.1" 201 269 "-" "Thunder Client (https://www.thunderclient.com)"

info: ::ffff:127.0.0.1 - - [16/Feb/2022:09:37:51 +0000] "GET /api/v1/cart/getcartbooks HTTP/1.1" 200 255 "-" "Thunder Client (https://www.thunderclient.com)"

info: ::ffff:127.0.0.1 - - [16/Feb/2022:09:39:52 +0000] "POST /api/v1/book/addbook HTTP/1.1" 500 103 "-" "Thunder Client (https://www.thunderclient.com)"

info: ::ffff:127.0.0.1 - - [16/Feb/2022:09:40:03 +0000] "POST /api/v1/book/addbook HTTP/1.1" 201 323 "-" "Thunder Client (https://www.thunderclient.com)"

info: ::ffff:127.0.0.1 - - [16/Feb/2022:09:40:28 +0000] "POST /api/v1/cart/cart/620cc6737e32d73fcc96f48d HTTP/1.1" 200 72 "-" "Thunder Client (https://www.thunderclient.com)"

info: ::ffff:127.0.0.1 - - [16/Feb/2022:09:40:37 +0000] "GET /api/v1/cart/getcartbooks HTTP/1.1" 200 340 "-" "Thunder Client (https://www.thunderclient.com)"

info: ::1 - - [16/Feb/2022:09:41:47 +0000] "POST /api/v1/user/signup HTTP/1.1" 201 314 "http://localhost:3000/" "Mozilla/5.0 (Linux; Android 6.0; Nexus 5 Build/MRA58N) AppleWebKit/537.36 (KHTML, like Gecko) Chrome/98.0.4758.82 Mobile Safari/537.36"

info: ::1 - - [16/Feb/2022:09:42:38 +0000] "POST /api/v1/user/signin HTTP/1.1" 200 256 "http://localhost:3000/" "Mozilla/5.0 (Linux; Android 6.0; Nexus 5 Build/MRA58N) AppleWebKit/537.36 (KHTML, like Gecko) Chrome/98.0.4758.82 Mobile Safari/537.36"

info: ::1 - - [16/Feb/2022:09:42:39 +0000] "GET /api/v1/book/getbook HTTP/1.1" 200 6306 "http://localhost:3000/" "Mozilla/5.0 (Linux; Android 6.0; Nexus 5 Build/MRA58N) AppleWebKit/537.36 (KHTML, like Gecko) Chrome/98.0.4758.82 Mobile Safari/537.36"

info: ::1 - - [16/Feb/2022:09:43:23 +0000] "GET /api/v1/cart/getcartbooks HTTP/1.1" 500 48 "http://localhost:3000/" "Mozilla/5.0 (Linux; Android 6.0; Nexus 5 Build/MRA58N) AppleWebKit/537.36 (KHTML, like Gecko) Chrome/98.0.4758.82 Mobile Safari/537.36"

info: ::1 - - [16/Feb/2022:10:35:41 +0000] "POST /api/v1/user/signin HTTP/1.1" 200 256 "http://localhost:3000/" "Mozilla/5.0 (Linux; Android 6.0; Nexus 5 Build/MRA58N) AppleWebKit/537.36 (KHTML, like Gecko) Chrome/98.0.4758.82 Mobile Safari/537.36"

info: ::1 - - [16/Feb/2022:10:35:42 +0000] "GET /api/v1/book/getbook HTTP/1.1" 304 - "http://localhost:3000/" "Mozilla/5.0 (Linux; Android 6.0; Nexus 5 Build/MRA58N) AppleWebKit/537.36 (KHTML, like Gecko) Chrome/98.0.4758.82 Mobile Safari/537.36"

info: ::1 - - [16/Feb/2022:10:35:49 +0000] "GET /api/v1/cart/getcartbooks HTTP/1.1" 500 48 "http://localhost:3000/" "Mozilla/5.0 (Linux; Android 6.0; Nexus 5 Build/MRA58N) AppleWebKit/537.36 (KHTML, like Gecko) Chrome/98.0.4758.82 Mobile Safari/537.36"

info: ::1 - - [16/Feb/2022:10:41:11 +0000] "GET /api/v1/cart/getcartbooks HTTP/1.1" 500 48 "http://localhost:3000/" "Mozilla/5.0 (Linux; Android 6.0; Nexus 5 Build/MRA58N) AppleWebKit/537.36 (KHTML, like Gecko) Chrome/98.0.4758.82 Mobile Safari/537.36"

info: ::1 - - [16/Feb/2022:11:04:05 +0000] "POST /api/v1/user/signin HTTP/1.1" 200 256 "http://localhost:3000/" "Mozilla/5.0 (Windows NT 10.0; Win64; x64) AppleWebKit/537.36 (KHTML, like Gecko) Chrome/98.0.4758.82 Safari/537.36"

info: ::1 - - [16/Feb/2022:11:04:05 +0000] "GET /api/v1/book/getbook HTTP/1.1" 304 - "http://localhost:3000/" "Mozilla/5.0 (Windows NT 10.0; Win64; x64) AppleWebKit/537.36 (KHTML, like Gecko) Chrome/98.0.4758.82 Safari/537.36"

info: ::1 - - [16/Feb/2022:11:04:25 +0000] "GET /api/v1/book/getbook HTTP/1.1" 304 - "http://localhost:3000/" "Mozilla/5.0 (Windows NT 10.0; Win64; x64) AppleWebKit/537.36 (KHTML, like Gecko) Chrome/98.0.4758.82 Safari/537.36"

info: ::1 - - [16/Feb/2022:11:18:01 +0000] "POST /api/v1/user/signin HTTP/1.1" 200 256 "http://localhost:3000/" "Mozilla/5.0 (Windows NT 10.0; Win64; x64) AppleWebKit/537.36 (KHTML, like Gecko) Chrome/98.0.4758.82 Safari/537.36"

info: ::1 - - [16/Feb/2022:11:18:01 +0000] "GET /api/v1/book/getbook HTTP/1.1" 304 - "http://localhost:3000/" "Mozilla/5.0 (Windows NT 10.0; Win64; x64) AppleWebKit/537.36 (KHTML, like Gecko) Chrome/98.0.4758.82 Safari/537.36"

info: ::1 - - [16/Feb/2022:11:18:07 +0000] "GET /api/v1/cart/getcartbooks HTTP/1.1" 500 48 "http://localhost:3000/" "Mozilla/5.0 (Windows NT 10.0; Win64; x64) AppleWebKit/537.36 (KHTML, like Gecko) Chrome/98.0.4758.82 Safari/537.36"

info: ::ffff:127.0.0.1 - - [16/Feb/2022:11:45:50 +0000] "GET /api/v1/cart/getcartbooks HTTP/1.1" 200 340 "-" "Thunder Client (https://www.thunderclient.com)"

info: ::1 - - [16/Feb/2022:11:47:35 +0000] "GET /api/v1/cart/getcartbooks HTTP/1.1" 500 48 "http://localhost:3000/" "Mozilla/5.0 (Linux; Android 6.0; Nexus 5 Build/MRA58N) AppleWebKit/537.36 (KHTML, like Gecko) Chrome/98.0.4758.82 Mobile Safari/537.36"

info: ::ffff:127.0.0.1 - - [16/Feb/2022:11:49:24 +0000] "POST /api/v1/cart/cart/620cc6737e32d73fcc96f48d HTTP/1.1" 200 255 "-" "Thunder Client (https://www.thunderclient.com)"

info: ::1 - - [16/Feb/2022:11:50:21 +0000] "GET /api/v1/cart/getcartbooks HTTP/1.1" 500 48 "http://localhost:3000/" "Mozilla/5.0 (Linux; Android 6.0; Nexus 5 Build/MRA58N) AppleWebKit/537.36 (KHTML, like Gecko) Chrome/98.0.4758.82 Mobile Safari/537.36"

info: ::1 - - [16/Feb/2022:11:51:09 +0000] "GET /api/v1/cart/getcartbooks HTTP/1.1" 500 48 "http://localhost:3000/" "Mozilla/5.0 (Linux; Android 6.0; Nexus 5 Build/MRA58N) AppleWebKit/537.36 (KHTML, like Gecko) Chrome/98.0.4758.82 Mobile Safari/537.36"

info: ::1 - - [16/Feb/2022:11:51:29 +0000] "GET /api/v1/book/getbook HTTP/1.1" 304 - "http://localhost:3000/" "Mozilla/5.0 (Linux; Android 6.0; Nexus 5 Build/MRA58N) AppleWebKit/537.36 (KHTML, like Gecko) Chrome/98.0.4758.82 Mobile Safari/537.36"

info: ::1 - - [16/Feb/2022:11:51:34 +0000] "POST /api/v1/user/signin HTTP/1.1" 200 256 "http://localhost:3000/" "Mozilla/5.0 (Linux; Android 6.0; Nexus 5 Build/MRA58N) AppleWebKit/537.36 (KHTML, like Gecko) Chrome/98.0.4758.82 Mobile Safari/537.36"

info: ::1 - - [16/Feb/2022:11:51:34 +0000] "GET /api/v1/book/getbook HTTP/1.1" 304 - "http://localhost:3000/" "Mozilla/5.0 (Linux; Android 6.0; Nexus 5 Build/MRA58N) AppleWebKit/537.36 (KHTML, like Gecko) Chrome/98.0.4758.82 Mobile Safari/537.36"

info: ::1 - - [16/Feb/2022:11:53:35 +0000] "POST /api/v1/user/signin HTTP/1.1" 200 256 "http://localhost:3000/" "Mozilla/5.0 (Linux; Android 6.0; Nexus 5 Build/MRA58N) AppleWebKit/537.36 (KHTML, like Gecko) Chrome/98.0.4758.82 Mobile Safari/537.36"

info: ::1 - - [16/Feb/2022:11:53:41 +0000] "POST /api/v1/user/signin HTTP/1.1" 200 256 "http://localhost:3000/" "Mozilla/5.0 (Linux; Android 6.0; Nexus 5 Build/MRA58N) AppleWebKit/537.36 (KHTML, like Gecko) Chrome/98.0.4758.82 Mobile Safari/537.36"

info: ::1 - - [16/Feb/2022:11:54:30 +0000] "POST /api/v1/user/signin HTTP/1.1" 200 256 "http://localhost:3000/" "Mozilla/5.0 (Linux; Android 6.0; Nexus 5 Build/MRA58N) AppleWebKit/537.36 (KHTML, like Gecko) Chrome/98.0.4758.82 Mobile Safari/537.36"

info: ::1 - - [16/Feb/2022:11:56:23 +0000] "POST /api/v1/user/signin HTTP/1.1" 200 256 "http://localhost:3000/" "Mozilla/5.0 (Linux; Android 6.0; Nexus 5 Build/MRA58N) AppleWebKit/537.36 (KHTML, like Gecko) Chrome/98.0.4758.82 Mobile Safari/537.36"

info: ::1 - - [16/Feb/2022:11:56:23 +0000] "GET /api/v1/book/getbook HTTP/1.1" 304 - "http://localhost:3000/" "Mozilla/5.0 (Linux; Android 6.0; Nexus 5 Build/MRA58N) AppleWebKit/537.36 (KHTML, like Gecko) Chrome/98.0.4758.82 Mobile Safari/537.36"

info: ::1 - - [16/Feb/2022:11:56:31 +0000] "GET /api/v1/cart/getcartbooks HTTP/1.1" 500 48 "http://localhost:3000/" "Mozilla/5.0 (Linux; Android 6.0; Nexus 5 Build/MRA58N) AppleWebKit/537.36 (KHTML, like Gecko) Chrome/98.0.4758.82 Mobile Safari/537.36"

info: ::1 - - [16/Feb/2022:12:00:27 +0000] "GET /api/v1/cart/getcartbooks HTTP/1.1" 200 67 "http://localhost:3000/" "Mozilla/5.0 (Linux; Android 6.0; Nexus 5 Build/MRA58N) AppleWebKit/537.36 (KHTML, like Gecko) Chrome/98.0.4758.82 Mobile Safari/537.36"

info: ::1 - - [16/Feb/2022:12:00:43 +0000] "GET /api/v1/book/getbook HTTP/1.1" 304 - "http://localhost:3000/" "Mozilla/5.0 (Linux; Android 6.0; Nexus 5 Build/MRA58N) AppleWebKit/537.36 (KHTML, like Gecko) Chrome/98.0.4758.82 Mobile Safari/537.36"

info: ::1 - - [16/Feb/2022:12:00:47 +0000] "POST /api/v1/user/signin HTTP/1.1" 200 256 "http://localhost:3000/" "Mozilla/5.0 (Linux; Android 6.0; Nexus 5 Build/MRA58N) AppleWebKit/537.36 (KHTML, like Gecko) Chrome/98.0.4758.82 Mobile Safari/537.36"

info: ::1 - - [16/Feb/2022:12:00:48 +0000] "GET /api/v1/book/getbook HTTP/1.1" 304 - "http://localhost:3000/" "Mozilla/5.0 (Linux; Android 6.0; Nexus 5 Build/MRA58N) AppleWebKit/537.36 (KHTML, like Gecko) Chrome/98.0.4758.82 Mobile Safari/537.36"

info: ::1 - - [16/Feb/2022:12:00:53 +0000] "GET /api/v1/cart/getcartbooks HTTP/1.1" 304 - "http://localhost:3000/" "Mozilla/5.0 (Linux; Android 6.0; Nexus 5 Build/MRA58N) AppleWebKit/537.36 (KHTML, like Gecko) Chrome/98.0.4758.82 Mobile Safari/537.36"

info: ::1 - - [16/Feb/2022:12:02:27 +0000] "GET /api/v1/book/getbook HTTP/1.1" 304 - "http://localhost:3000/" "Mozilla/5.0 (Linux; Android 6.0; Nexus 5 Build/MRA58N) AppleWebKit/537.36 (KHTML, like Gecko) Chrome/98.0.4758.82 Mobile Safari/537.36"

info: ::1 - - [16/Feb/2022:12:02:36 +0000] "POST /api/v1/user/signin HTTP/1.1" 200 256 "http://localhost:3000/" "Mozilla/5.0 (Linux; Android 6.0; Nexus 5 Build/MRA58N) AppleWebKit/537.36 (KHTML, like Gecko) Chrome/98.0.4758.82 Mobile Safari/537.36"

info: ::1 - - [16/Feb/2022:12:02:36 +0000] "GET /api/v1/book/getbook HTTP/1.1" 304 - "http://localhost:3000/" "Mozilla/5.0 (Linux; Android 6.0; Nexus 5 Build/MRA58N) AppleWebKit/537.36 (KHTML, like Gecko) Chrome/98.0.4758.82 Mobile Safari/537.36"

info: ::1 - - [16/Feb/2022:12:02:38 +0000] "GET /api/v1/cart/getcartbooks HTTP/1.1" 304 - "http://localhost:3000/" "Mozilla/5.0 (Linux; Android 6.0; Nexus 5 Build/MRA58N) AppleWebKit/537.36 (KHTML, like Gecko) Chrome/98.0.4758.82 Mobile Safari/537.36"

info: ::1 - - [16/Feb/2022:12:04:59 +0000] "GET /api/v1/cart/getcartbooks HTTP/1.1" 304 - "http://localhost:3000/" "Mozilla/5.0 (Linux; Android 6.0; Nexus 5 Build/MRA58N) AppleWebKit/537.36 (KHTML, like Gecko) Chrome/98.0.4758.82 Mobile Safari/537.36"

info: ::1 - - [16/Feb/2022:12:05:34 +0000] "GET /api/v1/cart/getcartbooks HTTP/1.1" 304 - "http://localhost:3000/" "Mozilla/5.0 (Linux; Android 6.0; Nexus 5 Build/MRA58N) AppleWebKit/537.36 (KHTML, like Gecko) Chrome/98.0.4758.82 Mobile Safari/537.36"

info: ::1 - - [16/Feb/2022:12:06:32 +0000] "GET /api/v1/cart/getcartbooks HTTP/1.1" 304 - "http://localhost:3000/" "Mozilla/5.0 (Linux; Android 6.0; Nexus 5 Build/MRA58N) AppleWebKit/537.36 (KHTML, like Gecko) Chrome/98.0.4758.82 Mobile Safari/537.36"

info: ::1 - - [16/Feb/2022:12:06:34 +0000] "GET /api/v1/cart/getcartbooks HTTP/1.1" 304 - "http://localhost:3000/" "Mozilla/5.0 (Linux; Android 6.0; Nexus 5 Build/MRA58N) AppleWebKit/537.36 (KHTML, like Gecko) Chrome/98.0.4758.82 Mobile Safari/537.36"

info: ::1 - - [16/Feb/2022:12:06:40 +0000] "GET /api/v1/cart/getcartbooks HTTP/1.1" 304 - "http://localhost:3000/" "Mozilla/5.0 (Linux; Android 6.0; Nexus 5 Build/MRA58N) AppleWebKit/537.36 (KHTML, like Gecko) Chrome/98.0.4758.82 Mobile Safari/537.36"

info: ::ffff:127.0.0.1 - - [16/Feb/2022:12:07:00 +0000] "GET /api/v1/cart/getcartbooks HTTP/1.1" 200 341 "-" "Thunder Client (https://www.thunderclient.com)"

info: ::1 - - [16/Feb/2022:12:07:37 +0000] "GET /api/v1/book/getbook HTTP/1.1" 304 - "http://localhost:3000/" "Mozilla/5.0 (Linux; Android 6.0; Nexus 5 Build/MRA58N) AppleWebKit/537.36 (KHTML, like Gecko) Chrome/98.0.4758.82 Mobile Safari/537.36"

info: ::1 - - [16/Feb/2022:12:07:39 +0000] "GET /api/v1/cart/getcartbooks HTTP/1.1" 304 - "http://localhost:3000/" "Mozilla/5.0 (Linux; Android 6.0; Nexus 5 Build/MRA58N) AppleWebKit/537.36 (KHTML, like Gecko) Chrome/98.0.4758.82 Mobile Safari/537.36"

info: ::1 - - [16/Feb/2022:12:16:43 +0000] "GET /api/v1/cart/getcartbooks HTTP/1.1" 304 - "http://localhost:3000/" "Mozilla/5.0 (Linux; Android 6.0; Nexus 5 Build/MRA58N) AppleWebKit/537.36 (KHTML, like Gecko) Chrome/98.0.4758.82 Mobile Safari/537.36"

info: ::1 - - [16/Feb/2022:12:16:49 +0000] "GET /api/v1/cart/getcartbooks HTTP/1.1" 304 - "http://localhost:3000/" "Mozilla/5.0 (Linux; Android 6.0; Nexus 5 Build/MRA58N) AppleWebKit/537.36 (KHTML, like Gecko) Chrome/98.0.4758.82 Mobile Safari/537.36"

info: ::1 - - [16/Feb/2022:12:19:01 +0000] "GET /api/v1/cart/getcartbooks HTTP/1.1" 304 - "http://localhost:3000/" "Mozilla/5.0 (Linux; Android 6.0; Nexus 5 Build/MRA58N) AppleWebKit/537.36 (KHTML, like Gecko) Chrome/98.0.4758.82 Mobile Safari/537.36"

info: ::1 - - [16/Feb/2022:12:22:22 +0000] "GET /api/v1/cart/getcartbooks HTTP/1.1" 304 - "http://localhost:3000/" "Mozilla/5.0 (Linux; Android 6.0; Nexus 5 Build/MRA58N) AppleWebKit/537.36 (KHTML, like Gecko) Chrome/98.0.4758.82 Mobile Safari/537.36"

info: ::1 - - [16/Feb/2022:12:22:42 +0000] "GET /api/v1/cart/getcartbooks HTTP/1.1" 304 - "http://localhost:3000/" "Mozilla/5.0 (Linux; Android 6.0; Nexus 5 Build/MRA58N) AppleWebKit/537.36 (KHTML, like Gecko) Chrome/98.0.4758.82 Mobile Safari/537.36"

info: ::1 - - [16/Feb/2022:12:22:43 +0000] "GET /api/v1/cart/getcartbooks HTTP/1.1" 304 - "http://localhost:3000/" "Mozilla/5.0 (Linux; Android 6.0; Nexus 5 Build/MRA58N) AppleWebKit/537.36 (KHTML, like Gecko) Chrome/98.0.4758.82 Mobile Safari/537.36"

info: ::ffff:127.0.0.1 - - [16/Feb/2022:12:30:53 +0000] "POST /api/v1/cart/cart/620cc6737e32d73fcc96f48d HTTP/1.1" 200 255 "-" "Thunder Client (https://www.thunderclient.com)"

info: ::ffff:127.0.0.1 - - [16/Feb/2022:12:31:47 +0000] "POST /api/v1/book/addbook HTTP/1.1" 201 327 "-" "Thunder Client (https://www.thunderclient.com)"

info: ::ffff:127.0.0.1 - - [16/Feb/2022:12:33:32 +0000] "GET /api/v1/cart/getcartbooks HTTP/1.1" 500 56 "-" "Thunder Client (https://www.thunderclient.com)"

info: ::1 - - [16/Feb/2022:12:35:46 +0000] "GET /api/v1/cart/getcartbooks HTTP/1.1" 500 56 "http://localhost:3000/" "Mozilla/5.0 (Linux; Android 6.0; Nexus 5 Build/MRA58N) AppleWebKit/537.36 (KHTML, like Gecko) Chrome/98.0.4758.82 Mobile Safari/537.36"

info: ::ffff:127.0.0.1 - - [16/Feb/2022:12:41:23 +0000] "GET /api/v1/cart/getcartbooks HTTP/1.1" 500 56 "-" "Thunder Client (https://www.thunderclient.com)"

info: ::ffff:127.0.0.1 - - [16/Feb/2022:12:43:48 +0000] "GET /api/v1/cart/getcartbooks HTTP/1.1" 200 341 "-" "Thunder Client (https://www.thunderclient.com)"

info: ::1 - - [16/Feb/2022:12:44:38 +0000] "GET /api/v1/cart/getcartbooks HTTP/1.1" 200 67 "http://localhost:3000/" "Mozilla/5.0 (Linux; Android 6.0; Nexus 5 Build/MRA58N) AppleWebKit/537.36 (KHTML, like Gecko) Chrome/98.0.4758.82 Mobile Safari/537.36"

info: ::1 - - [16/Feb/2022:12:46:19 +0000] "GET /api/v1/cart/getcartbooks HTTP/1.1" 200 341 "http://localhost:3000/" "Mozilla/5.0 (Linux; Android 6.0; Nexus 5 Build/MRA58N) AppleWebKit/537.36 (KHTML, like Gecko) Chrome/98.0.4758.82 Mobile Safari/537.36"

info: ::1 - - [16/Feb/2022:12:47:09 +0000] "GET /api/v1/book/getbook HTTP/1.1" 200 6574 "http://localhost:3000/" "Mozilla/5.0 (Windows NT 10.0; Win64; x64) AppleWebKit/537.36 (KHTML, like Gecko) Chrome/98.0.4758.82 Safari/537.36"

info: ::1 - - [16/Feb/2022:12:49:28 +0000] "GET /api/v1/book/getbook HTTP/1.1" 304 - "http://localhost:3000/" "Mozilla/5.0 (Linux; Android 6.0; Nexus 5 Build/MRA58N) AppleWebKit/537.36 (KHTML, like Gecko) Chrome/98.0.4758.82 Mobile Safari/537.36"

info: ::1 - - [16/Feb/2022:13:25:11 +0000] "GET /api/v1/cart/getcartbooks HTTP/1.1" 304 - "http://localhost:3000/" "Mozilla/5.0 (Windows NT 10.0; Win64; x64) AppleWebKit/537.36 (KHTML, like Gecko) Chrome/98.0.4758.82 Safari/537.36"

info: ::1 - - [16/Feb/2022:13:25:27 +0000] "GET /api/v1/book/getbook HTTP/1.1" 304 - "http://localhost:3000/" "Mozilla/5.0 (Linux; Android 6.0; Nexus 5 Build/MRA58N) AppleWebKit/537.36 (KHTML, like Gecko) Chrome/98.0.4758.82 Mobile Safari/537.36"

info: ::1 - - [16/Feb/2022:13:25:31 +0000] "GET /api/v1/cart/getcartbooks HTTP/1.1" 304 - "http://localhost:3000/" "Mozilla/5.0 (Linux; Android 6.0; Nexus 5 Build/MRA58N) AppleWebKit/537.36 (KHTML, like Gecko) Chrome/98.0.4758.82 Mobile Safari/537.36"

info: ::ffff:127.0.0.1 - - [16/Feb/2022:16:19:19 +0000] "POST /api/v1/wishlist/wishlist HTTP/1.1" 404 47 "-" "Thunder Client (https://www.thunderclient.com)"

info: ::ffff:127.0.0.1 - - [16/Feb/2022:16:20:06 +0000] "POST /api/v1/wishlist/wishlist/620ceeb33650e5241cc6f650 HTTP/1.1" 200 331 "-" "Thunder Client (https://www.thunderclient.com)"

info: ::ffff:127.0.0.1 - - [16/Feb/2022:16:23:46 +0000] "POST /api/v1/wishlist/wishlist/620cc5627e32d73fcc96f482 HTTP/1.1" 201 194 "-" "Thunder Client (https://www.thunderclient.com)"

info: ::ffff:127.0.0.1 - - [16/Feb/2022:16:26:28 +0000] "POST /api/v1/wishlist/wishlist/620a4d201336f745989480d6 HTTP/1.1" 200 260 "-" "Thunder Client (https://www.thunderclient.com)"

info: ::ffff:127.0.0.1 - - [16/Feb/2022:16:27:26 +0000] "POST /api/v1/wishlist/wishlist/6201fafae393522cac4ee2bc HTTP/1.1" 200 331 "-" "Thunder Client (https://www.thunderclient.com)"

info: ::ffff:127.0.0.1 - - [16/Feb/2022:16:28:06 +0000] "POST /api/v1/wishlist/wishlist/6201fbb5e393522cac4ee2bf HTTP/1.1" 200 402 "-" "Thunder Client (https://www.thunderclient.com)"

info: ::ffff:127.0.0.1 - - [16/Feb/2022:16:33:56 +0000] "POST /api/v1/user/signup HTTP/1.1" 201 325 "-" "Thunder Client (https://www.thunderclient.com)"

info: ::ffff:127.0.0.1 - - [16/Feb/2022:16:35:04 +0000] "POST /api/v1/user/signin HTTP/1.1" 200 267 "-" "Thunder Client (https://www.thunderclient.com)"

info: ::1 - - [16/Feb/2022:16:37:41 +0000] "GET /api/v1/book/getbook HTTP/1.1" 304 - "http://localhost:3000/" "Mozilla/5.0 (Linux; Android 6.0; Nexus 5 Build/MRA58N) AppleWebKit/537.36 (KHTML, like Gecko) Chrome/98.0.4758.82 Mobile Safari/537.36"

info: ::1 - - [16/Feb/2022:16:38:26 +0000] "GET /api/v1/book/getbook HTTP/1.1" 304 - "http://localhost:3000/" "Mozilla/5.0 (Windows NT 10.0; Win64; x64) AppleWebKit/537.36 (KHTML, like Gecko) Chrome/98.0.4758.82 Safari/537.36"

info: ::1 - - [16/Feb/2022:16:39:49 +0000] "POST /api/v1/user/signin HTTP/1.1" 200 256 "http://localhost:3000/" "Mozilla/5.0 (Windows NT 10.0; Win64; x64) AppleWebKit/537.36 (KHTML, like Gecko) Chrome/98.0.4758.82 Safari/537.36"

info: ::1 - - [16/Feb/2022:16:39:50 +0000] "GET /api/v1/book/getbook HTTP/1.1" 304 - "http://localhost:3000/" "Mozilla/5.0 (Windows NT 10.0; Win64; x64) AppleWebKit/537.36 (KHTML, like Gecko) Chrome/98.0.4758.82 Safari/537.36"

info: ::1 - - [16/Feb/2022:16:41:26 +0000] "POST /api/v1/user/signin HTTP/1.1" 200 256 "http://localhost:3000/" "Mozilla/5.0 (Linux; Android 6.0; Nexus 5 Build/MRA58N) AppleWebKit/537.36 (KHTML, like Gecko) Chrome/98.0.4758.82 Mobile Safari/537.36"

info: ::1 - - [16/Feb/2022:16:41:26 +0000] "GET /api/v1/book/getbook HTTP/1.1" 304 - "http://localhost:3000/" "Mozilla/5.0 (Linux; Android 6.0; Nexus 5 Build/MRA58N) AppleWebKit/537.36 (KHTML, like Gecko) Chrome/98.0.4758.82 Mobile Safari/537.36"

info: ::1 - - [16/Feb/2022:16:42:23 +0000] "GET /api/v1/book/getbook HTTP/1.1" 304 - "http://localhost:3000/" "Mozilla/5.0 (Linux; Android 6.0; Nexus 5 Build/MRA58N) AppleWebKit/537.36 (KHTML, like Gecko) Chrome/98.0.4758.82 Mobile Safari/537.36"

info: ::1 - - [16/Feb/2022:16:42:50 +0000] "GET /api/v1/cart/getcartbooks HTTP/1.1" 200 67 "http://localhost:3000/" "Mozilla/5.0 (Linux; Android 6.0; Nexus 5 Build/MRA58N) AppleWebKit/537.36 (KHTML, like Gecko) Chrome/98.0.4758.82 Mobile Safari/537.36"

info: ::1 - - [16/Feb/2022:16:44:35 +0000] "GET /api/v1/book/getbook HTTP/1.1" 304 - "http://localhost:3000/" "Mozilla/5.0 (Linux; Android 6.0; Nexus 5 Build/MRA58N) AppleWebKit/537.36 (KHTML, like Gecko) Chrome/98.0.4758.82 Mobile Safari/537.36"

info: ::1 - - [16/Feb/2022:16:44:53 +0000] "POST /api/v1/user/signin HTTP/1.1" 200 267 "http://localhost:3000/" "Mozilla/5.0 (Linux; Android 6.0; Nexus 5 Build/MRA58N) AppleWebKit/537.36 (KHTML, like Gecko) Chrome/98.0.4758.82 Mobile Safari/537.36"

info: ::1 - - [16/Feb/2022:16:44:53 +0000] "GET /api/v1/book/getbook HTTP/1.1" 304 - "http://localhost:3000/" "Mozilla/5.0 (Linux; Android 6.0; Nexus 5 Build/MRA58N) AppleWebKit/537.36 (KHTML, like Gecko) Chrome/98.0.4758.82 Mobile Safari/537.36"

info: ::1 - - [16/Feb/2022:16:45:49 +0000] "GET /api/v1/cart/getcartbooks HTTP/1.1" 304 - "http://localhost:3000/" "Mozilla/5.0 (Linux; Android 6.0; Nexus 5 Build/MRA58N) AppleWebKit/537.36 (KHTML, like Gecko) Chrome/98.0.4758.82 Mobile Safari/537.36"

info: ::ffff:127.0.0.1 - - [16/Feb/2022:16:50:41 +0000] "POST /api/v1/cart/addcart/6209dd832da7b8141c05f8b8 HTTP/1.1" 404 47 "-" "Thunder Client (https://www.thunderclient.com)"

info: ::ffff:127.0.0.1 - - [16/Feb/2022:16:50:58 +0000] "POST /api/v1/cart/cart/addcart/6209dd832da7b8141c05f8b8 HTTP/1.1" 404 47 "-" "Thunder Client (https://www.thunderclient.com)"

info: ::ffff:127.0.0.1 - - [16/Feb/2022:16:52:03 +0000] "POST /api/v1/cart/cart/cart/6209dd832da7b8141c05f8b8 HTTP/1.1" 404 47 "-" "Thunder Client (https://www.thunderclient.com)"

info: ::ffff:127.0.0.1 - - [16/Feb/2022:16:52:16 +0000] "POST /api/v1/cart/cart/6209dd832da7b8141c05f8b8 HTTP/1.1" 201 255 "-" "Thunder Client (https://www.thunderclient.com)"

info: ::ffff:127.0.0.1 - - [16/Feb/2022:16:53:18 +0000] "POST /api/v1/cart/cart/620a3ed1dd6ff905b8774a0f HTTP/1.1" 200 72 "-" "Thunder Client (https://www.thunderclient.com)"

info: ::ffff:127.0.0.1 - - [16/Feb/2022:16:55:52 +0000] "POST /api/v1/cart/cart/62022818dfaccf0cb4ccc3d1 HTTP/1.1" 200 72 "-" "Thunder Client (https://www.thunderclient.com)"

info: ::1 - - [16/Feb/2022:16:56:18 +0000] "GET /api/v1/book/getbook HTTP/1.1" 304 - "http://localhost:3000/" "Mozilla/5.0 (Linux; Android 6.0; Nexus 5 Build/MRA58N) AppleWebKit/537.36 (KHTML, like Gecko) Chrome/98.0.4758.82 Mobile Safari/537.36"

info: ::1 - - [16/Feb/2022:16:56:25 +0000] "POST /api/v1/user/signin HTTP/1.1" 200 267 "http://localhost:3000/" "Mozilla/5.0 (Linux; Android 6.0; Nexus 5 Build/MRA58N) AppleWebKit/537.36 (KHTML, like Gecko) Chrome/98.0.4758.82 Mobile Safari/537.36"

info: ::1 - - [16/Feb/2022:16:56:26 +0000] "GET /api/v1/book/getbook HTTP/1.1" 304 - "http://localhost:3000/" "Mozilla/5.0 (Linux; Android 6.0; Nexus 5 Build/MRA58N) AppleWebKit/537.36 (KHTML, like Gecko) Chrome/98.0.4758.82 Mobile Safari/537.36"

info: ::1 - - [16/Feb/2022:16:56:32 +0000] "GET /api/v1/cart/getcartbooks HTTP/1.1" 304 - "http://localhost:3000/" "Mozilla/5.0 (Linux; Android 6.0; Nexus 5 Build/MRA58N) AppleWebKit/537.36 (KHTML, like Gecko) Chrome/98.0.4758.82 Mobile Safari/537.36"

info: ::1 - - [16/Feb/2022:16:56:49 +0000] "GET /api/v1/cart/getcartbooks HTTP/1.1" 200 383 "http://localhost:3000/" "Mozilla/5.0 (Linux; Android 6.0; Nexus 5 Build/MRA58N) AppleWebKit/537.36 (KHTML, like Gecko) Chrome/98.0.4758.82 Mobile Safari/537.36"

info: ::1 - - [16/Feb/2022:16:56:52 +0000] "GET /api/v1/book/getbook HTTP/1.1" 304 - "http://localhost:3000/" "Mozilla/5.0 (Linux; Android 6.0; Nexus 5 Build/MRA58N) AppleWebKit/537.36 (KHTML, like Gecko) Chrome/98.0.4758.82 Mobile Safari/537.36"

info: ::1 - - [16/Feb/2022:16:57:03 +0000] "POST /api/v1/user/signin HTTP/1.1" 200 267 "http://localhost:3000/" "Mozilla/5.0 (Linux; Android 6.0; Nexus 5 Build/MRA58N) AppleWebKit/537.36 (KHTML, like Gecko) Chrome/98.0.4758.82 Mobile Safari/537.36"

info: ::1 - - [16/Feb/2022:16:57:04 +0000] "GET /api/v1/book/getbook HTTP/1.1" 304 - "http://localhost:3000/" "Mozilla/5.0 (Linux; Android 6.0; Nexus 5 Build/MRA58N) AppleWebKit/537.36 (KHTML, like Gecko) Chrome/98.0.4758.82 Mobile Safari/537.36"

info: ::1 - - [16/Feb/2022:16:57:15 +0000] "GET /api/v1/cart/getcartbooks HTTP/1.1" 304 - "http://localhost:3000/" "Mozilla/5.0 (Linux; Android 6.0; Nexus 5 Build/MRA58N) AppleWebKit/537.36 (KHTML, like Gecko) Chrome/98.0.4758.82 Mobile Safari/537.36"

info: ::1 - - [16/Feb/2022:17:58:24 +0000] "GET /api/v1/book/getbook HTTP/1.1" 304 - "http://localhost:3000/" "Mozilla/5.0 (Linux; Android 6.0; Nexus 5 Build/MRA58N) AppleWebKit/537.36 (KHTML, like Gecko) Chrome/98.0.4758.82 Mobile Safari/537.36"

info: ::ffff:127.0.0.1 - - [16/Feb/2022:18:08:20 +0000] "GET /api/v1/wishlist/wishlist HTTP/1.1" 400 56 "-" "Thunder Client (https://www.thunderclient.com)"

info: ::ffff:127.0.0.1 - - [16/Feb/2022:18:09:07 +0000] "GET /api/v1/wishlist/wishlist HTTP/1.1" 200 400 "-" "Thunder Client (https://www.thunderclient.com)"

info: ::1 - - [16/Feb/2022:18:22:09 +0000] "POST /api/v1/user/signin HTTP/1.1" 200 267 "http://localhost:3000/" "Mozilla/5.0 (Linux; Android 6.0; Nexus 5 Build/MRA58N) AppleWebKit/537.36 (KHTML, like Gecko) Chrome/98.0.4758.82 Mobile Safari/537.36"

info: ::1 - - [16/Feb/2022:18:22:10 +0000] "GET /api/v1/book/getbook HTTP/1.1" 304 - "http://localhost:3000/" "Mozilla/5.0 (Linux; Android 6.0; Nexus 5 Build/MRA58N) AppleWebKit/537.36 (KHTML, like Gecko) Chrome/98.0.4758.82 Mobile Safari/537.36"

info: ::1 - - [16/Feb/2022:18:22:15 +0000] "GET /api/v1/cart/getcartbooks HTTP/1.1" 304 - "http://localhost:3000/" "Mozilla/5.0 (Linux; Android 6.0; Nexus 5 Build/MRA58N) AppleWebKit/537.36 (KHTML, like Gecko) Chrome/98.0.4758.82 Mobile Safari/537.36"

info: ::1 - - [16/Feb/2022:18:22:34 +0000] "GET /api/v1/wishlist/wishlist HTTP/1.1" 200 400 "http://localhost:3000/" "Mozilla/5.0 (Linux; Android 6.0; Nexus 5 Build/MRA58N) AppleWebKit/537.36 (KHTML, like Gecko) Chrome/98.0.4758.82 Mobile Safari/537.36"

info: ::1 - - [16/Feb/2022:18:23:00 +0000] "GET /api/v1/wishlist/wishlist HTTP/1.1" 304 - "http://localhost:3000/" "Mozilla/5.0 (Linux; Android 6.0; Nexus 5 Build/MRA58N) AppleWebKit/537.36 (KHTML, like Gecko) Chrome/98.0.4758.82 Mobile Safari/537.36"

info: ::1 - - [16/Feb/2022:18:23:59 +0000] "GET /api/v1/cart/getcartbooks HTTP/1.1" 304 - "http://localhost:3000/" "Mozilla/5.0 (Windows NT 10.0; Win64; x64) AppleWebKit/537.36 (KHTML, like Gecko) Chrome/98.0.4758.82 Safari/537.36"

info: ::1 - - [16/Feb/2022:18:24:04 +0000] "GET /api/v1/wishlist/wishlist HTTP/1.1" 304 - "http://localhost:3000/" "Mozilla/5.0 (Windows NT 10.0; Win64; x64) AppleWebKit/537.36 (KHTML, like Gecko) Chrome/98.0.4758.82 Safari/537.36"

info: ::1 - - [16/Feb/2022:18:26:53 +0000] "GET /api/v1/book/getbook HTTP/1.1" 304 - "http://localhost:3000/" "Mozilla/5.0 (Linux; Android 6.0; Nexus 5 Build/MRA58N) AppleWebKit/537.36 (KHTML, like Gecko) Chrome/98.0.4758.82 Mobile Safari/537.36"

info: ::1 - - [16/Feb/2022:18:27:01 +0000] "POST /api/v1/user/signin HTTP/1.1" 200 267 "http://localhost:3000/" "Mozilla/5.0 (Linux; Android 6.0; Nexus 5 Build/MRA58N) AppleWebKit/537.36 (KHTML, like Gecko) Chrome/98.0.4758.82 Mobile Safari/537.36"

info: ::1 - - [16/Feb/2022:18:27:02 +0000] "GET /api/v1/book/getbook HTTP/1.1" 304 - "http://localhost:3000/" "Mozilla/5.0 (Linux; Android 6.0; Nexus 5 Build/MRA58N) AppleWebKit/537.36 (KHTML, like Gecko) Chrome/98.0.4758.82 Mobile Safari/537.36"

info: ::1 - - [16/Feb/2022:18:27:06 +0000] "GET /api/v1/cart/getcartbooks HTTP/1.1" 304 - "http://localhost:3000/" "Mozilla/5.0 (Linux; Android 6.0; Nexus 5 Build/MRA58N) AppleWebKit/537.36 (KHTML, like Gecko) Chrome/98.0.4758.82 Mobile Safari/537.36"

info: ::1 - - [16/Feb/2022:18:28:22 +0000] "GET /api/v1/wishlist/wishlist HTTP/1.1" 304 - "http://localhost:3000/" "Mozilla/5.0 (Linux; Android 6.0; Nexus 5 Build/MRA58N) AppleWebKit/537.36 (KHTML, like Gecko) Chrome/98.0.4758.82 Mobile Safari/537.36"

