info: ::ffff:127.0.0.1 - - [15/Feb/2022:03:29:07 +0000] "POST /api/v1/cart/cart/61fb5932ff3240435ceb506c HTTP/1.1" 201 269 "-" "Thunder Client (https://www.thunderclient.com)"

info: ::ffff:127.0.0.1 - - [15/Feb/2022:03:32:17 +0000] "POST /api/v1/cart/cart/61fb5932ff3240435ceb506c HTTP/1.1" 200 171 "-" "Thunder Client (https://www.thunderclient.com)"

info: ::ffff:127.0.0.1 - - [15/Feb/2022:03:33:37 +0000] "POST /api/v1/cart/cart/620a3ed1dd6ff905b8774a0f HTTP/1.1" 200 72 "-" "Thunder Client (https://www.thunderclient.com)"

info: ::ffff:127.0.0.1 - - [15/Feb/2022:03:35:21 +0000] "POST /api/v1/cart/cart/620a3ed1dd6ff905b8774a0f HTTP/1.1" 500 157 "-" "Thunder Client (https://www.thunderclient.com)"

info: ::ffff:127.0.0.1 - - [15/Feb/2022:03:36:02 +0000] "POST /api/v1/cart/cart/6209bd8e2da7b8141c05f8b1 HTTP/1.1" 200 72 "-" "Thunder Client (https://www.thunderclient.com)"

info: ::ffff:127.0.0.1 - - [15/Feb/2022:03:39:17 +0000] "POST /api/v1/cart/cart/62022818dfaccf0cb4ccc3d1 HTTP/1.1" 200 72 "-" "Thunder Client (https://www.thunderclient.com)"

info: ::ffff:127.0.0.1 - - [15/Feb/2022:03:41:11 +0000] "POST /api/v1/cart/cart/6201fafae393522cac4ee2bc HTTP/1.1" 200 72 "-" "Thunder Client (https://www.thunderclient.com)"

info: ::ffff:127.0.0.1 - - [15/Feb/2022:03:43:22 +0000] "POST /api/v1/cart/cart/6201fbb5e393522cac4ee2bf HTTP/1.1" 200 72 "-" "Thunder Client (https://www.thunderclient.com)"

info: ::1 - - [15/Feb/2022:12:15:20 +0000] "GET /book/getbook HTTP/1.1" 404 47 "http://localhost:3000/" "Mozilla/5.0 (Windows NT 10.0; Win64; x64) AppleWebKit/537.36 (KHTML, like Gecko) Chrome/98.0.4758.82 Safari/537.36"

info: ::1 - - [15/Feb/2022:12:15:29 +0000] "GET /book/getbook HTTP/1.1" 404 47 "http://localhost:3000/" "Mozilla/5.0 (Windows NT 10.0; Win64; x64) AppleWebKit/537.36 (KHTML, like Gecko) Chrome/98.0.4758.82 Safari/537.36"

info: ::ffff:127.0.0.1 - - [15/Feb/2022:12:16:01 +0000] "GET /api/v1/book/getbook HTTP/1.1" 200 5514 "-" "Thunder Client (https://www.thunderclient.com)"

info: ::1 - - [15/Feb/2022:12:16:32 +0000] "GET /api/v1book/getbook HTTP/1.1" 404 47 "http://localhost:3000/" "Mozilla/5.0 (Windows NT 10.0; Win64; x64) AppleWebKit/537.36 (KHTML, like Gecko) Chrome/98.0.4758.82 Safari/537.36"

info: ::1 - - [15/Feb/2022:12:16:33 +0000] "GET /api/v1/book/getbook HTTP/1.1" 200 5514 "http://localhost:3000/" "Mozilla/5.0 (Windows NT 10.0; Win64; x64) AppleWebKit/537.36 (KHTML, like Gecko) Chrome/98.0.4758.82 Safari/537.36"

info: ::1 - - [15/Feb/2022:12:18:01 +0000] "GET /api/v1/book/getbook HTTP/1.1" 304 - "http://localhost:3000/" "Mozilla/5.0 (Windows NT 10.0; Win64; x64) AppleWebKit/537.36 (KHTML, like Gecko) Chrome/98.0.4758.82 Safari/537.36"

info: ::1 - - [15/Feb/2022:12:18:07 +0000] "GET /api/v1/book/getbook HTTP/1.1" 304 - "http://localhost:3000/" "Mozilla/5.0 (Windows NT 10.0; Win64; x64) AppleWebKit/537.36 (KHTML, like Gecko) Chrome/98.0.4758.82 Safari/537.36"

info: ::1 - - [15/Feb/2022:12:18:11 +0000] "GET /api/v1/book/getbook HTTP/1.1" 304 - "http://localhost:3000/" "Mozilla/5.0 (Windows NT 10.0; Win64; x64) AppleWebKit/537.36 (KHTML, like Gecko) Chrome/98.0.4758.82 Safari/537.36"

info: ::1 - - [15/Feb/2022:12:18:20 +0000] "GET /api/v1/book/getbook HTTP/1.1" 304 - "http://localhost:3000/" "Mozilla/5.0 (Windows NT 10.0; Win64; x64) AppleWebKit/537.36 (KHTML, like Gecko) Chrome/98.0.4758.82 Safari/537.36"

info: ::1 - - [15/Feb/2022:12:20:45 +0000] "GET /api/v1/book/getbook HTTP/1.1" 304 - "http://localhost:3000/" "Mozilla/5.0 (Windows NT 10.0; Win64; x64) AppleWebKit/537.36 (KHTML, like Gecko) Chrome/98.0.4758.82 Safari/537.36"

info: ::1 - - [15/Feb/2022:12:20:50 +0000] "GET /api/v1/book/getbook HTTP/1.1" 304 - "http://localhost:3000/" "Mozilla/5.0 (Windows NT 10.0; Win64; x64) AppleWebKit/537.36 (KHTML, like Gecko) Chrome/98.0.4758.82 Safari/537.36"

info: ::1 - - [15/Feb/2022:12:21:35 +0000] "GET /api/v1/book/getbook HTTP/1.1" 304 - "http://localhost:3000/" "Mozilla/5.0 (Windows NT 10.0; Win64; x64) AppleWebKit/537.36 (KHTML, like Gecko) Chrome/98.0.4758.82 Safari/537.36"

info: ::1 - - [15/Feb/2022:12:22:09 +0000] "GET /api/v1/book/getbook HTTP/1.1" 304 - "http://localhost:3000/" "Mozilla/5.0 (Windows NT 10.0; Win64; x64) AppleWebKit/537.36 (KHTML, like Gecko) Chrome/98.0.4758.82 Safari/537.36"

info: ::1 - - [15/Feb/2022:12:22:16 +0000] "GET /api/v1/book/getbook HTTP/1.1" 304 - "http://localhost:3000/" "Mozilla/5.0 (Windows NT 10.0; Win64; x64) AppleWebKit/537.36 (KHTML, like Gecko) Chrome/98.0.4758.82 Safari/537.36"

info: ::1 - - [15/Feb/2022:12:27:17 +0000] "GET /api/v1/book/getbook HTTP/1.1" 304 - "http://localhost:3000/" "Mozilla/5.0 (Windows NT 10.0; Win64; x64) AppleWebKit/537.36 (KHTML, like Gecko) Chrome/98.0.4758.82 Safari/537.36"

info: ::1 - - [15/Feb/2022:12:28:04 +0000] "GET /api/v1/book/getbook HTTP/1.1" 304 - "http://localhost:3000/" "Mozilla/5.0 (Windows NT 10.0; Win64; x64) AppleWebKit/537.36 (KHTML, like Gecko) Chrome/98.0.4758.82 Safari/537.36"

info: ::1 - - [15/Feb/2022:12:33:38 +0000] "GET /api/v1/book/getbook HTTP/1.1" 304 - "http://localhost:3000/" "Mozilla/5.0 (Windows NT 10.0; Win64; x64) AppleWebKit/537.36 (KHTML, like Gecko) Chrome/98.0.4758.82 Safari/537.36"

info: ::1 - - [15/Feb/2022:12:35:31 +0000] "GET /api/v1/book/getbook HTTP/1.1" 304 - "http://localhost:3000/" "Mozilla/5.0 (Windows NT 10.0; Win64; x64) AppleWebKit/537.36 (KHTML, like Gecko) Chrome/98.0.4758.82 Safari/537.36"

info: ::ffff:127.0.0.1 - - [15/Feb/2022:13:20:59 +0000] "POST /api/v1/user/signup HTTP/1.1" 500 60 "-" "Thunder Client (https://www.thunderclient.com)"

info: ::ffff:127.0.0.1 - - [15/Feb/2022:13:21:59 +0000] "POST /api/v1/user/signup HTTP/1.1" 500 60 "-" "Thunder Client (https://www.thunderclient.com)"

info: ::ffff:127.0.0.1 - - [15/Feb/2022:13:23:23 +0000] "POST /api/v1/user/signup HTTP/1.1" 500 60 "-" "Thunder Client (https://www.thunderclient.com)"

info: ::ffff:127.0.0.1 - - [15/Feb/2022:13:25:18 +0000] "POST /api/v1/user/signup HTTP/1.1" 500 69 "-" "Thunder Client (https://www.thunderclient.com)"

info: ::ffff:127.0.0.1 - - [15/Feb/2022:13:26:15 +0000] "POST /api/v1/user/signup HTTP/1.1" 500 69 "-" "Thunder Client (https://www.thunderclient.com)"

info: ::ffff:127.0.0.1 - - [15/Feb/2022:13:26:51 +0000] "POST /api/v1/user/signup HTTP/1.1" 500 69 "-" "Thunder Client (https://www.thunderclient.com)"

info: ::ffff:127.0.0.1 - - [15/Feb/2022:13:27:26 +0000] "POST /api/v1/user/signup HTTP/1.1" 500 69 "-" "Thunder Client (https://www.thunderclient.com)"

info: ::ffff:127.0.0.1 - - [15/Feb/2022:13:27:32 +0000] "POST /api/v1/user/signup HTTP/1.1" 500 69 "-" "Thunder Client (https://www.thunderclient.com)"

info: ::ffff:127.0.0.1 - - [15/Feb/2022:13:30:21 +0000] "POST /api/v1/user/signup HTTP/1.1" 500 69 "-" "Thunder Client (https://www.thunderclient.com)"

info: ::ffff:127.0.0.1 - - [15/Feb/2022:13:30:50 +0000] "POST /api/v1/user/signup HTTP/1.1" 201 325 "-" "Thunder Client (https://www.thunderclient.com)"

info: ::ffff:127.0.0.1 - - [15/Feb/2022:13:32:42 +0000] "POST /api/v1/user/signin HTTP/1.1" 200 260 "-" "Thunder Client (https://www.thunderclient.com)"

info: ::1 - - [15/Feb/2022:13:40:11 +0000] "POST /api/v1/user/signup HTTP/1.1" 201 317 "http://localhost:3000/" "Mozilla/5.0 (Windows NT 10.0; Win64; x64) AppleWebKit/537.36 (KHTML, like Gecko) Chrome/98.0.4758.82 Safari/537.36"

info: ::1 - - [15/Feb/2022:13:42:49 +0000] "POST /api/v1/user/signin HTTP/1.1" 200 70 "http://localhost:3000/" "Mozilla/5.0 (Windows NT 10.0; Win64; x64) AppleWebKit/537.36 (KHTML, like Gecko) Chrome/98.0.4758.82 Safari/537.36"

info: ::1 - - [15/Feb/2022:13:43:03 +0000] "POST /api/v1/user/signin HTTP/1.1" 200 70 "http://localhost:3000/" "Mozilla/5.0 (Windows NT 10.0; Win64; x64) AppleWebKit/537.36 (KHTML, like Gecko) Chrome/98.0.4758.82 Safari/537.36"

info: ::1 - - [15/Feb/2022:13:43:09 +0000] "POST /api/v1/user/signin HTTP/1.1" 200 70 "http://localhost:3000/" "Mozilla/5.0 (Windows NT 10.0; Win64; x64) AppleWebKit/537.36 (KHTML, like Gecko) Chrome/98.0.4758.82 Safari/537.36"

info: ::1 - - [15/Feb/2022:13:45:50 +0000] "POST /api/v1/user/signin HTTP/1.1" 200 70 "http://localhost:3000/" "Mozilla/5.0 (Windows NT 10.0; Win64; x64) AppleWebKit/537.36 (KHTML, like Gecko) Chrome/98.0.4758.82 Safari/537.36"

info: ::1 - - [15/Feb/2022:13:51:56 +0000] "POST /api/v1/user/signin HTTP/1.1" 200 70 "http://localhost:3000/" "Mozilla/5.0 (Windows NT 10.0; Win64; x64) AppleWebKit/537.36 (KHTML, like Gecko) Chrome/98.0.4758.82 Safari/537.36"

info: ::1 - - [15/Feb/2022:13:52:08 +0000] "POST /api/v1/user/signin HTTP/1.1" 200 70 "http://localhost:3000/" "Mozilla/5.0 (Windows NT 10.0; Win64; x64) AppleWebKit/537.36 (KHTML, like Gecko) Chrome/98.0.4758.82 Safari/537.36"

info: ::1 - - [15/Feb/2022:13:53:53 +0000] "POST /api/v1/user/signin HTTP/1.1" 200 70 "http://localhost:3000/" "Mozilla/5.0 (Linux; Android 6.0; Nexus 5 Build/MRA58N) AppleWebKit/537.36 (KHTML, like Gecko) Chrome/98.0.4758.82 Mobile Safari/537.36"

info: ::1 - - [15/Feb/2022:13:55:47 +0000] "POST /api/v1/user/signin HTTP/1.1" 200 70 "http://localhost:3000/" "Mozilla/5.0 (Linux; Android 6.0; Nexus 5 Build/MRA58N) AppleWebKit/537.36 (KHTML, like Gecko) Chrome/98.0.4758.82 Mobile Safari/537.36"

info: ::1 - - [15/Feb/2022:13:57:57 +0000] "POST /api/v1/user/signin HTTP/1.1" 200 70 "http://localhost:3000/" "Mozilla/5.0 (Linux; Android 6.0; Nexus 5 Build/MRA58N) AppleWebKit/537.36 (KHTML, like Gecko) Chrome/98.0.4758.82 Mobile Safari/537.36"

info: ::1 - - [15/Feb/2022:13:58:38 +0000] "POST /api/v1/user/signin HTTP/1.1" 200 70 "http://localhost:3000/" "Mozilla/5.0 (Linux; Android 6.0; Nexus 5 Build/MRA58N) AppleWebKit/537.36 (KHTML, like Gecko) Chrome/98.0.4758.82 Mobile Safari/537.36"

info: ::1 - - [15/Feb/2022:13:59:43 +0000] "POST /api/v1/user/signin HTTP/1.1" 200 70 "http://localhost:3000/" "Mozilla/5.0 (Linux; Android 6.0; Nexus 5 Build/MRA58N) AppleWebKit/537.36 (KHTML, like Gecko) Chrome/98.0.4758.82 Mobile Safari/537.36"

info: ::1 - - [15/Feb/2022:13:59:43 +0000] "GET /api/v1/book/getbook HTTP/1.1" 304 - "http://localhost:3000/" "Mozilla/5.0 (Linux; Android 6.0; Nexus 5 Build/MRA58N) AppleWebKit/537.36 (KHTML, like Gecko) Chrome/98.0.4758.82 Mobile Safari/537.36"

info: ::1 - - [15/Feb/2022:16:27:50 +0000] "POST /api/v1/user/signin HTTP/1.1" 200 70 "http://localhost:3000/" "Mozilla/5.0 (Windows NT 10.0; Win64; x64) AppleWebKit/537.36 (KHTML, like Gecko) Chrome/98.0.4758.82 Safari/537.36"

info: ::1 - - [15/Feb/2022:16:27:50 +0000] "GET /api/v1/book/getbook HTTP/1.1" 304 - "http://localhost:3000/" "Mozilla/5.0 (Windows NT 10.0; Win64; x64) AppleWebKit/537.36 (KHTML, like Gecko) Chrome/98.0.4758.82 Safari/537.36"

info: ::1 - - [15/Feb/2022:16:30:07 +0000] "POST /api/v1/user/signin HTTP/1.1" 200 70 "http://localhost:3000/" "Mozilla/5.0 (Windows NT 10.0; Win64; x64) AppleWebKit/537.36 (KHTML, like Gecko) Chrome/98.0.4758.82 Safari/537.36"

info: ::1 - - [15/Feb/2022:16:30:08 +0000] "GET /api/v1/book/getbook HTTP/1.1" 304 - "http://localhost:3000/" "Mozilla/5.0 (Windows NT 10.0; Win64; x64) AppleWebKit/537.36 (KHTML, like Gecko) Chrome/98.0.4758.82 Safari/537.36"

info: ::1 - - [15/Feb/2022:16:32:01 +0000] "GET /api/v1/book/getbook HTTP/1.1" 304 - "http://localhost:3000/" "Mozilla/5.0 (Windows NT 10.0; Win64; x64) AppleWebKit/537.36 (KHTML, like Gecko) Chrome/98.0.4758.82 Safari/537.36"

info: ::1 - - [15/Feb/2022:16:32:15 +0000] "GET /api/v1/book/getbook HTTP/1.1" 304 - "http://localhost:3000/" "Mozilla/5.0 (Windows NT 10.0; Win64; x64) AppleWebKit/537.36 (KHTML, like Gecko) Chrome/98.0.4758.82 Safari/537.36"

info: ::1 - - [15/Feb/2022:16:32:53 +0000] "GET /api/v1/book/getbook HTTP/1.1" 304 - "http://localhost:3000/" "Mozilla/5.0 (Windows NT 10.0; Win64; x64) AppleWebKit/537.36 (KHTML, like Gecko) Chrome/98.0.4758.82 Safari/537.36"

info: ::1 - - [15/Feb/2022:16:36:03 +0000] "GET /api/v1/book/getbook HTTP/1.1" 304 - "http://localhost:3000/" "Mozilla/5.0 (Windows NT 10.0; Win64; x64) AppleWebKit/537.36 (KHTML, like Gecko) Chrome/98.0.4758.82 Safari/537.36"

info: ::1 - - [15/Feb/2022:16:36:43 +0000] "GET /api/v1/book/getbook HTTP/1.1" 304 - "http://localhost:3000/" "Mozilla/5.0 (Windows NT 10.0; Win64; x64) AppleWebKit/537.36 (KHTML, like Gecko) Chrome/98.0.4758.82 Safari/537.36"

info: ::1 - - [15/Feb/2022:16:37:08 +0000] "GET /api/v1/book/getbook HTTP/1.1" 304 - "http://localhost:3000/" "Mozilla/5.0 (Windows NT 10.0; Win64; x64) AppleWebKit/537.36 (KHTML, like Gecko) Chrome/98.0.4758.82 Safari/537.36"

info: ::1 - - [15/Feb/2022:17:19:48 +0000] "GET /api/v1/book/getbook HTTP/1.1" 304 - "http://localhost:3000/" "Mozilla/5.0 (Windows NT 10.0; Win64; x64) AppleWebKit/537.36 (KHTML, like Gecko) Chrome/98.0.4758.82 Safari/537.36"

info: ::1 - - [15/Feb/2022:17:20:09 +0000] "GET /api/v1/book/getbook HTTP/1.1" 304 - "http://localhost:3000/" "Mozilla/5.0 (Windows NT 10.0; Win64; x64) AppleWebKit/537.36 (KHTML, like Gecko) Chrome/98.0.4758.82 Safari/537.36"

info: ::1 - - [15/Feb/2022:17:22:09 +0000] "GET /api/v1/book/getbook HTTP/1.1" 304 - "http://localhost:3000/" "Mozilla/5.0 (Windows NT 10.0; Win64; x64) AppleWebKit/537.36 (KHTML, like Gecko) Chrome/98.0.4758.82 Safari/537.36"

info: ::1 - - [15/Feb/2022:17:24:45 +0000] "GET /api/v1/book/getbook HTTP/1.1" 304 - "http://localhost:3000/" "Mozilla/5.0 (Windows NT 10.0; Win64; x64) AppleWebKit/537.36 (KHTML, like Gecko) Chrome/98.0.4758.82 Safari/537.36"

info: ::1 - - [15/Feb/2022:17:25:08 +0000] "GET /api/v1/book/getbook HTTP/1.1" 304 - "http://localhost:3000/" "Mozilla/5.0 (Windows NT 10.0; Win64; x64) AppleWebKit/537.36 (KHTML, like Gecko) Chrome/98.0.4758.82 Safari/537.36"

info: ::1 - - [15/Feb/2022:17:25:16 +0000] "GET /api/v1/book/getbook HTTP/1.1" 304 - "http://localhost:3000/" "Mozilla/5.0 (Windows NT 10.0; Win64; x64) AppleWebKit/537.36 (KHTML, like Gecko) Chrome/98.0.4758.82 Safari/537.36"

info: ::1 - - [15/Feb/2022:17:26:16 +0000] "GET /api/v1/book/getbook HTTP/1.1" 304 - "http://localhost:3000/" "Mozilla/5.0 (Windows NT 10.0; Win64; x64) AppleWebKit/537.36 (KHTML, like Gecko) Chrome/98.0.4758.82 Safari/537.36"

info: ::1 - - [15/Feb/2022:17:28:15 +0000] "GET /api/v1/book/getbook HTTP/1.1" 304 - "http://localhost:3000/" "Mozilla/5.0 (Windows NT 10.0; Win64; x64) AppleWebKit/537.36 (KHTML, like Gecko) Chrome/98.0.4758.82 Safari/537.36"

info: ::1 - - [15/Feb/2022:17:28:22 +0000] "GET /api/v1/book/getbook HTTP/1.1" 304 - "http://localhost:3000/" "Mozilla/5.0 (Windows NT 10.0; Win64; x64) AppleWebKit/537.36 (KHTML, like Gecko) Chrome/98.0.4758.82 Safari/537.36"

info: ::1 - - [15/Feb/2022:17:29:06 +0000] "GET /api/v1/book/getbook HTTP/1.1" 304 - "http://localhost:3000/" "Mozilla/5.0 (Windows NT 10.0; Win64; x64) AppleWebKit/537.36 (KHTML, like Gecko) Chrome/98.0.4758.82 Safari/537.36"

info: ::1 - - [15/Feb/2022:17:30:22 +0000] "POST /api/v1/user/signin HTTP/1.1" 200 70 "http://localhost:3000/" "Mozilla/5.0 (Linux; Android 6.0; Nexus 5 Build/MRA58N) AppleWebKit/537.36 (KHTML, like Gecko) Chrome/98.0.4758.82 Mobile Safari/537.36"

info: ::1 - - [15/Feb/2022:17:30:22 +0000] "GET /api/v1/book/getbook HTTP/1.1" 304 - "http://localhost:3000/" "Mozilla/5.0 (Linux; Android 6.0; Nexus 5 Build/MRA58N) AppleWebKit/537.36 (KHTML, like Gecko) Chrome/98.0.4758.82 Mobile Safari/537.36"

info: ::1 - - [15/Feb/2022:17:32:09 +0000] "POST /api/v1/user/signup HTTP/1.1" 201 321 "http://localhost:3000/" "Mozilla/5.0 (Linux; Android 6.0; Nexus 5 Build/MRA58N) AppleWebKit/537.36 (KHTML, like Gecko) Chrome/98.0.4758.82 Mobile Safari/537.36"

info: ::1 - - [15/Feb/2022:17:33:11 +0000] "POST /api/v1/user/signin HTTP/1.1" 200 70 "http://localhost:3000/" "Mozilla/5.0 (Windows NT 10.0; Win64; x64) AppleWebKit/537.36 (KHTML, like Gecko) Chrome/98.0.4758.82 Safari/537.36"

info: ::1 - - [15/Feb/2022:17:33:11 +0000] "GET /api/v1/book/getbook HTTP/1.1" 304 - "http://localhost:3000/" "Mozilla/5.0 (Windows NT 10.0; Win64; x64) AppleWebKit/537.36 (KHTML, like Gecko) Chrome/98.0.4758.82 Safari/537.36"

info: ::ffff:127.0.0.1 - - [15/Feb/2022:17:35:59 +0000] "GET /api/v1/book/getbook HTTP/1.1" 200 5514 "-" "Thunder Client (https://www.thunderclient.com)"

info: ::1 - - [15/Feb/2022:17:39:03 +0000] "GET /api/v1/book/getbook HTTP/1.1" 304 - "http://localhost:3000/" "Mozilla/5.0 (Windows NT 10.0; Win64; x64) AppleWebKit/537.36 (KHTML, like Gecko) Chrome/98.0.4758.82 Safari/537.36"

info: ::1 - - [15/Feb/2022:17:39:05 +0000] "GET /api/v1/book/getbook HTTP/1.1" 304 - "http://localhost:3000/" "Mozilla/5.0 (Windows NT 10.0; Win64; x64) AppleWebKit/537.36 (KHTML, like Gecko) Chrome/98.0.4758.82 Safari/537.36"

info: ::1 - - [15/Feb/2022:17:40:30 +0000] "GET /api/v1/book/getbook HTTP/1.1" 304 - "http://localhost:3000/" "Mozilla/5.0 (Windows NT 10.0; Win64; x64) AppleWebKit/537.36 (KHTML, like Gecko) Chrome/98.0.4758.82 Safari/537.36"

info: ::1 - - [15/Feb/2022:17:40:33 +0000] "GET /api/v1/book/getbook HTTP/1.1" 304 - "http://localhost:3000/" "Mozilla/5.0 (Windows NT 10.0; Win64; x64) AppleWebKit/537.36 (KHTML, like Gecko) Chrome/98.0.4758.82 Safari/537.36"

info: ::1 - - [15/Feb/2022:17:40:36 +0000] "GET /api/v1/book/getbook HTTP/1.1" 304 - "http://localhost:3000/" "Mozilla/5.0 (Windows NT 10.0; Win64; x64) AppleWebKit/537.36 (KHTML, like Gecko) Chrome/98.0.4758.82 Safari/537.36"

info: ::1 - - [15/Feb/2022:17:52:56 +0000] "GET /api/v1/book/getbook HTTP/1.1" 304 - "http://localhost:3000/" "Mozilla/5.0 (Windows NT 10.0; Win64; x64) AppleWebKit/537.36 (KHTML, like Gecko) Chrome/98.0.4758.82 Safari/537.36"

info: ::1 - - [15/Feb/2022:17:53:00 +0000] "GET /api/v1/book/getbook HTTP/1.1" 304 - "http://localhost:3000/" "Mozilla/5.0 (Windows NT 10.0; Win64; x64) AppleWebKit/537.36 (KHTML, like Gecko) Chrome/98.0.4758.82 Safari/537.36"

info: ::1 - - [15/Feb/2022:17:53:03 +0000] "GET /api/v1/book/getbook HTTP/1.1" 304 - "http://localhost:3000/" "Mozilla/5.0 (Windows NT 10.0; Win64; x64) AppleWebKit/537.36 (KHTML, like Gecko) Chrome/98.0.4758.82 Safari/537.36"

info: ::1 - - [15/Feb/2022:18:08:50 +0000] "POST /api/v1/user/signin HTTP/1.1" 200 70 "http://localhost:3000/" "Mozilla/5.0 (Linux; Android 6.0; Nexus 5 Build/MRA58N) AppleWebKit/537.36 (KHTML, like Gecko) Chrome/98.0.4758.82 Mobile Safari/537.36"

info: ::1 - - [15/Feb/2022:18:08:51 +0000] "GET /api/v1/book/getbook HTTP/1.1" 304 - "http://localhost:3000/" "Mozilla/5.0 (Linux; Android 6.0; Nexus 5 Build/MRA58N) AppleWebKit/537.36 (KHTML, like Gecko) Chrome/98.0.4758.82 Mobile Safari/537.36"

