info: ::1 - - [19/Feb/2022:01:18:55 +0000] "POST /api/v1/user/signin HTTP/1.1" 200 267 "http://localhost:3000/" "Mozilla/5.0 (Linux; Android 6.0; Nexus 5 Build/MRA58N) AppleWebKit/537.36 (KHTML, like Gecko) Chrome/98.0.4758.102 Mobile Safari/537.36"

info: ::1 - - [19/Feb/2022:01:18:56 +0000] "GET /api/v1/book/getbook HTTP/1.1" 304 - "http://localhost:3000/" "Mozilla/5.0 (Linux; Android 6.0; Nexus 5 Build/MRA58N) AppleWebKit/537.36 (KHTML, like Gecko) Chrome/98.0.4758.102 Mobile Safari/537.36"

info: ::1 - - [19/Feb/2022:01:19:05 +0000] "GET /api/v1/cart/getcartbooks HTTP/1.1" 304 - "http://localhost:3000/" "Mozilla/5.0 (Linux; Android 6.0; Nexus 5 Build/MRA58N) AppleWebKit/537.36 (KHTML, like Gecko) Chrome/98.0.4758.102 Mobile Safari/537.36"

info: ::1 - - [19/Feb/2022:01:19:05 +0000] "GET /api/v1/cart/getcartbooks HTTP/1.1" 304 - "http://localhost:3000/" "Mozilla/5.0 (Linux; Android 6.0; Nexus 5 Build/MRA58N) AppleWebKit/537.36 (KHTML, like Gecko) Chrome/98.0.4758.102 Mobile Safari/537.36"

info: ::1 - - [19/Feb/2022:01:21:45 +0000] "GET /api/v1/cart/getcartbooks HTTP/1.1" 304 - "http://localhost:3000/" "Mozilla/5.0 (Linux; Android 6.0; Nexus 5 Build/MRA58N) AppleWebKit/537.36 (KHTML, like Gecko) Chrome/98.0.4758.102 Mobile Safari/537.36"

info: ::1 - - [19/Feb/2022:01:21:45 +0000] "GET /api/v1/cart/getcartbooks HTTP/1.1" 304 - "http://localhost:3000/" "Mozilla/5.0 (Linux; Android 6.0; Nexus 5 Build/MRA58N) AppleWebKit/537.36 (KHTML, like Gecko) Chrome/98.0.4758.102 Mobile Safari/537.36"

info: ::1 - - [19/Feb/2022:01:22:12 +0000] "GET /api/v1/cart/getcartbooks HTTP/1.1" 304 - "http://localhost:3000/" "Mozilla/5.0 (Linux; Android 6.0; Nexus 5 Build/MRA58N) AppleWebKit/537.36 (KHTML, like Gecko) Chrome/98.0.4758.102 Mobile Safari/537.36"

info: ::1 - - [19/Feb/2022:01:22:12 +0000] "GET /api/v1/cart/getcartbooks HTTP/1.1" 304 - "http://localhost:3000/" "Mozilla/5.0 (Linux; Android 6.0; Nexus 5 Build/MRA58N) AppleWebKit/537.36 (KHTML, like Gecko) Chrome/98.0.4758.102 Mobile Safari/537.36"

info: ::1 - - [19/Feb/2022:01:23:43 +0000] "GET /api/v1/cart/getcartbooks HTTP/1.1" 304 - "http://localhost:3000/" "Mozilla/5.0 (Linux; Android 6.0; Nexus 5 Build/MRA58N) AppleWebKit/537.36 (KHTML, like Gecko) Chrome/98.0.4758.102 Mobile Safari/537.36"

info: ::1 - - [19/Feb/2022:01:23:44 +0000] "GET /api/v1/cart/getcartbooks HTTP/1.1" 304 - "http://localhost:3000/" "Mozilla/5.0 (Linux; Android 6.0; Nexus 5 Build/MRA58N) AppleWebKit/537.36 (KHTML, like Gecko) Chrome/98.0.4758.102 Mobile Safari/537.36"

info: ::1 - - [19/Feb/2022:01:23:58 +0000] "GET /api/v1/book/getbook HTTP/1.1" 304 - "http://localhost:3000/" "Mozilla/5.0 (Windows NT 10.0; Win64; x64) AppleWebKit/537.36 (KHTML, like Gecko) Chrome/98.0.4758.102 Safari/537.36"

info: ::1 - - [19/Feb/2022:01:24:01 +0000] "GET /api/v1/cart/getcartbooks HTTP/1.1" 304 - "http://localhost:3000/" "Mozilla/5.0 (Windows NT 10.0; Win64; x64) AppleWebKit/537.36 (KHTML, like Gecko) Chrome/98.0.4758.102 Safari/537.36"

info: ::1 - - [19/Feb/2022:01:24:02 +0000] "GET /api/v1/cart/getcartbooks HTTP/1.1" 304 - "http://localhost:3000/" "Mozilla/5.0 (Windows NT 10.0; Win64; x64) AppleWebKit/537.36 (KHTML, like Gecko) Chrome/98.0.4758.102 Safari/537.36"

info: ::ffff:127.0.0.1 - - [19/Feb/2022:01:25:11 +0000] "POST /api/v1/cart/cart/61fb5932ff3240435ceb506c HTTP/1.1" 201 255 "-" "Thunder Client (https://www.thunderclient.com)"

info: ::ffff:127.0.0.1 - - [19/Feb/2022:01:25:24 +0000] "GET /api/v1/cart/getcartbooks HTTP/1.1" 200 241 "-" "Thunder Client (https://www.thunderclient.com)"

info: ::1 - - [19/Feb/2022:01:25:33 +0000] "GET /api/v1/cart/getcartbooks HTTP/1.1" 200 241 "http://localhost:3000/" "Mozilla/5.0 (Linux; Android 6.0; Nexus 5 Build/MRA58N) AppleWebKit/537.36 (KHTML, like Gecko) Chrome/98.0.4758.102 Mobile Safari/537.36"

info: ::1 - - [19/Feb/2022:01:25:34 +0000] "GET /api/v1/cart/getcartbooks HTTP/1.1" 304 - "http://localhost:3000/" "Mozilla/5.0 (Linux; Android 6.0; Nexus 5 Build/MRA58N) AppleWebKit/537.36 (KHTML, like Gecko) Chrome/98.0.4758.102 Mobile Safari/537.36"

info: ::1 - - [19/Feb/2022:01:47:45 +0000] "GET /api/v1/book/getbook HTTP/1.1" 304 - "http://localhost:3000/" "Mozilla/5.0 (Windows NT 10.0; Win64; x64) AppleWebKit/537.36 (KHTML, like Gecko) Chrome/98.0.4758.102 Safari/537.36"

info: ::1 - - [19/Feb/2022:01:51:05 +0000] "GET /api/v1/cart/getcartbooks HTTP/1.1" 304 - "http://localhost:3000/" "Mozilla/5.0 (Windows NT 10.0; Win64; x64) AppleWebKit/537.36 (KHTML, like Gecko) Chrome/98.0.4758.102 Safari/537.36"

info: ::1 - - [19/Feb/2022:01:51:05 +0000] "GET /api/v1/cart/getcartbooks HTTP/1.1" 304 - "http://localhost:3000/" "Mozilla/5.0 (Windows NT 10.0; Win64; x64) AppleWebKit/537.36 (KHTML, like Gecko) Chrome/98.0.4758.102 Safari/537.36"

info: ::1 - - [19/Feb/2022:03:17:59 +0000] "GET /api/v1/book/getbook HTTP/1.1" 304 - "http://localhost:3000/" "Mozilla/5.0 (Windows NT 10.0; Win64; x64) AppleWebKit/537.36 (KHTML, like Gecko) Chrome/98.0.4758.102 Safari/537.36"

info: ::1 - - [19/Feb/2022:03:47:10 +0000] "POST /api/v1/user/signin HTTP/1.1" 200 267 "http://localhost:3000/" "Mozilla/5.0 (Windows NT 10.0; Win64; x64) AppleWebKit/537.36 (KHTML, like Gecko) Chrome/98.0.4758.102 Safari/537.36"

info: ::1 - - [19/Feb/2022:03:47:10 +0000] "GET /api/v1/book/getbook HTTP/1.1" 304 - "http://localhost:3000/" "Mozilla/5.0 (Windows NT 10.0; Win64; x64) AppleWebKit/537.36 (KHTML, like Gecko) Chrome/98.0.4758.102 Safari/537.36"

info: ::1 - - [19/Feb/2022:03:47:31 +0000] "GET /api/v1/cart/getcartbooks HTTP/1.1" 304 - "http://localhost:3000/" "Mozilla/5.0 (Windows NT 10.0; Win64; x64) AppleWebKit/537.36 (KHTML, like Gecko) Chrome/98.0.4758.102 Safari/537.36"

info: ::1 - - [19/Feb/2022:03:47:32 +0000] "GET /api/v1/cart/getcartbooks HTTP/1.1" 304 - "http://localhost:3000/" "Mozilla/5.0 (Windows NT 10.0; Win64; x64) AppleWebKit/537.36 (KHTML, like Gecko) Chrome/98.0.4758.102 Safari/537.36"

info: ::1 - - [19/Feb/2022:03:49:00 +0000] "GET /api/v1/book/getbook HTTP/1.1" 304 - "http://localhost:3000/" "Mozilla/5.0 (Windows NT 10.0; Win64; x64) AppleWebKit/537.36 (KHTML, like Gecko) Chrome/98.0.4758.102 Safari/537.36"

info: ::1 - - [19/Feb/2022:03:49:14 +0000] "GET /api/v1/cart/getcartbooks HTTP/1.1" 304 - "http://localhost:3000/" "Mozilla/5.0 (Windows NT 10.0; Win64; x64) AppleWebKit/537.36 (KHTML, like Gecko) Chrome/98.0.4758.102 Safari/537.36"

info: ::1 - - [19/Feb/2022:03:49:14 +0000] "GET /api/v1/cart/getcartbooks HTTP/1.1" 304 - "http://localhost:3000/" "Mozilla/5.0 (Windows NT 10.0; Win64; x64) AppleWebKit/537.36 (KHTML, like Gecko) Chrome/98.0.4758.102 Safari/537.36"

info: ::1 - - [19/Feb/2022:03:50:14 +0000] "GET /api/v1/cart/getcartbooks HTTP/1.1" 304 - "http://localhost:3000/" "Mozilla/5.0 (Linux; Android 6.0; Nexus 5 Build/MRA58N) AppleWebKit/537.36 (KHTML, like Gecko) Chrome/98.0.4758.102 Mobile Safari/537.36"

info: ::1 - - [19/Feb/2022:03:50:15 +0000] "GET /api/v1/wishlist/wishlist HTTP/1.1" 304 - "http://localhost:3000/" "Mozilla/5.0 (Linux; Android 6.0; Nexus 5 Build/MRA58N) AppleWebKit/537.36 (KHTML, like Gecko) Chrome/98.0.4758.102 Mobile Safari/537.36"

info: ::1 - - [19/Feb/2022:06:42:34 +0000] "GET /api/v1/book/getbook HTTP/1.1" 304 - "http://localhost:3000/" "Mozilla/5.0 (Linux; Android 6.0; Nexus 5 Build/MRA58N) AppleWebKit/537.36 (KHTML, like Gecko) Chrome/98.0.4758.102 Mobile Safari/537.36"

info: ::1 - - [19/Feb/2022:06:42:37 +0000] "POST /api/v1/user/signin HTTP/1.1" 200 267 "http://localhost:3000/" "Mozilla/5.0 (Linux; Android 6.0; Nexus 5 Build/MRA58N) AppleWebKit/537.36 (KHTML, like Gecko) Chrome/98.0.4758.102 Mobile Safari/537.36"

info: ::1 - - [19/Feb/2022:06:42:37 +0000] "GET /api/v1/book/getbook HTTP/1.1" 304 - "http://localhost:3000/" "Mozilla/5.0 (Linux; Android 6.0; Nexus 5 Build/MRA58N) AppleWebKit/537.36 (KHTML, like Gecko) Chrome/98.0.4758.102 Mobile Safari/537.36"

info: ::1 - - [19/Feb/2022:06:45:27 +0000] "GET /api/v1/cart/getcartbooks HTTP/1.1" 304 - "http://localhost:3000/" "Mozilla/5.0 (Linux; Android 6.0; Nexus 5 Build/MRA58N) AppleWebKit/537.36 (KHTML, like Gecko) Chrome/98.0.4758.102 Mobile Safari/537.36"

info: ::1 - - [19/Feb/2022:06:45:27 +0000] "GET /api/v1/cart/getcartbooks HTTP/1.1" 304 - "http://localhost:3000/" "Mozilla/5.0 (Linux; Android 6.0; Nexus 5 Build/MRA58N) AppleWebKit/537.36 (KHTML, like Gecko) Chrome/98.0.4758.102 Mobile Safari/537.36"

info: ::1 - - [19/Feb/2022:06:45:31 +0000] "GET /api/v1/book/getbook HTTP/1.1" 304 - "http://localhost:3000/" "Mozilla/5.0 (Linux; Android 6.0; Nexus 5 Build/MRA58N) AppleWebKit/537.36 (KHTML, like Gecko) Chrome/98.0.4758.102 Mobile Safari/537.36"

info: ::1 - - [19/Feb/2022:06:48:04 +0000] "GET /api/v1/book/getbook HTTP/1.1" 304 - "http://localhost:3000/" "Mozilla/5.0 (Linux; Android 6.0; Nexus 5 Build/MRA58N) AppleWebKit/537.36 (KHTML, like Gecko) Chrome/98.0.4758.102 Mobile Safari/537.36"

info: ::1 - - [19/Feb/2022:06:50:12 +0000] "GET /api/v1/cart/getcartbooks HTTP/1.1" 304 - "http://localhost:3000/" "Mozilla/5.0 (Linux; Android 6.0; Nexus 5 Build/MRA58N) AppleWebKit/537.36 (KHTML, like Gecko) Chrome/98.0.4758.102 Mobile Safari/537.36"

info: ::1 - - [19/Feb/2022:06:50:12 +0000] "GET /api/v1/cart/getcartbooks HTTP/1.1" 304 - "http://localhost:3000/" "Mozilla/5.0 (Linux; Android 6.0; Nexus 5 Build/MRA58N) AppleWebKit/537.36 (KHTML, like Gecko) Chrome/98.0.4758.102 Mobile Safari/537.36"

info: ::1 - - [19/Feb/2022:06:50:17 +0000] "GET /api/v1/cart/getcartbooks HTTP/1.1" 304 - "http://localhost:3000/" "Mozilla/5.0 (Linux; Android 6.0; Nexus 5 Build/MRA58N) AppleWebKit/537.36 (KHTML, like Gecko) Chrome/98.0.4758.102 Mobile Safari/537.36"

info: ::1 - - [19/Feb/2022:06:50:17 +0000] "GET /api/v1/cart/getcartbooks HTTP/1.1" 304 - "http://localhost:3000/" "Mozilla/5.0 (Linux; Android 6.0; Nexus 5 Build/MRA58N) AppleWebKit/537.36 (KHTML, like Gecko) Chrome/98.0.4758.102 Mobile Safari/537.36"

info: ::1 - - [19/Feb/2022:06:57:33 +0000] "GET /api/v1/cart/getcartbooks HTTP/1.1" 304 - "http://localhost:3000/" "Mozilla/5.0 (Linux; Android 6.0; Nexus 5 Build/MRA58N) AppleWebKit/537.36 (KHTML, like Gecko) Chrome/98.0.4758.102 Mobile Safari/537.36"

info: ::1 - - [19/Feb/2022:06:57:34 +0000] "GET /api/v1/wishlist/wishlist HTTP/1.1" 304 - "http://localhost:3000/" "Mozilla/5.0 (Linux; Android 6.0; Nexus 5 Build/MRA58N) AppleWebKit/537.36 (KHTML, like Gecko) Chrome/98.0.4758.102 Mobile Safari/537.36"

info: ::1 - - [19/Feb/2022:06:58:59 +0000] "GET /api/v1/cart/getcartbooks HTTP/1.1" 304 - "http://localhost:3000/" "Mozilla/5.0 (Linux; Android 6.0; Nexus 5 Build/MRA58N) AppleWebKit/537.36 (KHTML, like Gecko) Chrome/98.0.4758.102 Mobile Safari/537.36"

info: ::1 - - [19/Feb/2022:06:58:59 +0000] "GET /api/v1/wishlist/wishlist HTTP/1.1" 304 - "http://localhost:3000/" "Mozilla/5.0 (Linux; Android 6.0; Nexus 5 Build/MRA58N) AppleWebKit/537.36 (KHTML, like Gecko) Chrome/98.0.4758.102 Mobile Safari/537.36"

info: ::1 - - [19/Feb/2022:06:59:30 +0000] "GET /api/v1/wishlist/wishlist HTTP/1.1" 304 - "http://localhost:3000/" "Mozilla/5.0 (Linux; Android 6.0; Nexus 5 Build/MRA58N) AppleWebKit/537.36 (KHTML, like Gecko) Chrome/98.0.4758.102 Mobile Safari/537.36"

info: ::1 - - [19/Feb/2022:06:59:30 +0000] "GET /api/v1/cart/getcartbooks HTTP/1.1" 304 - "http://localhost:3000/" "Mozilla/5.0 (Linux; Android 6.0; Nexus 5 Build/MRA58N) AppleWebKit/537.36 (KHTML, like Gecko) Chrome/98.0.4758.102 Mobile Safari/537.36"

info: ::1 - - [19/Feb/2022:06:59:31 +0000] "GET /api/v1/cart/getcartbooks HTTP/1.1" 304 - "http://localhost:3000/" "Mozilla/5.0 (Linux; Android 6.0; Nexus 5 Build/MRA58N) AppleWebKit/537.36 (KHTML, like Gecko) Chrome/98.0.4758.102 Mobile Safari/537.36"

info: ::1 - - [19/Feb/2022:06:59:43 +0000] "GET /api/v1/wishlist/wishlist HTTP/1.1" 304 - "http://localhost:3000/" "Mozilla/5.0 (Linux; Android 6.0; Nexus 5 Build/MRA58N) AppleWebKit/537.36 (KHTML, like Gecko) Chrome/98.0.4758.102 Mobile Safari/537.36"

info: ::1 - - [19/Feb/2022:06:59:43 +0000] "GET /api/v1/cart/getcartbooks HTTP/1.1" 304 - "http://localhost:3000/" "Mozilla/5.0 (Linux; Android 6.0; Nexus 5 Build/MRA58N) AppleWebKit/537.36 (KHTML, like Gecko) Chrome/98.0.4758.102 Mobile Safari/537.36"

info: ::1 - - [19/Feb/2022:07:04:54 +0000] "GET /api/v1/cart/getcartbooks HTTP/1.1" 304 - "http://localhost:3000/" "Mozilla/5.0 (Linux; Android 6.0; Nexus 5 Build/MRA58N) AppleWebKit/537.36 (KHTML, like Gecko) Chrome/98.0.4758.102 Mobile Safari/537.36"

info: ::1 - - [19/Feb/2022:07:04:54 +0000] "GET /api/v1/wishlist/wishlist HTTP/1.1" 304 - "http://localhost:3000/" "Mozilla/5.0 (Linux; Android 6.0; Nexus 5 Build/MRA58N) AppleWebKit/537.36 (KHTML, like Gecko) Chrome/98.0.4758.102 Mobile Safari/537.36"

info: ::1 - - [19/Feb/2022:07:05:02 +0000] "GET /api/v1/cart/getcartbooks HTTP/1.1" 304 - "http://localhost:3000/" "Mozilla/5.0 (Linux; Android 6.0; Nexus 5 Build/MRA58N) AppleWebKit/537.36 (KHTML, like Gecko) Chrome/98.0.4758.102 Mobile Safari/537.36"

info: ::1 - - [19/Feb/2022:07:05:02 +0000] "GET /api/v1/wishlist/wishlist HTTP/1.1" 304 - "http://localhost:3000/" "Mozilla/5.0 (Linux; Android 6.0; Nexus 5 Build/MRA58N) AppleWebKit/537.36 (KHTML, like Gecko) Chrome/98.0.4758.102 Mobile Safari/537.36"

info: ::1 - - [19/Feb/2022:07:05:15 +0000] "GET /api/v1/cart/getcartbooks HTTP/1.1" 304 - "http://localhost:3000/" "Mozilla/5.0 (Linux; Android 6.0; Nexus 5 Build/MRA58N) AppleWebKit/537.36 (KHTML, like Gecko) Chrome/98.0.4758.102 Mobile Safari/537.36"

info: ::1 - - [19/Feb/2022:07:05:15 +0000] "GET /api/v1/wishlist/wishlist HTTP/1.1" 304 - "http://localhost:3000/" "Mozilla/5.0 (Linux; Android 6.0; Nexus 5 Build/MRA58N) AppleWebKit/537.36 (KHTML, like Gecko) Chrome/98.0.4758.102 Mobile Safari/537.36"

info: ::1 - - [19/Feb/2022:07:05:15 +0000] "GET /api/v1/cart/getcartbooks HTTP/1.1" 304 - "http://localhost:3000/" "Mozilla/5.0 (Linux; Android 6.0; Nexus 5 Build/MRA58N) AppleWebKit/537.36 (KHTML, like Gecko) Chrome/98.0.4758.102 Mobile Safari/537.36"

info: ::1 - - [19/Feb/2022:07:05:16 +0000] "GET /api/v1/book/getbook HTTP/1.1" 304 - "http://localhost:3000/" "Mozilla/5.0 (Linux; Android 6.0; Nexus 5 Build/MRA58N) AppleWebKit/537.36 (KHTML, like Gecko) Chrome/98.0.4758.102 Mobile Safari/537.36"

info: ::1 - - [19/Feb/2022:07:10:58 +0000] "GET /api/v1/book/getbook HTTP/1.1" 304 - "http://localhost:3000/" "Mozilla/5.0 (Linux; Android 6.0; Nexus 5 Build/MRA58N) AppleWebKit/537.36 (KHTML, like Gecko) Chrome/98.0.4758.102 Mobile Safari/537.36"

info: ::1 - - [19/Feb/2022:07:27:34 +0000] "GET /api/v1/book/getbook HTTP/1.1" 304 - "http://localhost:3000/" "Mozilla/5.0 (Windows NT 10.0; Win64; x64) AppleWebKit/537.36 (KHTML, like Gecko) Chrome/98.0.4758.102 Safari/537.36"

info: ::1 - - [19/Feb/2022:07:28:10 +0000] "GET /api/v1/book/getbook HTTP/1.1" 304 - "http://localhost:3000/" "Mozilla/5.0 (Windows NT 10.0; Win64; x64) AppleWebKit/537.36 (KHTML, like Gecko) Chrome/98.0.4758.102 Safari/537.36"

info: ::1 - - [19/Feb/2022:07:28:10 +0000] "GET /api/v1/cart/getcartbooks HTTP/1.1" 304 - "http://localhost:3000/" "Mozilla/5.0 (Windows NT 10.0; Win64; x64) AppleWebKit/537.36 (KHTML, like Gecko) Chrome/98.0.4758.102 Safari/537.36"

info: ::1 - - [19/Feb/2022:07:29:03 +0000] "GET /api/v1/book/getbook HTTP/1.1" 304 - "http://localhost:3000/" "Mozilla/5.0 (Windows NT 10.0; Win64; x64) AppleWebKit/537.36 (KHTML, like Gecko) Chrome/98.0.4758.102 Safari/537.36"

info: ::1 - - [19/Feb/2022:07:29:03 +0000] "GET /api/v1/cart/getcartbooks HTTP/1.1" 304 - "http://localhost:3000/" "Mozilla/5.0 (Windows NT 10.0; Win64; x64) AppleWebKit/537.36 (KHTML, like Gecko) Chrome/98.0.4758.102 Safari/537.36"

info: ::1 - - [19/Feb/2022:07:30:34 +0000] "GET /api/v1/book/getbook HTTP/1.1" 304 - "http://localhost:3000/" "Mozilla/5.0 (Windows NT 10.0; Win64; x64) AppleWebKit/537.36 (KHTML, like Gecko) Chrome/98.0.4758.102 Safari/537.36"

info: ::1 - - [19/Feb/2022:07:30:34 +0000] "GET /api/v1/cart/getcartbooks HTTP/1.1" 304 - "http://localhost:3000/" "Mozilla/5.0 (Windows NT 10.0; Win64; x64) AppleWebKit/537.36 (KHTML, like Gecko) Chrome/98.0.4758.102 Safari/537.36"

info: ::1 - - [19/Feb/2022:07:30:49 +0000] "GET /api/v1/book/getbook HTTP/1.1" 304 - "http://localhost:3000/" "Mozilla/5.0 (Windows NT 10.0; Win64; x64) AppleWebKit/537.36 (KHTML, like Gecko) Chrome/98.0.4758.102 Safari/537.36"

info: ::1 - - [19/Feb/2022:07:30:49 +0000] "GET /api/v1/cart/getcartbooks HTTP/1.1" 304 - "http://localhost:3000/" "Mozilla/5.0 (Windows NT 10.0; Win64; x64) AppleWebKit/537.36 (KHTML, like Gecko) Chrome/98.0.4758.102 Safari/537.36"

info: ::1 - - [19/Feb/2022:07:32:22 +0000] "GET /api/v1/book/getbook HTTP/1.1" 304 - "http://localhost:3000/" "Mozilla/5.0 (Windows NT 10.0; Win64; x64) AppleWebKit/537.36 (KHTML, like Gecko) Chrome/98.0.4758.102 Safari/537.36"

info: ::1 - - [19/Feb/2022:07:32:22 +0000] "GET /api/v1/cart/getcartbooks HTTP/1.1" 304 - "http://localhost:3000/" "Mozilla/5.0 (Windows NT 10.0; Win64; x64) AppleWebKit/537.36 (KHTML, like Gecko) Chrome/98.0.4758.102 Safari/537.36"

info: ::1 - - [19/Feb/2022:07:33:36 +0000] "GET /api/v1/book/getbook HTTP/1.1" 304 - "http://localhost:3000/" "Mozilla/5.0 (Windows NT 10.0; Win64; x64) AppleWebKit/537.36 (KHTML, like Gecko) Chrome/98.0.4758.102 Safari/537.36"

info: ::1 - - [19/Feb/2022:07:33:36 +0000] "GET /api/v1/cart/getcartbooks HTTP/1.1" 304 - "http://localhost:3000/" "Mozilla/5.0 (Windows NT 10.0; Win64; x64) AppleWebKit/537.36 (KHTML, like Gecko) Chrome/98.0.4758.102 Safari/537.36"

info: ::1 - - [19/Feb/2022:07:33:56 +0000] "GET /api/v1/book/getbook HTTP/1.1" 304 - "http://localhost:3000/" "Mozilla/5.0 (Windows NT 10.0; Win64; x64) AppleWebKit/537.36 (KHTML, like Gecko) Chrome/98.0.4758.102 Safari/537.36"

info: ::1 - - [19/Feb/2022:07:33:56 +0000] "GET /api/v1/cart/getcartbooks HTTP/1.1" 304 - "http://localhost:3000/" "Mozilla/5.0 (Windows NT 10.0; Win64; x64) AppleWebKit/537.36 (KHTML, like Gecko) Chrome/98.0.4758.102 Safari/537.36"

info: ::1 - - [19/Feb/2022:07:34:31 +0000] "GET /api/v1/book/getbook HTTP/1.1" 304 - "http://localhost:3000/" "Mozilla/5.0 (Windows NT 10.0; Win64; x64) AppleWebKit/537.36 (KHTML, like Gecko) Chrome/98.0.4758.102 Safari/537.36"

info: ::1 - - [19/Feb/2022:07:34:31 +0000] "GET /api/v1/cart/getcartbooks HTTP/1.1" 304 - "http://localhost:3000/" "Mozilla/5.0 (Windows NT 10.0; Win64; x64) AppleWebKit/537.36 (KHTML, like Gecko) Chrome/98.0.4758.102 Safari/537.36"

info: ::1 - - [19/Feb/2022:08:50:12 +0000] "GET /api/v1/wishlist/wishlist HTTP/1.1" 304 - "http://localhost:3000/" "Mozilla/5.0 (Windows NT 10.0; Win64; x64) AppleWebKit/537.36 (KHTML, like Gecko) Chrome/98.0.4758.102 Safari/537.36"

info: ::1 - - [19/Feb/2022:08:50:12 +0000] "GET /api/v1/cart/getcartbooks HTTP/1.1" 304 - "http://localhost:3000/" "Mozilla/5.0 (Windows NT 10.0; Win64; x64) AppleWebKit/537.36 (KHTML, like Gecko) Chrome/98.0.4758.102 Safari/537.36"

info: ::1 - - [19/Feb/2022:08:50:12 +0000] "GET /api/v1/cart/getcartbooks HTTP/1.1" 304 - "http://localhost:3000/" "Mozilla/5.0 (Windows NT 10.0; Win64; x64) AppleWebKit/537.36 (KHTML, like Gecko) Chrome/98.0.4758.102 Safari/537.36"

info: ::1 - - [19/Feb/2022:08:50:37 +0000] "GET /api/v1/cart/getcartbooks HTTP/1.1" 304 - "http://localhost:3000/" "Mozilla/5.0 (Linux; Android 6.0; Nexus 5 Build/MRA58N) AppleWebKit/537.36 (KHTML, like Gecko) Chrome/98.0.4758.102 Mobile Safari/537.36"

info: ::1 - - [19/Feb/2022:08:50:37 +0000] "GET /api/v1/book/getbook HTTP/1.1" 304 - "http://localhost:3000/" "Mozilla/5.0 (Linux; Android 6.0; Nexus 5 Build/MRA58N) AppleWebKit/537.36 (KHTML, like Gecko) Chrome/98.0.4758.102 Mobile Safari/537.36"

info: ::1 - - [19/Feb/2022:08:51:12 +0000] "GET /api/v1/cart/getcartbooks HTTP/1.1" 304 - "http://localhost:3000/" "Mozilla/5.0 (Linux; Android 6.0; Nexus 5 Build/MRA58N) AppleWebKit/537.36 (KHTML, like Gecko) Chrome/98.0.4758.102 Mobile Safari/537.36"

info: ::1 - - [19/Feb/2022:08:51:12 +0000] "GET /api/v1/book/getbook HTTP/1.1" 304 - "http://localhost:3000/" "Mozilla/5.0 (Linux; Android 6.0; Nexus 5 Build/MRA58N) AppleWebKit/537.36 (KHTML, like Gecko) Chrome/98.0.4758.102 Mobile Safari/537.36"

info: ::1 - - [19/Feb/2022:08:51:33 +0000] "GET /api/v1/book/getbook HTTP/1.1" 304 - "http://localhost:3000/" "Mozilla/5.0 (Linux; Android 6.0; Nexus 5 Build/MRA58N) AppleWebKit/537.36 (KHTML, like Gecko) Chrome/98.0.4758.102 Mobile Safari/537.36"

info: ::1 - - [19/Feb/2022:08:51:33 +0000] "GET /api/v1/cart/getcartbooks HTTP/1.1" 304 - "http://localhost:3000/" "Mozilla/5.0 (Linux; Android 6.0; Nexus 5 Build/MRA58N) AppleWebKit/537.36 (KHTML, like Gecko) Chrome/98.0.4758.102 Mobile Safari/537.36"

info: ::1 - - [19/Feb/2022:08:51:56 +0000] "GET /api/v1/cart/getcartbooks HTTP/1.1" 304 - "http://localhost:3000/" "Mozilla/5.0 (Linux; Android 6.0; Nexus 5 Build/MRA58N) AppleWebKit/537.36 (KHTML, like Gecko) Chrome/98.0.4758.102 Mobile Safari/537.36"

info: ::1 - - [19/Feb/2022:08:51:56 +0000] "GET /api/v1/book/getbook HTTP/1.1" 304 - "http://localhost:3000/" "Mozilla/5.0 (Linux; Android 6.0; Nexus 5 Build/MRA58N) AppleWebKit/537.36 (KHTML, like Gecko) Chrome/98.0.4758.102 Mobile Safari/537.36"

info: ::1 - - [19/Feb/2022:08:52:15 +0000] "GET /api/v1/cart/getcartbooks HTTP/1.1" 304 - "http://localhost:3000/" "Mozilla/5.0 (Linux; Android 6.0; Nexus 5 Build/MRA58N) AppleWebKit/537.36 (KHTML, like Gecko) Chrome/98.0.4758.102 Mobile Safari/537.36"

info: ::1 - - [19/Feb/2022:08:52:15 +0000] "GET /api/v1/book/getbook HTTP/1.1" 304 - "http://localhost:3000/" "Mozilla/5.0 (Linux; Android 6.0; Nexus 5 Build/MRA58N) AppleWebKit/537.36 (KHTML, like Gecko) Chrome/98.0.4758.102 Mobile Safari/537.36"

info: ::1 - - [19/Feb/2022:08:52:45 +0000] "GET /api/v1/book/getbook HTTP/1.1" 304 - "http://localhost:3000/" "Mozilla/5.0 (Linux; Android 6.0; Nexus 5 Build/MRA58N) AppleWebKit/537.36 (KHTML, like Gecko) Chrome/98.0.4758.102 Mobile Safari/537.36"

info: ::1 - - [19/Feb/2022:08:52:45 +0000] "GET /api/v1/cart/getcartbooks HTTP/1.1" 304 - "http://localhost:3000/" "Mozilla/5.0 (Linux; Android 6.0; Nexus 5 Build/MRA58N) AppleWebKit/537.36 (KHTML, like Gecko) Chrome/98.0.4758.102 Mobile Safari/537.36"

info: ::1 - - [19/Feb/2022:08:53:00 +0000] "GET /api/v1/book/getbook HTTP/1.1" 304 - "http://localhost:3000/" "Mozilla/5.0 (Linux; Android 6.0; Nexus 5 Build/MRA58N) AppleWebKit/537.36 (KHTML, like Gecko) Chrome/98.0.4758.102 Mobile Safari/537.36"

info: ::1 - - [19/Feb/2022:08:53:00 +0000] "GET /api/v1/cart/getcartbooks HTTP/1.1" 304 - "http://localhost:3000/" "Mozilla/5.0 (Linux; Android 6.0; Nexus 5 Build/MRA58N) AppleWebKit/537.36 (KHTML, like Gecko) Chrome/98.0.4758.102 Mobile Safari/537.36"

info: ::1 - - [19/Feb/2022:08:54:53 +0000] "GET /api/v1/book/getbook HTTP/1.1" 304 - "http://localhost:3000/" "Mozilla/5.0 (Linux; Android 6.0; Nexus 5 Build/MRA58N) AppleWebKit/537.36 (KHTML, like Gecko) Chrome/98.0.4758.102 Mobile Safari/537.36"

info: ::1 - - [19/Feb/2022:08:54:53 +0000] "GET /api/v1/cart/getcartbooks HTTP/1.1" 304 - "http://localhost:3000/" "Mozilla/5.0 (Linux; Android 6.0; Nexus 5 Build/MRA58N) AppleWebKit/537.36 (KHTML, like Gecko) Chrome/98.0.4758.102 Mobile Safari/537.36"

info: ::1 - - [19/Feb/2022:08:55:10 +0000] "GET /api/v1/book/getbook HTTP/1.1" 304 - "http://localhost:3000/" "Mozilla/5.0 (Linux; Android 6.0; Nexus 5 Build/MRA58N) AppleWebKit/537.36 (KHTML, like Gecko) Chrome/98.0.4758.102 Mobile Safari/537.36"

info: ::1 - - [19/Feb/2022:08:55:10 +0000] "GET /api/v1/cart/getcartbooks HTTP/1.1" 304 - "http://localhost:3000/" "Mozilla/5.0 (Linux; Android 6.0; Nexus 5 Build/MRA58N) AppleWebKit/537.36 (KHTML, like Gecko) Chrome/98.0.4758.102 Mobile Safari/537.36"

info: ::1 - - [19/Feb/2022:08:56:52 +0000] "GET /api/v1/book/getbook HTTP/1.1" 304 - "http://localhost:3000/" "Mozilla/5.0 (Linux; Android 6.0; Nexus 5 Build/MRA58N) AppleWebKit/537.36 (KHTML, like Gecko) Chrome/98.0.4758.102 Mobile Safari/537.36"

info: ::1 - - [19/Feb/2022:08:56:52 +0000] "GET /api/v1/cart/getcartbooks HTTP/1.1" 304 - "http://localhost:3000/" "Mozilla/5.0 (Linux; Android 6.0; Nexus 5 Build/MRA58N) AppleWebKit/537.36 (KHTML, like Gecko) Chrome/98.0.4758.102 Mobile Safari/537.36"

info: ::1 - - [19/Feb/2022:08:57:42 +0000] "GET /api/v1/book/getbook HTTP/1.1" 304 - "http://localhost:3000/" "Mozilla/5.0 (Linux; Android 6.0; Nexus 5 Build/MRA58N) AppleWebKit/537.36 (KHTML, like Gecko) Chrome/98.0.4758.102 Mobile Safari/537.36"

info: ::1 - - [19/Feb/2022:08:57:42 +0000] "GET /api/v1/cart/getcartbooks HTTP/1.1" 304 - "http://localhost:3000/" "Mozilla/5.0 (Linux; Android 6.0; Nexus 5 Build/MRA58N) AppleWebKit/537.36 (KHTML, like Gecko) Chrome/98.0.4758.102 Mobile Safari/537.36"

