info: Server started at http://localhost:3000/api/v1/ {"timestamp":"2022-02-14T02:20:12.849Z"}
info: Connected to the database. {"timestamp":"2022-02-14T02:20:22.488Z"}
error: 
      status - 400
      message - Authorization token is required 
      url - /api/v1/wishlist/wishlist/6209dd832da7b8141c05f8b8 
      method - POST 
      IP - ::ffff:127.0.0.1
     {"timestamp":"2022-02-14T04:43:23.204Z"}
error: 
      status - 400
      message - Authorization token is required 
      url - /api/v1/wishlist/wishlist/6209dd832da7b8141c05f8b8 
      method - POST 
      IP - ::ffff:127.0.0.1
     {"timestamp":"2022-02-14T04:44:01.657Z"}
error: 
      status - 400
      message - Authorization token is required 
      url - /api/v1/wishlist/wishlist/6209dd832da7b8141c05f8b8 
      method - POST 
      IP - ::ffff:127.0.0.1
     {"timestamp":"2022-02-14T04:48:17.674Z"}
error: 
      status - 400
      message - Authorization token is required 
      url - /api/v1/wishlist/wishlist/6209dd832da7b8141c05f8b8 
      method - POST 
      IP - ::ffff:127.0.0.1
     {"timestamp":"2022-02-14T05:49:35.793Z"}
info: Server started at http://localhost:3000/api/v1/ {"timestamp":"2022-02-14T11:36:03.756Z"}
info: Connected to the database. {"timestamp":"2022-02-14T11:36:11.862Z"}
error: 
    status - 500 
    message - TokenExpiredError: jwt expired
    at C:\BookStore\BookStoreBackEnd\node_modules\jsonwebtoken\verify.js:152:21
    at getSecret (C:\BookStore\BookStoreBackEnd\node_modules\jsonwebtoken\verify.js:90:14)
    at Object.module.exports [as verify] (C:\BookStore\BookStoreBackEnd\node_modules\jsonwebtoken\verify.js:94:10)
    at _callee$ (C:\BookStore\BookStoreBackEnd\build\middlewares\auth.middleware.js:50:45)
    at tryCatch (C:\BookStore\BookStoreBackEnd\node_modules\regenerator-runtime\runtime.js:63:40)
    at Generator.invoke [as _invoke] (C:\BookStore\BookStoreBackEnd\node_modules\regenerator-runtime\runtime.js:294:22)
    at Generator.next (C:\BookStore\BookStoreBackEnd\node_modules\regenerator-runtime\runtime.js:119:21)
    at asyncGeneratorStep (C:\BookStore\BookStoreBackEnd\node_modules\@babel\runtime\helpers\asyncToGenerator.js:3:24)
    at _next (C:\BookStore\BookStoreBackEnd\node_modules\@babel\runtime\helpers\asyncToGenerator.js:25:9)
    at C:\BookStore\BookStoreBackEnd\node_modules\@babel\runtime\helpers\asyncToGenerator.js:32:7
    at new Promise (<anonymous>)
    at C:\BookStore\BookStoreBackEnd\node_modules\@babel\runtime\helpers\asyncToGenerator.js:21:12
    at userAuth (C:\BookStore\BookStoreBackEnd\build\middlewares\auth.middleware.js:74:17)
    at Layer.handle [as handle_request] (C:\BookStore\BookStoreBackEnd\node_modules\express\lib\router\layer.js:95:5)
    at next (C:\BookStore\BookStoreBackEnd\node_modules\express\lib\router\route.js:137:13)
    at Route.dispatch (C:\BookStore\BookStoreBackEnd\node_modules\express\lib\router\route.js:112:3) 
    url - /api/v1/cart/cart/6209bd8e2da7b8141c05f8b1 
    method - POST 
    IP - ::ffff:127.0.0.1
   {"timestamp":"2022-02-14T11:37:08.085Z"}
error: 
    status - 500 
    message - ReferenceError: body is not defined
    at _callee$ (C:\BookStore\BookStoreBackEnd\build\services\cart.service.js:34:25)
    at tryCatch (C:\BookStore\BookStoreBackEnd\node_modules\regenerator-runtime\runtime.js:63:40)
    at Generator.invoke [as _invoke] (C:\BookStore\BookStoreBackEnd\node_modules\regenerator-runtime\runtime.js:294:22)
    at Generator.next (C:\BookStore\BookStoreBackEnd\node_modules\regenerator-runtime\runtime.js:119:21)
    at asyncGeneratorStep (C:\BookStore\BookStoreBackEnd\node_modules\@babel\runtime\helpers\asyncToGenerator.js:3:24)
    at _next (C:\BookStore\BookStoreBackEnd\node_modules\@babel\runtime\helpers\asyncToGenerator.js:25:9)
    at C:\BookStore\BookStoreBackEnd\node_modules\@babel\runtime\helpers\asyncToGenerator.js:32:7
    at new Promise (<anonymous>)
    at Object.<anonymous> (C:\BookStore\BookStoreBackEnd\node_modules\@babel\runtime\helpers\asyncToGenerator.js:21:12)
    at Object.addCart (C:\BookStore\BookStoreBackEnd\build\services\cart.service.js:182:17)
    at _callee$ (C:\BookStore\BookStoreBackEnd\build\controllers\cart.controll.js:37:32)
    at tryCatch (C:\BookStore\BookStoreBackEnd\node_modules\regenerator-runtime\runtime.js:63:40)
    at Generator.invoke [as _invoke] (C:\BookStore\BookStoreBackEnd\node_modules\regenerator-runtime\runtime.js:294:22)
    at Generator.next (C:\BookStore\BookStoreBackEnd\node_modules\regenerator-runtime\runtime.js:119:21)
    at asyncGeneratorStep (C:\BookStore\BookStoreBackEnd\node_modules\@babel\runtime\helpers\asyncToGenerator.js:3:24)
    at _next (C:\BookStore\BookStoreBackEnd\node_modules\@babel\runtime\helpers\asyncToGenerator.js:25:9) 
    url - /api/v1/cart/cart/6209bd8e2da7b8141c05f8b1 
    method - POST 
    IP - ::ffff:127.0.0.1
   {"timestamp":"2022-02-14T11:38:39.117Z"}
info: Server started at http://localhost:3000/api/v1/ {"timestamp":"2022-02-14T11:41:29.517Z"}
info: Connected to the database. {"timestamp":"2022-02-14T11:41:37.942Z"}
error: 
    status - 500 
    message - MongooseServerSelectionError: Could not connect to any servers in your MongoDB Atlas cluster. One common reason is that you're trying to access the database from an IP that isn't whitelisted. Make sure your current IP address is on your Atlas cluster's IP whitelist: https://docs.atlas.mongodb.com/security-whitelist/
    at Function.Model.$wrapCallback (C:\BookStore\BookStoreBackEnd\node_modules\mongoose\lib\model.js:5087:32)
    at C:\BookStore\BookStoreBackEnd\node_modules\mongoose\lib\query.js:4510:21
    at C:\BookStore\BookStoreBackEnd\node_modules\mongoose\lib\helpers\promiseOrCallback.js:32:5
    at new Promise (<anonymous>)
    at promiseOrCallback (C:\BookStore\BookStoreBackEnd\node_modules\mongoose\lib\helpers\promiseOrCallback.js:31:10)
    at model.Query.exec (C:\BookStore\BookStoreBackEnd\node_modules\mongoose\lib\query.js:4509:10)
    at model.Query.Query.then (C:\BookStore\BookStoreBackEnd\node_modules\mongoose\lib\query.js:4592:15)
    at runMicrotasks (<anonymous>)
    at processTicksAndRejections (node:internal/process/task_queues:96:5) 
    url - /api/v1/cart/cart/6209bd8e2da7b8141c05f8b1 
    method - POST 
    IP - ::ffff:127.0.0.1
   {"timestamp":"2022-02-14T12:31:36.067Z"}
info: Server started at http://localhost:3000/api/v1/ {"timestamp":"2022-02-14T12:32:38.438Z"}
info: Connected to the database. {"timestamp":"2022-02-14T12:32:47.044Z"}
info: Server started at http://localhost:3000/api/v1/ {"timestamp":"2022-02-14T14:31:01.421Z"}
info: Connected to the database. {"timestamp":"2022-02-14T14:31:10.583Z"}
info: Server started at http://localhost:3000/api/v1/ {"timestamp":"2022-02-14T14:36:00.599Z"}
info: Connected to the database. {"timestamp":"2022-02-14T14:36:09.409Z"}
info: Server started at http://localhost:3010/api/v1/ {"timestamp":"2022-02-14T14:40:29.128Z"}
info: Connected to the database. {"timestamp":"2022-02-14T14:40:38.242Z"}
info: Server started at http://localhost:3010/api/v1/ {"timestamp":"2022-02-14T14:46:19.003Z"}
info: Connected to the database. {"timestamp":"2022-02-14T14:46:27.598Z"}
error: 
    status - 500 
    message - CastError: Cast to embedded failed for value "{ bookId: '620a4d201336f745989480d6', quantity: NaN }" (type string) at path "book"
    at model.Query.exec (C:\BookStore\BookStoreBackEnd\node_modules\mongoose\lib\query.js:4498:21)
    at model.Query.Query.then (C:\BookStore\BookStoreBackEnd\node_modules\mongoose\lib\query.js:4592:15)
    at processTicksAndRejections (node:internal/process/task_queues:96:5) 
    url - /api/v1/cart/cart/620a4d201336f745989480d6 
    method - POST 
    IP - ::ffff:127.0.0.1
   {"timestamp":"2022-02-14T14:47:34.885Z"}
info: Server started at http://localhost:3010/api/v1/ {"timestamp":"2022-02-14T14:55:44.756Z"}
info: Connected to the database. {"timestamp":"2022-02-14T14:55:53.513Z"}
info: Server started at http://localhost:3010/api/v1/ {"timestamp":"2022-02-14T15:15:28.446Z"}
info: Connected to the database. {"timestamp":"2022-02-14T15:15:37.932Z"}
error: 
    status - 500 
    message - CastError: Cast to embedded failed for value "{ bookId: '61fb5932ff3240435ceb506c', quantity: NaN }" (type string) at path "book"
    at model.Query.exec (C:\BookStore\BookStoreBackEnd\node_modules\mongoose\lib\query.js:4498:21)
    at model.Query.Query.then (C:\BookStore\BookStoreBackEnd\node_modules\mongoose\lib\query.js:4592:15)
    at processTicksAndRejections (node:internal/process/task_queues:96:5) 
    url - /api/v1/cart/cart/61fb5932ff3240435ceb506c 
    method - POST 
    IP - ::ffff:127.0.0.1
   {"timestamp":"2022-02-14T15:16:05.954Z"}
info: Server started at http://localhost:3010/api/v1/ {"timestamp":"2022-02-14T15:19:45.516Z"}
info: Connected to the database. {"timestamp":"2022-02-14T15:19:54.164Z"}
info: Server started at http://localhost:3010/api/v1/ {"timestamp":"2022-02-14T17:10:34.495Z"}
info: Connected to the database. {"timestamp":"2022-02-14T17:10:42.816Z"}
info: Server started at http://localhost:3010/api/v1/ {"timestamp":"2022-02-14T17:52:41.755Z"}
info: Connected to the database. {"timestamp":"2022-02-14T17:52:50.093Z"}
