info: Server started at http://localhost:3000/api/v1/ {"timestamp":"2022-02-07T18:54:42.913Z"}
info: Connected to the database. {"timestamp":"2022-02-07T18:54:51.366Z"}
error: 
      status - 404
      message - user already exsist 
      url - /api/v1/users/user 
      method - POST 
      IP - ::ffff:127.0.0.1
     {"timestamp":"2022-02-07T18:55:17.155Z"}
info: Server started at http://localhost:3000/api/v1/ {"timestamp":"2022-02-07T18:55:49.217Z"}
info: Connected to the database. {"timestamp":"2022-02-07T18:55:57.940Z"}
error: 
      status - 404
      message - user already exsist 
      url - /api/v1/users/user 
      method - POST 
      IP - ::ffff:127.0.0.1
     {"timestamp":"2022-02-07T18:56:03.911Z"}
error: 
    status - 500 
    message - Error: data and hash arguments required
    at Object.compare (C:\BookStore\BookStoreBackEnd\node_modules\bcrypt\bcrypt.js:208:17)
    at C:\BookStore\BookStoreBackEnd\node_modules\bcrypt\promises.js:29:12
    at new Promise (<anonymous>)
    at Object.module.exports.promise (C:\BookStore\BookStoreBackEnd\node_modules\bcrypt\promises.js:20:12)
    at Object.compare (C:\BookStore\BookStoreBackEnd\node_modules\bcrypt\bcrypt.js:204:25)
    at _callee2$ (C:\BookStore\BookStoreBackEnd\src\services\/user.service.js:44:32)
    at tryCatch (C:\BookStore\BookStoreBackEnd\node_modules\regenerator-runtime\runtime.js:63:40)
    at Generator.invoke [as _invoke] (C:\BookStore\BookStoreBackEnd\node_modules\regenerator-runtime\runtime.js:294:22)
    at Generator.next (C:\BookStore\BookStoreBackEnd\node_modules\regenerator-runtime\runtime.js:119:21)
    at asyncGeneratorStep (C:\BookStore\BookStoreBackEnd\node_modules\@babel\runtime\helpers\asyncToGenerator.js:3:24)
    at _next (C:\BookStore\BookStoreBackEnd\node_modules\@babel\runtime\helpers\asyncToGenerator.js:25:9)
    at processTicksAndRejections (node:internal/process/task_queues:96:5) 
    url - /api/v1/users/user_login 
    method - POST 
    IP - ::ffff:127.0.0.1
   {"timestamp":"2022-02-07T18:56:14.326Z"}
error: 
    status - 500 
    message - Error: data and hash arguments required
    at Object.compare (C:\BookStore\BookStoreBackEnd\node_modules\bcrypt\bcrypt.js:208:17)
    at C:\BookStore\BookStoreBackEnd\node_modules\bcrypt\promises.js:29:12
    at new Promise (<anonymous>)
    at Object.module.exports.promise (C:\BookStore\BookStoreBackEnd\node_modules\bcrypt\promises.js:20:12)
    at Object.compare (C:\BookStore\BookStoreBackEnd\node_modules\bcrypt\bcrypt.js:204:25)
    at _callee2$ (C:\BookStore\BookStoreBackEnd\src\services\/user.service.js:44:32)
    at tryCatch (C:\BookStore\BookStoreBackEnd\node_modules\regenerator-runtime\runtime.js:63:40)
    at Generator.invoke [as _invoke] (C:\BookStore\BookStoreBackEnd\node_modules\regenerator-runtime\runtime.js:294:22)
    at Generator.next (C:\BookStore\BookStoreBackEnd\node_modules\regenerator-runtime\runtime.js:119:21)
    at asyncGeneratorStep (C:\BookStore\BookStoreBackEnd\node_modules\@babel\runtime\helpers\asyncToGenerator.js:3:24)
    at _next (C:\BookStore\BookStoreBackEnd\node_modules\@babel\runtime\helpers\asyncToGenerator.js:25:9)
    at processTicksAndRejections (node:internal/process/task_queues:96:5) 
    url - /api/v1/users/user_login 
    method - POST 
    IP - ::ffff:127.0.0.1
   {"timestamp":"2022-02-07T18:56:24.244Z"}
info: Server started at http://localhost:3000/api/v1/ {"timestamp":"2022-02-07T18:57:26.347Z"}
info: Connected to the database. {"timestamp":"2022-02-07T18:57:34.897Z"}
error: 
      status - 404
      message - user already exsist 
      url - /api/v1/users/user 
      method - POST 
      IP - ::ffff:127.0.0.1
     {"timestamp":"2022-02-07T18:57:38.630Z"}
info: Server started at http://localhost:3000/api/v1/ {"timestamp":"2022-02-07T18:58:10.640Z"}
info: Connected to the database. {"timestamp":"2022-02-07T18:58:18.934Z"}
info: Server started at http://localhost:3000/api/v1/ {"timestamp":"2022-02-07T18:58:45.671Z"}
info: Connected to the database. {"timestamp":"2022-02-07T18:58:54.653Z"}
error: 
      status - 404
      message - user already exsist 
      url - /api/v1/users/user 
      method - POST 
      IP - ::ffff:127.0.0.1
     {"timestamp":"2022-02-07T18:58:56.631Z"}
error: 
      status - 404
      message - user already exsist 
      url - /api/v1/users/user 
      method - POST 
      IP - ::ffff:127.0.0.1
     {"timestamp":"2022-02-07T18:59:07.781Z"}
info: Server started at http://localhost:3000/api/v1/ {"timestamp":"2022-02-07T18:59:32.699Z"}
info: Connected to the database. {"timestamp":"2022-02-07T18:59:41.107Z"}
error: 
      status - 404
      message - user already exsist 
      url - /api/v1/users/user 
      method - POST 
      IP - ::ffff:127.0.0.1
     {"timestamp":"2022-02-07T18:59:46.468Z"}
error: 
      status - 404
      message - user already exsist 
      url - /api/v1/users/user 
      method - POST 
      IP - ::ffff:127.0.0.1
     {"timestamp":"2022-02-07T18:59:54.924Z"}
error: 
    status - 500 
    message - Error: data and hash arguments required
    at Object.compare (C:\BookStore\BookStoreBackEnd\node_modules\bcrypt\bcrypt.js:208:17)
    at C:\BookStore\BookStoreBackEnd\node_modules\bcrypt\promises.js:29:12
    at new Promise (<anonymous>)
    at Object.module.exports.promise (C:\BookStore\BookStoreBackEnd\node_modules\bcrypt\promises.js:20:12)
    at Object.compare (C:\BookStore\BookStoreBackEnd\node_modules\bcrypt\bcrypt.js:204:25)
    at _callee2$ (C:\BookStore\BookStoreBackEnd\src\services\/user.service.js:44:32)
    at tryCatch (C:\BookStore\BookStoreBackEnd\node_modules\regenerator-runtime\runtime.js:63:40)
    at Generator.invoke [as _invoke] (C:\BookStore\BookStoreBackEnd\node_modules\regenerator-runtime\runtime.js:294:22)
    at Generator.next (C:\BookStore\BookStoreBackEnd\node_modules\regenerator-runtime\runtime.js:119:21)
    at asyncGeneratorStep (C:\BookStore\BookStoreBackEnd\node_modules\@babel\runtime\helpers\asyncToGenerator.js:3:24)
    at _next (C:\BookStore\BookStoreBackEnd\node_modules\@babel\runtime\helpers\asyncToGenerator.js:25:9)
    at processTicksAndRejections (node:internal/process/task_queues:96:5) 
    url - /api/v1/users/user_login 
    method - POST 
    IP - ::ffff:127.0.0.1
   {"timestamp":"2022-02-07T19:03:04.603Z"}
info: Server started at http://localhost:3000/api/v1/ {"timestamp":"2022-02-07T19:11:27.778Z"}
info: Server started at http://localhost:3000/api/v1/ {"timestamp":"2022-02-07T19:13:06.581Z"}
info: Connected to the database. {"timestamp":"2022-02-07T19:13:15.027Z"}
info: Server started at http://localhost:3000/api/v1/ {"timestamp":"2022-02-07T19:15:34.894Z"}
info: Connected to the database. {"timestamp":"2022-02-07T19:15:37.988Z"}
info: Server started at http://localhost:3000/api/v1/ {"timestamp":"2022-02-07T19:17:20.757Z"}
info: Connected to the database. {"timestamp":"2022-02-07T19:17:29.389Z"}
info: Server started at http://localhost:3000/api/v1/ {"timestamp":"2022-02-07T19:19:15.280Z"}
info: Connected to the database. {"timestamp":"2022-02-07T19:19:24.394Z"}
info: Server started at http://localhost:3000/api/v1/ {"timestamp":"2022-02-08T01:41:01.160Z"}
info: Connected to the database. {"timestamp":"2022-02-08T01:41:10.307Z"}
error: 
      status - 404
      message - user already exsist 
      url - /api/v1/users/user 
      method - POST 
      IP - ::ffff:127.0.0.1
     {"timestamp":"2022-02-08T01:41:13.584Z"}
error: 
      status - 404
      message - user already exsist 
      url - /api/v1/users/user 
      method - POST 
      IP - ::ffff:127.0.0.1
     {"timestamp":"2022-02-08T01:41:32.186Z"}
error: 
      status - 404
      message - user already exsist 
      url - /api/v1/users/admin 
      method - POST 
      IP - ::ffff:127.0.0.1
     {"timestamp":"2022-02-08T01:41:55.696Z"}
error: 
    status - 500 
    message - Error: data and hash arguments required
    at Object.compare (C:\BookStore\BookStoreBackEnd\node_modules\bcrypt\bcrypt.js:208:17)
    at C:\BookStore\BookStoreBackEnd\node_modules\bcrypt\promises.js:29:12
    at new Promise (<anonymous>)
    at Object.module.exports.promise (C:\BookStore\BookStoreBackEnd\node_modules\bcrypt\promises.js:20:12)
    at Object.compare (C:\BookStore\BookStoreBackEnd\node_modules\bcrypt\bcrypt.js:204:25)
    at _callee2$ (C:\BookStore\BookStoreBackEnd\src\services\/user.service.js:44:32)
    at tryCatch (C:\BookStore\BookStoreBackEnd\node_modules\regenerator-runtime\runtime.js:63:40)
    at Generator.invoke [as _invoke] (C:\BookStore\BookStoreBackEnd\node_modules\regenerator-runtime\runtime.js:294:22)
    at Generator.next (C:\BookStore\BookStoreBackEnd\node_modules\regenerator-runtime\runtime.js:119:21)
    at asyncGeneratorStep (C:\BookStore\BookStoreBackEnd\node_modules\@babel\runtime\helpers\asyncToGenerator.js:3:24)
    at _next (C:\BookStore\BookStoreBackEnd\node_modules\@babel\runtime\helpers\asyncToGenerator.js:25:9)
    at processTicksAndRejections (node:internal/process/task_queues:96:5) 
    url - /api/v1/users/user_login 
    method - POST 
    IP - ::ffff:127.0.0.1
   {"timestamp":"2022-02-08T01:42:02.942Z"}
error: 
    status - 500 
    message - Error: data and hash arguments required
    at Object.compare (C:\BookStore\BookStoreBackEnd\node_modules\bcrypt\bcrypt.js:208:17)
    at C:\BookStore\BookStoreBackEnd\node_modules\bcrypt\promises.js:29:12
    at new Promise (<anonymous>)
    at Object.module.exports.promise (C:\BookStore\BookStoreBackEnd\node_modules\bcrypt\promises.js:20:12)
    at Object.compare (C:\BookStore\BookStoreBackEnd\node_modules\bcrypt\bcrypt.js:204:25)
    at _callee2$ (C:\BookStore\BookStoreBackEnd\src\services\/user.service.js:44:32)
    at tryCatch (C:\BookStore\BookStoreBackEnd\node_modules\regenerator-runtime\runtime.js:63:40)
    at Generator.invoke [as _invoke] (C:\BookStore\BookStoreBackEnd\node_modules\regenerator-runtime\runtime.js:294:22)
    at Generator.next (C:\BookStore\BookStoreBackEnd\node_modules\regenerator-runtime\runtime.js:119:21)
    at asyncGeneratorStep (C:\BookStore\BookStoreBackEnd\node_modules\@babel\runtime\helpers\asyncToGenerator.js:3:24)
    at _next (C:\BookStore\BookStoreBackEnd\node_modules\@babel\runtime\helpers\asyncToGenerator.js:25:9)
    at processTicksAndRejections (node:internal/process/task_queues:96:5) 
    url - /api/v1/users/user_login 
    method - POST 
    IP - ::ffff:127.0.0.1
   {"timestamp":"2022-02-08T01:42:25.731Z"}
info: Server started at http://localhost:3000/api/v1/ {"timestamp":"2022-02-08T01:59:54.061Z"}
error: Could not connect to the database. querySrv ECONNREFUSED _mongodb._tcp.demo.aoloa.mongodb.net {"code":"ECONNREFUSED","hostname":"_mongodb._tcp.demo.aoloa.mongodb.net","stack":"Error: querySrv ECONNREFUSED _mongodb._tcp.demo.aoloa.mongodb.net\n    at QueryReqWrap.onresolve [as oncomplete] (node:dns:213:19)","syscall":"querySrv","timestamp":"2022-02-08T01:59:54.077Z"}
error: 
    status - 500 
    message - MongooseError: Operation `users.find()` buffering timed out after 10000ms
    at Timeout.<anonymous> (C:\BookStore\BookStoreBackEnd\node_modules\mongoose\lib\drivers\node-mongodb-native\collection.js:198:23)
    at listOnTimeout (node:internal/timers:557:17)
    at processTimers (node:internal/timers:500:7) 
    url - /api/v1/users/user_login 
    method - POST 
    IP - ::ffff:127.0.0.1
   {"timestamp":"2022-02-08T02:02:48.138Z"}
info: Server started at http://localhost:3000/api/v1/ {"timestamp":"2022-02-08T02:03:15.295Z"}
info: Connected to the database. {"timestamp":"2022-02-08T02:03:24.341Z"}
error: 
    status - 500 
    message - Error: data and hash arguments required
    at Object.compare (C:\BookStore\BookStoreBackEnd\node_modules\bcrypt\bcrypt.js:208:17)
    at C:\BookStore\BookStoreBackEnd\node_modules\bcrypt\promises.js:29:12
    at new Promise (<anonymous>)
    at Object.module.exports.promise (C:\BookStore\BookStoreBackEnd\node_modules\bcrypt\promises.js:20:12)
    at Object.compare (C:\BookStore\BookStoreBackEnd\node_modules\bcrypt\bcrypt.js:204:25)
    at _callee2$ (C:\BookStore\BookStoreBackEnd\src\services\/user.service.js:44:32)
    at tryCatch (C:\BookStore\BookStoreBackEnd\node_modules\regenerator-runtime\runtime.js:63:40)
    at Generator.invoke [as _invoke] (C:\BookStore\BookStoreBackEnd\node_modules\regenerator-runtime\runtime.js:294:22)
    at Generator.next (C:\BookStore\BookStoreBackEnd\node_modules\regenerator-runtime\runtime.js:119:21)
    at asyncGeneratorStep (C:\BookStore\BookStoreBackEnd\node_modules\@babel\runtime\helpers\asyncToGenerator.js:3:24)
    at _next (C:\BookStore\BookStoreBackEnd\node_modules\@babel\runtime\helpers\asyncToGenerator.js:25:9)
    at processTicksAndRejections (node:internal/process/task_queues:96:5) 
    url - /api/v1/users/user_login 
    method - POST 
    IP - ::ffff:127.0.0.1
   {"timestamp":"2022-02-08T02:03:27.442Z"}
error: 
      status - 404
      message - user already exsist 
      url - /api/v1/users/user 
      method - POST 
      IP - ::ffff:127.0.0.1
     {"timestamp":"2022-02-08T02:03:44.719Z"}
error: 
      status - 404
      message - user already exsist 
      url - /api/v1/users/admin 
      method - POST 
      IP - ::ffff:127.0.0.1
     {"timestamp":"2022-02-08T02:04:06.306Z"}
info: Server started at http://localhost:3000/api/v1/ {"timestamp":"2022-02-08T02:04:41.020Z"}
info: Connected to the database. {"timestamp":"2022-02-08T02:04:49.846Z"}
info: Server started at http://localhost:3000/api/v1/ {"timestamp":"2022-02-08T02:06:06.162Z"}
info: Connected to the database. {"timestamp":"2022-02-08T02:06:15.963Z"}
info: Server started at http://localhost:3000/api/v1/ {"timestamp":"2022-02-08T02:06:28.637Z"}
info: Connected to the database. {"timestamp":"2022-02-08T02:06:37.076Z"}
info: Server started at http://localhost:3000/api/v1/ {"timestamp":"2022-02-08T02:06:58.051Z"}
info: Connected to the database. {"timestamp":"2022-02-08T02:07:06.125Z"}
error: 
      status - 11000
      message - E11000 duplicate key error collection: express.users index: email_1 dup key: { email: null } 
      url - /api/v1/users/user 
      method - POST 
      IP - ::ffff:127.0.0.1
     {"timestamp":"2022-02-08T02:07:18.934Z"}
error: 
    status - 500 
    message - RangeError: Invalid status code: 11000
    at new NodeError (node:internal/errors:371:5)
    at ServerResponse.writeHead (node:_http_server:274:11)
    at ServerResponse.writeHead (C:\BookStore\BookStoreBackEnd\node_modules\on-headers\index.js:44:26)
    at ServerResponse._implicitHeader (node:_http_server:265:8)
    at write_ (node:_http_outgoing:766:9)
    at ServerResponse.end (node:_http_outgoing:855:5)
    at ServerResponse.send (C:\BookStore\BookStoreBackEnd\node_modules\express\lib\response.js:221:10)
    at ServerResponse.json (C:\BookStore\BookStoreBackEnd\node_modules\express\lib\response.js:267:15)
    at appErrorHandler (C:\BookStore\BookStoreBackEnd\src\middlewares\/error.middleware.js:36:26)
    at Layer.handle_error (C:\BookStore\BookStoreBackEnd\node_modules\express\lib\router\layer.js:71:5)
    at trim_prefix (C:\BookStore\BookStoreBackEnd\node_modules\express\lib\router\index.js:321:13)
    at C:\BookStore\BookStoreBackEnd\node_modules\express\lib\router\index.js:284:7
    at Function.process_params (C:\BookStore\BookStoreBackEnd\node_modules\express\lib\router\index.js:341:12)
    at Immediate.next (C:\BookStore\BookStoreBackEnd\node_modules\express\lib\router\index.js:275:10)
    at Immediate._onImmediate (C:\BookStore\BookStoreBackEnd\node_modules\express\lib\router\index.js:641:15)
    at processImmediate (node:internal/timers:466:21) 
    url - /api/v1/users/user 
    method - POST 
    IP - ::ffff:127.0.0.1
   {"timestamp":"2022-02-08T02:07:18.959Z"}
info: Server started at http://localhost:3000/api/v1/ {"timestamp":"2022-02-08T02:07:53.151Z"}
info: Connected to the database. {"timestamp":"2022-02-08T02:08:02.453Z"}
error: 
      status - 11000
      message - E11000 duplicate key error collection: express.users index: email_1 dup key: { email: null } 
      url - /api/v1/users/user 
      method - POST 
      IP - ::ffff:127.0.0.1
     {"timestamp":"2022-02-08T02:08:05.514Z"}
error: 
    status - 500 
    message - RangeError: Invalid status code: 11000
    at new NodeError (node:internal/errors:371:5)
    at ServerResponse.writeHead (node:_http_server:274:11)
    at ServerResponse.writeHead (C:\BookStore\BookStoreBackEnd\node_modules\on-headers\index.js:44:26)
    at ServerResponse._implicitHeader (node:_http_server:265:8)
    at write_ (node:_http_outgoing:766:9)
    at ServerResponse.end (node:_http_outgoing:855:5)
    at ServerResponse.send (C:\BookStore\BookStoreBackEnd\node_modules\express\lib\response.js:221:10)
    at ServerResponse.json (C:\BookStore\BookStoreBackEnd\node_modules\express\lib\response.js:267:15)
    at appErrorHandler (C:\BookStore\BookStoreBackEnd\src\middlewares\/error.middleware.js:36:26)
    at Layer.handle_error (C:\BookStore\BookStoreBackEnd\node_modules\express\lib\router\layer.js:71:5)
    at trim_prefix (C:\BookStore\BookStoreBackEnd\node_modules\express\lib\router\index.js:321:13)
    at C:\BookStore\BookStoreBackEnd\node_modules\express\lib\router\index.js:284:7
    at Function.process_params (C:\BookStore\BookStoreBackEnd\node_modules\express\lib\router\index.js:341:12)
    at Immediate.next (C:\BookStore\BookStoreBackEnd\node_modules\express\lib\router\index.js:275:10)
    at Immediate._onImmediate (C:\BookStore\BookStoreBackEnd\node_modules\express\lib\router\index.js:641:15)
    at processImmediate (node:internal/timers:466:21) 
    url - /api/v1/users/user 
    method - POST 
    IP - ::ffff:127.0.0.1
   {"timestamp":"2022-02-08T02:08:05.548Z"}
info: Server started at http://localhost:3000/api/v1/ {"timestamp":"2022-02-08T02:10:13.188Z"}
info: Connected to the database. {"timestamp":"2022-02-08T02:10:21.881Z"}
info: Server started at http://localhost:3000/api/v1/ {"timestamp":"2022-02-08T02:10:30.717Z"}
info: Connected to the database. {"timestamp":"2022-02-08T02:10:39.378Z"}
error: 
    status - 500 
    message - Error: data and hash arguments required
    at Object.compare (C:\BookStore\BookStoreBackEnd\node_modules\bcrypt\bcrypt.js:208:17)
    at C:\BookStore\BookStoreBackEnd\node_modules\bcrypt\promises.js:29:12
    at new Promise (<anonymous>)
    at Object.module.exports.promise (C:\BookStore\BookStoreBackEnd\node_modules\bcrypt\promises.js:20:12)
    at Object.compare (C:\BookStore\BookStoreBackEnd\node_modules\bcrypt\bcrypt.js:204:25)
    at _callee2$ (C:\BookStore\BookStoreBackEnd\src\services\/user.service.js:39:32)
    at tryCatch (C:\BookStore\BookStoreBackEnd\node_modules\regenerator-runtime\runtime.js:63:40)
    at Generator.invoke [as _invoke] (C:\BookStore\BookStoreBackEnd\node_modules\regenerator-runtime\runtime.js:294:22)
    at Generator.next (C:\BookStore\BookStoreBackEnd\node_modules\regenerator-runtime\runtime.js:119:21)
    at asyncGeneratorStep (C:\BookStore\BookStoreBackEnd\node_modules\@babel\runtime\helpers\asyncToGenerator.js:3:24)
    at _next (C:\BookStore\BookStoreBackEnd\node_modules\@babel\runtime\helpers\asyncToGenerator.js:25:9)
    at processTicksAndRejections (node:internal/process/task_queues:96:5) 
    url - /api/v1/users/login 
    method - POST 
    IP - ::ffff:127.0.0.1
   {"timestamp":"2022-02-08T02:10:39.913Z"}
info: Server started at http://localhost:3000/api/v1/ {"timestamp":"2022-02-08T02:16:00.051Z"}
info: Connected to the database. {"timestamp":"2022-02-08T02:16:09.571Z"}
error: 
      status - 11000
      message - E11000 duplicate key error collection: express.users index: email_1 dup key: { email: null } 
      url - /api/v1/users/user 
      method - POST 
      IP - ::ffff:127.0.0.1
     {"timestamp":"2022-02-08T02:18:36.056Z"}
error: 
    status - 500 
    message - RangeError: Invalid status code: 11000
    at new NodeError (node:internal/errors:371:5)
    at ServerResponse.writeHead (node:_http_server:274:11)
    at ServerResponse.writeHead (C:\BookStore\BookStoreBackEnd\node_modules\on-headers\index.js:44:26)
    at ServerResponse._implicitHeader (node:_http_server:265:8)
    at write_ (node:_http_outgoing:766:9)
    at ServerResponse.end (node:_http_outgoing:855:5)
    at ServerResponse.send (C:\BookStore\BookStoreBackEnd\node_modules\express\lib\response.js:221:10)
    at ServerResponse.json (C:\BookStore\BookStoreBackEnd\node_modules\express\lib\response.js:267:15)
    at appErrorHandler (C:\BookStore\BookStoreBackEnd\src\middlewares\/error.middleware.js:36:26)
    at Layer.handle_error (C:\BookStore\BookStoreBackEnd\node_modules\express\lib\router\layer.js:71:5)
    at trim_prefix (C:\BookStore\BookStoreBackEnd\node_modules\express\lib\router\index.js:321:13)
    at C:\BookStore\BookStoreBackEnd\node_modules\express\lib\router\index.js:284:7
    at Function.process_params (C:\BookStore\BookStoreBackEnd\node_modules\express\lib\router\index.js:341:12)
    at Immediate.next (C:\BookStore\BookStoreBackEnd\node_modules\express\lib\router\index.js:275:10)
    at Immediate._onImmediate (C:\BookStore\BookStoreBackEnd\node_modules\express\lib\router\index.js:641:15)
    at processImmediate (node:internal/timers:466:21) 
    url - /api/v1/users/user 
    method - POST 
    IP - ::ffff:127.0.0.1
   {"timestamp":"2022-02-08T02:18:36.090Z"}
error: 
      status - 11000
      message - E11000 duplicate key error collection: express.users index: email_1 dup key: { email: null } 
      url - /api/v1/users/user 
      method - POST 
      IP - ::ffff:127.0.0.1
     {"timestamp":"2022-02-08T02:19:39.486Z"}
error: 
    status - 500 
    message - RangeError: Invalid status code: 11000
    at new NodeError (node:internal/errors:371:5)
    at ServerResponse.writeHead (node:_http_server:274:11)
    at ServerResponse.writeHead (C:\BookStore\BookStoreBackEnd\node_modules\on-headers\index.js:44:26)
    at ServerResponse._implicitHeader (node:_http_server:265:8)
    at write_ (node:_http_outgoing:766:9)
    at ServerResponse.end (node:_http_outgoing:855:5)
    at ServerResponse.send (C:\BookStore\BookStoreBackEnd\node_modules\express\lib\response.js:221:10)
    at ServerResponse.json (C:\BookStore\BookStoreBackEnd\node_modules\express\lib\response.js:267:15)
    at appErrorHandler (C:\BookStore\BookStoreBackEnd\src\middlewares\/error.middleware.js:36:26)
    at Layer.handle_error (C:\BookStore\BookStoreBackEnd\node_modules\express\lib\router\layer.js:71:5)
    at trim_prefix (C:\BookStore\BookStoreBackEnd\node_modules\express\lib\router\index.js:321:13)
    at C:\BookStore\BookStoreBackEnd\node_modules\express\lib\router\index.js:284:7
    at Function.process_params (C:\BookStore\BookStoreBackEnd\node_modules\express\lib\router\index.js:341:12)
    at Immediate.next (C:\BookStore\BookStoreBackEnd\node_modules\express\lib\router\index.js:275:10)
    at Immediate._onImmediate (C:\BookStore\BookStoreBackEnd\node_modules\express\lib\router\index.js:641:15)
    at processImmediate (node:internal/timers:466:21) 
    url - /api/v1/users/user 
    method - POST 
    IP - ::ffff:127.0.0.1
   {"timestamp":"2022-02-08T02:19:39.492Z"}
error: 
      status - 11000
      message - E11000 duplicate key error collection: express.users index: email_1 dup key: { email: null } 
      url - /api/v1/users/user 
      method - POST 
      IP - ::ffff:127.0.0.1
     {"timestamp":"2022-02-08T02:37:56.548Z"}
error: 
    status - 500 
    message - RangeError: Invalid status code: 11000
    at new NodeError (node:internal/errors:371:5)
    at ServerResponse.writeHead (node:_http_server:274:11)
    at ServerResponse.writeHead (C:\BookStore\BookStoreBackEnd\node_modules\on-headers\index.js:44:26)
    at ServerResponse._implicitHeader (node:_http_server:265:8)
    at write_ (node:_http_outgoing:766:9)
    at ServerResponse.end (node:_http_outgoing:855:5)
    at ServerResponse.send (C:\BookStore\BookStoreBackEnd\node_modules\express\lib\response.js:221:10)
    at ServerResponse.json (C:\BookStore\BookStoreBackEnd\node_modules\express\lib\response.js:267:15)
    at appErrorHandler (C:\BookStore\BookStoreBackEnd\src\middlewares\/error.middleware.js:36:26)
    at Layer.handle_error (C:\BookStore\BookStoreBackEnd\node_modules\express\lib\router\layer.js:71:5)
    at trim_prefix (C:\BookStore\BookStoreBackEnd\node_modules\express\lib\router\index.js:321:13)
    at C:\BookStore\BookStoreBackEnd\node_modules\express\lib\router\index.js:284:7
    at Function.process_params (C:\BookStore\BookStoreBackEnd\node_modules\express\lib\router\index.js:341:12)
    at Immediate.next (C:\BookStore\BookStoreBackEnd\node_modules\express\lib\router\index.js:275:10)
    at Immediate._onImmediate (C:\BookStore\BookStoreBackEnd\node_modules\express\lib\router\index.js:641:15)
    at processImmediate (node:internal/timers:466:21) 
    url - /api/v1/users/user 
    method - POST 
    IP - ::ffff:127.0.0.1
   {"timestamp":"2022-02-08T02:37:56.551Z"}
info: Server started at http://localhost:3000/api/v1/ {"timestamp":"2022-02-08T02:38:27.638Z"}
info: Connected to the database. {"timestamp":"2022-02-08T02:38:36.321Z"}
error: 
      status - 11000
      message - E11000 duplicate key error collection: express.users index: email_1 dup key: { email: null } 
      url - /api/v1/users/user 
      method - POST 
      IP - ::ffff:127.0.0.1
     {"timestamp":"2022-02-08T02:38:41.268Z"}
error: 
    status - 500 
    message - RangeError: Invalid status code: 11000
    at new NodeError (node:internal/errors:371:5)
    at ServerResponse.writeHead (node:_http_server:274:11)
    at ServerResponse.writeHead (C:\BookStore\BookStoreBackEnd\node_modules\on-headers\index.js:44:26)
    at ServerResponse._implicitHeader (node:_http_server:265:8)
    at write_ (node:_http_outgoing:766:9)
    at ServerResponse.end (node:_http_outgoing:855:5)
    at ServerResponse.send (C:\BookStore\BookStoreBackEnd\node_modules\express\lib\response.js:221:10)
    at ServerResponse.json (C:\BookStore\BookStoreBackEnd\node_modules\express\lib\response.js:267:15)
    at appErrorHandler (C:\BookStore\BookStoreBackEnd\src\middlewares\/error.middleware.js:36:26)
    at Layer.handle_error (C:\BookStore\BookStoreBackEnd\node_modules\express\lib\router\layer.js:71:5)
    at trim_prefix (C:\BookStore\BookStoreBackEnd\node_modules\express\lib\router\index.js:321:13)
    at C:\BookStore\BookStoreBackEnd\node_modules\express\lib\router\index.js:284:7
    at Function.process_params (C:\BookStore\BookStoreBackEnd\node_modules\express\lib\router\index.js:341:12)
    at Immediate.next (C:\BookStore\BookStoreBackEnd\node_modules\express\lib\router\index.js:275:10)
    at Immediate._onImmediate (C:\BookStore\BookStoreBackEnd\node_modules\express\lib\router\index.js:641:15)
    at processImmediate (node:internal/timers:466:21) 
    url - /api/v1/users/user 
    method - POST 
    IP - ::ffff:127.0.0.1
   {"timestamp":"2022-02-08T02:38:41.290Z"}
info: Server started at http://localhost:3000/api/v1/ {"timestamp":"2022-02-08T02:41:03.494Z"}
info: Server started at http://localhost:3000/api/v1/ {"timestamp":"2022-02-08T02:41:18.623Z"}
info: Connected to the database. {"timestamp":"2022-02-08T02:41:26.944Z"}
error: 
      status - 11000
      message - E11000 duplicate key error collection: express.users index: email_1 dup key: { email: null } 
      url - /api/v1/users/user 
      method - POST 
      IP - ::ffff:127.0.0.1
     {"timestamp":"2022-02-08T02:41:34.764Z"}
error: 
    status - 500 
    message - RangeError: Invalid status code: 11000
    at new NodeError (node:internal/errors:371:5)
    at ServerResponse.writeHead (node:_http_server:274:11)
    at ServerResponse.writeHead (C:\BookStore\BookStoreBackEnd\node_modules\on-headers\index.js:44:26)
    at ServerResponse._implicitHeader (node:_http_server:265:8)
    at write_ (node:_http_outgoing:766:9)
    at ServerResponse.end (node:_http_outgoing:855:5)
    at ServerResponse.send (C:\BookStore\BookStoreBackEnd\node_modules\express\lib\response.js:221:10)
    at ServerResponse.json (C:\BookStore\BookStoreBackEnd\node_modules\express\lib\response.js:267:15)
    at appErrorHandler (C:\BookStore\BookStoreBackEnd\src\middlewares\/error.middleware.js:36:26)
    at Layer.handle_error (C:\BookStore\BookStoreBackEnd\node_modules\express\lib\router\layer.js:71:5)
    at trim_prefix (C:\BookStore\BookStoreBackEnd\node_modules\express\lib\router\index.js:321:13)
    at C:\BookStore\BookStoreBackEnd\node_modules\express\lib\router\index.js:284:7
    at Function.process_params (C:\BookStore\BookStoreBackEnd\node_modules\express\lib\router\index.js:341:12)
    at Immediate.next (C:\BookStore\BookStoreBackEnd\node_modules\express\lib\router\index.js:275:10)
    at Immediate._onImmediate (C:\BookStore\BookStoreBackEnd\node_modules\express\lib\router\index.js:641:15)
    at processImmediate (node:internal/timers:466:21) 
    url - /api/v1/users/user 
    method - POST 
    IP - ::ffff:127.0.0.1
   {"timestamp":"2022-02-08T02:41:34.789Z"}
info: Server started at http://localhost:3000/api/v1/ {"timestamp":"2022-02-08T02:49:36.745Z"}
info: Connected to the database. {"timestamp":"2022-02-08T02:49:45.514Z"}
info: Server started at http://localhost:3000/api/v1/ {"timestamp":"2022-02-08T02:50:14.486Z"}
info: Connected to the database. {"timestamp":"2022-02-08T02:50:23.604Z"}
info: Server started at http://localhost:3000/api/v1/ {"timestamp":"2022-02-08T02:50:52.648Z"}
info: Server started at http://localhost:3000/api/v1/ {"timestamp":"2022-02-08T02:51:05.545Z"}
info: Server started at http://localhost:3000/api/v1/ {"timestamp":"2022-02-08T02:51:14.387Z"}
info: Server started at http://localhost:3000/api/v1/ {"timestamp":"2022-02-08T02:51:42.510Z"}
info: Connected to the database. {"timestamp":"2022-02-08T02:51:52.291Z"}
error: 
      status - 11000
      message - E11000 duplicate key error collection: express.users index: email_1 dup key: { email: null } 
      url - /api/v1/users/user 
      method - POST 
      IP - ::ffff:127.0.0.1
     {"timestamp":"2022-02-08T02:52:36.723Z"}
error: 
    status - 500 
    message - RangeError: Invalid status code: 11000
    at new NodeError (node:internal/errors:371:5)
    at ServerResponse.writeHead (node:_http_server:274:11)
    at ServerResponse.writeHead (C:\BookStore\BookStoreBackEnd\node_modules\on-headers\index.js:44:26)
    at ServerResponse._implicitHeader (node:_http_server:265:8)
    at write_ (node:_http_outgoing:766:9)
    at ServerResponse.end (node:_http_outgoing:855:5)
    at ServerResponse.send (C:\BookStore\BookStoreBackEnd\node_modules\express\lib\response.js:221:10)
    at ServerResponse.json (C:\BookStore\BookStoreBackEnd\node_modules\express\lib\response.js:267:15)
    at appErrorHandler (C:\BookStore\BookStoreBackEnd\src\middlewares\/error.middleware.js:36:26)
    at Layer.handle_error (C:\BookStore\BookStoreBackEnd\node_modules\express\lib\router\layer.js:71:5)
    at trim_prefix (C:\BookStore\BookStoreBackEnd\node_modules\express\lib\router\index.js:321:13)
    at C:\BookStore\BookStoreBackEnd\node_modules\express\lib\router\index.js:284:7
    at Function.process_params (C:\BookStore\BookStoreBackEnd\node_modules\express\lib\router\index.js:341:12)
    at Immediate.next (C:\BookStore\BookStoreBackEnd\node_modules\express\lib\router\index.js:275:10)
    at Immediate._onImmediate (C:\BookStore\BookStoreBackEnd\node_modules\express\lib\router\index.js:641:15)
    at processImmediate (node:internal/timers:466:21) 
    url - /api/v1/users/user 
    method - POST 
    IP - ::ffff:127.0.0.1
   {"timestamp":"2022-02-08T02:52:36.753Z"}
error: 
      status - 11000
      message - E11000 duplicate key error collection: express.users index: email_1 dup key: { email: null } 
      url - /api/v1/users/admin 
      method - POST 
      IP - ::ffff:127.0.0.1
     {"timestamp":"2022-02-08T02:53:24.022Z"}
error: 
    status - 500 
    message - RangeError: Invalid status code: 11000
    at new NodeError (node:internal/errors:371:5)
    at ServerResponse.writeHead (node:_http_server:274:11)
    at ServerResponse.writeHead (C:\BookStore\BookStoreBackEnd\node_modules\on-headers\index.js:44:26)
    at ServerResponse._implicitHeader (node:_http_server:265:8)
    at write_ (node:_http_outgoing:766:9)
    at ServerResponse.end (node:_http_outgoing:855:5)
    at ServerResponse.send (C:\BookStore\BookStoreBackEnd\node_modules\express\lib\response.js:221:10)
    at ServerResponse.json (C:\BookStore\BookStoreBackEnd\node_modules\express\lib\response.js:267:15)
    at appErrorHandler (C:\BookStore\BookStoreBackEnd\src\middlewares\/error.middleware.js:36:26)
    at Layer.handle_error (C:\BookStore\BookStoreBackEnd\node_modules\express\lib\router\layer.js:71:5)
    at trim_prefix (C:\BookStore\BookStoreBackEnd\node_modules\express\lib\router\index.js:321:13)
    at C:\BookStore\BookStoreBackEnd\node_modules\express\lib\router\index.js:284:7
    at Function.process_params (C:\BookStore\BookStoreBackEnd\node_modules\express\lib\router\index.js:341:12)
    at Immediate.next (C:\BookStore\BookStoreBackEnd\node_modules\express\lib\router\index.js:275:10)
    at Immediate._onImmediate (C:\BookStore\BookStoreBackEnd\node_modules\express\lib\router\index.js:641:15)
    at processImmediate (node:internal/timers:466:21) 
    url - /api/v1/users/admin 
    method - POST 
    IP - ::ffff:127.0.0.1
   {"timestamp":"2022-02-08T02:53:24.029Z"}
info: Server started at http://localhost:3000/api/v1/ {"timestamp":"2022-02-08T02:55:50.236Z"}
info: Connected to the database. {"timestamp":"2022-02-08T02:55:59.533Z"}
info: Server started at http://localhost:3000/api/v1/ {"timestamp":"2022-02-08T03:02:19.211Z"}
info: Server started at http://localhost:3000/api/v1/ {"timestamp":"2022-02-08T03:02:37.047Z"}
info: Connected to the database. {"timestamp":"2022-02-08T03:02:45.938Z"}
info: Server started at http://localhost:3000/api/v1/ {"timestamp":"2022-02-08T03:03:21.362Z"}
info: Server started at http://localhost:3000/api/v1/ {"timestamp":"2022-02-08T03:04:05.734Z"}
info: Connected to the database. {"timestamp":"2022-02-08T03:04:14.702Z"}
error: 
      status - 11000
      message - E11000 duplicate key error collection: express.users index: email_1 dup key: { email: null } 
      url - /api/v1/users/user 
      method - POST 
      IP - ::ffff:127.0.0.1
     {"timestamp":"2022-02-08T03:04:30.665Z"}
error: 
    status - 500 
    message - RangeError: Invalid status code: 11000
    at new NodeError (node:internal/errors:371:5)
    at ServerResponse.writeHead (node:_http_server:274:11)
    at ServerResponse.writeHead (C:\BookStore\BookStoreBackEnd\node_modules\on-headers\index.js:44:26)
    at ServerResponse._implicitHeader (node:_http_server:265:8)
    at write_ (node:_http_outgoing:766:9)
    at ServerResponse.end (node:_http_outgoing:855:5)
    at ServerResponse.send (C:\BookStore\BookStoreBackEnd\node_modules\express\lib\response.js:221:10)
    at ServerResponse.json (C:\BookStore\BookStoreBackEnd\node_modules\express\lib\response.js:267:15)
    at appErrorHandler (C:\BookStore\BookStoreBackEnd\src\middlewares\/error.middleware.js:36:26)
    at Layer.handle_error (C:\BookStore\BookStoreBackEnd\node_modules\express\lib\router\layer.js:71:5)
    at trim_prefix (C:\BookStore\BookStoreBackEnd\node_modules\express\lib\router\index.js:321:13)
    at C:\BookStore\BookStoreBackEnd\node_modules\express\lib\router\index.js:284:7
    at Function.process_params (C:\BookStore\BookStoreBackEnd\node_modules\express\lib\router\index.js:341:12)
    at Immediate.next (C:\BookStore\BookStoreBackEnd\node_modules\express\lib\router\index.js:275:10)
    at Immediate._onImmediate (C:\BookStore\BookStoreBackEnd\node_modules\express\lib\router\index.js:641:15)
    at processImmediate (node:internal/timers:466:21) 
    url - /api/v1/users/user 
    method - POST 
    IP - ::ffff:127.0.0.1
   {"timestamp":"2022-02-08T03:04:30.700Z"}
error: 
      status - 11000
      message - E11000 duplicate key error collection: express.users index: email_1 dup key: { email: null } 
      url - /api/v1/users/admin 
      method - POST 
      IP - ::ffff:127.0.0.1
     {"timestamp":"2022-02-08T03:07:10.413Z"}
error: 
    status - 500 
    message - RangeError: Invalid status code: 11000
    at new NodeError (node:internal/errors:371:5)
    at ServerResponse.writeHead (node:_http_server:274:11)
    at ServerResponse.writeHead (C:\BookStore\BookStoreBackEnd\node_modules\on-headers\index.js:44:26)
    at ServerResponse._implicitHeader (node:_http_server:265:8)
    at write_ (node:_http_outgoing:766:9)
    at ServerResponse.end (node:_http_outgoing:855:5)
    at ServerResponse.send (C:\BookStore\BookStoreBackEnd\node_modules\express\lib\response.js:221:10)
    at ServerResponse.json (C:\BookStore\BookStoreBackEnd\node_modules\express\lib\response.js:267:15)
    at appErrorHandler (C:\BookStore\BookStoreBackEnd\src\middlewares\/error.middleware.js:36:26)
    at Layer.handle_error (C:\BookStore\BookStoreBackEnd\node_modules\express\lib\router\layer.js:71:5)
    at trim_prefix (C:\BookStore\BookStoreBackEnd\node_modules\express\lib\router\index.js:321:13)
    at C:\BookStore\BookStoreBackEnd\node_modules\express\lib\router\index.js:284:7
    at Function.process_params (C:\BookStore\BookStoreBackEnd\node_modules\express\lib\router\index.js:341:12)
    at Immediate.next (C:\BookStore\BookStoreBackEnd\node_modules\express\lib\router\index.js:275:10)
    at Immediate._onImmediate (C:\BookStore\BookStoreBackEnd\node_modules\express\lib\router\index.js:641:15)
    at processImmediate (node:internal/timers:466:21) 
    url - /api/v1/users/admin 
    method - POST 
    IP - ::ffff:127.0.0.1
   {"timestamp":"2022-02-08T03:07:10.419Z"}
info: Server started at http://localhost:3000/api/v1/ {"timestamp":"2022-02-08T03:14:57.443Z"}
info: Connected to the database. {"timestamp":"2022-02-08T03:15:07.057Z"}
info: Server started at http://localhost:3000/api/v1/ {"timestamp":"2022-02-08T03:16:08.318Z"}
info: Connected to the database. {"timestamp":"2022-02-08T03:16:17.210Z"}
error: 
      status - 11000
      message - E11000 duplicate key error collection: express.users index: email_1 dup key: { email: null } 
      url - /api/v1/users/user 
      method - POST 
      IP - ::ffff:127.0.0.1
     {"timestamp":"2022-02-08T03:18:10.145Z"}
error: 
    status - 500 
    message - RangeError: Invalid status code: 11000
    at new NodeError (node:internal/errors:371:5)
    at ServerResponse.writeHead (node:_http_server:274:11)
    at ServerResponse.writeHead (C:\BookStore\BookStoreBackEnd\node_modules\on-headers\index.js:44:26)
    at ServerResponse._implicitHeader (node:_http_server:265:8)
    at write_ (node:_http_outgoing:766:9)
    at ServerResponse.end (node:_http_outgoing:855:5)
    at ServerResponse.send (C:\BookStore\BookStoreBackEnd\node_modules\express\lib\response.js:221:10)
    at ServerResponse.json (C:\BookStore\BookStoreBackEnd\node_modules\express\lib\response.js:267:15)
    at appErrorHandler (C:\BookStore\BookStoreBackEnd\src\middlewares\/error.middleware.js:36:26)
    at Layer.handle_error (C:\BookStore\BookStoreBackEnd\node_modules\express\lib\router\layer.js:71:5)
    at trim_prefix (C:\BookStore\BookStoreBackEnd\node_modules\express\lib\router\index.js:321:13)
    at C:\BookStore\BookStoreBackEnd\node_modules\express\lib\router\index.js:284:7
    at Function.process_params (C:\BookStore\BookStoreBackEnd\node_modules\express\lib\router\index.js:341:12)
    at Immediate.next (C:\BookStore\BookStoreBackEnd\node_modules\express\lib\router\index.js:275:10)
    at Immediate._onImmediate (C:\BookStore\BookStoreBackEnd\node_modules\express\lib\router\index.js:641:15)
    at processImmediate (node:internal/timers:466:21) 
    url - /api/v1/users/user 
    method - POST 
    IP - ::ffff:127.0.0.1
   {"timestamp":"2022-02-08T03:18:10.179Z"}
info: Server started at http://localhost:3000/api/v1/ {"timestamp":"2022-02-08T03:20:04.740Z"}
info: Connected to the database. {"timestamp":"2022-02-08T03:20:13.947Z"}
error: 
      status - 11000
      message - E11000 duplicate key error collection: express.users index: email_1 dup key: { email: null } 
      url - /api/v1/users/user 
      method - POST 
      IP - ::ffff:127.0.0.1
     {"timestamp":"2022-02-08T03:20:42.310Z"}
error: 
    status - 500 
    message - RangeError: Invalid status code: 11000
    at new NodeError (node:internal/errors:371:5)
    at ServerResponse.writeHead (node:_http_server:274:11)
    at ServerResponse.writeHead (C:\BookStore\BookStoreBackEnd\node_modules\on-headers\index.js:44:26)
    at ServerResponse._implicitHeader (node:_http_server:265:8)
    at write_ (node:_http_outgoing:766:9)
    at ServerResponse.end (node:_http_outgoing:855:5)
    at ServerResponse.send (C:\BookStore\BookStoreBackEnd\node_modules\express\lib\response.js:221:10)
    at ServerResponse.json (C:\BookStore\BookStoreBackEnd\node_modules\express\lib\response.js:267:15)
    at appErrorHandler (C:\BookStore\BookStoreBackEnd\src\middlewares\/error.middleware.js:36:26)
    at Layer.handle_error (C:\BookStore\BookStoreBackEnd\node_modules\express\lib\router\layer.js:71:5)
    at trim_prefix (C:\BookStore\BookStoreBackEnd\node_modules\express\lib\router\index.js:321:13)
    at C:\BookStore\BookStoreBackEnd\node_modules\express\lib\router\index.js:284:7
    at Function.process_params (C:\BookStore\BookStoreBackEnd\node_modules\express\lib\router\index.js:341:12)
    at Immediate.next (C:\BookStore\BookStoreBackEnd\node_modules\express\lib\router\index.js:275:10)
    at Immediate._onImmediate (C:\BookStore\BookStoreBackEnd\node_modules\express\lib\router\index.js:641:15)
    at processImmediate (node:internal/timers:466:21) 
    url - /api/v1/users/user 
    method - POST 
    IP - ::ffff:127.0.0.1
   {"timestamp":"2022-02-08T03:20:42.342Z"}
error: 
      status - 11000
      message - E11000 duplicate key error collection: express.users index: email_1 dup key: { email: null } 
      url - /api/v1/users/user 
      method - POST 
      IP - ::ffff:127.0.0.1
     {"timestamp":"2022-02-08T03:28:30.800Z"}
error: 
    status - 500 
    message - RangeError: Invalid status code: 11000
    at new NodeError (node:internal/errors:371:5)
    at ServerResponse.writeHead (node:_http_server:274:11)
    at ServerResponse.writeHead (C:\BookStore\BookStoreBackEnd\node_modules\on-headers\index.js:44:26)
    at ServerResponse._implicitHeader (node:_http_server:265:8)
    at write_ (node:_http_outgoing:766:9)
    at ServerResponse.end (node:_http_outgoing:855:5)
    at ServerResponse.send (C:\BookStore\BookStoreBackEnd\node_modules\express\lib\response.js:221:10)
    at ServerResponse.json (C:\BookStore\BookStoreBackEnd\node_modules\express\lib\response.js:267:15)
    at appErrorHandler (C:\BookStore\BookStoreBackEnd\src\middlewares\/error.middleware.js:36:26)
    at Layer.handle_error (C:\BookStore\BookStoreBackEnd\node_modules\express\lib\router\layer.js:71:5)
    at trim_prefix (C:\BookStore\BookStoreBackEnd\node_modules\express\lib\router\index.js:321:13)
    at C:\BookStore\BookStoreBackEnd\node_modules\express\lib\router\index.js:284:7
    at Function.process_params (C:\BookStore\BookStoreBackEnd\node_modules\express\lib\router\index.js:341:12)
    at Immediate.next (C:\BookStore\BookStoreBackEnd\node_modules\express\lib\router\index.js:275:10)
    at Immediate._onImmediate (C:\BookStore\BookStoreBackEnd\node_modules\express\lib\router\index.js:641:15)
    at processImmediate (node:internal/timers:466:21) 
    url - /api/v1/users/user 
    method - POST 
    IP - ::ffff:127.0.0.1
   {"timestamp":"2022-02-08T03:28:30.806Z"}
info: Server started at http://localhost:3000/api/v1/ {"timestamp":"2022-02-08T03:30:54.132Z"}
info: Connected to the database. {"timestamp":"2022-02-08T03:31:03.259Z"}
info: Server started at http://localhost:3000/api/v1/ {"timestamp":"2022-02-08T03:31:11.497Z"}
info: Server started at http://localhost:3000/api/v1/ {"timestamp":"2022-02-08T03:31:26.101Z"}
info: Connected to the database. {"timestamp":"2022-02-08T03:31:34.593Z"}
error: 
      status - 11000
      message - E11000 duplicate key error collection: express.users index: email_1 dup key: { email: null } 
      url - /api/v1/users/user 
      method - POST 
      IP - ::ffff:127.0.0.1
     {"timestamp":"2022-02-08T03:32:41.032Z"}
error: 
    status - 500 
    message - RangeError: Invalid status code: 11000
    at new NodeError (node:internal/errors:371:5)
    at ServerResponse.writeHead (node:_http_server:274:11)
    at ServerResponse.writeHead (C:\BookStore\BookStoreBackEnd\node_modules\on-headers\index.js:44:26)
    at ServerResponse._implicitHeader (node:_http_server:265:8)
    at write_ (node:_http_outgoing:766:9)
    at ServerResponse.end (node:_http_outgoing:855:5)
    at ServerResponse.send (C:\BookStore\BookStoreBackEnd\node_modules\express\lib\response.js:221:10)
    at ServerResponse.json (C:\BookStore\BookStoreBackEnd\node_modules\express\lib\response.js:267:15)
    at appErrorHandler (C:\BookStore\BookStoreBackEnd\src\middlewares\/error.middleware.js:36:26)
    at Layer.handle_error (C:\BookStore\BookStoreBackEnd\node_modules\express\lib\router\layer.js:71:5)
    at trim_prefix (C:\BookStore\BookStoreBackEnd\node_modules\express\lib\router\index.js:321:13)
    at C:\BookStore\BookStoreBackEnd\node_modules\express\lib\router\index.js:284:7
    at Function.process_params (C:\BookStore\BookStoreBackEnd\node_modules\express\lib\router\index.js:341:12)
    at Immediate.next (C:\BookStore\BookStoreBackEnd\node_modules\express\lib\router\index.js:275:10)
    at Immediate._onImmediate (C:\BookStore\BookStoreBackEnd\node_modules\express\lib\router\index.js:641:15)
    at processImmediate (node:internal/timers:466:21) 
    url - /api/v1/users/user 
    method - POST 
    IP - ::ffff:127.0.0.1
   {"timestamp":"2022-02-08T03:32:41.065Z"}
info: Server started at http://localhost:3000/api/v1/ {"timestamp":"2022-02-08T03:34:40.236Z"}
info: Connected to the database. {"timestamp":"2022-02-08T03:34:48.848Z"}
info: Server started at http://localhost:3000/api/v1/ {"timestamp":"2022-02-08T03:35:48.592Z"}
info: Connected to the database. {"timestamp":"2022-02-08T03:35:57.387Z"}
info: Server started at http://localhost:3000/api/v1/ {"timestamp":"2022-02-08T03:36:18.724Z"}
info: Server started at http://localhost:3000/api/v1/ {"timestamp":"2022-02-08T03:36:33.501Z"}
info: Server started at http://localhost:3000/api/v1/ {"timestamp":"2022-02-08T03:36:52.192Z"}
info: Connected to the database. {"timestamp":"2022-02-08T03:37:02.218Z"}
info: Server started at http://localhost:3000/api/v1/ {"timestamp":"2022-02-08T03:37:37.445Z"}
info: Connected to the database. {"timestamp":"2022-02-08T03:37:47.226Z"}
info: Server started at http://localhost:3000/api/v1/ {"timestamp":"2022-02-08T03:38:13.877Z"}
info: Connected to the database. {"timestamp":"2022-02-08T03:38:23.575Z"}
error: 
      status - 11000
      message - E11000 duplicate key error collection: express.users index: email_1 dup key: { email: null } 
      url - /api/v1/users/user 
      method - POST 
      IP - ::ffff:127.0.0.1
     {"timestamp":"2022-02-08T03:38:46.946Z"}
error: 
    status - 500 
    message - RangeError: Invalid status code: 11000
    at new NodeError (node:internal/errors:371:5)
    at ServerResponse.writeHead (node:_http_server:274:11)
    at ServerResponse.writeHead (C:\BookStore\BookStoreBackEnd\node_modules\on-headers\index.js:44:26)
    at ServerResponse._implicitHeader (node:_http_server:265:8)
    at write_ (node:_http_outgoing:766:9)
    at ServerResponse.end (node:_http_outgoing:855:5)
    at ServerResponse.send (C:\BookStore\BookStoreBackEnd\node_modules\express\lib\response.js:221:10)
    at ServerResponse.json (C:\BookStore\BookStoreBackEnd\node_modules\express\lib\response.js:267:15)
    at appErrorHandler (C:\BookStore\BookStoreBackEnd\src\middlewares\/error.middleware.js:36:26)
    at Layer.handle_error (C:\BookStore\BookStoreBackEnd\node_modules\express\lib\router\layer.js:71:5)
    at trim_prefix (C:\BookStore\BookStoreBackEnd\node_modules\express\lib\router\index.js:321:13)
    at C:\BookStore\BookStoreBackEnd\node_modules\express\lib\router\index.js:284:7
    at Function.process_params (C:\BookStore\BookStoreBackEnd\node_modules\express\lib\router\index.js:341:12)
    at Immediate.next (C:\BookStore\BookStoreBackEnd\node_modules\express\lib\router\index.js:275:10)
    at Immediate._onImmediate (C:\BookStore\BookStoreBackEnd\node_modules\express\lib\router\index.js:641:15)
    at processImmediate (node:internal/timers:466:21) 
    url - /api/v1/users/user 
    method - POST 
    IP - ::ffff:127.0.0.1
   {"timestamp":"2022-02-08T03:38:46.977Z"}
info: Server started at http://localhost:3000/api/v1/ {"timestamp":"2022-02-08T03:44:47.799Z"}
info: Connected to the database. {"timestamp":"2022-02-08T03:44:56.795Z"}
info: Server started at http://localhost:3000/api/v1/ {"timestamp":"2022-02-08T03:45:33.334Z"}
info: Server started at http://localhost:3000/api/v1/ {"timestamp":"2022-02-08T03:46:52.724Z"}
info: Connected to the database. {"timestamp":"2022-02-08T03:47:01.650Z"}
info: Server started at http://localhost:3000/api/v1/ {"timestamp":"2022-02-08T03:52:08.742Z"}
info: Connected to the database. {"timestamp":"2022-02-08T03:52:17.809Z"}
info: Server started at http://localhost:3000/api/v1/ {"timestamp":"2022-02-08T03:55:45.747Z"}
info: Server started at http://localhost:3000/api/v1/ {"timestamp":"2022-02-08T03:56:03.909Z"}
info: Server started at http://localhost:3000/api/v1/ {"timestamp":"2022-02-08T03:56:19.425Z"}
info: Server started at http://localhost:3000/api/v1/ {"timestamp":"2022-02-08T03:56:37.063Z"}
info: Connected to the database. {"timestamp":"2022-02-08T03:56:40.305Z"}
info: Server started at http://localhost:3000/api/v1/ {"timestamp":"2022-02-08T03:56:57.261Z"}
info: Server started at http://localhost:3000/api/v1/ {"timestamp":"2022-02-08T03:57:58.859Z"}
info: Server started at http://localhost:3000/api/v1/ {"timestamp":"2022-02-08T03:58:32.234Z"}
info: Connected to the database. {"timestamp":"2022-02-08T03:58:41.413Z"}
info: Server started at http://localhost:3000/api/v1/ {"timestamp":"2022-02-08T04:08:08.112Z"}
info: Connected to the database. {"timestamp":"2022-02-08T04:08:16.859Z"}
info: Server started at http://localhost:3000/api/v1/ {"timestamp":"2022-02-08T04:12:14.666Z"}
info: Server started at http://localhost:3000/api/v1/ {"timestamp":"2022-02-08T04:13:26.556Z"}
info: Connected to the database. {"timestamp":"2022-02-08T04:13:35.233Z"}
info: Server started at http://localhost:3000/api/v1/ {"timestamp":"2022-02-08T04:22:05.067Z"}
info: Connected to the database. {"timestamp":"2022-02-08T04:22:13.364Z"}
info: Server started at http://localhost:3000/api/v1/ {"timestamp":"2022-02-08T04:28:45.142Z"}
info: Server started at http://localhost:3000/api/v1/ {"timestamp":"2022-02-08T04:28:53.977Z"}
info: Server started at http://localhost:3000/api/v1/ {"timestamp":"2022-02-08T04:28:59.035Z"}
info: Server started at http://localhost:3000/api/v1/ {"timestamp":"2022-02-08T04:29:09.663Z"}
info: Connected to the database. {"timestamp":"2022-02-08T04:29:18.157Z"}
info: Server started at http://localhost:3000/api/v1/ {"timestamp":"2022-02-08T04:29:24.235Z"}
info: Server started at http://localhost:3000/api/v1/ {"timestamp":"2022-02-08T04:29:34.869Z"}
info: Connected to the database. {"timestamp":"2022-02-08T04:29:43.134Z"}
info: Server started at http://localhost:3000/api/v1/ {"timestamp":"2022-02-08T04:30:44.489Z"}
info: Connected to the database. {"timestamp":"2022-02-08T04:30:52.994Z"}
info: Server started at http://localhost:3000/api/v1/ {"timestamp":"2022-02-08T04:31:16.041Z"}
info: Connected to the database. {"timestamp":"2022-02-08T04:31:24.352Z"}
info: Server started at http://localhost:3000/api/v1/ {"timestamp":"2022-02-08T04:31:33.329Z"}
info: Connected to the database. {"timestamp":"2022-02-08T04:31:41.451Z"}
info: Server started at http://localhost:3000/api/v1/ {"timestamp":"2022-02-08T04:34:05.945Z"}
info: Server started at http://localhost:3000/api/v1/ {"timestamp":"2022-02-08T04:34:26.356Z"}
info: Server started at http://localhost:3000/api/v1/ {"timestamp":"2022-02-08T04:34:35.739Z"}
info: Connected to the database. {"timestamp":"2022-02-08T04:34:44.052Z"}
info: Server started at http://localhost:3000/api/v1/ {"timestamp":"2022-02-08T04:35:59.289Z"}
info: Connected to the database. {"timestamp":"2022-02-08T04:36:07.636Z"}
info: Server started at http://localhost:3000/api/v1/ {"timestamp":"2022-02-08T04:36:21.622Z"}
info: Connected to the database. {"timestamp":"2022-02-08T04:36:29.813Z"}
info: Server started at http://localhost:3000/api/v1/ {"timestamp":"2022-02-08T04:37:26.024Z"}
info: Connected to the database. {"timestamp":"2022-02-08T04:37:34.269Z"}
info: Server started at http://localhost:3000/api/v1/ {"timestamp":"2022-02-08T04:37:50.769Z"}
info: Connected to the database. {"timestamp":"2022-02-08T04:37:59.216Z"}
info: Server started at http://localhost:3000/api/v1/ {"timestamp":"2022-02-08T04:52:19.868Z"}
info: Server started at http://localhost:3000/api/v1/ {"timestamp":"2022-02-08T04:52:31.654Z"}
info: Server started at http://localhost:3000/api/v1/ {"timestamp":"2022-02-08T04:52:45.124Z"}
info: Connected to the database. {"timestamp":"2022-02-08T04:52:53.298Z"}
info: Server started at http://localhost:3000/api/v1/ {"timestamp":"2022-02-08T04:52:57.945Z"}
info: Server started at http://localhost:3000/api/v1/ {"timestamp":"2022-02-08T04:53:11.409Z"}
info: Server started at http://localhost:3000/api/v1/ {"timestamp":"2022-02-08T04:53:24.379Z"}
info: Server started at http://localhost:3000/api/v1/ {"timestamp":"2022-02-08T04:53:32.439Z"}
info: Connected to the database. {"timestamp":"2022-02-08T04:53:40.650Z"}
info: Server started at http://localhost:3000/api/v1/ {"timestamp":"2022-02-08T04:54:07.275Z"}
info: Connected to the database. {"timestamp":"2022-02-08T04:54:15.498Z"}
info: Server started at http://localhost:3000/api/v1/ {"timestamp":"2022-02-08T04:54:26.886Z"}
info: Connected to the database. {"timestamp":"2022-02-08T04:54:36.564Z"}
info: Server started at http://localhost:3000/api/v1/ {"timestamp":"2022-02-08T05:08:53.192Z"}
info: Connected to the database. {"timestamp":"2022-02-08T05:09:01.573Z"}
error: 
    status - 500 
    message - ValidationError: "bookName" with value "new littile book" fails to match the required pattern: /^[a-zA-Zs]+$/ 
    url - /api/v1/book/addbook 
    method - POST 
    IP - ::ffff:127.0.0.1
   {"timestamp":"2022-02-08T05:11:43.993Z"}
error: 
    status - 500 
    message - ValidationError: "author" with value "ram raj" fails to match the required pattern: /^[a-zA-Zs]+$/ 
    url - /api/v1/book/addbook 
    method - POST 
    IP - ::ffff:127.0.0.1
   {"timestamp":"2022-02-08T05:12:01.701Z"}
info: Server started at http://localhost:3000/api/v1/ {"timestamp":"2022-02-08T05:18:21.480Z"}
info: Server started at http://localhost:3000/api/v1/ {"timestamp":"2022-02-08T05:18:35.677Z"}
info: Connected to the database. {"timestamp":"2022-02-08T05:18:44.176Z"}
info: Server started at http://localhost:3000/api/v1/ {"timestamp":"2022-02-08T05:20:25.292Z"}
info: Connected to the database. {"timestamp":"2022-02-08T05:20:33.727Z"}
info: Server started at http://localhost:3000/api/v1/ {"timestamp":"2022-02-08T05:30:23.652Z"}
info: Connected to the database. {"timestamp":"2022-02-08T05:30:32.026Z"}
info: Server started at http://localhost:3000/api/v1/ {"timestamp":"2022-02-08T05:39:50.238Z"}
info: Connected to the database. {"timestamp":"2022-02-08T05:39:58.723Z"}
