info: Server started at http://localhost:3010/api/v1/ {"timestamp":"2022-02-24T01:48:49.242Z"}
info: Connected to the database. {"timestamp":"2022-02-24T01:48:58.434Z"}
error: 
    status - 500 
    message - ValidationError: "addressType" is required 
    url - /api/v1/customer/address 
    method - POST 
    IP - ::1
   {"timestamp":"2022-02-24T01:49:50.292Z"}
error: 
    status - 500 
    message - ValidationError: "addressType" is required 
    url - /api/v1/customer/address 
    method - POST 
    IP - ::1
   {"timestamp":"2022-02-24T02:21:09.564Z"}
error: 
    status - 500 
    message - ReferenceError: defaultQuantity is not defined
    at _callee$ (C:\BookStore\BookStoreBackEnd\build\services\wishlist.service.js:70:27)
    at tryCatch (C:\BookStore\BookStoreBackEnd\node_modules\regenerator-runtime\runtime.js:63:40)
    at Generator.invoke [as _invoke] (C:\BookStore\BookStoreBackEnd\node_modules\regenerator-runtime\runtime.js:294:22)
    at Generator.next (C:\BookStore\BookStoreBackEnd\node_modules\regenerator-runtime\runtime.js:119:21)
    at asyncGeneratorStep (C:\BookStore\BookStoreBackEnd\node_modules\@babel\runtime\helpers\asyncToGenerator.js:3:24)
    at _next (C:\BookStore\BookStoreBackEnd\node_modules\@babel\runtime\helpers\asyncToGenerator.js:25:9)
    at runMicrotasks (<anonymous>)
    at processTicksAndRejections (node:internal/process/task_queues:96:5) 
    url - /api/v1/wishlist/wishlist/6213c40059a7de43a88fb88a 
    method - POST 
    IP - ::ffff:127.0.0.1
   {"timestamp":"2022-02-24T02:29:00.296Z"}
info: Server started at http://localhost:3010/api/v1/ {"timestamp":"2022-02-24T02:31:12.254Z"}
info: Connected to the database. {"timestamp":"2022-02-24T02:31:23.257Z"}
error: 
    status - 500 
    message - CastError: Cast to ObjectId failed for value "[object Object]" (type string) at path "_id" for model "Books"
    at model.Query.exec (C:\BookStore\BookStoreBackEnd\node_modules\mongoose\lib\query.js:4498:21)
    at model.Query.Query.then (C:\BookStore\BookStoreBackEnd\node_modules\mongoose\lib\query.js:4592:15)
    at processTicksAndRejections (node:internal/process/task_queues:96:5) 
    url - /api/v1/cart/cart/[object%20Object] 
    method - POST 
    IP - ::1
   {"timestamp":"2022-02-24T02:44:24.826Z"}
error: 
    status - 500 
    message - CastError: Cast to ObjectId failed for value "[object Object]" (type string) at path "_id" for model "Books"
    at model.Query.exec (C:\BookStore\BookStoreBackEnd\node_modules\mongoose\lib\query.js:4498:21)
    at model.Query.Query.then (C:\BookStore\BookStoreBackEnd\node_modules\mongoose\lib\query.js:4592:15)
    at processTicksAndRejections (node:internal/process/task_queues:96:5) 
    url - /api/v1/cart/cart/[object%20Object] 
    method - POST 
    IP - ::1
   {"timestamp":"2022-02-24T02:44:27.469Z"}
error: 
    status - 500 
    message - CastError: Cast to ObjectId failed for value "[object Object]" (type string) at path "_id" for model "Books"
    at model.Query.exec (C:\BookStore\BookStoreBackEnd\node_modules\mongoose\lib\query.js:4498:21)
    at model.Query.Query.then (C:\BookStore\BookStoreBackEnd\node_modules\mongoose\lib\query.js:4592:15)
    at processTicksAndRejections (node:internal/process/task_queues:96:5) 
    url - /api/v1/cart/cart/[object%20Object] 
    method - POST 
    IP - ::1
   {"timestamp":"2022-02-24T02:44:34.075Z"}
error: 
    status - 500 
    message - CastError: Cast to ObjectId failed for value "[object Object]" (type string) at path "_id" for model "Books"
    at model.Query.exec (C:\BookStore\BookStoreBackEnd\node_modules\mongoose\lib\query.js:4498:21)
    at model.Query.Query.then (C:\BookStore\BookStoreBackEnd\node_modules\mongoose\lib\query.js:4592:15)
    at processTicksAndRejections (node:internal/process/task_queues:96:5) 
    url - /api/v1/cart/cart/[object%20Object] 
    method - POST 
    IP - ::1
   {"timestamp":"2022-02-24T02:44:35.111Z"}
error: 
    status - 500 
    message - CastError: Cast to ObjectId failed for value "[object Object]" (type string) at path "_id" for model "Books"
    at model.Query.exec (C:\BookStore\BookStoreBackEnd\node_modules\mongoose\lib\query.js:4498:21)
    at model.Query.Query.then (C:\BookStore\BookStoreBackEnd\node_modules\mongoose\lib\query.js:4592:15)
    at processTicksAndRejections (node:internal/process/task_queues:96:5) 
    url - /api/v1/cart/cart/[object%20Object] 
    method - POST 
    IP - ::1
   {"timestamp":"2022-02-24T02:45:06.137Z"}
error: 
    status - 500 
    message - CastError: Cast to ObjectId failed for value "[object Object]" (type string) at path "_id" for model "Books"
    at model.Query.exec (C:\BookStore\BookStoreBackEnd\node_modules\mongoose\lib\query.js:4498:21)
    at model.Query.Query.then (C:\BookStore\BookStoreBackEnd\node_modules\mongoose\lib\query.js:4592:15)
    at runMicrotasks (<anonymous>)
    at processTicksAndRejections (node:internal/process/task_queues:96:5) 
    url - /api/v1/cart/cart/[object%20Object] 
    method - POST 
    IP - ::1
   {"timestamp":"2022-02-24T02:47:14.940Z"}
error: 
    status - 500 
    message - CastError: Cast to ObjectId failed for value "[object Object]" (type string) at path "_id" for model "Books"
    at model.Query.exec (C:\BookStore\BookStoreBackEnd\node_modules\mongoose\lib\query.js:4498:21)
    at model.Query.Query.then (C:\BookStore\BookStoreBackEnd\node_modules\mongoose\lib\query.js:4592:15)
    at runMicrotasks (<anonymous>)
    at processTicksAndRejections (node:internal/process/task_queues:96:5) 
    url - /api/v1/cart/cart/[object%20Object] 
    method - POST 
    IP - ::1
   {"timestamp":"2022-02-24T03:00:24.674Z"}
error: 
    status - 500 
    message - TypeError: Cannot read properties of undefined (reading 'filter')
    at _callee3$ (C:\BookStore\BookStoreBackEnd\build\services\cart.service.js:316:35)
    at tryCatch (C:\BookStore\BookStoreBackEnd\node_modules\regenerator-runtime\runtime.js:63:40)
    at Generator.invoke [as _invoke] (C:\BookStore\BookStoreBackEnd\node_modules\regenerator-runtime\runtime.js:294:22)
    at Generator.next (C:\BookStore\BookStoreBackEnd\node_modules\regenerator-runtime\runtime.js:119:21)
    at asyncGeneratorStep (C:\BookStore\BookStoreBackEnd\node_modules\@babel\runtime\helpers\asyncToGenerator.js:3:24)
    at _next (C:\BookStore\BookStoreBackEnd\node_modules\@babel\runtime\helpers\asyncToGenerator.js:25:9)
    at runMicrotasks (<anonymous>)
    at processTicksAndRejections (node:internal/process/task_queues:96:5) 
    url - /api/v1/cart/updatecart/6216650f49acc20568268fec 
    method - PUT 
    IP - ::ffff:127.0.0.1
   {"timestamp":"2022-02-24T03:07:26.698Z"}
error: 
    status - 500 
    message - TypeError: Cannot read properties of undefined (reading 'filter')
    at _callee3$ (C:\BookStore\BookStoreBackEnd\build\services\cart.service.js:316:35)
    at tryCatch (C:\BookStore\BookStoreBackEnd\node_modules\regenerator-runtime\runtime.js:63:40)
    at Generator.invoke [as _invoke] (C:\BookStore\BookStoreBackEnd\node_modules\regenerator-runtime\runtime.js:294:22)
    at Generator.next (C:\BookStore\BookStoreBackEnd\node_modules\regenerator-runtime\runtime.js:119:21)
    at asyncGeneratorStep (C:\BookStore\BookStoreBackEnd\node_modules\@babel\runtime\helpers\asyncToGenerator.js:3:24)
    at _next (C:\BookStore\BookStoreBackEnd\node_modules\@babel\runtime\helpers\asyncToGenerator.js:25:9)
    at runMicrotasks (<anonymous>)
    at processTicksAndRejections (node:internal/process/task_queues:96:5) 
    url - /api/v1/cart/updatecart/6216650f49acc20568268fec 
    method - PUT 
    IP - ::ffff:127.0.0.1
   {"timestamp":"2022-02-24T03:12:30.608Z"}
error: 
    status - 500 
    message - ValidationError: "addressType" is required 
    url - /api/v1/customer/address 
    method - POST 
    IP - ::1
   {"timestamp":"2022-02-24T03:32:48.998Z"}
error: 
    status - 500 
    message - CastError: Cast to ObjectId failed for value "[object Object]" (type string) at path "_id" for model "Books"
    at model.Query.exec (C:\BookStore\BookStoreBackEnd\node_modules\mongoose\lib\query.js:4498:21)
    at model.Query.Query.then (C:\BookStore\BookStoreBackEnd\node_modules\mongoose\lib\query.js:4592:15)
    at runMicrotasks (<anonymous>)
    at processTicksAndRejections (node:internal/process/task_queues:96:5) 
    url - /api/v1/cart/cart/[object%20Object] 
    method - POST 
    IP - ::1
   {"timestamp":"2022-02-24T03:42:23.124Z"}
error: 
    status - 500 
    message - CastError: Cast to ObjectId failed for value "[object Object]" (type string) at path "_id" for model "Books"
    at model.Query.exec (C:\BookStore\BookStoreBackEnd\node_modules\mongoose\lib\query.js:4498:21)
    at model.Query.Query.then (C:\BookStore\BookStoreBackEnd\node_modules\mongoose\lib\query.js:4592:15)
    at runMicrotasks (<anonymous>)
    at processTicksAndRejections (node:internal/process/task_queues:96:5) 
    url - /api/v1/cart/cart/[object%20Object] 
    method - POST 
    IP - ::1
   {"timestamp":"2022-02-24T03:43:15.589Z"}
error: 
    status - 500 
    message - CastError: Cast to ObjectId failed for value "[object Object]" (type string) at path "_id" for model "Books"
    at model.Query.exec (C:\BookStore\BookStoreBackEnd\node_modules\mongoose\lib\query.js:4498:21)
    at model.Query.Query.then (C:\BookStore\BookStoreBackEnd\node_modules\mongoose\lib\query.js:4592:15)
    at runMicrotasks (<anonymous>)
    at processTicksAndRejections (node:internal/process/task_queues:96:5) 
    url - /api/v1/cart/cart/[object%20Object] 
    method - POST 
    IP - ::1
   {"timestamp":"2022-02-24T03:43:21.458Z"}
error: 
    status - 500 
    message - CastError: Cast to ObjectId failed for value "[object Object]" (type string) at path "_id" for model "Books"
    at model.Query.exec (C:\BookStore\BookStoreBackEnd\node_modules\mongoose\lib\query.js:4498:21)
    at model.Query.Query.then (C:\BookStore\BookStoreBackEnd\node_modules\mongoose\lib\query.js:4592:15)
    at runMicrotasks (<anonymous>)
    at processTicksAndRejections (node:internal/process/task_queues:96:5) 
    url - /api/v1/cart/cart/[object%20Object] 
    method - POST 
    IP - ::1
   {"timestamp":"2022-02-24T03:44:17.033Z"}
error: 
    status - 500 
    message - CastError: Cast to ObjectId failed for value "[object Object]" (type string) at path "_id" for model "Books"
    at model.Query.exec (C:\BookStore\BookStoreBackEnd\node_modules\mongoose\lib\query.js:4498:21)
    at model.Query.Query.then (C:\BookStore\BookStoreBackEnd\node_modules\mongoose\lib\query.js:4592:15)
    at runMicrotasks (<anonymous>)
    at processTicksAndRejections (node:internal/process/task_queues:96:5) 
    url - /api/v1/cart/cart/[object%20Object] 
    method - POST 
    IP - ::1
   {"timestamp":"2022-02-24T03:49:25.681Z"}
error: 
    status - 500 
    message - TypeError: Cannot read properties of undefined (reading 'userId')
    at _callee3$ (C:\BookStore\BookStoreBackEnd\build\services\wishlist.service.js:236:32)
    at tryCatch (C:\BookStore\BookStoreBackEnd\node_modules\regenerator-runtime\runtime.js:63:40)
    at Generator.invoke [as _invoke] (C:\BookStore\BookStoreBackEnd\node_modules\regenerator-runtime\runtime.js:294:22)
    at Generator.next (C:\BookStore\BookStoreBackEnd\node_modules\regenerator-runtime\runtime.js:119:21)
    at asyncGeneratorStep (C:\BookStore\BookStoreBackEnd\node_modules\@babel\runtime\helpers\asyncToGenerator.js:3:24)
    at _next (C:\BookStore\BookStoreBackEnd\node_modules\@babel\runtime\helpers\asyncToGenerator.js:25:9)
    at C:\BookStore\BookStoreBackEnd\node_modules\@babel\runtime\helpers\asyncToGenerator.js:32:7
    at new Promise (<anonymous>)
    at Object.<anonymous> (C:\BookStore\BookStoreBackEnd\node_modules\@babel\runtime\helpers\asyncToGenerator.js:21:12)
    at Object.removeWishlist (C:\BookStore\BookStoreBackEnd\build\services\wishlist.service.js:308:18)
    at _callee3$ (C:\BookStore\BookStoreBackEnd\build\controllers\wishlist.controller.js:105:36)
    at tryCatch (C:\BookStore\BookStoreBackEnd\node_modules\regenerator-runtime\runtime.js:63:40)
    at Generator.invoke [as _invoke] (C:\BookStore\BookStoreBackEnd\node_modules\regenerator-runtime\runtime.js:294:22)
    at Generator.next (C:\BookStore\BookStoreBackEnd\node_modules\regenerator-runtime\runtime.js:119:21)
    at asyncGeneratorStep (C:\BookStore\BookStoreBackEnd\node_modules\@babel\runtime\helpers\asyncToGenerator.js:3:24)
    at _next (C:\BookStore\BookStoreBackEnd\node_modules\@babel\runtime\helpers\asyncToGenerator.js:25:9) 
    url - /api/v1/wishlist/remove/6216edfd2d1fea067094c89b 
    method - PUT 
    IP - ::ffff:127.0.0.1
   {"timestamp":"2022-02-24T04:09:26.619Z"}
info: Server started at http://localhost:3010/api/v1/ {"timestamp":"2022-02-24T04:10:19.696Z"}
info: Connected to the database. {"timestamp":"2022-02-24T04:10:28.190Z"}
error: 
    status - 500 
    message - TypeError: Cannot read properties of undefined (reading 'userId')
    at _callee3$ (C:\BookStore\BookStoreBackEnd\build\services\wishlist.service.js:236:32)
    at tryCatch (C:\BookStore\BookStoreBackEnd\node_modules\regenerator-runtime\runtime.js:63:40)
    at Generator.invoke [as _invoke] (C:\BookStore\BookStoreBackEnd\node_modules\regenerator-runtime\runtime.js:294:22)
    at Generator.next (C:\BookStore\BookStoreBackEnd\node_modules\regenerator-runtime\runtime.js:119:21)
    at asyncGeneratorStep (C:\BookStore\BookStoreBackEnd\node_modules\@babel\runtime\helpers\asyncToGenerator.js:3:24)
    at _next (C:\BookStore\BookStoreBackEnd\node_modules\@babel\runtime\helpers\asyncToGenerator.js:25:9)
    at C:\BookStore\BookStoreBackEnd\node_modules\@babel\runtime\helpers\asyncToGenerator.js:32:7
    at new Promise (<anonymous>)
    at Object.<anonymous> (C:\BookStore\BookStoreBackEnd\node_modules\@babel\runtime\helpers\asyncToGenerator.js:21:12)
    at Object.removeWishlist (C:\BookStore\BookStoreBackEnd\build\services\wishlist.service.js:308:18)
    at _callee3$ (C:\BookStore\BookStoreBackEnd\build\controllers\wishlist.controller.js:105:36)
    at tryCatch (C:\BookStore\BookStoreBackEnd\node_modules\regenerator-runtime\runtime.js:63:40)
    at Generator.invoke [as _invoke] (C:\BookStore\BookStoreBackEnd\node_modules\regenerator-runtime\runtime.js:294:22)
    at Generator.next (C:\BookStore\BookStoreBackEnd\node_modules\regenerator-runtime\runtime.js:119:21)
    at asyncGeneratorStep (C:\BookStore\BookStoreBackEnd\node_modules\@babel\runtime\helpers\asyncToGenerator.js:3:24)
    at _next (C:\BookStore\BookStoreBackEnd\node_modules\@babel\runtime\helpers\asyncToGenerator.js:25:9) 
    url - /api/v1/wishlist/remove/6216edfd2d1fea067094c89b 
    method - PUT 
    IP - ::ffff:127.0.0.1
   {"timestamp":"2022-02-24T04:10:29.543Z"}
error: 
      status - 400
      message - Authorization token is required 
      url - /api/v1/wishlist/wishlist/6201fbb5e393522cac4ee2bf 
      method - POST 
      IP - ::1
     {"timestamp":"2022-02-24T06:41:19.685Z"}
error: 
      status - 400
      message - Authorization token is required 
      url - /api/v1/wishlist/wishlist/6201fbb5e393522cac4ee2bf 
      method - POST 
      IP - ::1
     {"timestamp":"2022-02-24T06:42:54.920Z"}
error: 
      status - 400
      message - Authorization token is required 
      url - /api/v1/wishlist/wishlist/6201fbb5e393522cac4ee2bf 
      method - POST 
      IP - ::1
     {"timestamp":"2022-02-24T06:45:07.650Z"}
info: Server started at http://localhost:3010/api/v1/ {"timestamp":"2022-02-24T10:08:36.015Z"}
info: Connected to the database. {"timestamp":"2022-02-24T10:08:44.720Z"}
error: 
    status - 500 
    message - ValidationError: "addressType" is required 
    url - /api/v1/customer/address 
    method - POST 
    IP - ::1
   {"timestamp":"2022-02-24T10:09:04.739Z"}
error: 
    status - 500 
    message - ValidationError: "addressType" is required 
    url - /api/v1/customer/address 
    method - POST 
    IP - ::1
   {"timestamp":"2022-02-24T10:13:46.946Z"}
error: 
    status - 500 
    message - ValidationError: "addressType" is required 
    url - /api/v1/customer/address 
    method - POST 
    IP - ::1
   {"timestamp":"2022-02-24T13:25:28.436Z"}
error: 
    status - 500 
    message - ValidationError: "addressType" is required 
    url - /api/v1/customer/address 
    method - POST 
    IP - ::1
   {"timestamp":"2022-02-24T13:36:17.201Z"}
error: 
    status - 500 
    message - CastError: Cast to ObjectId failed for value "[object Object]" (type string) at path "_id" for model "Books"
    at model.Query.exec (C:\BookStore\BookStoreBackEnd\node_modules\mongoose\lib\query.js:4498:21)
    at model.Query.Query.then (C:\BookStore\BookStoreBackEnd\node_modules\mongoose\lib\query.js:4592:15)
    at runMicrotasks (<anonymous>)
    at processTicksAndRejections (node:internal/process/task_queues:96:5) 
    url - /api/v1/cart/cart/[object%20Object] 
    method - POST 
    IP - ::1
   {"timestamp":"2022-02-24T13:38:44.983Z"}
