error: 
    status - 500 
    message - CastError: Cast to ObjectId failed for value "undefined" (type string) at path "_id" for model "Books"
    at model.Query.exec (C:\BookStore\BookStoreBackEnd\node_modules\mongoose\lib\query.js:4498:21)
    at model.Query.Query.then (C:\BookStore\BookStoreBackEnd\node_modules\mongoose\lib\query.js:4592:15)
    at runMicrotasks (<anonymous>)
    at processTicksAndRejections (node:internal/process/task_queues:96:5) 
    url - /api/v1/cart/cart/undefined 
    method - POST 
    IP - ::1
   {"timestamp":"2022-02-17T18:43:26.286Z"}
error: 
    status - 500 
    message - CastError: Cast to ObjectId failed for value "undefined" (type string) at path "_id" for model "Books"
    at model.Query.exec (C:\BookStore\BookStoreBackEnd\node_modules\mongoose\lib\query.js:4498:21)
    at model.Query.Query.then (C:\BookStore\BookStoreBackEnd\node_modules\mongoose\lib\query.js:4592:15)
    at runMicrotasks (<anonymous>)
    at processTicksAndRejections (node:internal/process/task_queues:96:5) 
    url - /api/v1/cart/cart/undefined 
    method - POST 
    IP - ::1
   {"timestamp":"2022-02-17T18:43:45.336Z"}
error: 
    status - 500 
    message - CastError: Cast to ObjectId failed for value "undefined" (type string) at path "_id" for model "Books"
    at model.Query.exec (C:\BookStore\BookStoreBackEnd\node_modules\mongoose\lib\query.js:4498:21)
    at model.Query.Query.then (C:\BookStore\BookStoreBackEnd\node_modules\mongoose\lib\query.js:4592:15)
    at runMicrotasks (<anonymous>)
    at processTicksAndRejections (node:internal/process/task_queues:96:5) 
    url - /api/v1/cart/cart/undefined 
    method - POST 
    IP - ::1
   {"timestamp":"2022-02-17T18:46:36.467Z"}
error: 
    status - 500 
    message - CastError: Cast to ObjectId failed for value "undefined" (type string) at path "_id" for model "Books"
    at model.Query.exec (C:\BookStore\BookStoreBackEnd\node_modules\mongoose\lib\query.js:4498:21)
    at model.Query.Query.then (C:\BookStore\BookStoreBackEnd\node_modules\mongoose\lib\query.js:4592:15)
    at runMicrotasks (<anonymous>)
    at processTicksAndRejections (node:internal/process/task_queues:96:5) 
    url - /api/v1/cart/cart/undefined 
    method - POST 
    IP - ::1
   {"timestamp":"2022-02-17T18:53:40.499Z"}
error: 
    status - 500 
    message - CastError: Cast to ObjectId failed for value "undefined" (type string) at path "_id" for model "Books"
    at model.Query.exec (C:\BookStore\BookStoreBackEnd\node_modules\mongoose\lib\query.js:4498:21)
    at model.Query.Query.then (C:\BookStore\BookStoreBackEnd\node_modules\mongoose\lib\query.js:4592:15)
    at runMicrotasks (<anonymous>)
    at processTicksAndRejections (node:internal/process/task_queues:96:5) 
    url - /api/v1/cart/cart/undefined 
    method - POST 
    IP - ::1
   {"timestamp":"2022-02-17T18:54:16.787Z"}
error: 
    status - 500 
    message - CastError: Cast to ObjectId failed for value "undefined" (type string) at path "_id" for model "Books"
    at model.Query.exec (C:\BookStore\BookStoreBackEnd\node_modules\mongoose\lib\query.js:4498:21)
    at model.Query.Query.then (C:\BookStore\BookStoreBackEnd\node_modules\mongoose\lib\query.js:4592:15)
    at runMicrotasks (<anonymous>)
    at processTicksAndRejections (node:internal/process/task_queues:96:5) 
    url - /api/v1/cart/cart/undefined 
    method - POST 
    IP - ::1
   {"timestamp":"2022-02-17T18:55:39.562Z"}
error: 
    status - 500 
    message - CastError: Cast to ObjectId failed for value "undefined" (type string) at path "_id" for model "Books"
    at model.Query.exec (C:\BookStore\BookStoreBackEnd\node_modules\mongoose\lib\query.js:4498:21)
    at model.Query.Query.then (C:\BookStore\BookStoreBackEnd\node_modules\mongoose\lib\query.js:4592:15)
    at runMicrotasks (<anonymous>)
    at processTicksAndRejections (node:internal/process/task_queues:96:5) 
    url - /api/v1/cart/cart/undefined 
    method - POST 
    IP - ::1
   {"timestamp":"2022-02-17T18:59:16.434Z"}
info: Server started at http://localhost:3010/api/v1/ {"timestamp":"2022-02-17T18:59:53.947Z"}
error: 
    status - 500 
    message - CastError: Cast to ObjectId failed for value "undefined" (type string) at path "_id" for model "Books"
    at model.Query.exec (C:\BookStore\BookStoreBackEnd\node_modules\mongoose\lib\query.js:4498:21)
    at model.Query.Query.then (C:\BookStore\BookStoreBackEnd\node_modules\mongoose\lib\query.js:4592:15)
    at processTicksAndRejections (node:internal/process/task_queues:96:5) 
    url - /api/v1/cart/cart/undefined 
    method - POST 
    IP - ::1
   {"timestamp":"2022-02-17T18:59:56.218Z"}
info: Connected to the database. {"timestamp":"2022-02-17T19:00:02.258Z"}
error: 
    status - 500 
    message - CastError: Cast to ObjectId failed for value "undefined" (type string) at path "_id" for model "Books"
    at model.Query.exec (C:\BookStore\BookStoreBackEnd\node_modules\mongoose\lib\query.js:4498:21)
    at model.Query.Query.then (C:\BookStore\BookStoreBackEnd\node_modules\mongoose\lib\query.js:4592:15)
    at processTicksAndRejections (node:internal/process/task_queues:96:5) 
    url - /api/v1/cart/cart/undefined 
    method - POST 
    IP - ::1
   {"timestamp":"2022-02-17T19:00:59.489Z"}
error: 
    status - 500 
    message - CastError: Cast to ObjectId failed for value "undefined" (type string) at path "_id" for model "Books"
    at model.Query.exec (C:\BookStore\BookStoreBackEnd\node_modules\mongoose\lib\query.js:4498:21)
    at model.Query.Query.then (C:\BookStore\BookStoreBackEnd\node_modules\mongoose\lib\query.js:4592:15)
    at processTicksAndRejections (node:internal/process/task_queues:96:5) 
    url - /api/v1/cart/cart/undefined 
    method - POST 
    IP - ::1
   {"timestamp":"2022-02-17T19:01:11.874Z"}
error: 
    status - 500 
    message - CastError: Cast to ObjectId failed for value "undefined" (type string) at path "_id" for model "Books"
    at model.Query.exec (C:\BookStore\BookStoreBackEnd\node_modules\mongoose\lib\query.js:4498:21)
    at model.Query.Query.then (C:\BookStore\BookStoreBackEnd\node_modules\mongoose\lib\query.js:4592:15)
    at processTicksAndRejections (node:internal/process/task_queues:96:5) 
    url - /api/v1/cart/cart/undefined 
    method - POST 
    IP - ::1
   {"timestamp":"2022-02-17T19:01:27.479Z"}
info: Server started at http://localhost:3010/api/v1/ {"timestamp":"2022-02-18T02:23:07.112Z"}
info: Connected to the database. {"timestamp":"2022-02-18T02:23:15.643Z"}
error: 
    status - 500 
    message - ReferenceError: userId is not defined
    at _callee2$ (C:\BookStore\BookStoreBackEnd\build\services\wishlist.service.js:171:25)
    at tryCatch (C:\BookStore\BookStoreBackEnd\node_modules\regenerator-runtime\runtime.js:63:40)
    at Generator.invoke [as _invoke] (C:\BookStore\BookStoreBackEnd\node_modules\regenerator-runtime\runtime.js:294:22)
    at Generator.next (C:\BookStore\BookStoreBackEnd\node_modules\regenerator-runtime\runtime.js:119:21)
    at asyncGeneratorStep (C:\BookStore\BookStoreBackEnd\node_modules\@babel\runtime\helpers\asyncToGenerator.js:3:24)
    at _next (C:\BookStore\BookStoreBackEnd\node_modules\@babel\runtime\helpers\asyncToGenerator.js:25:9)
    at C:\BookStore\BookStoreBackEnd\node_modules\@babel\runtime\helpers\asyncToGenerator.js:32:7
    at new Promise (<anonymous>)
    at Object.<anonymous> (C:\BookStore\BookStoreBackEnd\node_modules\@babel\runtime\helpers\asyncToGenerator.js:21:12)
    at Object.getWishlist (C:\BookStore\BookStoreBackEnd\build\services\wishlist.service.js:201:18)
    at _callee2$ (C:\BookStore\BookStoreBackEnd\build\controllers\wishlist.controller.js:68:36)
    at tryCatch (C:\BookStore\BookStoreBackEnd\node_modules\regenerator-runtime\runtime.js:63:40)
    at Generator.invoke [as _invoke] (C:\BookStore\BookStoreBackEnd\node_modules\regenerator-runtime\runtime.js:294:22)
    at Generator.next (C:\BookStore\BookStoreBackEnd\node_modules\regenerator-runtime\runtime.js:119:21)
    at asyncGeneratorStep (C:\BookStore\BookStoreBackEnd\node_modules\@babel\runtime\helpers\asyncToGenerator.js:3:24)
    at _next (C:\BookStore\BookStoreBackEnd\node_modules\@babel\runtime\helpers\asyncToGenerator.js:25:9) 
    url - /api/v1/wishlist/wishlist 
    method - GET 
    IP - ::1
   {"timestamp":"2022-02-18T02:25:11.755Z"}
error: 
    status - 500 
    message - ReferenceError: userId is not defined
    at _callee2$ (C:\BookStore\BookStoreBackEnd\build\services\wishlist.service.js:171:25)
    at tryCatch (C:\BookStore\BookStoreBackEnd\node_modules\regenerator-runtime\runtime.js:63:40)
    at Generator.invoke [as _invoke] (C:\BookStore\BookStoreBackEnd\node_modules\regenerator-runtime\runtime.js:294:22)
    at Generator.next (C:\BookStore\BookStoreBackEnd\node_modules\regenerator-runtime\runtime.js:119:21)
    at asyncGeneratorStep (C:\BookStore\BookStoreBackEnd\node_modules\@babel\runtime\helpers\asyncToGenerator.js:3:24)
    at _next (C:\BookStore\BookStoreBackEnd\node_modules\@babel\runtime\helpers\asyncToGenerator.js:25:9)
    at C:\BookStore\BookStoreBackEnd\node_modules\@babel\runtime\helpers\asyncToGenerator.js:32:7
    at new Promise (<anonymous>)
    at Object.<anonymous> (C:\BookStore\BookStoreBackEnd\node_modules\@babel\runtime\helpers\asyncToGenerator.js:21:12)
    at Object.getWishlist (C:\BookStore\BookStoreBackEnd\build\services\wishlist.service.js:201:18)
    at _callee2$ (C:\BookStore\BookStoreBackEnd\build\controllers\wishlist.controller.js:68:36)
    at tryCatch (C:\BookStore\BookStoreBackEnd\node_modules\regenerator-runtime\runtime.js:63:40)
    at Generator.invoke [as _invoke] (C:\BookStore\BookStoreBackEnd\node_modules\regenerator-runtime\runtime.js:294:22)
    at Generator.next (C:\BookStore\BookStoreBackEnd\node_modules\regenerator-runtime\runtime.js:119:21)
    at asyncGeneratorStep (C:\BookStore\BookStoreBackEnd\node_modules\@babel\runtime\helpers\asyncToGenerator.js:3:24)
    at _next (C:\BookStore\BookStoreBackEnd\node_modules\@babel\runtime\helpers\asyncToGenerator.js:25:9) 
    url - /api/v1/wishlist/wishlist 
    method - GET 
    IP - ::1
   {"timestamp":"2022-02-18T03:43:25.441Z"}
error: 
    status - 500 
    message - CastError: Cast to embedded failed for value "{ bookId: '62022818dfaccf0cb4ccc3d1', quantity: NaN }" (type string) at path "book"
    at model.Query.exec (C:\BookStore\BookStoreBackEnd\node_modules\mongoose\lib\query.js:4498:21)
    at model.Query.Query.then (C:\BookStore\BookStoreBackEnd\node_modules\mongoose\lib\query.js:4592:15)
    at runMicrotasks (<anonymous>)
    at processTicksAndRejections (node:internal/process/task_queues:96:5) 
    url - /api/v1/cart/cart/62022818dfaccf0cb4ccc3d1 
    method - POST 
    IP - ::ffff:127.0.0.1
   {"timestamp":"2022-02-18T06:34:08.715Z"}
error: 
    status - 500 
    message - ReferenceError: userId is not defined
    at _callee2$ (C:\BookStore\BookStoreBackEnd\build\services\wishlist.service.js:171:25)
    at tryCatch (C:\BookStore\BookStoreBackEnd\node_modules\regenerator-runtime\runtime.js:63:40)
    at Generator.invoke [as _invoke] (C:\BookStore\BookStoreBackEnd\node_modules\regenerator-runtime\runtime.js:294:22)
    at Generator.next (C:\BookStore\BookStoreBackEnd\node_modules\regenerator-runtime\runtime.js:119:21)
    at asyncGeneratorStep (C:\BookStore\BookStoreBackEnd\node_modules\@babel\runtime\helpers\asyncToGenerator.js:3:24)
    at _next (C:\BookStore\BookStoreBackEnd\node_modules\@babel\runtime\helpers\asyncToGenerator.js:25:9)
    at C:\BookStore\BookStoreBackEnd\node_modules\@babel\runtime\helpers\asyncToGenerator.js:32:7
    at new Promise (<anonymous>)
    at Object.<anonymous> (C:\BookStore\BookStoreBackEnd\node_modules\@babel\runtime\helpers\asyncToGenerator.js:21:12)
    at Object.getWishlist (C:\BookStore\BookStoreBackEnd\build\services\wishlist.service.js:201:18)
    at _callee2$ (C:\BookStore\BookStoreBackEnd\build\controllers\wishlist.controller.js:68:36)
    at tryCatch (C:\BookStore\BookStoreBackEnd\node_modules\regenerator-runtime\runtime.js:63:40)
    at Generator.invoke [as _invoke] (C:\BookStore\BookStoreBackEnd\node_modules\regenerator-runtime\runtime.js:294:22)
    at Generator.next (C:\BookStore\BookStoreBackEnd\node_modules\regenerator-runtime\runtime.js:119:21)
    at asyncGeneratorStep (C:\BookStore\BookStoreBackEnd\node_modules\@babel\runtime\helpers\asyncToGenerator.js:3:24)
    at _next (C:\BookStore\BookStoreBackEnd\node_modules\@babel\runtime\helpers\asyncToGenerator.js:25:9) 
    url - /api/v1/wishlist/wishlist 
    method - GET 
    IP - ::ffff:127.0.0.1
   {"timestamp":"2022-02-18T06:43:03.632Z"}
info: Server started at http://localhost:3010/api/v1/ {"timestamp":"2022-02-18T06:44:00.588Z"}
info: Connected to the database. {"timestamp":"2022-02-18T06:44:09.112Z"}
error: 
    status - 500 
    message - ReferenceError: userId is not defined
    at _callee2$ (C:\BookStore\BookStoreBackEnd\build\services\wishlist.service.js:172:25)
    at tryCatch (C:\BookStore\BookStoreBackEnd\node_modules\regenerator-runtime\runtime.js:63:40)
    at Generator.invoke [as _invoke] (C:\BookStore\BookStoreBackEnd\node_modules\regenerator-runtime\runtime.js:294:22)
    at Generator.next (C:\BookStore\BookStoreBackEnd\node_modules\regenerator-runtime\runtime.js:119:21)
    at asyncGeneratorStep (C:\BookStore\BookStoreBackEnd\node_modules\@babel\runtime\helpers\asyncToGenerator.js:3:24)
    at _next (C:\BookStore\BookStoreBackEnd\node_modules\@babel\runtime\helpers\asyncToGenerator.js:25:9)
    at C:\BookStore\BookStoreBackEnd\node_modules\@babel\runtime\helpers\asyncToGenerator.js:32:7
    at new Promise (<anonymous>)
    at Object.<anonymous> (C:\BookStore\BookStoreBackEnd\node_modules\@babel\runtime\helpers\asyncToGenerator.js:21:12)
    at Object.getWishlist (C:\BookStore\BookStoreBackEnd\build\services\wishlist.service.js:202:18)
    at _callee2$ (C:\BookStore\BookStoreBackEnd\build\controllers\wishlist.controller.js:68:36)
    at tryCatch (C:\BookStore\BookStoreBackEnd\node_modules\regenerator-runtime\runtime.js:63:40)
    at Generator.invoke [as _invoke] (C:\BookStore\BookStoreBackEnd\node_modules\regenerator-runtime\runtime.js:294:22)
    at Generator.next (C:\BookStore\BookStoreBackEnd\node_modules\regenerator-runtime\runtime.js:119:21)
    at asyncGeneratorStep (C:\BookStore\BookStoreBackEnd\node_modules\@babel\runtime\helpers\asyncToGenerator.js:3:24)
    at _next (C:\BookStore\BookStoreBackEnd\node_modules\@babel\runtime\helpers\asyncToGenerator.js:25:9) 
    url - /api/v1/wishlist/wishlist 
    method - GET 
    IP - ::ffff:127.0.0.1
   {"timestamp":"2022-02-18T06:44:09.805Z"}
info: Server started at http://localhost:3010/api/v1/ {"timestamp":"2022-02-18T06:49:44.975Z"}
info: Connected to the database. {"timestamp":"2022-02-18T06:49:53.175Z"}
error: 
    status - 500 
    message - ReferenceError: userId is not defined
    at _callee2$ (C:\BookStore\BookStoreBackEnd\build\services\wishlist.service.js:173:25)
    at tryCatch (C:\BookStore\BookStoreBackEnd\node_modules\regenerator-runtime\runtime.js:63:40)
    at Generator.invoke [as _invoke] (C:\BookStore\BookStoreBackEnd\node_modules\regenerator-runtime\runtime.js:294:22)
    at Generator.next (C:\BookStore\BookStoreBackEnd\node_modules\regenerator-runtime\runtime.js:119:21)
    at asyncGeneratorStep (C:\BookStore\BookStoreBackEnd\node_modules\@babel\runtime\helpers\asyncToGenerator.js:3:24)
    at _next (C:\BookStore\BookStoreBackEnd\node_modules\@babel\runtime\helpers\asyncToGenerator.js:25:9)
    at C:\BookStore\BookStoreBackEnd\node_modules\@babel\runtime\helpers\asyncToGenerator.js:32:7
    at new Promise (<anonymous>)
    at Object.<anonymous> (C:\BookStore\BookStoreBackEnd\node_modules\@babel\runtime\helpers\asyncToGenerator.js:21:12)
    at Object.getWishlist (C:\BookStore\BookStoreBackEnd\build\services\wishlist.service.js:203:18)
    at _callee2$ (C:\BookStore\BookStoreBackEnd\build\controllers\wishlist.controller.js:68:36)
    at tryCatch (C:\BookStore\BookStoreBackEnd\node_modules\regenerator-runtime\runtime.js:63:40)
    at Generator.invoke [as _invoke] (C:\BookStore\BookStoreBackEnd\node_modules\regenerator-runtime\runtime.js:294:22)
    at Generator.next (C:\BookStore\BookStoreBackEnd\node_modules\regenerator-runtime\runtime.js:119:21)
    at asyncGeneratorStep (C:\BookStore\BookStoreBackEnd\node_modules\@babel\runtime\helpers\asyncToGenerator.js:3:24)
    at _next (C:\BookStore\BookStoreBackEnd\node_modules\@babel\runtime\helpers\asyncToGenerator.js:25:9) 
    url - /api/v1/wishlist/wishlist 
    method - GET 
    IP - ::ffff:127.0.0.1
   {"timestamp":"2022-02-18T06:49:56.581Z"}
info: Server started at http://localhost:3010/api/v1/ {"timestamp":"2022-02-18T06:52:14.092Z"}
info: Connected to the database. {"timestamp":"2022-02-18T06:52:22.607Z"}
info: Server started at http://localhost:3010/api/v1/ {"timestamp":"2022-02-18T07:04:00.430Z"}
info: Connected to the database. {"timestamp":"2022-02-18T07:04:08.847Z"}
error: 
    status - 500 
    message - ValidationError: Cart validation failed: book.0.author: Path `author` is required., book.0.bookName: Path `bookName` is required.
    at model.Document.invalidate (C:\BookStore\BookStoreBackEnd\node_modules\mongoose\lib\document.js:2782:32)
    at EmbeddedDocument.invalidate (C:\BookStore\BookStoreBackEnd\node_modules\mongoose\lib\types\embedded.js:298:29)
    at C:\BookStore\BookStoreBackEnd\node_modules\mongoose\lib\document.js:2574:17
    at C:\BookStore\BookStoreBackEnd\node_modules\mongoose\lib\schematype.js:1273:9
    at processTicksAndRejections (node:internal/process/task_queues:78:11) 
    url - /api/v1/cart/cart/61fb5932ff3240435ceb506c 
    method - POST 
    IP - ::ffff:127.0.0.1
   {"timestamp":"2022-02-18T07:14:11.491Z"}
error: 
    status - 500 
    message - ValidationError: Cart validation failed: book.0.author: Path `author` is required., book.0.bookName: Path `bookName` is required.
    at model.Document.invalidate (C:\BookStore\BookStoreBackEnd\node_modules\mongoose\lib\document.js:2782:32)
    at EmbeddedDocument.invalidate (C:\BookStore\BookStoreBackEnd\node_modules\mongoose\lib\types\embedded.js:298:29)
    at C:\BookStore\BookStoreBackEnd\node_modules\mongoose\lib\document.js:2574:17
    at C:\BookStore\BookStoreBackEnd\node_modules\mongoose\lib\schematype.js:1273:9
    at processTicksAndRejections (node:internal/process/task_queues:78:11) 
    url - /api/v1/cart/cart/61fb5932ff3240435ceb506c 
    method - POST 
    IP - ::ffff:127.0.0.1
   {"timestamp":"2022-02-18T11:25:54.397Z"}
error: 
    status - 500 
    message - ValidationError: Cart validation failed: book.0.author: Path `author` is required., book.0.bookName: Path `bookName` is required.
    at model.Document.invalidate (C:\BookStore\BookStoreBackEnd\node_modules\mongoose\lib\document.js:2782:32)
    at EmbeddedDocument.invalidate (C:\BookStore\BookStoreBackEnd\node_modules\mongoose\lib\types\embedded.js:298:29)
    at C:\BookStore\BookStoreBackEnd\node_modules\mongoose\lib\document.js:2574:17
    at C:\BookStore\BookStoreBackEnd\node_modules\mongoose\lib\schematype.js:1273:9
    at processTicksAndRejections (node:internal/process/task_queues:78:11) 
    url - /api/v1/cart/cart/61fb5932ff3240435ceb506c 
    method - POST 
    IP - ::ffff:127.0.0.1
   {"timestamp":"2022-02-18T11:29:50.317Z"}
