info: Server started at http://localhost:3010/api/v1/ {"timestamp":"2022-02-20T08:36:09.745Z"}
info: Connected to the database. {"timestamp":"2022-02-20T08:36:18.762Z"}
info: Server started at http://localhost:3010/api/v1/ {"timestamp":"2022-02-20T15:38:46.112Z"}
info: Connected to the database. {"timestamp":"2022-02-20T15:38:54.552Z"}
error: 
    status - 500 
    message - TokenExpiredError: jwt expired
    at C:\BookStore\BookStoreBackEnd\node_modules\jsonwebtoken\verify.js:152:21
    at getSecret (C:\BookStore\BookStoreBackEnd\node_modules\jsonwebtoken\verify.js:90:14)
    at Object.module.exports [as verify] (C:\BookStore\BookStoreBackEnd\node_modules\jsonwebtoken\verify.js:94:10)
    at _callee$ (C:\BookStore\BookStoreBackEnd\build\middlewares\auth.middleware.js:50:45)
    at tryCatch (C:\BookStore\BookStoreBackEnd\node_modules\regenerator-runtime\runtime.js:63:40)
    at Generator.invoke [as _invoke] (C:\BookStore\BookStoreBackEnd\node_modules\regenerator-runtime\runtime.js:294:22)
    at Generator.next (C:\BookStore\BookStoreBackEnd\node_modules\regenerator-runtime\runtime.js:119:21)
    at asyncGeneratorStep (C:\BookStore\BookStoreBackEnd\node_modules\@babel\runtime\helpers\asyncToGenerator.js:3:24)
    at _next (C:\BookStore\BookStoreBackEnd\node_modules\@babel\runtime\helpers\asyncToGenerator.js:25:9)
    at C:\BookStore\BookStoreBackEnd\node_modules\@babel\runtime\helpers\asyncToGenerator.js:32:7
    at new Promise (<anonymous>)
    at C:\BookStore\BookStoreBackEnd\node_modules\@babel\runtime\helpers\asyncToGenerator.js:21:12
    at userAuth (C:\BookStore\BookStoreBackEnd\build\middlewares\auth.middleware.js:74:17)
    at Layer.handle [as handle_request] (C:\BookStore\BookStoreBackEnd\node_modules\express\lib\router\layer.js:95:5)
    at next (C:\BookStore\BookStoreBackEnd\node_modules\express\lib\router\route.js:137:13)
    at Route.dispatch (C:\BookStore\BookStoreBackEnd\node_modules\express\lib\router\route.js:112:3) 
    url - /api/v1/wishlist/wishlist/61fb5932ff3240435ceb506c 
    method - POST 
    IP - ::ffff:127.0.0.1
   {"timestamp":"2022-02-20T15:39:07.848Z"}
error: 
    status - 500 
    message - TokenExpiredError: jwt expired
    at C:\BookStore\BookStoreBackEnd\node_modules\jsonwebtoken\verify.js:152:21
    at getSecret (C:\BookStore\BookStoreBackEnd\node_modules\jsonwebtoken\verify.js:90:14)
    at Object.module.exports [as verify] (C:\BookStore\BookStoreBackEnd\node_modules\jsonwebtoken\verify.js:94:10)
    at _callee$ (C:\BookStore\BookStoreBackEnd\build\middlewares\auth.middleware.js:50:45)
    at tryCatch (C:\BookStore\BookStoreBackEnd\node_modules\regenerator-runtime\runtime.js:63:40)
    at Generator.invoke [as _invoke] (C:\BookStore\BookStoreBackEnd\node_modules\regenerator-runtime\runtime.js:294:22)
    at Generator.next (C:\BookStore\BookStoreBackEnd\node_modules\regenerator-runtime\runtime.js:119:21)
    at asyncGeneratorStep (C:\BookStore\BookStoreBackEnd\node_modules\@babel\runtime\helpers\asyncToGenerator.js:3:24)
    at _next (C:\BookStore\BookStoreBackEnd\node_modules\@babel\runtime\helpers\asyncToGenerator.js:25:9)
    at C:\BookStore\BookStoreBackEnd\node_modules\@babel\runtime\helpers\asyncToGenerator.js:32:7
    at new Promise (<anonymous>)
    at C:\BookStore\BookStoreBackEnd\node_modules\@babel\runtime\helpers\asyncToGenerator.js:21:12
    at userAuth (C:\BookStore\BookStoreBackEnd\build\middlewares\auth.middleware.js:74:17)
    at Layer.handle [as handle_request] (C:\BookStore\BookStoreBackEnd\node_modules\express\lib\router\layer.js:95:5)
    at next (C:\BookStore\BookStoreBackEnd\node_modules\express\lib\router\route.js:137:13)
    at Route.dispatch (C:\BookStore\BookStoreBackEnd\node_modules\express\lib\router\route.js:112:3) 
    url - /api/v1/wishlist/wishlist/61fb5932ff3240435ceb506c 
    method - POST 
    IP - ::ffff:127.0.0.1
   {"timestamp":"2022-02-20T15:40:01.710Z"}
info: Server started at http://localhost:3010/api/v1/ {"timestamp":"2022-02-20T15:52:27.962Z"}
info: Connected to the database. {"timestamp":"2022-02-20T15:52:37.767Z"}
info: Server started at http://localhost:3010/api/v1/ {"timestamp":"2022-02-20T16:04:08.424Z"}
info: Connected to the database. {"timestamp":"2022-02-20T16:04:17.251Z"}
error: 
    status - 500 
    message - TypeError: Cannot read properties of undefined (reading 'id')
    at _callee3$ (C:\BookStore\BookStoreBackEnd\build\services\wishlist.service.js:220:32)
    at tryCatch (C:\BookStore\BookStoreBackEnd\node_modules\regenerator-runtime\runtime.js:63:40)
    at Generator.invoke [as _invoke] (C:\BookStore\BookStoreBackEnd\node_modules\regenerator-runtime\runtime.js:294:22)
    at Generator.next (C:\BookStore\BookStoreBackEnd\node_modules\regenerator-runtime\runtime.js:119:21)
    at asyncGeneratorStep (C:\BookStore\BookStoreBackEnd\node_modules\@babel\runtime\helpers\asyncToGenerator.js:3:24)
    at _next (C:\BookStore\BookStoreBackEnd\node_modules\@babel\runtime\helpers\asyncToGenerator.js:25:9)
    at C:\BookStore\BookStoreBackEnd\node_modules\@babel\runtime\helpers\asyncToGenerator.js:32:7
    at new Promise (<anonymous>)
    at Object.<anonymous> (C:\BookStore\BookStoreBackEnd\node_modules\@babel\runtime\helpers\asyncToGenerator.js:21:12)
    at Object.removeWishlist (C:\BookStore\BookStoreBackEnd\build\services\wishlist.service.js:292:18)
    at _callee3$ (C:\BookStore\BookStoreBackEnd\build\controllers\wishlist.controller.js:105:36)
    at tryCatch (C:\BookStore\BookStoreBackEnd\node_modules\regenerator-runtime\runtime.js:63:40)
    at Generator.invoke [as _invoke] (C:\BookStore\BookStoreBackEnd\node_modules\regenerator-runtime\runtime.js:294:22)
    at Generator.next (C:\BookStore\BookStoreBackEnd\node_modules\regenerator-runtime\runtime.js:119:21)
    at asyncGeneratorStep (C:\BookStore\BookStoreBackEnd\node_modules\@babel\runtime\helpers\asyncToGenerator.js:3:24)
    at _next (C:\BookStore\BookStoreBackEnd\node_modules\@babel\runtime\helpers\asyncToGenerator.js:25:9) 
    url - /api/v1/wishlist/remove/621262f3077fd92a84380ff6 
    method - PUT 
    IP - ::ffff:127.0.0.1
   {"timestamp":"2022-02-20T16:05:57.255Z"}
error: 
    status - 500 
    message - TypeError: Cannot read properties of undefined (reading 'id')
    at _callee3$ (C:\BookStore\BookStoreBackEnd\build\services\wishlist.service.js:220:32)
    at tryCatch (C:\BookStore\BookStoreBackEnd\node_modules\regenerator-runtime\runtime.js:63:40)
    at Generator.invoke [as _invoke] (C:\BookStore\BookStoreBackEnd\node_modules\regenerator-runtime\runtime.js:294:22)
    at Generator.next (C:\BookStore\BookStoreBackEnd\node_modules\regenerator-runtime\runtime.js:119:21)
    at asyncGeneratorStep (C:\BookStore\BookStoreBackEnd\node_modules\@babel\runtime\helpers\asyncToGenerator.js:3:24)
    at _next (C:\BookStore\BookStoreBackEnd\node_modules\@babel\runtime\helpers\asyncToGenerator.js:25:9)
    at C:\BookStore\BookStoreBackEnd\node_modules\@babel\runtime\helpers\asyncToGenerator.js:32:7
    at new Promise (<anonymous>)
    at Object.<anonymous> (C:\BookStore\BookStoreBackEnd\node_modules\@babel\runtime\helpers\asyncToGenerator.js:21:12)
    at Object.removeWishlist (C:\BookStore\BookStoreBackEnd\build\services\wishlist.service.js:292:18)
    at _callee3$ (C:\BookStore\BookStoreBackEnd\build\controllers\wishlist.controller.js:105:36)
    at tryCatch (C:\BookStore\BookStoreBackEnd\node_modules\regenerator-runtime\runtime.js:63:40)
    at Generator.invoke [as _invoke] (C:\BookStore\BookStoreBackEnd\node_modules\regenerator-runtime\runtime.js:294:22)
    at Generator.next (C:\BookStore\BookStoreBackEnd\node_modules\regenerator-runtime\runtime.js:119:21)
    at asyncGeneratorStep (C:\BookStore\BookStoreBackEnd\node_modules\@babel\runtime\helpers\asyncToGenerator.js:3:24)
    at _next (C:\BookStore\BookStoreBackEnd\node_modules\@babel\runtime\helpers\asyncToGenerator.js:25:9) 
    url - /api/v1/wishlist/remove/621262f3077fd92a84380ff6 
    method - PUT 
    IP - ::ffff:127.0.0.1
   {"timestamp":"2022-02-20T16:06:56.085Z"}
info: Server started at http://localhost:3010/api/v1/ {"timestamp":"2022-02-20T16:36:57.102Z"}
info: Connected to the database. {"timestamp":"2022-02-20T16:37:05.721Z"}
error: 
    status - 500 
    message - TypeError: Cannot read properties of undefined (reading 'id')
    at _callee3$ (C:\BookStore\BookStoreBackEnd\build\services\wishlist.service.js:220:32)
    at tryCatch (C:\BookStore\BookStoreBackEnd\node_modules\regenerator-runtime\runtime.js:63:40)
    at Generator.invoke [as _invoke] (C:\BookStore\BookStoreBackEnd\node_modules\regenerator-runtime\runtime.js:294:22)
    at Generator.next (C:\BookStore\BookStoreBackEnd\node_modules\regenerator-runtime\runtime.js:119:21)
    at asyncGeneratorStep (C:\BookStore\BookStoreBackEnd\node_modules\@babel\runtime\helpers\asyncToGenerator.js:3:24)
    at _next (C:\BookStore\BookStoreBackEnd\node_modules\@babel\runtime\helpers\asyncToGenerator.js:25:9)
    at C:\BookStore\BookStoreBackEnd\node_modules\@babel\runtime\helpers\asyncToGenerator.js:32:7
    at new Promise (<anonymous>)
    at Object.<anonymous> (C:\BookStore\BookStoreBackEnd\node_modules\@babel\runtime\helpers\asyncToGenerator.js:21:12)
    at Object.removeWishlist (C:\BookStore\BookStoreBackEnd\build\services\wishlist.service.js:292:18)
    at _callee3$ (C:\BookStore\BookStoreBackEnd\build\controllers\wishlist.controller.js:105:36)
    at tryCatch (C:\BookStore\BookStoreBackEnd\node_modules\regenerator-runtime\runtime.js:63:40)
    at Generator.invoke [as _invoke] (C:\BookStore\BookStoreBackEnd\node_modules\regenerator-runtime\runtime.js:294:22)
    at Generator.next (C:\BookStore\BookStoreBackEnd\node_modules\regenerator-runtime\runtime.js:119:21)
    at asyncGeneratorStep (C:\BookStore\BookStoreBackEnd\node_modules\@babel\runtime\helpers\asyncToGenerator.js:3:24)
    at _next (C:\BookStore\BookStoreBackEnd\node_modules\@babel\runtime\helpers\asyncToGenerator.js:25:9) 
    url - /api/v1/wishlist/remove/621262f3077fd92a84380ff6 
    method - PUT 
    IP - ::ffff:127.0.0.1
   {"timestamp":"2022-02-20T16:37:15.987Z"}
error: 
    status - 500 
    message - TypeError: Cannot read properties of undefined (reading 'id')
    at _callee3$ (C:\BookStore\BookStoreBackEnd\build\services\wishlist.service.js:220:32)
    at tryCatch (C:\BookStore\BookStoreBackEnd\node_modules\regenerator-runtime\runtime.js:63:40)
    at Generator.invoke [as _invoke] (C:\BookStore\BookStoreBackEnd\node_modules\regenerator-runtime\runtime.js:294:22)
    at Generator.next (C:\BookStore\BookStoreBackEnd\node_modules\regenerator-runtime\runtime.js:119:21)
    at asyncGeneratorStep (C:\BookStore\BookStoreBackEnd\node_modules\@babel\runtime\helpers\asyncToGenerator.js:3:24)
    at _next (C:\BookStore\BookStoreBackEnd\node_modules\@babel\runtime\helpers\asyncToGenerator.js:25:9)
    at C:\BookStore\BookStoreBackEnd\node_modules\@babel\runtime\helpers\asyncToGenerator.js:32:7
    at new Promise (<anonymous>)
    at Object.<anonymous> (C:\BookStore\BookStoreBackEnd\node_modules\@babel\runtime\helpers\asyncToGenerator.js:21:12)
    at Object.removeWishlist (C:\BookStore\BookStoreBackEnd\build\services\wishlist.service.js:292:18)
    at _callee3$ (C:\BookStore\BookStoreBackEnd\build\controllers\wishlist.controller.js:105:36)
    at tryCatch (C:\BookStore\BookStoreBackEnd\node_modules\regenerator-runtime\runtime.js:63:40)
    at Generator.invoke [as _invoke] (C:\BookStore\BookStoreBackEnd\node_modules\regenerator-runtime\runtime.js:294:22)
    at Generator.next (C:\BookStore\BookStoreBackEnd\node_modules\regenerator-runtime\runtime.js:119:21)
    at asyncGeneratorStep (C:\BookStore\BookStoreBackEnd\node_modules\@babel\runtime\helpers\asyncToGenerator.js:3:24)
    at _next (C:\BookStore\BookStoreBackEnd\node_modules\@babel\runtime\helpers\asyncToGenerator.js:25:9) 
    url - /api/v1/wishlist/remove/621262f3077fd92a84380ff6 
    method - PUT 
    IP - ::ffff:127.0.0.1
   {"timestamp":"2022-02-20T16:38:14.554Z"}
info: Server started at http://localhost:3010/api/v1/ {"timestamp":"2022-02-20T16:40:15.161Z"}
info: Connected to the database. {"timestamp":"2022-02-20T16:40:24.072Z"}
info: Server started at http://localhost:3010/api/v1/ {"timestamp":"2022-02-20T16:48:20.065Z"}
info: Connected to the database. {"timestamp":"2022-02-20T16:48:29.026Z"}
