info: Server started at http://localhost:3000/api/v1/ {"timestamp":"2022-02-09T18:39:56.540Z"}
info: Connected to the database. {"timestamp":"2022-02-09T18:40:05.037Z"}
error: 
    status - 500 
    message - ValidationError: "product_id" must be a number 
    url - /api/v1/order/order 
    method - POST 
    IP - ::ffff:127.0.0.1
   {"timestamp":"2022-02-09T18:40:06.058Z"}
info: Server started at http://localhost:3000/api/v1/ {"timestamp":"2022-02-09T18:43:24.862Z"}
info: Connected to the database. {"timestamp":"2022-02-09T18:43:33.383Z"}
error: 
    status - 500 
    message - ValidationError: Orders validation failed: product_id: Path `product_id` (12345654) is more than maximum allowed value (24).
    at model.Document.invalidate (C:\BookStore\BookStoreBackEnd\node_modules\mongoose\lib\document.js:2782:32)
    at C:\BookStore\BookStoreBackEnd\node_modules\mongoose\lib\document.js:2574:17
    at C:\BookStore\BookStoreBackEnd\node_modules\mongoose\lib\schematype.js:1273:9
    at processTicksAndRejections (node:internal/process/task_queues:78:11) 
    url - /api/v1/order/order 
    method - POST 
    IP - ::ffff:127.0.0.1
   {"timestamp":"2022-02-09T18:43:43.143Z"}
error: 
    status - 500 
    message - ValidationError: Orders validation failed: product_id: Path `product_id` (123) is more than maximum allowed value (24).
    at model.Document.invalidate (C:\BookStore\BookStoreBackEnd\node_modules\mongoose\lib\document.js:2782:32)
    at C:\BookStore\BookStoreBackEnd\node_modules\mongoose\lib\document.js:2574:17
    at C:\BookStore\BookStoreBackEnd\node_modules\mongoose\lib\schematype.js:1273:9
    at processTicksAndRejections (node:internal/process/task_queues:78:11) 
    url - /api/v1/order/order 
    method - POST 
    IP - ::ffff:127.0.0.1
   {"timestamp":"2022-02-09T18:44:06.383Z"}
