info: ::ffff:127.0.0.1 - - [07/Feb/2022:11:03:03 +0000] "POST /api/v1/user_registration HTTP/1.1" 404 47 "-" "Thunder Client (https://www.thunderclient.com)"

info: ::ffff:127.0.0.1 - - [07/Feb/2022:11:03:28 +0000] "POST /api/v1/user_registration HTTP/1.1" 404 47 "-" "Thunder Client (https://www.thunderclient.com)"

info: ::ffff:127.0.0.1 - - [07/Feb/2022:11:09:45 +0000] "POST /api/v1/user_registration HTTP/1.1" 404 47 "-" "Thunder Client (https://www.thunderclient.com)"

info: ::ffff:127.0.0.1 - - [07/Feb/2022:11:15:57 +0000] "POST /api/v1/user_registration HTTP/1.1" 404 47 "-" "Thunder Client (https://www.thunderclient.com)"

info: ::ffff:127.0.0.1 - - [07/Feb/2022:11:19:41 +0000] "POST /api/v1/ HTTP/1.1" 404 47 "-" "Thunder Client (https://www.thunderclient.com)"

info: ::ffff:127.0.0.1 - - [07/Feb/2022:11:25:08 +0000] "POST /api/v1/users/user_registration HTTP/1.1" 500 55 "-" "Thunder Client (https://www.thunderclient.com)"

info: ::ffff:127.0.0.1 - - [07/Feb/2022:11:25:21 +0000] "POST /api/v1/users/user_registration HTTP/1.1" 500 55 "-" "Thunder Client (https://www.thunderclient.com)"

info: ::ffff:127.0.0.1 - - [07/Feb/2022:11:26:04 +0000] "POST /api/v1/users/user_registration HTTP/1.1" 500 55 "-" "Thunder Client (https://www.thunderclient.com)"

info: ::ffff:127.0.0.1 - - [07/Feb/2022:11:26:25 +0000] "POST /api/v1/users/user_registration HTTP/1.1" 500 55 "-" "Thunder Client (https://www.thunderclient.com)"

info: ::ffff:127.0.0.1 - - [07/Feb/2022:11:31:30 +0000] "POST /api/v1/users/user_registration HTTP/1.1" 404 44 "-" "Thunder Client (https://www.thunderclient.com)"

info: ::ffff:127.0.0.1 - - [07/Feb/2022:11:31:45 +0000] "POST /api/v1/users/user_registration HTTP/1.1" 404 44 "-" "Thunder Client (https://www.thunderclient.com)"

info: ::ffff:127.0.0.1 - - [07/Feb/2022:11:31:53 +0000] "POST /api/v1/users/user_registration HTTP/1.1" 404 44 "-" "Thunder Client (https://www.thunderclient.com)"

error: uncaughtException: listen EADDRINUSE: address already in use :::3000
Error: listen EADDRINUSE: address already in use :::3000
    at Server.setupListenHandle [as _listen2] (node:net:1334:16)
    at listenInCluster (node:net:1382:12)
    at Server.listen (node:net:1469:7)
    at Function.listen (C:\BookStore\BookStoreBackEnd\node_modules\express\lib\application.js:618:24)
    at Object.<anonymous> (C:\BookStore\BookStoreBackEnd\src\/index.js:37:5)
    at Module._compile (node:internal/modules/cjs/loader:1101:14)
    at Module._compile (C:\BookStore\BookStoreBackEnd\node_modules\pirates\lib\index.js:136:24)
    at Module._extensions..js (node:internal/modules/cjs/loader:1153:10)
    at Object.newLoader [as .js] (C:\BookStore\BookStoreBackEnd\node_modules\pirates\lib\index.js:141:7)
    at Module.load (node:internal/modules/cjs/loader:981:32)
    at Function.Module._load (node:internal/modules/cjs/loader:822:12)
    at Function.executeUserEntryPoint [as runMain] (node:internal/modules/run_main:81:12)
    at Object.<anonymous> (C:\BookStore\BookStoreBackEnd\node_modules\@babel\node\lib\_babel-node.js:176:21)
    at Module._compile (node:internal/modules/cjs/loader:1101:14)
    at Object.Module._extensions..js (node:internal/modules/cjs/loader:1153:10)
    at Module.load (node:internal/modules/cjs/loader:981:32) {"date":"Mon Feb 07 2022 17:02:28 GMT+0530 (India Standard Time)","error":{"address":"::","code":"EADDRINUSE","errno":-4091,"port":3000,"syscall":"listen"},"exception":true,"os":{"loadavg":[0,0,0],"uptime":577015},"process":{"argv":["node","C:\\BookStore\\BookStoreBackEnd\\src\\index.js"],"cwd":"C:\\BookStore\\BookStoreBackEnd","execPath":"C:\\Program Files\\nodejs\\node.exe","gid":null,"memoryUsage":{"arrayBuffers":19049461,"external":20588111,"heapTotal":92794880,"heapUsed":69129392,"rss":126287872},"pid":24476,"uid":null,"version":"v16.13.1"},"stack":"Error: listen EADDRINUSE: address already in use :::3000\n    at Server.setupListenHandle [as _listen2] (node:net:1334:16)\n    at listenInCluster (node:net:1382:12)\n    at Server.listen (node:net:1469:7)\n    at Function.listen (C:\\BookStore\\BookStoreBackEnd\\node_modules\\express\\lib\\application.js:618:24)\n    at Object.<anonymous> (C:\\BookStore\\BookStoreBackEnd\\src\\/index.js:37:5)\n    at Module._compile (node:internal/modules/cjs/loader:1101:14)\n    at Module._compile (C:\\BookStore\\BookStoreBackEnd\\node_modules\\pirates\\lib\\index.js:136:24)\n    at Module._extensions..js (node:internal/modules/cjs/loader:1153:10)\n    at Object.newLoader [as .js] (C:\\BookStore\\BookStoreBackEnd\\node_modules\\pirates\\lib\\index.js:141:7)\n    at Module.load (node:internal/modules/cjs/loader:981:32)\n    at Function.Module._load (node:internal/modules/cjs/loader:822:12)\n    at Function.executeUserEntryPoint [as runMain] (node:internal/modules/run_main:81:12)\n    at Object.<anonymous> (C:\\BookStore\\BookStoreBackEnd\\node_modules\\@babel\\node\\lib\\_babel-node.js:176:21)\n    at Module._compile (node:internal/modules/cjs/loader:1101:14)\n    at Object.Module._extensions..js (node:internal/modules/cjs/loader:1153:10)\n    at Module.load (node:internal/modules/cjs/loader:981:32)","trace":[{"column":16,"file":"node:net","function":"Server.setupListenHandle [as _listen2]","line":1334,"method":"setupListenHandle [as _listen2]","native":false},{"column":12,"file":"node:net","function":"listenInCluster","line":1382,"method":null,"native":false},{"column":7,"file":"node:net","function":"Server.listen","line":1469,"method":"listen","native":false},{"column":24,"file":"C:\\BookStore\\BookStoreBackEnd\\node_modules\\express\\lib\\application.js","function":"Function.listen","line":618,"method":"listen","native":false},{"column":5,"file":"C:\\BookStore\\BookStoreBackEnd\\src\\/index.js","function":null,"line":37,"method":null,"native":false},{"column":14,"file":"node:internal/modules/cjs/loader","function":"Module._compile","line":1101,"method":"_compile","native":false},{"column":24,"file":"C:\\BookStore\\BookStoreBackEnd\\node_modules\\pirates\\lib\\index.js","function":"Module._compile","line":136,"method":"_compile","native":false},{"column":10,"file":"node:internal/modules/cjs/loader","function":"Module._extensions..js","line":1153,"method":".js","native":false},{"column":7,"file":"C:\\BookStore\\BookStoreBackEnd\\node_modules\\pirates\\lib\\index.js","function":"Object.newLoader [as .js]","line":141,"method":"js]","native":false},{"column":32,"file":"node:internal/modules/cjs/loader","function":"Module.load","line":981,"method":"load","native":false},{"column":12,"file":"node:internal/modules/cjs/loader","function":"Module._load","line":822,"method":"_load","native":false},{"column":12,"file":"node:internal/modules/run_main","function":"Function.executeUserEntryPoint [as runMain]","line":81,"method":"executeUserEntryPoint [as runMain]","native":false},{"column":21,"file":"C:\\BookStore\\BookStoreBackEnd\\node_modules\\@babel\\node\\lib\\_babel-node.js","function":null,"line":176,"method":null,"native":false},{"column":14,"file":"node:internal/modules/cjs/loader","function":"Module._compile","line":1101,"method":"_compile","native":false},{"column":10,"file":"node:internal/modules/cjs/loader","function":"Module._extensions..js","line":1153,"method":".js","native":false},{"column":32,"file":"node:internal/modules/cjs/loader","function":"Module.load","line":981,"method":"load","native":false}]}
info: ::ffff:127.0.0.1 - - [07/Feb/2022:11:32:28 +0000] "POST /api/v1/users/user_registration HTTP/1.1" 201 268 "-" "Thunder Client (https://www.thunderclient.com)"

error: uncaughtException: listen EADDRINUSE: address already in use :::3000
Error: listen EADDRINUSE: address already in use :::3000
    at Server.setupListenHandle [as _listen2] (node:net:1334:16)
    at listenInCluster (node:net:1382:12)
    at Server.listen (node:net:1469:7)
    at Function.listen (C:\BookStore\BookStoreBackEnd\node_modules\express\lib\application.js:618:24)
    at Object.<anonymous> (C:\BookStore\BookStoreBackEnd\src\/index.js:37:5)
    at Module._compile (node:internal/modules/cjs/loader:1101:14)
    at Module._compile (C:\BookStore\BookStoreBackEnd\node_modules\pirates\lib\index.js:136:24)
    at Module._extensions..js (node:internal/modules/cjs/loader:1153:10)
    at Object.newLoader [as .js] (C:\BookStore\BookStoreBackEnd\node_modules\pirates\lib\index.js:141:7)
    at Module.load (node:internal/modules/cjs/loader:981:32)
    at Function.Module._load (node:internal/modules/cjs/loader:822:12)
    at Function.executeUserEntryPoint [as runMain] (node:internal/modules/run_main:81:12)
    at Object.<anonymous> (C:\BookStore\BookStoreBackEnd\node_modules\@babel\node\lib\_babel-node.js:176:21)
    at Module._compile (node:internal/modules/cjs/loader:1101:14)
    at Object.Module._extensions..js (node:internal/modules/cjs/loader:1153:10)
    at Module.load (node:internal/modules/cjs/loader:981:32) {"date":"Mon Feb 07 2022 17:04:07 GMT+0530 (India Standard Time)","error":{"address":"::","code":"EADDRINUSE","errno":-4091,"port":3000,"syscall":"listen"},"exception":true,"os":{"loadavg":[0,0,0],"uptime":577114},"process":{"argv":["node","C:\\BookStore\\BookStoreBackEnd\\src\\index.js"],"cwd":"C:\\BookStore\\BookStoreBackEnd","execPath":"C:\\Program Files\\nodejs\\node.exe","gid":null,"memoryUsage":{"arrayBuffers":19049461,"external":20588111,"heapTotal":92008448,"heapUsed":68886848,"rss":127594496},"pid":29120,"uid":null,"version":"v16.13.1"},"stack":"Error: listen EADDRINUSE: address already in use :::3000\n    at Server.setupListenHandle [as _listen2] (node:net:1334:16)\n    at listenInCluster (node:net:1382:12)\n    at Server.listen (node:net:1469:7)\n    at Function.listen (C:\\BookStore\\BookStoreBackEnd\\node_modules\\express\\lib\\application.js:618:24)\n    at Object.<anonymous> (C:\\BookStore\\BookStoreBackEnd\\src\\/index.js:37:5)\n    at Module._compile (node:internal/modules/cjs/loader:1101:14)\n    at Module._compile (C:\\BookStore\\BookStoreBackEnd\\node_modules\\pirates\\lib\\index.js:136:24)\n    at Module._extensions..js (node:internal/modules/cjs/loader:1153:10)\n    at Object.newLoader [as .js] (C:\\BookStore\\BookStoreBackEnd\\node_modules\\pirates\\lib\\index.js:141:7)\n    at Module.load (node:internal/modules/cjs/loader:981:32)\n    at Function.Module._load (node:internal/modules/cjs/loader:822:12)\n    at Function.executeUserEntryPoint [as runMain] (node:internal/modules/run_main:81:12)\n    at Object.<anonymous> (C:\\BookStore\\BookStoreBackEnd\\node_modules\\@babel\\node\\lib\\_babel-node.js:176:21)\n    at Module._compile (node:internal/modules/cjs/loader:1101:14)\n    at Object.Module._extensions..js (node:internal/modules/cjs/loader:1153:10)\n    at Module.load (node:internal/modules/cjs/loader:981:32)","trace":[{"column":16,"file":"node:net","function":"Server.setupListenHandle [as _listen2]","line":1334,"method":"setupListenHandle [as _listen2]","native":false},{"column":12,"file":"node:net","function":"listenInCluster","line":1382,"method":null,"native":false},{"column":7,"file":"node:net","function":"Server.listen","line":1469,"method":"listen","native":false},{"column":24,"file":"C:\\BookStore\\BookStoreBackEnd\\node_modules\\express\\lib\\application.js","function":"Function.listen","line":618,"method":"listen","native":false},{"column":5,"file":"C:\\BookStore\\BookStoreBackEnd\\src\\/index.js","function":null,"line":37,"method":null,"native":false},{"column":14,"file":"node:internal/modules/cjs/loader","function":"Module._compile","line":1101,"method":"_compile","native":false},{"column":24,"file":"C:\\BookStore\\BookStoreBackEnd\\node_modules\\pirates\\lib\\index.js","function":"Module._compile","line":136,"method":"_compile","native":false},{"column":10,"file":"node:internal/modules/cjs/loader","function":"Module._extensions..js","line":1153,"method":".js","native":false},{"column":7,"file":"C:\\BookStore\\BookStoreBackEnd\\node_modules\\pirates\\lib\\index.js","function":"Object.newLoader [as .js]","line":141,"method":"js]","native":false},{"column":32,"file":"node:internal/modules/cjs/loader","function":"Module.load","line":981,"method":"load","native":false},{"column":12,"file":"node:internal/modules/cjs/loader","function":"Module._load","line":822,"method":"_load","native":false},{"column":12,"file":"node:internal/modules/run_main","function":"Function.executeUserEntryPoint [as runMain]","line":81,"method":"executeUserEntryPoint [as runMain]","native":false},{"column":21,"file":"C:\\BookStore\\BookStoreBackEnd\\node_modules\\@babel\\node\\lib\\_babel-node.js","function":null,"line":176,"method":null,"native":false},{"column":14,"file":"node:internal/modules/cjs/loader","function":"Module._compile","line":1101,"method":"_compile","native":false},{"column":10,"file":"node:internal/modules/cjs/loader","function":"Module._extensions..js","line":1153,"method":".js","native":false},{"column":32,"file":"node:internal/modules/cjs/loader","function":"Module.load","line":981,"method":"load","native":false}]}
info: ::ffff:127.0.0.1 - - [07/Feb/2022:11:34:09 +0000] "POST /api/v1/users/user_registration HTTP/1.1" 500 61 "-" "Thunder Client (https://www.thunderclient.com)"

info: ::ffff:127.0.0.1 - - [07/Feb/2022:11:34:36 +0000] "POST /api/v1/users/user_registration HTTP/1.1" 404 44 "-" "Thunder Client (https://www.thunderclient.com)"

info: ::ffff:127.0.0.1 - - [07/Feb/2022:11:34:51 +0000] "POST /api/v1/users/user_registration HTTP/1.1" 500 61 "-" "Thunder Client (https://www.thunderclient.com)"

info: ::ffff:127.0.0.1 - - [07/Feb/2022:11:35:16 +0000] "POST /api/v1/users/user_registration HTTP/1.1" 500 61 "-" "Thunder Client (https://www.thunderclient.com)"

info: ::ffff:127.0.0.1 - - [07/Feb/2022:11:35:22 +0000] "POST /api/v1/users/user_registration HTTP/1.1" 404 44 "-" "Thunder Client (https://www.thunderclient.com)"

error: uncaughtException: listen EADDRINUSE: address already in use :::3000
Error: listen EADDRINUSE: address already in use :::3000
    at Server.setupListenHandle [as _listen2] (node:net:1334:16)
    at listenInCluster (node:net:1382:12)
    at Server.listen (node:net:1469:7)
    at Function.listen (C:\BookStore\BookStoreBackEnd\node_modules\express\lib\application.js:618:24)
    at Object.<anonymous> (C:\BookStore\BookStoreBackEnd\src\/index.js:37:5)
    at Module._compile (node:internal/modules/cjs/loader:1101:14)
    at Module._compile (C:\BookStore\BookStoreBackEnd\node_modules\pirates\lib\index.js:136:24)
    at Module._extensions..js (node:internal/modules/cjs/loader:1153:10)
    at Object.newLoader [as .js] (C:\BookStore\BookStoreBackEnd\node_modules\pirates\lib\index.js:141:7)
    at Module.load (node:internal/modules/cjs/loader:981:32)
    at Function.Module._load (node:internal/modules/cjs/loader:822:12)
    at Function.executeUserEntryPoint [as runMain] (node:internal/modules/run_main:81:12)
    at Object.<anonymous> (C:\BookStore\BookStoreBackEnd\node_modules\@babel\node\lib\_babel-node.js:176:21)
    at Module._compile (node:internal/modules/cjs/loader:1101:14)
    at Object.Module._extensions..js (node:internal/modules/cjs/loader:1153:10)
    at Module.load (node:internal/modules/cjs/loader:981:32) {"date":"Mon Feb 07 2022 17:05:23 GMT+0530 (India Standard Time)","error":{"address":"::","code":"EADDRINUSE","errno":-4091,"port":3000,"syscall":"listen"},"exception":true,"os":{"loadavg":[0,0,0],"uptime":577191},"process":{"argv":["node","C:\\BookStore\\BookStoreBackEnd\\src\\index.js"],"cwd":"C:\\BookStore\\BookStoreBackEnd","execPath":"C:\\Program Files\\nodejs\\node.exe","gid":null,"memoryUsage":{"arrayBuffers":19006281,"external":20544931,"heapTotal":92270592,"heapUsed":68533200,"rss":128008192},"pid":15792,"uid":null,"version":"v16.13.1"},"stack":"Error: listen EADDRINUSE: address already in use :::3000\n    at Server.setupListenHandle [as _listen2] (node:net:1334:16)\n    at listenInCluster (node:net:1382:12)\n    at Server.listen (node:net:1469:7)\n    at Function.listen (C:\\BookStore\\BookStoreBackEnd\\node_modules\\express\\lib\\application.js:618:24)\n    at Object.<anonymous> (C:\\BookStore\\BookStoreBackEnd\\src\\/index.js:37:5)\n    at Module._compile (node:internal/modules/cjs/loader:1101:14)\n    at Module._compile (C:\\BookStore\\BookStoreBackEnd\\node_modules\\pirates\\lib\\index.js:136:24)\n    at Module._extensions..js (node:internal/modules/cjs/loader:1153:10)\n    at Object.newLoader [as .js] (C:\\BookStore\\BookStoreBackEnd\\node_modules\\pirates\\lib\\index.js:141:7)\n    at Module.load (node:internal/modules/cjs/loader:981:32)\n    at Function.Module._load (node:internal/modules/cjs/loader:822:12)\n    at Function.executeUserEntryPoint [as runMain] (node:internal/modules/run_main:81:12)\n    at Object.<anonymous> (C:\\BookStore\\BookStoreBackEnd\\node_modules\\@babel\\node\\lib\\_babel-node.js:176:21)\n    at Module._compile (node:internal/modules/cjs/loader:1101:14)\n    at Object.Module._extensions..js (node:internal/modules/cjs/loader:1153:10)\n    at Module.load (node:internal/modules/cjs/loader:981:32)","trace":[{"column":16,"file":"node:net","function":"Server.setupListenHandle [as _listen2]","line":1334,"method":"setupListenHandle [as _listen2]","native":false},{"column":12,"file":"node:net","function":"listenInCluster","line":1382,"method":null,"native":false},{"column":7,"file":"node:net","function":"Server.listen","line":1469,"method":"listen","native":false},{"column":24,"file":"C:\\BookStore\\BookStoreBackEnd\\node_modules\\express\\lib\\application.js","function":"Function.listen","line":618,"method":"listen","native":false},{"column":5,"file":"C:\\BookStore\\BookStoreBackEnd\\src\\/index.js","function":null,"line":37,"method":null,"native":false},{"column":14,"file":"node:internal/modules/cjs/loader","function":"Module._compile","line":1101,"method":"_compile","native":false},{"column":24,"file":"C:\\BookStore\\BookStoreBackEnd\\node_modules\\pirates\\lib\\index.js","function":"Module._compile","line":136,"method":"_compile","native":false},{"column":10,"file":"node:internal/modules/cjs/loader","function":"Module._extensions..js","line":1153,"method":".js","native":false},{"column":7,"file":"C:\\BookStore\\BookStoreBackEnd\\node_modules\\pirates\\lib\\index.js","function":"Object.newLoader [as .js]","line":141,"method":"js]","native":false},{"column":32,"file":"node:internal/modules/cjs/loader","function":"Module.load","line":981,"method":"load","native":false},{"column":12,"file":"node:internal/modules/cjs/loader","function":"Module._load","line":822,"method":"_load","native":false},{"column":12,"file":"node:internal/modules/run_main","function":"Function.executeUserEntryPoint [as runMain]","line":81,"method":"executeUserEntryPoint [as runMain]","native":false},{"column":21,"file":"C:\\BookStore\\BookStoreBackEnd\\node_modules\\@babel\\node\\lib\\_babel-node.js","function":null,"line":176,"method":null,"native":false},{"column":14,"file":"node:internal/modules/cjs/loader","function":"Module._compile","line":1101,"method":"_compile","native":false},{"column":10,"file":"node:internal/modules/cjs/loader","function":"Module._extensions..js","line":1153,"method":".js","native":false},{"column":32,"file":"node:internal/modules/cjs/loader","function":"Module.load","line":981,"method":"load","native":false}]}
error: uncaughtException: listen EADDRINUSE: address already in use :::3000
Error: listen EADDRINUSE: address already in use :::3000
    at Server.setupListenHandle [as _listen2] (node:net:1334:16)
    at listenInCluster (node:net:1382:12)
    at Server.listen (node:net:1469:7)
    at Function.listen (C:\BookStore\BookStoreBackEnd\node_modules\express\lib\application.js:618:24)
    at Object.<anonymous> (C:\BookStore\BookStoreBackEnd\src\/index.js:37:5)
    at Module._compile (node:internal/modules/cjs/loader:1101:14)
    at Module._compile (C:\BookStore\BookStoreBackEnd\node_modules\pirates\lib\index.js:136:24)
    at Module._extensions..js (node:internal/modules/cjs/loader:1153:10)
    at Object.newLoader [as .js] (C:\BookStore\BookStoreBackEnd\node_modules\pirates\lib\index.js:141:7)
    at Module.load (node:internal/modules/cjs/loader:981:32)
    at Function.Module._load (node:internal/modules/cjs/loader:822:12)
    at Function.executeUserEntryPoint [as runMain] (node:internal/modules/run_main:81:12)
    at Object.<anonymous> (C:\BookStore\BookStoreBackEnd\node_modules\@babel\node\lib\_babel-node.js:176:21)
    at Module._compile (node:internal/modules/cjs/loader:1101:14)
    at Object.Module._extensions..js (node:internal/modules/cjs/loader:1153:10)
    at Module.load (node:internal/modules/cjs/loader:981:32) {"date":"Mon Feb 07 2022 17:07:30 GMT+0530 (India Standard Time)","error":{"address":"::","code":"EADDRINUSE","errno":-4091,"port":3000,"syscall":"listen"},"exception":true,"os":{"loadavg":[0,0,0],"uptime":577317},"process":{"argv":["node","C:\\BookStore\\BookStoreBackEnd\\src\\index.js"],"cwd":"C:\\BookStore\\BookStoreBackEnd","execPath":"C:\\Program Files\\nodejs\\node.exe","gid":null,"memoryUsage":{"arrayBuffers":19049461,"external":20588111,"heapTotal":92532736,"heapUsed":69003632,"rss":128307200},"pid":19300,"uid":null,"version":"v16.13.1"},"stack":"Error: listen EADDRINUSE: address already in use :::3000\n    at Server.setupListenHandle [as _listen2] (node:net:1334:16)\n    at listenInCluster (node:net:1382:12)\n    at Server.listen (node:net:1469:7)\n    at Function.listen (C:\\BookStore\\BookStoreBackEnd\\node_modules\\express\\lib\\application.js:618:24)\n    at Object.<anonymous> (C:\\BookStore\\BookStoreBackEnd\\src\\/index.js:37:5)\n    at Module._compile (node:internal/modules/cjs/loader:1101:14)\n    at Module._compile (C:\\BookStore\\BookStoreBackEnd\\node_modules\\pirates\\lib\\index.js:136:24)\n    at Module._extensions..js (node:internal/modules/cjs/loader:1153:10)\n    at Object.newLoader [as .js] (C:\\BookStore\\BookStoreBackEnd\\node_modules\\pirates\\lib\\index.js:141:7)\n    at Module.load (node:internal/modules/cjs/loader:981:32)\n    at Function.Module._load (node:internal/modules/cjs/loader:822:12)\n    at Function.executeUserEntryPoint [as runMain] (node:internal/modules/run_main:81:12)\n    at Object.<anonymous> (C:\\BookStore\\BookStoreBackEnd\\node_modules\\@babel\\node\\lib\\_babel-node.js:176:21)\n    at Module._compile (node:internal/modules/cjs/loader:1101:14)\n    at Object.Module._extensions..js (node:internal/modules/cjs/loader:1153:10)\n    at Module.load (node:internal/modules/cjs/loader:981:32)","trace":[{"column":16,"file":"node:net","function":"Server.setupListenHandle [as _listen2]","line":1334,"method":"setupListenHandle [as _listen2]","native":false},{"column":12,"file":"node:net","function":"listenInCluster","line":1382,"method":null,"native":false},{"column":7,"file":"node:net","function":"Server.listen","line":1469,"method":"listen","native":false},{"column":24,"file":"C:\\BookStore\\BookStoreBackEnd\\node_modules\\express\\lib\\application.js","function":"Function.listen","line":618,"method":"listen","native":false},{"column":5,"file":"C:\\BookStore\\BookStoreBackEnd\\src\\/index.js","function":null,"line":37,"method":null,"native":false},{"column":14,"file":"node:internal/modules/cjs/loader","function":"Module._compile","line":1101,"method":"_compile","native":false},{"column":24,"file":"C:\\BookStore\\BookStoreBackEnd\\node_modules\\pirates\\lib\\index.js","function":"Module._compile","line":136,"method":"_compile","native":false},{"column":10,"file":"node:internal/modules/cjs/loader","function":"Module._extensions..js","line":1153,"method":".js","native":false},{"column":7,"file":"C:\\BookStore\\BookStoreBackEnd\\node_modules\\pirates\\lib\\index.js","function":"Object.newLoader [as .js]","line":141,"method":"js]","native":false},{"column":32,"file":"node:internal/modules/cjs/loader","function":"Module.load","line":981,"method":"load","native":false},{"column":12,"file":"node:internal/modules/cjs/loader","function":"Module._load","line":822,"method":"_load","native":false},{"column":12,"file":"node:internal/modules/run_main","function":"Function.executeUserEntryPoint [as runMain]","line":81,"method":"executeUserEntryPoint [as runMain]","native":false},{"column":21,"file":"C:\\BookStore\\BookStoreBackEnd\\node_modules\\@babel\\node\\lib\\_babel-node.js","function":null,"line":176,"method":null,"native":false},{"column":14,"file":"node:internal/modules/cjs/loader","function":"Module._compile","line":1101,"method":"_compile","native":false},{"column":10,"file":"node:internal/modules/cjs/loader","function":"Module._extensions..js","line":1153,"method":".js","native":false},{"column":32,"file":"node:internal/modules/cjs/loader","function":"Module.load","line":981,"method":"load","native":false}]}
error: uncaughtException: listen EADDRINUSE: address already in use :::3000
Error: listen EADDRINUSE: address already in use :::3000
    at Server.setupListenHandle [as _listen2] (node:net:1334:16)
    at listenInCluster (node:net:1382:12)
    at Server.listen (node:net:1469:7)
    at Function.listen (C:\BookStore\BookStoreBackEnd\node_modules\express\lib\application.js:618:24)
    at Object.<anonymous> (C:\BookStore\BookStoreBackEnd\src\/index.js:37:5)
    at Module._compile (node:internal/modules/cjs/loader:1101:14)
    at Module._compile (C:\BookStore\BookStoreBackEnd\node_modules\pirates\lib\index.js:136:24)
    at Module._extensions..js (node:internal/modules/cjs/loader:1153:10)
    at Object.newLoader [as .js] (C:\BookStore\BookStoreBackEnd\node_modules\pirates\lib\index.js:141:7)
    at Module.load (node:internal/modules/cjs/loader:981:32)
    at Function.Module._load (node:internal/modules/cjs/loader:822:12)
    at Function.executeUserEntryPoint [as runMain] (node:internal/modules/run_main:81:12)
    at Object.<anonymous> (C:\BookStore\BookStoreBackEnd\node_modules\@babel\node\lib\_babel-node.js:176:21)
    at Module._compile (node:internal/modules/cjs/loader:1101:14)
    at Object.Module._extensions..js (node:internal/modules/cjs/loader:1153:10)
    at Module.load (node:internal/modules/cjs/loader:981:32) {"date":"Mon Feb 07 2022 17:07:33 GMT+0530 (India Standard Time)","error":{"address":"::","code":"EADDRINUSE","errno":-4091,"port":3000,"syscall":"listen"},"exception":true,"os":{"loadavg":[0,0,0],"uptime":577321},"process":{"argv":["node","C:\\BookStore\\BookStoreBackEnd\\src\\index.js"],"cwd":"C:\\BookStore\\BookStoreBackEnd","execPath":"C:\\Program Files\\nodejs\\node.exe","gid":null,"memoryUsage":{"arrayBuffers":19036721,"external":20575371,"heapTotal":92270592,"heapUsed":68723000,"rss":128208896},"pid":3048,"uid":null,"version":"v16.13.1"},"stack":"Error: listen EADDRINUSE: address already in use :::3000\n    at Server.setupListenHandle [as _listen2] (node:net:1334:16)\n    at listenInCluster (node:net:1382:12)\n    at Server.listen (node:net:1469:7)\n    at Function.listen (C:\\BookStore\\BookStoreBackEnd\\node_modules\\express\\lib\\application.js:618:24)\n    at Object.<anonymous> (C:\\BookStore\\BookStoreBackEnd\\src\\/index.js:37:5)\n    at Module._compile (node:internal/modules/cjs/loader:1101:14)\n    at Module._compile (C:\\BookStore\\BookStoreBackEnd\\node_modules\\pirates\\lib\\index.js:136:24)\n    at Module._extensions..js (node:internal/modules/cjs/loader:1153:10)\n    at Object.newLoader [as .js] (C:\\BookStore\\BookStoreBackEnd\\node_modules\\pirates\\lib\\index.js:141:7)\n    at Module.load (node:internal/modules/cjs/loader:981:32)\n    at Function.Module._load (node:internal/modules/cjs/loader:822:12)\n    at Function.executeUserEntryPoint [as runMain] (node:internal/modules/run_main:81:12)\n    at Object.<anonymous> (C:\\BookStore\\BookStoreBackEnd\\node_modules\\@babel\\node\\lib\\_babel-node.js:176:21)\n    at Module._compile (node:internal/modules/cjs/loader:1101:14)\n    at Object.Module._extensions..js (node:internal/modules/cjs/loader:1153:10)\n    at Module.load (node:internal/modules/cjs/loader:981:32)","trace":[{"column":16,"file":"node:net","function":"Server.setupListenHandle [as _listen2]","line":1334,"method":"setupListenHandle [as _listen2]","native":false},{"column":12,"file":"node:net","function":"listenInCluster","line":1382,"method":null,"native":false},{"column":7,"file":"node:net","function":"Server.listen","line":1469,"method":"listen","native":false},{"column":24,"file":"C:\\BookStore\\BookStoreBackEnd\\node_modules\\express\\lib\\application.js","function":"Function.listen","line":618,"method":"listen","native":false},{"column":5,"file":"C:\\BookStore\\BookStoreBackEnd\\src\\/index.js","function":null,"line":37,"method":null,"native":false},{"column":14,"file":"node:internal/modules/cjs/loader","function":"Module._compile","line":1101,"method":"_compile","native":false},{"column":24,"file":"C:\\BookStore\\BookStoreBackEnd\\node_modules\\pirates\\lib\\index.js","function":"Module._compile","line":136,"method":"_compile","native":false},{"column":10,"file":"node:internal/modules/cjs/loader","function":"Module._extensions..js","line":1153,"method":".js","native":false},{"column":7,"file":"C:\\BookStore\\BookStoreBackEnd\\node_modules\\pirates\\lib\\index.js","function":"Object.newLoader [as .js]","line":141,"method":"js]","native":false},{"column":32,"file":"node:internal/modules/cjs/loader","function":"Module.load","line":981,"method":"load","native":false},{"column":12,"file":"node:internal/modules/cjs/loader","function":"Module._load","line":822,"method":"_load","native":false},{"column":12,"file":"node:internal/modules/run_main","function":"Function.executeUserEntryPoint [as runMain]","line":81,"method":"executeUserEntryPoint [as runMain]","native":false},{"column":21,"file":"C:\\BookStore\\BookStoreBackEnd\\node_modules\\@babel\\node\\lib\\_babel-node.js","function":null,"line":176,"method":null,"native":false},{"column":14,"file":"node:internal/modules/cjs/loader","function":"Module._compile","line":1101,"method":"_compile","native":false},{"column":10,"file":"node:internal/modules/cjs/loader","function":"Module._extensions..js","line":1153,"method":".js","native":false},{"column":32,"file":"node:internal/modules/cjs/loader","function":"Module.load","line":981,"method":"load","native":false}]}
info: ::ffff:127.0.0.1 - - [07/Feb/2022:11:37:56 +0000] "POST /api/v1/users/user_registration HTTP/1.1" 201 268 "-" "Thunder Client (https://www.thunderclient.com)"

error: uncaughtException: listen EADDRINUSE: address already in use :::3000
Error: listen EADDRINUSE: address already in use :::3000
    at Server.setupListenHandle [as _listen2] (node:net:1334:16)
    at listenInCluster (node:net:1382:12)
    at Server.listen (node:net:1469:7)
    at Function.listen (C:\BookStore\BookStoreBackEnd\node_modules\express\lib\application.js:618:24)
    at Object.<anonymous> (C:\BookStore\BookStoreBackEnd\src\/index.js:37:5)
    at Module._compile (node:internal/modules/cjs/loader:1101:14)
    at Module._compile (C:\BookStore\BookStoreBackEnd\node_modules\pirates\lib\index.js:136:24)
    at Module._extensions..js (node:internal/modules/cjs/loader:1153:10)
    at Object.newLoader [as .js] (C:\BookStore\BookStoreBackEnd\node_modules\pirates\lib\index.js:141:7)
    at Module.load (node:internal/modules/cjs/loader:981:32)
    at Function.Module._load (node:internal/modules/cjs/loader:822:12)
    at Function.executeUserEntryPoint [as runMain] (node:internal/modules/run_main:81:12)
    at Object.<anonymous> (C:\BookStore\BookStoreBackEnd\node_modules\@babel\node\lib\_babel-node.js:176:21)
    at Module._compile (node:internal/modules/cjs/loader:1101:14)
    at Object.Module._extensions..js (node:internal/modules/cjs/loader:1153:10)
    at Module.load (node:internal/modules/cjs/loader:981:32) {"date":"Mon Feb 07 2022 17:08:03 GMT+0530 (India Standard Time)","error":{"address":"::","code":"EADDRINUSE","errno":-4091,"port":3000,"syscall":"listen"},"exception":true,"os":{"loadavg":[0,0,0],"uptime":577350},"process":{"argv":["node","C:\\BookStore\\BookStoreBackEnd\\src\\index.js"],"cwd":"C:\\BookStore\\BookStoreBackEnd","execPath":"C:\\Program Files\\nodejs\\node.exe","gid":null,"memoryUsage":{"arrayBuffers":19049461,"external":20588111,"heapTotal":92532736,"heapUsed":69010688,"rss":127549440},"pid":23320,"uid":null,"version":"v16.13.1"},"stack":"Error: listen EADDRINUSE: address already in use :::3000\n    at Server.setupListenHandle [as _listen2] (node:net:1334:16)\n    at listenInCluster (node:net:1382:12)\n    at Server.listen (node:net:1469:7)\n    at Function.listen (C:\\BookStore\\BookStoreBackEnd\\node_modules\\express\\lib\\application.js:618:24)\n    at Object.<anonymous> (C:\\BookStore\\BookStoreBackEnd\\src\\/index.js:37:5)\n    at Module._compile (node:internal/modules/cjs/loader:1101:14)\n    at Module._compile (C:\\BookStore\\BookStoreBackEnd\\node_modules\\pirates\\lib\\index.js:136:24)\n    at Module._extensions..js (node:internal/modules/cjs/loader:1153:10)\n    at Object.newLoader [as .js] (C:\\BookStore\\BookStoreBackEnd\\node_modules\\pirates\\lib\\index.js:141:7)\n    at Module.load (node:internal/modules/cjs/loader:981:32)\n    at Function.Module._load (node:internal/modules/cjs/loader:822:12)\n    at Function.executeUserEntryPoint [as runMain] (node:internal/modules/run_main:81:12)\n    at Object.<anonymous> (C:\\BookStore\\BookStoreBackEnd\\node_modules\\@babel\\node\\lib\\_babel-node.js:176:21)\n    at Module._compile (node:internal/modules/cjs/loader:1101:14)\n    at Object.Module._extensions..js (node:internal/modules/cjs/loader:1153:10)\n    at Module.load (node:internal/modules/cjs/loader:981:32)","trace":[{"column":16,"file":"node:net","function":"Server.setupListenHandle [as _listen2]","line":1334,"method":"setupListenHandle [as _listen2]","native":false},{"column":12,"file":"node:net","function":"listenInCluster","line":1382,"method":null,"native":false},{"column":7,"file":"node:net","function":"Server.listen","line":1469,"method":"listen","native":false},{"column":24,"file":"C:\\BookStore\\BookStoreBackEnd\\node_modules\\express\\lib\\application.js","function":"Function.listen","line":618,"method":"listen","native":false},{"column":5,"file":"C:\\BookStore\\BookStoreBackEnd\\src\\/index.js","function":null,"line":37,"method":null,"native":false},{"column":14,"file":"node:internal/modules/cjs/loader","function":"Module._compile","line":1101,"method":"_compile","native":false},{"column":24,"file":"C:\\BookStore\\BookStoreBackEnd\\node_modules\\pirates\\lib\\index.js","function":"Module._compile","line":136,"method":"_compile","native":false},{"column":10,"file":"node:internal/modules/cjs/loader","function":"Module._extensions..js","line":1153,"method":".js","native":false},{"column":7,"file":"C:\\BookStore\\BookStoreBackEnd\\node_modules\\pirates\\lib\\index.js","function":"Object.newLoader [as .js]","line":141,"method":"js]","native":false},{"column":32,"file":"node:internal/modules/cjs/loader","function":"Module.load","line":981,"method":"load","native":false},{"column":12,"file":"node:internal/modules/cjs/loader","function":"Module._load","line":822,"method":"_load","native":false},{"column":12,"file":"node:internal/modules/run_main","function":"Function.executeUserEntryPoint [as runMain]","line":81,"method":"executeUserEntryPoint [as runMain]","native":false},{"column":21,"file":"C:\\BookStore\\BookStoreBackEnd\\node_modules\\@babel\\node\\lib\\_babel-node.js","function":null,"line":176,"method":null,"native":false},{"column":14,"file":"node:internal/modules/cjs/loader","function":"Module._compile","line":1101,"method":"_compile","native":false},{"column":10,"file":"node:internal/modules/cjs/loader","function":"Module._extensions..js","line":1153,"method":".js","native":false},{"column":32,"file":"node:internal/modules/cjs/loader","function":"Module.load","line":981,"method":"load","native":false}]}
info: ::ffff:127.0.0.1 - - [07/Feb/2022:11:38:59 +0000] "POST /api/v1/users/user_registration HTTP/1.1" 404 44 "-" "Thunder Client (https://www.thunderclient.com)"

error: uncaughtException: listen EADDRINUSE: address already in use :::3000
Error: listen EADDRINUSE: address already in use :::3000
    at Server.setupListenHandle [as _listen2] (node:net:1334:16)
    at listenInCluster (node:net:1382:12)
    at Server.listen (node:net:1469:7)
    at Function.listen (C:\BookStore\BookStoreBackEnd\node_modules\express\lib\application.js:618:24)
    at Object.<anonymous> (C:\BookStore\BookStoreBackEnd\src\/index.js:37:5)
    at Module._compile (node:internal/modules/cjs/loader:1101:14)
    at Module._compile (C:\BookStore\BookStoreBackEnd\node_modules\pirates\lib\index.js:136:24)
    at Module._extensions..js (node:internal/modules/cjs/loader:1153:10)
    at Object.newLoader [as .js] (C:\BookStore\BookStoreBackEnd\node_modules\pirates\lib\index.js:141:7)
    at Module.load (node:internal/modules/cjs/loader:981:32)
    at Function.Module._load (node:internal/modules/cjs/loader:822:12)
    at Function.executeUserEntryPoint [as runMain] (node:internal/modules/run_main:81:12)
    at Object.<anonymous> (C:\BookStore\BookStoreBackEnd\node_modules\@babel\node\lib\_babel-node.js:176:21)
    at Module._compile (node:internal/modules/cjs/loader:1101:14)
    at Object.Module._extensions..js (node:internal/modules/cjs/loader:1153:10)
    at Module.load (node:internal/modules/cjs/loader:981:32) {"date":"Mon Feb 07 2022 17:09:00 GMT+0530 (India Standard Time)","error":{"address":"::","code":"EADDRINUSE","errno":-4091,"port":3000,"syscall":"listen"},"exception":true,"os":{"loadavg":[0,0,0],"uptime":577407},"process":{"argv":["node","C:\\BookStore\\BookStoreBackEnd\\src\\index.js"],"cwd":"C:\\BookStore\\BookStoreBackEnd","execPath":"C:\\Program Files\\nodejs\\node.exe","gid":null,"memoryUsage":{"arrayBuffers":19049461,"external":20588111,"heapTotal":92270592,"heapUsed":69210512,"rss":127918080},"pid":24208,"uid":null,"version":"v16.13.1"},"stack":"Error: listen EADDRINUSE: address already in use :::3000\n    at Server.setupListenHandle [as _listen2] (node:net:1334:16)\n    at listenInCluster (node:net:1382:12)\n    at Server.listen (node:net:1469:7)\n    at Function.listen (C:\\BookStore\\BookStoreBackEnd\\node_modules\\express\\lib\\application.js:618:24)\n    at Object.<anonymous> (C:\\BookStore\\BookStoreBackEnd\\src\\/index.js:37:5)\n    at Module._compile (node:internal/modules/cjs/loader:1101:14)\n    at Module._compile (C:\\BookStore\\BookStoreBackEnd\\node_modules\\pirates\\lib\\index.js:136:24)\n    at Module._extensions..js (node:internal/modules/cjs/loader:1153:10)\n    at Object.newLoader [as .js] (C:\\BookStore\\BookStoreBackEnd\\node_modules\\pirates\\lib\\index.js:141:7)\n    at Module.load (node:internal/modules/cjs/loader:981:32)\n    at Function.Module._load (node:internal/modules/cjs/loader:822:12)\n    at Function.executeUserEntryPoint [as runMain] (node:internal/modules/run_main:81:12)\n    at Object.<anonymous> (C:\\BookStore\\BookStoreBackEnd\\node_modules\\@babel\\node\\lib\\_babel-node.js:176:21)\n    at Module._compile (node:internal/modules/cjs/loader:1101:14)\n    at Object.Module._extensions..js (node:internal/modules/cjs/loader:1153:10)\n    at Module.load (node:internal/modules/cjs/loader:981:32)","trace":[{"column":16,"file":"node:net","function":"Server.setupListenHandle [as _listen2]","line":1334,"method":"setupListenHandle [as _listen2]","native":false},{"column":12,"file":"node:net","function":"listenInCluster","line":1382,"method":null,"native":false},{"column":7,"file":"node:net","function":"Server.listen","line":1469,"method":"listen","native":false},{"column":24,"file":"C:\\BookStore\\BookStoreBackEnd\\node_modules\\express\\lib\\application.js","function":"Function.listen","line":618,"method":"listen","native":false},{"column":5,"file":"C:\\BookStore\\BookStoreBackEnd\\src\\/index.js","function":null,"line":37,"method":null,"native":false},{"column":14,"file":"node:internal/modules/cjs/loader","function":"Module._compile","line":1101,"method":"_compile","native":false},{"column":24,"file":"C:\\BookStore\\BookStoreBackEnd\\node_modules\\pirates\\lib\\index.js","function":"Module._compile","line":136,"method":"_compile","native":false},{"column":10,"file":"node:internal/modules/cjs/loader","function":"Module._extensions..js","line":1153,"method":".js","native":false},{"column":7,"file":"C:\\BookStore\\BookStoreBackEnd\\node_modules\\pirates\\lib\\index.js","function":"Object.newLoader [as .js]","line":141,"method":"js]","native":false},{"column":32,"file":"node:internal/modules/cjs/loader","function":"Module.load","line":981,"method":"load","native":false},{"column":12,"file":"node:internal/modules/cjs/loader","function":"Module._load","line":822,"method":"_load","native":false},{"column":12,"file":"node:internal/modules/run_main","function":"Function.executeUserEntryPoint [as runMain]","line":81,"method":"executeUserEntryPoint [as runMain]","native":false},{"column":21,"file":"C:\\BookStore\\BookStoreBackEnd\\node_modules\\@babel\\node\\lib\\_babel-node.js","function":null,"line":176,"method":null,"native":false},{"column":14,"file":"node:internal/modules/cjs/loader","function":"Module._compile","line":1101,"method":"_compile","native":false},{"column":10,"file":"node:internal/modules/cjs/loader","function":"Module._extensions..js","line":1153,"method":".js","native":false},{"column":32,"file":"node:internal/modules/cjs/loader","function":"Module.load","line":981,"method":"load","native":false}]}
info: ::ffff:127.0.0.1 - - [07/Feb/2022:11:39:08 +0000] "POST /api/v1/users/user_registration HTTP/1.1" 500 61 "-" "Thunder Client (https://www.thunderclient.com)"

info: ::ffff:127.0.0.1 - - [07/Feb/2022:11:39:26 +0000] "POST /api/v1/users/user_registration HTTP/1.1" 500 61 "-" "Thunder Client (https://www.thunderclient.com)"

info: ::ffff:127.0.0.1 - - [07/Feb/2022:11:41:43 +0000] "POST /api/v1/users/user_registration HTTP/1.1" 404 44 "-" "Thunder Client (https://www.thunderclient.com)"

info: ::ffff:127.0.0.1 - - [07/Feb/2022:11:41:52 +0000] "POST /api/v1/users/user_registration HTTP/1.1" 500 61 "-" "Thunder Client (https://www.thunderclient.com)"

info: ::ffff:127.0.0.1 - - [07/Feb/2022:11:43:19 +0000] "POST /api/v1/users/user_registration HTTP/1.1" 500 61 "-" "Thunder Client (https://www.thunderclient.com)"

info: ::ffff:127.0.0.1 - - [07/Feb/2022:11:43:38 +0000] "POST /api/v1/users/user_registration HTTP/1.1" 404 44 "-" "Thunder Client (https://www.thunderclient.com)"

info: ::ffff:127.0.0.1 - - [07/Feb/2022:11:48:46 +0000] "POST /api/v1/users/user_registration HTTP/1.1" 404 44 "-" "Thunder Client (https://www.thunderclient.com)"

info: ::ffff:127.0.0.1 - - [07/Feb/2022:11:48:53 +0000] "POST /api/v1/users/user_registration HTTP/1.1" 404 44 "-" "Thunder Client (https://www.thunderclient.com)"

info: ::ffff:127.0.0.1 - - [07/Feb/2022:11:49:02 +0000] "POST /api/v1/users/user_registration HTTP/1.1" 404 44 "-" "Thunder Client (https://www.thunderclient.com)"

info: ::ffff:127.0.0.1 - - [07/Feb/2022:11:56:23 +0000] "POST /api/v1/users/admn_registration HTTP/1.1" 404 47 "-" "Thunder Client (https://www.thunderclient.com)"

info: ::ffff:127.0.0.1 - - [07/Feb/2022:11:56:41 +0000] "POST /api/v1/users/admn_registration HTTP/1.1" 404 47 "-" "Thunder Client (https://www.thunderclient.com)"

info: ::ffff:127.0.0.1 - - [07/Feb/2022:11:57:14 +0000] "POST /api/v1/users/admin_registration HTTP/1.1" 500 61 "-" "Thunder Client (https://www.thunderclient.com)"

info: ::ffff:127.0.0.1 - - [07/Feb/2022:12:22:46 +0000] "POST /api/v1/users/user_registration HTTP/1.1" 500 61 "-" "Thunder Client (https://www.thunderclient.com)"

info: ::ffff:127.0.0.1 - - [07/Feb/2022:12:23:30 +0000] "POST /api/v1/users/user_registration HTTP/1.1" 404 44 "-" "Thunder Client (https://www.thunderclient.com)"

info: ::ffff:127.0.0.1 - - [07/Feb/2022:12:24:00 +0000] "POST /api/v1/users/user_registration HTTP/1.1" 500 61 "-" "Thunder Client (https://www.thunderclient.com)"

info: ::ffff:127.0.0.1 - - [07/Feb/2022:12:26:06 +0000] "POST /api/v1/users/user_registration HTTP/1.1" 500 61 "-" "Thunder Client (https://www.thunderclient.com)"

info: ::ffff:127.0.0.1 - - [07/Feb/2022:12:26:14 +0000] "POST /api/v1/users/user_registration HTTP/1.1" 404 44 "-" "Thunder Client (https://www.thunderclient.com)"

info: ::ffff:127.0.0.1 - - [07/Feb/2022:12:26:20 +0000] "POST /api/v1/users/user_registration HTTP/1.1" 500 61 "-" "Thunder Client (https://www.thunderclient.com)"

info: ::ffff:127.0.0.1 - - [07/Feb/2022:12:26:35 +0000] "POST /api/v1/users/user_registration HTTP/1.1" 500 61 "-" "Thunder Client (https://www.thunderclient.com)"

error: uncaughtException: listen EADDRINUSE: address already in use :::3000
Error: listen EADDRINUSE: address already in use :::3000
    at Server.setupListenHandle [as _listen2] (node:net:1334:16)
    at listenInCluster (node:net:1382:12)
    at Server.listen (node:net:1469:7)
    at Function.listen (C:\BookStore\BookStoreBackEnd\node_modules\express\lib\application.js:618:24)
    at Object.<anonymous> (C:\BookStore\BookStoreBackEnd\src\/index.js:37:5)
    at Module._compile (node:internal/modules/cjs/loader:1101:14)
    at Module._compile (C:\BookStore\BookStoreBackEnd\node_modules\pirates\lib\index.js:136:24)
    at Module._extensions..js (node:internal/modules/cjs/loader:1153:10)
    at Object.newLoader [as .js] (C:\BookStore\BookStoreBackEnd\node_modules\pirates\lib\index.js:141:7)
    at Module.load (node:internal/modules/cjs/loader:981:32)
    at Function.Module._load (node:internal/modules/cjs/loader:822:12)
    at Function.executeUserEntryPoint [as runMain] (node:internal/modules/run_main:81:12)
    at Object.<anonymous> (C:\BookStore\BookStoreBackEnd\node_modules\@babel\node\lib\_babel-node.js:176:21)
    at Module._compile (node:internal/modules/cjs/loader:1101:14)
    at Object.Module._extensions..js (node:internal/modules/cjs/loader:1153:10)
    at Module.load (node:internal/modules/cjs/loader:981:32) {"date":"Mon Feb 07 2022 18:20:53 GMT+0530 (India Standard Time)","error":{"address":"::","code":"EADDRINUSE","errno":-4091,"port":3000,"syscall":"listen"},"exception":true,"os":{"loadavg":[0,0,0],"uptime":581720},"process":{"argv":["node","C:\\BookStore\\BookStoreBackEnd\\src\\index.js"],"cwd":"C:\\BookStore\\BookStoreBackEnd","execPath":"C:\\Program Files\\nodejs\\node.exe","gid":null,"memoryUsage":{"arrayBuffers":18474498,"external":20544204,"heapTotal":92270592,"heapUsed":47897640,"rss":126119936},"pid":27792,"uid":null,"version":"v16.13.1"},"stack":"Error: listen EADDRINUSE: address already in use :::3000\n    at Server.setupListenHandle [as _listen2] (node:net:1334:16)\n    at listenInCluster (node:net:1382:12)\n    at Server.listen (node:net:1469:7)\n    at Function.listen (C:\\BookStore\\BookStoreBackEnd\\node_modules\\express\\lib\\application.js:618:24)\n    at Object.<anonymous> (C:\\BookStore\\BookStoreBackEnd\\src\\/index.js:37:5)\n    at Module._compile (node:internal/modules/cjs/loader:1101:14)\n    at Module._compile (C:\\BookStore\\BookStoreBackEnd\\node_modules\\pirates\\lib\\index.js:136:24)\n    at Module._extensions..js (node:internal/modules/cjs/loader:1153:10)\n    at Object.newLoader [as .js] (C:\\BookStore\\BookStoreBackEnd\\node_modules\\pirates\\lib\\index.js:141:7)\n    at Module.load (node:internal/modules/cjs/loader:981:32)\n    at Function.Module._load (node:internal/modules/cjs/loader:822:12)\n    at Function.executeUserEntryPoint [as runMain] (node:internal/modules/run_main:81:12)\n    at Object.<anonymous> (C:\\BookStore\\BookStoreBackEnd\\node_modules\\@babel\\node\\lib\\_babel-node.js:176:21)\n    at Module._compile (node:internal/modules/cjs/loader:1101:14)\n    at Object.Module._extensions..js (node:internal/modules/cjs/loader:1153:10)\n    at Module.load (node:internal/modules/cjs/loader:981:32)","trace":[{"column":16,"file":"node:net","function":"Server.setupListenHandle [as _listen2]","line":1334,"method":"setupListenHandle [as _listen2]","native":false},{"column":12,"file":"node:net","function":"listenInCluster","line":1382,"method":null,"native":false},{"column":7,"file":"node:net","function":"Server.listen","line":1469,"method":"listen","native":false},{"column":24,"file":"C:\\BookStore\\BookStoreBackEnd\\node_modules\\express\\lib\\application.js","function":"Function.listen","line":618,"method":"listen","native":false},{"column":5,"file":"C:\\BookStore\\BookStoreBackEnd\\src\\/index.js","function":null,"line":37,"method":null,"native":false},{"column":14,"file":"node:internal/modules/cjs/loader","function":"Module._compile","line":1101,"method":"_compile","native":false},{"column":24,"file":"C:\\BookStore\\BookStoreBackEnd\\node_modules\\pirates\\lib\\index.js","function":"Module._compile","line":136,"method":"_compile","native":false},{"column":10,"file":"node:internal/modules/cjs/loader","function":"Module._extensions..js","line":1153,"method":".js","native":false},{"column":7,"file":"C:\\BookStore\\BookStoreBackEnd\\node_modules\\pirates\\lib\\index.js","function":"Object.newLoader [as .js]","line":141,"method":"js]","native":false},{"column":32,"file":"node:internal/modules/cjs/loader","function":"Module.load","line":981,"method":"load","native":false},{"column":12,"file":"node:internal/modules/cjs/loader","function":"Module._load","line":822,"method":"_load","native":false},{"column":12,"file":"node:internal/modules/run_main","function":"Function.executeUserEntryPoint [as runMain]","line":81,"method":"executeUserEntryPoint [as runMain]","native":false},{"column":21,"file":"C:\\BookStore\\BookStoreBackEnd\\node_modules\\@babel\\node\\lib\\_babel-node.js","function":null,"line":176,"method":null,"native":false},{"column":14,"file":"node:internal/modules/cjs/loader","function":"Module._compile","line":1101,"method":"_compile","native":false},{"column":10,"file":"node:internal/modules/cjs/loader","function":"Module._extensions..js","line":1153,"method":".js","native":false},{"column":32,"file":"node:internal/modules/cjs/loader","function":"Module.load","line":981,"method":"load","native":false}]}
error: uncaughtException: listen EADDRINUSE: address already in use :::3000
Error: listen EADDRINUSE: address already in use :::3000
    at Server.setupListenHandle [as _listen2] (node:net:1334:16)
    at listenInCluster (node:net:1382:12)
    at Server.listen (node:net:1469:7)
    at Function.listen (C:\BookStore\BookStoreBackEnd\node_modules\express\lib\application.js:618:24)
    at Object.<anonymous> (C:\BookStore\BookStoreBackEnd\src\/index.js:37:5)
    at Module._compile (node:internal/modules/cjs/loader:1101:14)
    at Module._compile (C:\BookStore\BookStoreBackEnd\node_modules\pirates\lib\index.js:136:24)
    at Module._extensions..js (node:internal/modules/cjs/loader:1153:10)
    at Object.newLoader [as .js] (C:\BookStore\BookStoreBackEnd\node_modules\pirates\lib\index.js:141:7)
    at Module.load (node:internal/modules/cjs/loader:981:32)
    at Function.Module._load (node:internal/modules/cjs/loader:822:12)
    at Function.executeUserEntryPoint [as runMain] (node:internal/modules/run_main:81:12)
    at Object.<anonymous> (C:\BookStore\BookStoreBackEnd\node_modules\@babel\node\lib\_babel-node.js:176:21)
    at Module._compile (node:internal/modules/cjs/loader:1101:14)
    at Object.Module._extensions..js (node:internal/modules/cjs/loader:1153:10)
    at Module.load (node:internal/modules/cjs/loader:981:32) {"date":"Mon Feb 07 2022 18:25:09 GMT+0530 (India Standard Time)","error":{"address":"::","code":"EADDRINUSE","errno":-4091,"port":3000,"syscall":"listen"},"exception":true,"os":{"loadavg":[0,0,0],"uptime":581977},"process":{"argv":["node","C:\\BookStore\\BookStoreBackEnd\\src\\index.js"],"cwd":"C:\\BookStore\\BookStoreBackEnd","execPath":"C:\\Program Files\\nodejs\\node.exe","gid":null,"memoryUsage":{"arrayBuffers":18368002,"external":20536012,"heapTotal":92270592,"heapUsed":47549112,"rss":126472192},"pid":10992,"uid":null,"version":"v16.13.1"},"stack":"Error: listen EADDRINUSE: address already in use :::3000\n    at Server.setupListenHandle [as _listen2] (node:net:1334:16)\n    at listenInCluster (node:net:1382:12)\n    at Server.listen (node:net:1469:7)\n    at Function.listen (C:\\BookStore\\BookStoreBackEnd\\node_modules\\express\\lib\\application.js:618:24)\n    at Object.<anonymous> (C:\\BookStore\\BookStoreBackEnd\\src\\/index.js:37:5)\n    at Module._compile (node:internal/modules/cjs/loader:1101:14)\n    at Module._compile (C:\\BookStore\\BookStoreBackEnd\\node_modules\\pirates\\lib\\index.js:136:24)\n    at Module._extensions..js (node:internal/modules/cjs/loader:1153:10)\n    at Object.newLoader [as .js] (C:\\BookStore\\BookStoreBackEnd\\node_modules\\pirates\\lib\\index.js:141:7)\n    at Module.load (node:internal/modules/cjs/loader:981:32)\n    at Function.Module._load (node:internal/modules/cjs/loader:822:12)\n    at Function.executeUserEntryPoint [as runMain] (node:internal/modules/run_main:81:12)\n    at Object.<anonymous> (C:\\BookStore\\BookStoreBackEnd\\node_modules\\@babel\\node\\lib\\_babel-node.js:176:21)\n    at Module._compile (node:internal/modules/cjs/loader:1101:14)\n    at Object.Module._extensions..js (node:internal/modules/cjs/loader:1153:10)\n    at Module.load (node:internal/modules/cjs/loader:981:32)","trace":[{"column":16,"file":"node:net","function":"Server.setupListenHandle [as _listen2]","line":1334,"method":"setupListenHandle [as _listen2]","native":false},{"column":12,"file":"node:net","function":"listenInCluster","line":1382,"method":null,"native":false},{"column":7,"file":"node:net","function":"Server.listen","line":1469,"method":"listen","native":false},{"column":24,"file":"C:\\BookStore\\BookStoreBackEnd\\node_modules\\express\\lib\\application.js","function":"Function.listen","line":618,"method":"listen","native":false},{"column":5,"file":"C:\\BookStore\\BookStoreBackEnd\\src\\/index.js","function":null,"line":37,"method":null,"native":false},{"column":14,"file":"node:internal/modules/cjs/loader","function":"Module._compile","line":1101,"method":"_compile","native":false},{"column":24,"file":"C:\\BookStore\\BookStoreBackEnd\\node_modules\\pirates\\lib\\index.js","function":"Module._compile","line":136,"method":"_compile","native":false},{"column":10,"file":"node:internal/modules/cjs/loader","function":"Module._extensions..js","line":1153,"method":".js","native":false},{"column":7,"file":"C:\\BookStore\\BookStoreBackEnd\\node_modules\\pirates\\lib\\index.js","function":"Object.newLoader [as .js]","line":141,"method":"js]","native":false},{"column":32,"file":"node:internal/modules/cjs/loader","function":"Module.load","line":981,"method":"load","native":false},{"column":12,"file":"node:internal/modules/cjs/loader","function":"Module._load","line":822,"method":"_load","native":false},{"column":12,"file":"node:internal/modules/run_main","function":"Function.executeUserEntryPoint [as runMain]","line":81,"method":"executeUserEntryPoint [as runMain]","native":false},{"column":21,"file":"C:\\BookStore\\BookStoreBackEnd\\node_modules\\@babel\\node\\lib\\_babel-node.js","function":null,"line":176,"method":null,"native":false},{"column":14,"file":"node:internal/modules/cjs/loader","function":"Module._compile","line":1101,"method":"_compile","native":false},{"column":10,"file":"node:internal/modules/cjs/loader","function":"Module._extensions..js","line":1153,"method":".js","native":false},{"column":32,"file":"node:internal/modules/cjs/loader","function":"Module.load","line":981,"method":"load","native":false}]}
error: uncaughtException: listen EADDRINUSE: address already in use :::3000
Error: listen EADDRINUSE: address already in use :::3000
    at Server.setupListenHandle [as _listen2] (node:net:1334:16)
    at listenInCluster (node:net:1382:12)
    at Server.listen (node:net:1469:7)
    at Function.listen (C:\BookStore\BookStoreBackEnd\node_modules\express\lib\application.js:618:24)
    at Object.<anonymous> (C:\BookStore\BookStoreBackEnd\src\/index.js:37:5)
    at Module._compile (node:internal/modules/cjs/loader:1101:14)
    at Module._compile (C:\BookStore\BookStoreBackEnd\node_modules\pirates\lib\index.js:136:24)
    at Module._extensions..js (node:internal/modules/cjs/loader:1153:10)
    at Object.newLoader [as .js] (C:\BookStore\BookStoreBackEnd\node_modules\pirates\lib\index.js:141:7)
    at Module.load (node:internal/modules/cjs/loader:981:32)
    at Function.Module._load (node:internal/modules/cjs/loader:822:12)
    at Function.executeUserEntryPoint [as runMain] (node:internal/modules/run_main:81:12)
    at Object.<anonymous> (C:\BookStore\BookStoreBackEnd\node_modules\@babel\node\lib\_babel-node.js:176:21)
    at Module._compile (node:internal/modules/cjs/loader:1101:14)
    at Object.Module._extensions..js (node:internal/modules/cjs/loader:1153:10)
    at Module.load (node:internal/modules/cjs/loader:981:32) {"date":"Mon Feb 07 2022 18:35:20 GMT+0530 (India Standard Time)","error":{"address":"::","code":"EADDRINUSE","errno":-4091,"port":3000,"syscall":"listen"},"exception":true,"os":{"loadavg":[0,0,0],"uptime":582588},"process":{"argv":["node","C:\\BookStore\\BookStoreBackEnd\\src\\index.js"],"cwd":"C:\\BookStore\\BookStoreBackEnd","execPath":"C:\\Program Files\\nodejs\\node.exe","gid":null,"memoryUsage":{"arrayBuffers":18759552,"external":20587384,"heapTotal":91746304,"heapUsed":50776984,"rss":125247488},"pid":23564,"uid":null,"version":"v16.13.1"},"stack":"Error: listen EADDRINUSE: address already in use :::3000\n    at Server.setupListenHandle [as _listen2] (node:net:1334:16)\n    at listenInCluster (node:net:1382:12)\n    at Server.listen (node:net:1469:7)\n    at Function.listen (C:\\BookStore\\BookStoreBackEnd\\node_modules\\express\\lib\\application.js:618:24)\n    at Object.<anonymous> (C:\\BookStore\\BookStoreBackEnd\\src\\/index.js:37:5)\n    at Module._compile (node:internal/modules/cjs/loader:1101:14)\n    at Module._compile (C:\\BookStore\\BookStoreBackEnd\\node_modules\\pirates\\lib\\index.js:136:24)\n    at Module._extensions..js (node:internal/modules/cjs/loader:1153:10)\n    at Object.newLoader [as .js] (C:\\BookStore\\BookStoreBackEnd\\node_modules\\pirates\\lib\\index.js:141:7)\n    at Module.load (node:internal/modules/cjs/loader:981:32)\n    at Function.Module._load (node:internal/modules/cjs/loader:822:12)\n    at Function.executeUserEntryPoint [as runMain] (node:internal/modules/run_main:81:12)\n    at Object.<anonymous> (C:\\BookStore\\BookStoreBackEnd\\node_modules\\@babel\\node\\lib\\_babel-node.js:176:21)\n    at Module._compile (node:internal/modules/cjs/loader:1101:14)\n    at Object.Module._extensions..js (node:internal/modules/cjs/loader:1153:10)\n    at Module.load (node:internal/modules/cjs/loader:981:32)","trace":[{"column":16,"file":"node:net","function":"Server.setupListenHandle [as _listen2]","line":1334,"method":"setupListenHandle [as _listen2]","native":false},{"column":12,"file":"node:net","function":"listenInCluster","line":1382,"method":null,"native":false},{"column":7,"file":"node:net","function":"Server.listen","line":1469,"method":"listen","native":false},{"column":24,"file":"C:\\BookStore\\BookStoreBackEnd\\node_modules\\express\\lib\\application.js","function":"Function.listen","line":618,"method":"listen","native":false},{"column":5,"file":"C:\\BookStore\\BookStoreBackEnd\\src\\/index.js","function":null,"line":37,"method":null,"native":false},{"column":14,"file":"node:internal/modules/cjs/loader","function":"Module._compile","line":1101,"method":"_compile","native":false},{"column":24,"file":"C:\\BookStore\\BookStoreBackEnd\\node_modules\\pirates\\lib\\index.js","function":"Module._compile","line":136,"method":"_compile","native":false},{"column":10,"file":"node:internal/modules/cjs/loader","function":"Module._extensions..js","line":1153,"method":".js","native":false},{"column":7,"file":"C:\\BookStore\\BookStoreBackEnd\\node_modules\\pirates\\lib\\index.js","function":"Object.newLoader [as .js]","line":141,"method":"js]","native":false},{"column":32,"file":"node:internal/modules/cjs/loader","function":"Module.load","line":981,"method":"load","native":false},{"column":12,"file":"node:internal/modules/cjs/loader","function":"Module._load","line":822,"method":"_load","native":false},{"column":12,"file":"node:internal/modules/run_main","function":"Function.executeUserEntryPoint [as runMain]","line":81,"method":"executeUserEntryPoint [as runMain]","native":false},{"column":21,"file":"C:\\BookStore\\BookStoreBackEnd\\node_modules\\@babel\\node\\lib\\_babel-node.js","function":null,"line":176,"method":null,"native":false},{"column":14,"file":"node:internal/modules/cjs/loader","function":"Module._compile","line":1101,"method":"_compile","native":false},{"column":10,"file":"node:internal/modules/cjs/loader","function":"Module._extensions..js","line":1153,"method":".js","native":false},{"column":32,"file":"node:internal/modules/cjs/loader","function":"Module.load","line":981,"method":"load","native":false}]}
error: uncaughtException: listen EADDRINUSE: address already in use :::3000
Error: listen EADDRINUSE: address already in use :::3000
    at Server.setupListenHandle [as _listen2] (node:net:1334:16)
    at listenInCluster (node:net:1382:12)
    at Server.listen (node:net:1469:7)
    at Function.listen (C:\BookStore\BookStoreBackEnd\node_modules\express\lib\application.js:618:24)
    at Object.<anonymous> (C:\BookStore\BookStoreBackEnd\src\/index.js:37:5)
    at Module._compile (node:internal/modules/cjs/loader:1101:14)
    at Module._compile (C:\BookStore\BookStoreBackEnd\node_modules\pirates\lib\index.js:136:24)
    at Module._extensions..js (node:internal/modules/cjs/loader:1153:10)
    at Object.newLoader [as .js] (C:\BookStore\BookStoreBackEnd\node_modules\pirates\lib\index.js:141:7)
    at Module.load (node:internal/modules/cjs/loader:981:32)
    at Function.Module._load (node:internal/modules/cjs/loader:822:12)
    at Function.executeUserEntryPoint [as runMain] (node:internal/modules/run_main:81:12)
    at Object.<anonymous> (C:\BookStore\BookStoreBackEnd\node_modules\@babel\node\lib\_babel-node.js:176:21)
    at Module._compile (node:internal/modules/cjs/loader:1101:14)
    at Object.Module._extensions..js (node:internal/modules/cjs/loader:1153:10)
    at Module.load (node:internal/modules/cjs/loader:981:32) {"date":"Mon Feb 07 2022 18:35:33 GMT+0530 (India Standard Time)","error":{"address":"::","code":"EADDRINUSE","errno":-4091,"port":3000,"syscall":"listen"},"exception":true,"os":{"loadavg":[0,0,0],"uptime":582600},"process":{"argv":["node","C:\\BookStore\\BookStoreBackEnd\\src\\index.js"],"cwd":"C:\\BookStore\\BookStoreBackEnd","execPath":"C:\\Program Files\\nodejs\\node.exe","gid":null,"memoryUsage":{"arrayBuffers":18712846,"external":20587384,"heapTotal":91746304,"heapUsed":50479672,"rss":125607936},"pid":29452,"uid":null,"version":"v16.13.1"},"stack":"Error: listen EADDRINUSE: address already in use :::3000\n    at Server.setupListenHandle [as _listen2] (node:net:1334:16)\n    at listenInCluster (node:net:1382:12)\n    at Server.listen (node:net:1469:7)\n    at Function.listen (C:\\BookStore\\BookStoreBackEnd\\node_modules\\express\\lib\\application.js:618:24)\n    at Object.<anonymous> (C:\\BookStore\\BookStoreBackEnd\\src\\/index.js:37:5)\n    at Module._compile (node:internal/modules/cjs/loader:1101:14)\n    at Module._compile (C:\\BookStore\\BookStoreBackEnd\\node_modules\\pirates\\lib\\index.js:136:24)\n    at Module._extensions..js (node:internal/modules/cjs/loader:1153:10)\n    at Object.newLoader [as .js] (C:\\BookStore\\BookStoreBackEnd\\node_modules\\pirates\\lib\\index.js:141:7)\n    at Module.load (node:internal/modules/cjs/loader:981:32)\n    at Function.Module._load (node:internal/modules/cjs/loader:822:12)\n    at Function.executeUserEntryPoint [as runMain] (node:internal/modules/run_main:81:12)\n    at Object.<anonymous> (C:\\BookStore\\BookStoreBackEnd\\node_modules\\@babel\\node\\lib\\_babel-node.js:176:21)\n    at Module._compile (node:internal/modules/cjs/loader:1101:14)\n    at Object.Module._extensions..js (node:internal/modules/cjs/loader:1153:10)\n    at Module.load (node:internal/modules/cjs/loader:981:32)","trace":[{"column":16,"file":"node:net","function":"Server.setupListenHandle [as _listen2]","line":1334,"method":"setupListenHandle [as _listen2]","native":false},{"column":12,"file":"node:net","function":"listenInCluster","line":1382,"method":null,"native":false},{"column":7,"file":"node:net","function":"Server.listen","line":1469,"method":"listen","native":false},{"column":24,"file":"C:\\BookStore\\BookStoreBackEnd\\node_modules\\express\\lib\\application.js","function":"Function.listen","line":618,"method":"listen","native":false},{"column":5,"file":"C:\\BookStore\\BookStoreBackEnd\\src\\/index.js","function":null,"line":37,"method":null,"native":false},{"column":14,"file":"node:internal/modules/cjs/loader","function":"Module._compile","line":1101,"method":"_compile","native":false},{"column":24,"file":"C:\\BookStore\\BookStoreBackEnd\\node_modules\\pirates\\lib\\index.js","function":"Module._compile","line":136,"method":"_compile","native":false},{"column":10,"file":"node:internal/modules/cjs/loader","function":"Module._extensions..js","line":1153,"method":".js","native":false},{"column":7,"file":"C:\\BookStore\\BookStoreBackEnd\\node_modules\\pirates\\lib\\index.js","function":"Object.newLoader [as .js]","line":141,"method":"js]","native":false},{"column":32,"file":"node:internal/modules/cjs/loader","function":"Module.load","line":981,"method":"load","native":false},{"column":12,"file":"node:internal/modules/cjs/loader","function":"Module._load","line":822,"method":"_load","native":false},{"column":12,"file":"node:internal/modules/run_main","function":"Function.executeUserEntryPoint [as runMain]","line":81,"method":"executeUserEntryPoint [as runMain]","native":false},{"column":21,"file":"C:\\BookStore\\BookStoreBackEnd\\node_modules\\@babel\\node\\lib\\_babel-node.js","function":null,"line":176,"method":null,"native":false},{"column":14,"file":"node:internal/modules/cjs/loader","function":"Module._compile","line":1101,"method":"_compile","native":false},{"column":10,"file":"node:internal/modules/cjs/loader","function":"Module._extensions..js","line":1153,"method":".js","native":false},{"column":32,"file":"node:internal/modules/cjs/loader","function":"Module.load","line":981,"method":"load","native":false}]}
error: uncaughtException: listen EADDRINUSE: address already in use :::3000
Error: listen EADDRINUSE: address already in use :::3000
    at Server.setupListenHandle [as _listen2] (node:net:1334:16)
    at listenInCluster (node:net:1382:12)
    at Server.listen (node:net:1469:7)
    at Function.listen (C:\BookStore\BookStoreBackEnd\node_modules\express\lib\application.js:618:24)
    at Object.<anonymous> (C:\BookStore\BookStoreBackEnd\src\/index.js:37:5)
    at Module._compile (node:internal/modules/cjs/loader:1101:14)
    at Module._compile (C:\BookStore\BookStoreBackEnd\node_modules\pirates\lib\index.js:136:24)
    at Module._extensions..js (node:internal/modules/cjs/loader:1153:10)
    at Object.newLoader [as .js] (C:\BookStore\BookStoreBackEnd\node_modules\pirates\lib\index.js:141:7)
    at Module.load (node:internal/modules/cjs/loader:981:32)
    at Function.Module._load (node:internal/modules/cjs/loader:822:12)
    at Function.executeUserEntryPoint [as runMain] (node:internal/modules/run_main:81:12)
    at Object.<anonymous> (C:\BookStore\BookStoreBackEnd\node_modules\@babel\node\lib\_babel-node.js:176:21)
    at Module._compile (node:internal/modules/cjs/loader:1101:14)
    at Object.Module._extensions..js (node:internal/modules/cjs/loader:1153:10)
    at Module.load (node:internal/modules/cjs/loader:981:32) {"date":"Mon Feb 07 2022 18:36:51 GMT+0530 (India Standard Time)","error":{"address":"::","code":"EADDRINUSE","errno":-4091,"port":3000,"syscall":"listen"},"exception":true,"os":{"loadavg":[0,0,0],"uptime":582678},"process":{"argv":["node","C:\\BookStore\\BookStoreBackEnd\\src\\index.js"],"cwd":"C:\\BookStore\\BookStoreBackEnd","execPath":"C:\\Program Files\\nodejs\\node.exe","gid":null,"memoryUsage":{"arrayBuffers":18759552,"external":20587384,"heapTotal":91746304,"heapUsed":50756592,"rss":125579264},"pid":28668,"uid":null,"version":"v16.13.1"},"stack":"Error: listen EADDRINUSE: address already in use :::3000\n    at Server.setupListenHandle [as _listen2] (node:net:1334:16)\n    at listenInCluster (node:net:1382:12)\n    at Server.listen (node:net:1469:7)\n    at Function.listen (C:\\BookStore\\BookStoreBackEnd\\node_modules\\express\\lib\\application.js:618:24)\n    at Object.<anonymous> (C:\\BookStore\\BookStoreBackEnd\\src\\/index.js:37:5)\n    at Module._compile (node:internal/modules/cjs/loader:1101:14)\n    at Module._compile (C:\\BookStore\\BookStoreBackEnd\\node_modules\\pirates\\lib\\index.js:136:24)\n    at Module._extensions..js (node:internal/modules/cjs/loader:1153:10)\n    at Object.newLoader [as .js] (C:\\BookStore\\BookStoreBackEnd\\node_modules\\pirates\\lib\\index.js:141:7)\n    at Module.load (node:internal/modules/cjs/loader:981:32)\n    at Function.Module._load (node:internal/modules/cjs/loader:822:12)\n    at Function.executeUserEntryPoint [as runMain] (node:internal/modules/run_main:81:12)\n    at Object.<anonymous> (C:\\BookStore\\BookStoreBackEnd\\node_modules\\@babel\\node\\lib\\_babel-node.js:176:21)\n    at Module._compile (node:internal/modules/cjs/loader:1101:14)\n    at Object.Module._extensions..js (node:internal/modules/cjs/loader:1153:10)\n    at Module.load (node:internal/modules/cjs/loader:981:32)","trace":[{"column":16,"file":"node:net","function":"Server.setupListenHandle [as _listen2]","line":1334,"method":"setupListenHandle [as _listen2]","native":false},{"column":12,"file":"node:net","function":"listenInCluster","line":1382,"method":null,"native":false},{"column":7,"file":"node:net","function":"Server.listen","line":1469,"method":"listen","native":false},{"column":24,"file":"C:\\BookStore\\BookStoreBackEnd\\node_modules\\express\\lib\\application.js","function":"Function.listen","line":618,"method":"listen","native":false},{"column":5,"file":"C:\\BookStore\\BookStoreBackEnd\\src\\/index.js","function":null,"line":37,"method":null,"native":false},{"column":14,"file":"node:internal/modules/cjs/loader","function":"Module._compile","line":1101,"method":"_compile","native":false},{"column":24,"file":"C:\\BookStore\\BookStoreBackEnd\\node_modules\\pirates\\lib\\index.js","function":"Module._compile","line":136,"method":"_compile","native":false},{"column":10,"file":"node:internal/modules/cjs/loader","function":"Module._extensions..js","line":1153,"method":".js","native":false},{"column":7,"file":"C:\\BookStore\\BookStoreBackEnd\\node_modules\\pirates\\lib\\index.js","function":"Object.newLoader [as .js]","line":141,"method":"js]","native":false},{"column":32,"file":"node:internal/modules/cjs/loader","function":"Module.load","line":981,"method":"load","native":false},{"column":12,"file":"node:internal/modules/cjs/loader","function":"Module._load","line":822,"method":"_load","native":false},{"column":12,"file":"node:internal/modules/run_main","function":"Function.executeUserEntryPoint [as runMain]","line":81,"method":"executeUserEntryPoint [as runMain]","native":false},{"column":21,"file":"C:\\BookStore\\BookStoreBackEnd\\node_modules\\@babel\\node\\lib\\_babel-node.js","function":null,"line":176,"method":null,"native":false},{"column":14,"file":"node:internal/modules/cjs/loader","function":"Module._compile","line":1101,"method":"_compile","native":false},{"column":10,"file":"node:internal/modules/cjs/loader","function":"Module._extensions..js","line":1153,"method":".js","native":false},{"column":32,"file":"node:internal/modules/cjs/loader","function":"Module.load","line":981,"method":"load","native":false}]}
error: uncaughtException: listen EADDRINUSE: address already in use :::3000
Error: listen EADDRINUSE: address already in use :::3000
    at Server.setupListenHandle [as _listen2] (node:net:1334:16)
    at listenInCluster (node:net:1382:12)
    at Server.listen (node:net:1469:7)
    at Function.listen (C:\BookStore\BookStoreBackEnd\node_modules\express\lib\application.js:618:24)
    at Object.<anonymous> (C:\BookStore\BookStoreBackEnd\src\/index.js:37:5)
    at Module._compile (node:internal/modules/cjs/loader:1101:14)
    at Module._compile (C:\BookStore\BookStoreBackEnd\node_modules\pirates\lib\index.js:136:24)
    at Module._extensions..js (node:internal/modules/cjs/loader:1153:10)
    at Object.newLoader [as .js] (C:\BookStore\BookStoreBackEnd\node_modules\pirates\lib\index.js:141:7)
    at Module.load (node:internal/modules/cjs/loader:981:32)
    at Function.Module._load (node:internal/modules/cjs/loader:822:12)
    at Function.executeUserEntryPoint [as runMain] (node:internal/modules/run_main:81:12)
    at Object.<anonymous> (C:\BookStore\BookStoreBackEnd\node_modules\@babel\node\lib\_babel-node.js:176:21)
    at Module._compile (node:internal/modules/cjs/loader:1101:14)
    at Object.Module._extensions..js (node:internal/modules/cjs/loader:1153:10)
    at Module.load (node:internal/modules/cjs/loader:981:32) {"date":"Mon Feb 07 2022 18:39:21 GMT+0530 (India Standard Time)","error":{"address":"::","code":"EADDRINUSE","errno":-4091,"port":3000,"syscall":"listen"},"exception":true,"os":{"loadavg":[0,0,0],"uptime":582828},"process":{"argv":["node","C:\\BookStore\\BookStoreBackEnd\\src\\index.js"],"cwd":"C:\\BookStore\\BookStoreBackEnd","execPath":"C:\\Program Files\\nodejs\\node.exe","gid":null,"memoryUsage":{"arrayBuffers":18759552,"external":20587384,"heapTotal":91484160,"heapUsed":50618592,"rss":125673472},"pid":15864,"uid":null,"version":"v16.13.1"},"stack":"Error: listen EADDRINUSE: address already in use :::3000\n    at Server.setupListenHandle [as _listen2] (node:net:1334:16)\n    at listenInCluster (node:net:1382:12)\n    at Server.listen (node:net:1469:7)\n    at Function.listen (C:\\BookStore\\BookStoreBackEnd\\node_modules\\express\\lib\\application.js:618:24)\n    at Object.<anonymous> (C:\\BookStore\\BookStoreBackEnd\\src\\/index.js:37:5)\n    at Module._compile (node:internal/modules/cjs/loader:1101:14)\n    at Module._compile (C:\\BookStore\\BookStoreBackEnd\\node_modules\\pirates\\lib\\index.js:136:24)\n    at Module._extensions..js (node:internal/modules/cjs/loader:1153:10)\n    at Object.newLoader [as .js] (C:\\BookStore\\BookStoreBackEnd\\node_modules\\pirates\\lib\\index.js:141:7)\n    at Module.load (node:internal/modules/cjs/loader:981:32)\n    at Function.Module._load (node:internal/modules/cjs/loader:822:12)\n    at Function.executeUserEntryPoint [as runMain] (node:internal/modules/run_main:81:12)\n    at Object.<anonymous> (C:\\BookStore\\BookStoreBackEnd\\node_modules\\@babel\\node\\lib\\_babel-node.js:176:21)\n    at Module._compile (node:internal/modules/cjs/loader:1101:14)\n    at Object.Module._extensions..js (node:internal/modules/cjs/loader:1153:10)\n    at Module.load (node:internal/modules/cjs/loader:981:32)","trace":[{"column":16,"file":"node:net","function":"Server.setupListenHandle [as _listen2]","line":1334,"method":"setupListenHandle [as _listen2]","native":false},{"column":12,"file":"node:net","function":"listenInCluster","line":1382,"method":null,"native":false},{"column":7,"file":"node:net","function":"Server.listen","line":1469,"method":"listen","native":false},{"column":24,"file":"C:\\BookStore\\BookStoreBackEnd\\node_modules\\express\\lib\\application.js","function":"Function.listen","line":618,"method":"listen","native":false},{"column":5,"file":"C:\\BookStore\\BookStoreBackEnd\\src\\/index.js","function":null,"line":37,"method":null,"native":false},{"column":14,"file":"node:internal/modules/cjs/loader","function":"Module._compile","line":1101,"method":"_compile","native":false},{"column":24,"file":"C:\\BookStore\\BookStoreBackEnd\\node_modules\\pirates\\lib\\index.js","function":"Module._compile","line":136,"method":"_compile","native":false},{"column":10,"file":"node:internal/modules/cjs/loader","function":"Module._extensions..js","line":1153,"method":".js","native":false},{"column":7,"file":"C:\\BookStore\\BookStoreBackEnd\\node_modules\\pirates\\lib\\index.js","function":"Object.newLoader [as .js]","line":141,"method":"js]","native":false},{"column":32,"file":"node:internal/modules/cjs/loader","function":"Module.load","line":981,"method":"load","native":false},{"column":12,"file":"node:internal/modules/cjs/loader","function":"Module._load","line":822,"method":"_load","native":false},{"column":12,"file":"node:internal/modules/run_main","function":"Function.executeUserEntryPoint [as runMain]","line":81,"method":"executeUserEntryPoint [as runMain]","native":false},{"column":21,"file":"C:\\BookStore\\BookStoreBackEnd\\node_modules\\@babel\\node\\lib\\_babel-node.js","function":null,"line":176,"method":null,"native":false},{"column":14,"file":"node:internal/modules/cjs/loader","function":"Module._compile","line":1101,"method":"_compile","native":false},{"column":10,"file":"node:internal/modules/cjs/loader","function":"Module._extensions..js","line":1153,"method":".js","native":false},{"column":32,"file":"node:internal/modules/cjs/loader","function":"Module.load","line":981,"method":"load","native":false}]}
info: ::ffff:127.0.0.1 - - [07/Feb/2022:13:10:46 +0000] "POST /api/v1/users/user_login HTTP/1.1" 500 67 "-" "Thunder Client (https://www.thunderclient.com)"

info: ::ffff:127.0.0.1 - - [07/Feb/2022:13:17:36 +0000] "POST /api/v1/users/user_login HTTP/1.1" 500 67 "-" "Thunder Client (https://www.thunderclient.com)"

info: ::ffff:127.0.0.1 - - [07/Feb/2022:13:19:42 +0000] "POST /api/v1/users/user_login HTTP/1.1" 500 67 "-" "Thunder Client (https://www.thunderclient.com)"

info: ::ffff:127.0.0.1 - - [07/Feb/2022:13:26:35 +0000] "POST /api/v1/users/user_login HTTP/1.1" 500 67 "-" "Thunder Client (https://www.thunderclient.com)"

info: ::ffff:127.0.0.1 - - [07/Feb/2022:13:52:55 +0000] "POST /api/v1/users/user_registration HTTP/1.1" 500 91 "-" "Thunder Client (https://www.thunderclient.com)"

info: ::ffff:127.0.0.1 - - [07/Feb/2022:13:53:33 +0000] "POST /api/v1/users/user_registration HTTP/1.1" 500 91 "-" "Thunder Client (https://www.thunderclient.com)"

info: ::ffff:127.0.0.1 - - [07/Feb/2022:13:56:03 +0000] "POST /api/v1/users/user_registration HTTP/1.1" 500 61 "-" "Thunder Client (https://www.thunderclient.com)"

info: ::ffff:127.0.0.1 - - [07/Feb/2022:13:58:40 +0000] "POST /api/v1/users/user_registration HTTP/1.1" 500 61 "-" "Thunder Client (https://www.thunderclient.com)"

info: ::ffff:127.0.0.1 - - [07/Feb/2022:14:00:00 +0000] "POST /api/v1/users/user_registration HTTP/1.1" 500 61 "-" "Thunder Client (https://www.thunderclient.com)"

info: ::ffff:127.0.0.1 - - [07/Feb/2022:16:13:16 +0000] "POST /api/v1/users/user_registration HTTP/1.1" 500 61 "-" "Thunder Client (https://www.thunderclient.com)"

info: ::ffff:127.0.0.1 - - [07/Feb/2022:16:13:46 +0000] "POST /api/v1/users/admin_registration HTTP/1.1" 500 61 "-" "Thunder Client (https://www.thunderclient.com)"

info: ::ffff:127.0.0.1 - - [07/Feb/2022:16:17:12 +0000] "POST /api/v1/users/admin_registration HTTP/1.1" 500 61 "-" "Thunder Client (https://www.thunderclient.com)"

info: ::ffff:127.0.0.1 - - [07/Feb/2022:16:17:24 +0000] "POST /api/v1/users/admin_registration HTTP/1.1" 500 61 "-" "Thunder Client (https://www.thunderclient.com)"

info: ::ffff:127.0.0.1 - - [07/Feb/2022:16:17:29 +0000] "POST /api/v1/users/admin_registration HTTP/1.1" 500 61 "-" "Thunder Client (https://www.thunderclient.com)"

info: ::ffff:127.0.0.1 - - [07/Feb/2022:16:17:47 +0000] "POST /api/v1/users/admin_registration HTTP/1.1" 500 61 "-" "Thunder Client (https://www.thunderclient.com)"

info: ::ffff:127.0.0.1 - - [07/Feb/2022:16:41:18 +0000] "POST /api/v1/users/user_registration HTTP/1.1" 500 61 "-" "Thunder Client (https://www.thunderclient.com)"

info: ::ffff:127.0.0.1 - - [07/Feb/2022:16:41:22 +0000] "POST /api/v1/users/user_registration HTTP/1.1" 500 61 "-" "Thunder Client (https://www.thunderclient.com)"

info: ::ffff:127.0.0.1 - - [07/Feb/2022:16:49:43 +0000] "POST /api/v1/users/user HTTP/1.1" 500 61 "-" "Thunder Client (https://www.thunderclient.com)"

info: ::ffff:127.0.0.1 - - [07/Feb/2022:16:51:16 +0000] "POST /api/v1/users/user HTTP/1.1" 500 61 "-" "Thunder Client (https://www.thunderclient.com)"

info: ::ffff:127.0.0.1 - - [07/Feb/2022:17:02:36 +0000] "POST /api/v1/users/user_login HTTP/1.1" 500 67 "-" "Thunder Client (https://www.thunderclient.com)"

info: ::ffff:127.0.0.1 - - [07/Feb/2022:17:03:05 +0000] "POST /api/v1/users/user_login HTTP/1.1" 500 67 "-" "Thunder Client (https://www.thunderclient.com)"

info: ::ffff:127.0.0.1 - - [07/Feb/2022:17:06:38 +0000] "POST /api/v1/users/user_login HTTP/1.1" 500 67 "-" "Thunder Client (https://www.thunderclient.com)"

info: ::ffff:127.0.0.1 - - [07/Feb/2022:17:13:19 +0000] "POST /api/v1/users/user HTTP/1.1" 500 61 "-" "Thunder Client (https://www.thunderclient.com)"

info: ::ffff:127.0.0.1 - - [07/Feb/2022:17:13:27 +0000] "POST /api/v1/users/user_login HTTP/1.1" 500 67 "-" "Thunder Client (https://www.thunderclient.com)"

info: ::ffff:127.0.0.1 - - [07/Feb/2022:17:14:07 +0000] "POST /api/v1/users/user HTTP/1.1" 500 61 "-" "Thunder Client (https://www.thunderclient.com)"

info: ::ffff:127.0.0.1 - - [07/Feb/2022:17:14:36 +0000] "POST /api/v1/users/user HTTP/1.1" 404 44 "-" "Thunder Client (https://www.thunderclient.com)"

info: ::ffff:127.0.0.1 - - [07/Feb/2022:17:16:29 +0000] "POST /api/v1/users/user HTTP/1.1" 500 61 "-" "Thunder Client (https://www.thunderclient.com)"

info: ::ffff:127.0.0.1 - - [07/Feb/2022:17:16:52 +0000] "POST /api/v1/users/user HTTP/1.1" 500 61 "-" "Thunder Client (https://www.thunderclient.com)"

info: ::ffff:127.0.0.1 - - [07/Feb/2022:17:17:00 +0000] "POST /api/v1/users/user HTTP/1.1" 500 61 "-" "Thunder Client (https://www.thunderclient.com)"

info: ::ffff:127.0.0.1 - - [07/Feb/2022:17:44:24 +0000] "POST /api/v1/users/user HTTP/1.1" 500 61 "-" "Thunder Client (https://www.thunderclient.com)"

info: ::ffff:127.0.0.1 - - [07/Feb/2022:17:44:52 +0000] "POST /api/v1/users/user HTTP/1.1" 500 61 "-" "Thunder Client (https://www.thunderclient.com)"

info: ::ffff:127.0.0.1 - - [07/Feb/2022:17:45:28 +0000] "POST /api/v1/users/user HTTP/1.1" 500 61 "-" "Thunder Client (https://www.thunderclient.com)"

info: ::ffff:127.0.0.1 - - [07/Feb/2022:17:46:16 +0000] "POST /api/v1/users/user HTTP/1.1" 500 61 "-" "Thunder Client (https://www.thunderclient.com)"

info: ::ffff:127.0.0.1 - - [07/Feb/2022:17:47:48 +0000] "POST /api/v1/users/user HTTP/1.1" 500 61 "-" "Thunder Client (https://www.thunderclient.com)"

info: ::ffff:127.0.0.1 - - [07/Feb/2022:17:48:15 +0000] "POST /api/v1/users/user HTTP/1.1" 500 61 "-" "Thunder Client (https://www.thunderclient.com)"

info: ::ffff:127.0.0.1 - - [07/Feb/2022:17:51:01 +0000] "POST /api/v1/users/user HTTP/1.1" 500 61 "-" "Thunder Client (https://www.thunderclient.com)"

info: ::ffff:127.0.0.1 - - [07/Feb/2022:17:51:05 +0000] "POST /api/v1/users/user HTTP/1.1" 500 61 "-" "Thunder Client (https://www.thunderclient.com)"

info: ::ffff:127.0.0.1 - - [07/Feb/2022:17:51:14 +0000] "POST /api/v1/users/user HTTP/1.1" 500 61 "-" "Thunder Client (https://www.thunderclient.com)"

info: ::ffff:127.0.0.1 - - [07/Feb/2022:17:56:13 +0000] "POST /api/v1/users/user_login HTTP/1.1" 500 54 "-" "Thunder Client (https://www.thunderclient.com)"

info: ::ffff:127.0.0.1 - - [07/Feb/2022:17:58:37 +0000] "POST /api/v1/users/user_login HTTP/1.1" 500 67 "-" "Thunder Client (https://www.thunderclient.com)"

info: ::ffff:127.0.0.1 - - [07/Feb/2022:18:02:04 +0000] "POST /api/v1/users/user HTTP/1.1" 500 61 "-" "Thunder Client (https://www.thunderclient.com)"

info: ::ffff:127.0.0.1 - - [07/Feb/2022:18:02:51 +0000] "POST /api/v1/users/user HTTP/1.1" 500 61 "-" "Thunder Client (https://www.thunderclient.com)"

info: ::ffff:127.0.0.1 - - [07/Feb/2022:18:03:10 +0000] "POST /api/v1/users/admin_registration HTTP/1.1" 404 47 "-" "Thunder Client (https://www.thunderclient.com)"

info: ::ffff:127.0.0.1 - - [07/Feb/2022:18:03:22 +0000] "POST /api/v1/users/admin HTTP/1.1" 500 61 "-" "Thunder Client (https://www.thunderclient.com)"

info: ::ffff:127.0.0.1 - - [07/Feb/2022:18:03:42 +0000] "POST /api/v1/users/admin HTTP/1.1" 500 61 "-" "Thunder Client (https://www.thunderclient.com)"

info: ::ffff:127.0.0.1 - - [07/Feb/2022:18:05:25 +0000] "POST /api/v1/users/admin HTTP/1.1" 404 44 "-" "Thunder Client (https://www.thunderclient.com)"

info: ::ffff:127.0.0.1 - - [07/Feb/2022:18:05:46 +0000] "POST /api/v1/users/user_login HTTP/1.1" 500 67 "-" "Thunder Client (https://www.thunderclient.com)"

info: ::ffff:127.0.0.1 - - [07/Feb/2022:18:06:51 +0000] "POST /api/v1/users/user_login HTTP/1.1" 500 86 "-" "Thunder Client (https://www.thunderclient.com)"

info: ::ffff:127.0.0.1 - - [07/Feb/2022:18:07:34 +0000] "POST /api/v1/users/user HTTP/1.1" 201 340 "-" "Thunder Client (https://www.thunderclient.com)"

info: ::ffff:127.0.0.1 - - [07/Feb/2022:18:09:30 +0000] "POST /api/v1/users/user HTTP/1.1" 500 61 "-" "Thunder Client (https://www.thunderclient.com)"

info: ::ffff:127.0.0.1 - - [07/Feb/2022:18:10:08 +0000] "POST /api/v1/users/user HTTP/1.1" 500 61 "-" "Thunder Client (https://www.thunderclient.com)"

info: ::ffff:127.0.0.1 - - [07/Feb/2022:18:10:36 +0000] "POST /api/v1/users/admin HTTP/1.1" 500 61 "-" "Thunder Client (https://www.thunderclient.com)"

info: ::ffff:127.0.0.1 - - [07/Feb/2022:18:11:13 +0000] "POST /api/v1/users/user_login HTTP/1.1" 200 260 "-" "Thunder Client (https://www.thunderclient.com)"

info: ::ffff:127.0.0.1 - - [07/Feb/2022:18:11:51 +0000] "POST /api/v1/users/user HTTP/1.1" 404 44 "-" "Thunder Client (https://www.thunderclient.com)"

info: ::ffff:127.0.0.1 - - [07/Feb/2022:18:12:22 +0000] "POST /api/v1/users/admin HTTP/1.1" 500 61 "-" "Thunder Client (https://www.thunderclient.com)"

info: ::ffff:127.0.0.1 - - [07/Feb/2022:18:14:34 +0000] "POST /api/v1/users/user_login HTTP/1.1" 500 67 "-" "Thunder Client (https://www.thunderclient.com)"

info: ::ffff:127.0.0.1 - - [07/Feb/2022:18:14:39 +0000] "POST /api/v1/users/user_login HTTP/1.1" 500 67 "-" "Thunder Client (https://www.thunderclient.com)"

info: ::ffff:127.0.0.1 - - [07/Feb/2022:18:14:53 +0000] "POST /api/v1/users/user HTTP/1.1" 404 44 "-" "Thunder Client (https://www.thunderclient.com)"

info: ::ffff:127.0.0.1 - - [07/Feb/2022:18:15:00 +0000] "POST /api/v1/users/user HTTP/1.1" 404 44 "-" "Thunder Client (https://www.thunderclient.com)"

info: ::ffff:127.0.0.1 - - [07/Feb/2022:18:15:16 +0000] "POST /api/v1/users/admin HTTP/1.1" 404 44 "-" "Thunder Client (https://www.thunderclient.com)"

info: ::ffff:127.0.0.1 - - [07/Feb/2022:18:15:29 +0000] "POST /api/v1/users/admin HTTP/1.1" 404 44 "-" "Thunder Client (https://www.thunderclient.com)"

info: ::ffff:127.0.0.1 - - [07/Feb/2022:18:23:20 +0000] "POST /api/v1/users/user HTTP/1.1" 404 44 "-" "Thunder Client (https://www.thunderclient.com)"

info: ::ffff:127.0.0.1 - - [07/Feb/2022:18:23:29 +0000] "POST /api/v1/users/user HTTP/1.1" 404 44 "-" "Thunder Client (https://www.thunderclient.com)"

info: ::ffff:127.0.0.1 - - [07/Feb/2022:18:23:45 +0000] "POST /api/v1/users/user HTTP/1.1" 404 44 "-" "Thunder Client (https://www.thunderclient.com)"

